Sun 21 Nov 2021 22:37:02 INFO random_seed=2021
use_gpu=True
max_output_len=30
gpu_id=0
test_step=5
load_best_config=False
supervising_mode=fully_supervised
rebuild=False
validset_divide=True
shuffle=False
root=/home/shubham/FINAL CS229 PROJECT/MWP-CS229
model_config_path=/home/shubham/FINAL CS229 PROJECT/MWP-CS229/mwptoolkit/config/../properties/model/Graph2Tree.json
best_config_path=/home/shubham/FINAL CS229 PROJECT/MWP-CS229/mwptoolkit/config/../properties/best_config/Graph2Tree_SVAMP.json
dataset_config_path=/home/shubham/FINAL CS229 PROJECT/MWP-CS229/mwptoolkit/config/../properties/dataset/SVAMP.json
dataset_path=dataset/SVAMP
min_word_keep=5
min_generate_keep=5
mask_symbol=NUM
single=True
linear=True
language=en
train_batch_size=32
test_batch_size=1
source_equation_fix=infix
embedding_size=128
hidden_size=512
learning_rate=0.001
embedding_learning_rate=0.001
rnn_cell_type=gru
num_layers=2
weight_decay=1e-05
epoch_nums=80
dropout_ratio=0.5
bidirectional=True
step_size=20
beam_size=5
share_vocab=False
symbol_for_tree=True
equation_fix=prefix
add_sos=True
add_eos=True
parse_tree_file_name=deprel_tree_info
model=Graph2Tree
dataset=SVAMP
task_type=single_equation
k_fold=5
test_only=True
checkpoint_path=checkpoint/Graph2Tree-SVAMP-prefix.pth
trained_model_path=trained_model/Graph2Tree-SVAMP-prefix.pth
log_path=log/Graph2Tree-SVAMP-prefix.log
device=cuda
map_location=cuda
gpu_nums=1


Sun 21 Nov 2021 22:37:02 INFO start training with 5 fold cross validation.
Sun 21 Nov 2021 22:37:03 INFO build deprel tree infomation to /home/shubham/FINAL CS229 PROJECT/MWP-CS229/dataset/SVAMP/deprel_tree_info.json ...
Sun 21 Nov 2021 22:37:58 INFO fold 0
Sun 21 Nov 2021 22:38:27 INFO random_seed=2021
use_gpu=True
max_output_len=30
gpu_id=0
test_step=5
load_best_config=False
supervising_mode=fully_supervised
rebuild=False
validset_divide=True
shuffle=False
root=/home/shubham/FINAL CS229 PROJECT/MWP-CS229
model_config_path=/home/shubham/FINAL CS229 PROJECT/MWP-CS229/mwptoolkit/config/../properties/model/Graph2Tree.json
best_config_path=/home/shubham/FINAL CS229 PROJECT/MWP-CS229/mwptoolkit/config/../properties/best_config/Graph2Tree_SVAMP.json
dataset_config_path=/home/shubham/FINAL CS229 PROJECT/MWP-CS229/mwptoolkit/config/../properties/dataset/SVAMP.json
dataset_path=dataset/SVAMP
min_word_keep=5
min_generate_keep=5
mask_symbol=NUM
single=True
linear=True
language=en
train_batch_size=32
test_batch_size=1
source_equation_fix=infix
embedding_size=128
hidden_size=512
learning_rate=0.001
embedding_learning_rate=0.001
rnn_cell_type=gru
num_layers=2
weight_decay=1e-05
epoch_nums=80
dropout_ratio=0.5
bidirectional=True
step_size=20
beam_size=5
share_vocab=False
symbol_for_tree=True
equation_fix=prefix
add_sos=True
add_eos=True
parse_tree_file_name=deprel_tree_info
model=Graph2Tree
dataset=SVAMP
task_type=single_equation
k_fold=5
checkpoint_path=checkpoint/Graph2Tree-SVAMP-prefix.pth
trained_model_path=trained_model/Graph2Tree-SVAMP-prefix.pth
log_path=log/Graph2Tree-SVAMP-prefix.log
device=cuda
map_location=cuda
gpu_nums=1


Sun 21 Nov 2021 22:38:27 INFO start training with 5 fold cross validation.
Sun 21 Nov 2021 22:38:27 INFO read deprel tree infomation from /home/shubham/FINAL CS229 PROJECT/MWP-CS229/dataset/SVAMP/deprel_tree_info.json ...
Sun 21 Nov 2021 22:38:30 INFO fold 0
Sun 21 Nov 2021 22:38:30 INFO start training...
Sun 21 Nov 2021 22:38:37 INFO epoch [  1] avr loss [1.47664051] | train time 0h 0m 7s
Sun 21 Nov 2021 22:38:45 INFO ---------- test total [200] | test equ acc [0.010] | test value acc [0.015] | test time 0h 0m 7s
Sun 21 Nov 2021 22:38:53 INFO epoch [  2] avr loss [1.14711872] | train time 0h 0m 7s
Sun 21 Nov 2021 22:39:01 INFO epoch [  3] avr loss [1.07831103] | train time 0h 0m 7s
Sun 21 Nov 2021 22:39:09 INFO epoch [  4] avr loss [1.01993534] | train time 0h 0m 8s
Sun 21 Nov 2021 22:39:17 INFO epoch [  5] avr loss [0.90389836] | train time 0h 0m 7s
Sun 21 Nov 2021 22:39:26 INFO epoch [  6] avr loss [0.83471835] | train time 0h 0m 7s
Sun 21 Nov 2021 22:39:34 INFO ---------- test total [200] | test equ acc [0.225] | test value acc [0.235] | test time 0h 0m 8s
Sun 21 Nov 2021 22:39:42 INFO epoch [  7] avr loss [0.77516014] | train time 0h 0m 7s
Sun 21 Nov 2021 22:39:51 INFO epoch [  8] avr loss [0.73816832] | train time 0h 0m 7s
Sun 21 Nov 2021 22:39:59 INFO epoch [  9] avr loss [0.69899371] | train time 0h 0m 7s
Sun 21 Nov 2021 22:40:07 INFO epoch [ 10] avr loss [0.66843771] | train time 0h 0m 7s
Sun 21 Nov 2021 22:40:16 INFO epoch [ 11] avr loss [0.62115652] | train time 0h 0m 7s
Sun 21 Nov 2021 22:40:25 INFO ---------- test total [200] | test equ acc [0.330] | test value acc [0.335] | test time 0h 0m 9s
Sun 21 Nov 2021 22:40:34 INFO epoch [ 12] avr loss [0.58812000] | train time 0h 0m 7s
Sun 21 Nov 2021 22:40:42 INFO epoch [ 13] avr loss [0.56978670] | train time 0h 0m 7s
Sun 21 Nov 2021 22:40:50 INFO epoch [ 14] avr loss [0.53540408] | train time 0h 0m 8s
Sun 21 Nov 2021 22:40:59 INFO epoch [ 15] avr loss [0.50001941] | train time 0h 0m 8s
Sun 21 Nov 2021 22:41:07 INFO epoch [ 16] avr loss [0.46141652] | train time 0h 0m 7s
Sun 21 Nov 2021 22:41:17 INFO ---------- test total [200] | test equ acc [0.345] | test value acc [0.360] | test time 0h 0m 10s
Sun 21 Nov 2021 22:41:26 INFO epoch [ 17] avr loss [0.43624868] | train time 0h 0m 7s
Sun 21 Nov 2021 22:41:34 INFO epoch [ 18] avr loss [0.42015245] | train time 0h 0m 8s
Sun 21 Nov 2021 22:41:49 INFO epoch [ 19] avr loss [0.37850269] | train time 0h 0m 14s
Sun 21 Nov 2021 22:42:08 INFO epoch [ 20] avr loss [0.38165107] | train time 0h 0m 17s
Sun 21 Nov 2021 22:42:27 INFO epoch [ 21] avr loss [0.30564397] | train time 0h 0m 18s
Sun 21 Nov 2021 22:42:59 INFO ---------- test total [200] | test equ acc [0.405] | test value acc [0.425] | test time 0h 0m 31s
Sun 21 Nov 2021 22:43:11 INFO epoch [ 22] avr loss [0.29912250] | train time 0h 0m 10s
Sun 21 Nov 2021 22:43:19 INFO epoch [ 23] avr loss [0.26486230] | train time 0h 0m 7s
Sun 21 Nov 2021 22:43:27 INFO epoch [ 24] avr loss [0.23744894] | train time 0h 0m 7s
Sun 21 Nov 2021 22:43:36 INFO epoch [ 25] avr loss [0.23037974] | train time 0h 0m 8s
Sun 21 Nov 2021 22:43:44 INFO epoch [ 26] avr loss [0.23638178] | train time 0h 0m 8s
Sun 21 Nov 2021 22:43:55 INFO ---------- test total [200] | test equ acc [0.395] | test value acc [0.425] | test time 0h 0m 10s
Sun 21 Nov 2021 22:44:04 INFO epoch [ 27] avr loss [0.19089285] | train time 0h 0m 8s
Sun 21 Nov 2021 22:44:13 INFO epoch [ 28] avr loss [0.18414908] | train time 0h 0m 8s
Sun 21 Nov 2021 22:44:21 INFO epoch [ 29] avr loss [0.19557200] | train time 0h 0m 8s
Sun 21 Nov 2021 22:44:30 INFO epoch [ 30] avr loss [0.18272372] | train time 0h 0m 7s
Sun 21 Nov 2021 22:44:39 INFO epoch [ 31] avr loss [0.17589770] | train time 0h 0m 8s
Sun 21 Nov 2021 22:45:06 INFO ---------- test total [200] | test equ acc [0.410] | test value acc [0.425] | test time 0h 0m 27s
Sun 21 Nov 2021 22:45:25 INFO epoch [ 32] avr loss [0.14925491] | train time 0h 0m 17s
Sun 21 Nov 2021 22:45:44 INFO epoch [ 33] avr loss [0.15065712] | train time 0h 0m 17s
Sun 21 Nov 2021 22:46:05 INFO epoch [ 34] avr loss [0.14634544] | train time 0h 0m 19s
Sun 21 Nov 2021 22:46:15 INFO epoch [ 35] avr loss [0.12470770] | train time 0h 0m 8s
Sun 21 Nov 2021 22:46:25 INFO epoch [ 36] avr loss [0.13033908] | train time 0h 0m 9s
Sun 21 Nov 2021 22:46:34 INFO ---------- test total [200] | test equ acc [0.415] | test value acc [0.430] | test time 0h 0m 9s
Sun 21 Nov 2021 22:46:42 INFO epoch [ 37] avr loss [0.12945123] | train time 0h 0m 7s
Sun 21 Nov 2021 22:46:51 INFO epoch [ 38] avr loss [0.10573787] | train time 0h 0m 7s
Sun 21 Nov 2021 22:46:59 INFO epoch [ 39] avr loss [0.11152392] | train time 0h 0m 7s
Sun 21 Nov 2021 22:47:08 INFO epoch [ 40] avr loss [0.11787629] | train time 0h 0m 8s
Sun 21 Nov 2021 22:47:20 INFO epoch [ 41] avr loss [0.09127362] | train time 0h 0m 11s
Sun 21 Nov 2021 22:47:53 INFO ---------- test total [200] | test equ acc [0.430] | test value acc [0.455] | test time 0h 0m 33s
Sun 21 Nov 2021 22:48:13 INFO epoch [ 42] avr loss [0.09720121] | train time 0h 0m 18s
Sun 21 Nov 2021 22:48:32 INFO epoch [ 43] avr loss [0.08061669] | train time 0h 0m 17s
Sun 21 Nov 2021 22:48:45 INFO epoch [ 44] avr loss [0.08411809] | train time 0h 0m 12s
Sun 21 Nov 2021 22:48:54 INFO epoch [ 45] avr loss [0.08382739] | train time 0h 0m 7s
Sun 21 Nov 2021 22:49:02 INFO epoch [ 46] avr loss [0.06694331] | train time 0h 0m 7s
Sun 21 Nov 2021 22:49:12 INFO ---------- test total [200] | test equ acc [0.440] | test value acc [0.470] | test time 0h 0m 9s
Sun 21 Nov 2021 22:49:20 INFO epoch [ 47] avr loss [0.07430458] | train time 0h 0m 7s
Sun 21 Nov 2021 22:49:28 INFO epoch [ 48] avr loss [0.06417823] | train time 0h 0m 7s
Sun 21 Nov 2021 22:49:37 INFO epoch [ 49] avr loss [0.07152304] | train time 0h 0m 8s
Sun 21 Nov 2021 22:49:45 INFO epoch [ 50] avr loss [0.05866237] | train time 0h 0m 7s
Sun 21 Nov 2021 22:49:53 INFO epoch [ 51] avr loss [0.06337207] | train time 0h 0m 8s
Sun 21 Nov 2021 22:50:07 INFO ---------- test total [200] | test equ acc [0.435] | test value acc [0.475] | test time 0h 0m 13s
Sun 21 Nov 2021 22:50:26 INFO epoch [ 52] avr loss [0.05932880] | train time 0h 0m 18s
Sun 21 Nov 2021 22:50:45 INFO epoch [ 53] avr loss [0.05356076] | train time 0h 0m 17s
Sun 21 Nov 2021 22:51:04 INFO epoch [ 54] avr loss [0.05487382] | train time 0h 0m 17s
Sun 21 Nov 2021 22:51:23 INFO epoch [ 55] avr loss [0.06069968] | train time 0h 0m 18s
Sun 21 Nov 2021 22:51:42 INFO epoch [ 56] avr loss [0.05703191] | train time 0h 0m 17s
Sun 21 Nov 2021 22:52:00 INFO ---------- test total [200] | test equ acc [0.435] | test value acc [0.455] | test time 0h 0m 18s
Sun 21 Nov 2021 22:52:08 INFO epoch [ 57] avr loss [0.06057293] | train time 0h 0m 7s
Sun 21 Nov 2021 22:52:17 INFO epoch [ 58] avr loss [0.05271595] | train time 0h 0m 7s
Sun 21 Nov 2021 22:52:25 INFO epoch [ 59] avr loss [0.05322248] | train time 0h 0m 7s
Sun 21 Nov 2021 22:52:33 INFO epoch [ 60] avr loss [0.05443404] | train time 0h 0m 7s
Sun 21 Nov 2021 22:52:42 INFO epoch [ 61] avr loss [0.04746047] | train time 0h 0m 7s
Sun 21 Nov 2021 22:52:52 INFO ---------- test total [200] | test equ acc [0.430] | test value acc [0.455] | test time 0h 0m 10s
Sun 21 Nov 2021 22:53:00 INFO epoch [ 62] avr loss [0.04236250] | train time 0h 0m 7s
Sun 21 Nov 2021 22:53:09 INFO epoch [ 63] avr loss [0.04705015] | train time 0h 0m 8s
Sun 21 Nov 2021 22:53:17 INFO epoch [ 64] avr loss [0.03983322] | train time 0h 0m 8s
Sun 21 Nov 2021 22:53:26 INFO epoch [ 65] avr loss [0.03925661] | train time 0h 0m 8s
Sun 21 Nov 2021 22:53:41 INFO epoch [ 66] avr loss [0.04149247] | train time 0h 0m 14s
Sun 21 Nov 2021 22:54:13 INFO ---------- test total [200] | test equ acc [0.440] | test value acc [0.460] | test time 0h 0m 32s
Sun 21 Nov 2021 22:54:32 INFO epoch [ 67] avr loss [0.03439372] | train time 0h 0m 17s
Sun 21 Nov 2021 22:54:51 INFO epoch [ 68] avr loss [0.03767741] | train time 0h 0m 17s
Sun 21 Nov 2021 22:55:10 INFO epoch [ 69] avr loss [0.03637719] | train time 0h 0m 17s
Sun 21 Nov 2021 22:55:24 INFO epoch [ 70] avr loss [0.03317074] | train time 0h 0m 12s
Sun 21 Nov 2021 22:55:32 INFO epoch [ 71] avr loss [0.02945354] | train time 0h 0m 7s
Sun 21 Nov 2021 22:55:41 INFO ---------- test total [200] | test equ acc [0.450] | test value acc [0.475] | test time 0h 0m 8s
Sun 21 Nov 2021 22:55:49 INFO epoch [ 72] avr loss [0.03640846] | train time 0h 0m 7s
Sun 21 Nov 2021 22:55:57 INFO epoch [ 73] avr loss [0.03431548] | train time 0h 0m 7s
Sun 21 Nov 2021 22:56:06 INFO epoch [ 74] avr loss [0.03272867] | train time 0h 0m 8s
Sun 21 Nov 2021 22:56:14 INFO epoch [ 75] avr loss [0.03513791] | train time 0h 0m 7s
Sun 21 Nov 2021 22:56:22 INFO epoch [ 76] avr loss [0.03122149] | train time 0h 0m 7s
Sun 21 Nov 2021 22:56:33 INFO ---------- test total [200] | test equ acc [0.450] | test value acc [0.475] | test time 0h 0m 10s
Sun 21 Nov 2021 22:56:42 INFO epoch [ 77] avr loss [0.03333255] | train time 0h 0m 8s
Sun 21 Nov 2021 22:57:13 INFO ---------- test total [200] | test equ acc [0.455] | test value acc [0.480] | test time 0h 0m 30s
Sun 21 Nov 2021 22:57:33 INFO epoch [ 78] avr loss [0.03046847] | train time 0h 0m 18s
Sun 21 Nov 2021 22:58:05 INFO ---------- test total [200] | test equ acc [0.445] | test value acc [0.465] | test time 0h 0m 31s
Sun 21 Nov 2021 22:58:21 INFO epoch [ 79] avr loss [0.03190126] | train time 0h 0m 15s
Sun 21 Nov 2021 22:58:30 INFO ---------- test total [200] | test equ acc [0.440] | test value acc [0.460] | test time 0h 0m 9s
Sun 21 Nov 2021 22:58:40 INFO epoch [ 80] avr loss [0.03417829] | train time 0h 0m 9s
Sun 21 Nov 2021 22:58:50 INFO ---------- test total [200] | test equ acc [0.445] | test value acc [0.460] | test time 0h 0m 10s
Sun 21 Nov 2021 22:58:51 INFO training finished.
                            best valid result: equation accuracy [0.000] | value accuracy [0.000]
                            best test result : equation accuracy [0.455] | value accuracy [0.480]
Sun 21 Nov 2021 22:58:52 INFO read deprel tree infomation from /home/shubham/FINAL CS229 PROJECT/MWP-CS229/dataset/SVAMP/deprel_tree_info.json ...
Sun 21 Nov 2021 22:58:52 INFO fold 1
Sun 21 Nov 2021 22:58:52 INFO start training...
Sun 21 Nov 2021 22:59:01 INFO epoch [  1] avr loss [1.48668847] | train time 0h 0m 8s
Sun 21 Nov 2021 22:59:09 INFO ---------- test total [200] | test equ acc [0.015] | test value acc [0.020] | test time 0h 0m 8s
Sun 21 Nov 2021 22:59:18 INFO epoch [  2] avr loss [1.14176598] | train time 0h 0m 8s
Sun 21 Nov 2021 22:59:27 INFO epoch [  3] avr loss [1.08702626] | train time 0h 0m 8s
Sun 21 Nov 2021 22:59:35 INFO epoch [  4] avr loss [1.02145788] | train time 0h 0m 8s
Sun 21 Nov 2021 22:59:47 INFO epoch [  5] avr loss [0.90861973] | train time 0h 0m 11s
Sun 21 Nov 2021 23:00:06 INFO epoch [  6] avr loss [0.85664406] | train time 0h 0m 17s
Sun 21 Nov 2021 23:00:33 INFO ---------- test total [200] | test equ acc [0.265] | test value acc [0.290] | test time 0h 0m 26s
Sun 21 Nov 2021 23:00:52 INFO epoch [  7] avr loss [0.81346784] | train time 0h 0m 18s
Sun 21 Nov 2021 23:01:12 INFO epoch [  8] avr loss [0.75955254] | train time 0h 0m 18s
Sun 21 Nov 2021 23:01:26 INFO epoch [  9] avr loss [0.75384067] | train time 0h 0m 13s
Sun 21 Nov 2021 23:01:34 INFO epoch [ 10] avr loss [0.69837338] | train time 0h 0m 7s
Sun 21 Nov 2021 23:01:43 INFO epoch [ 11] avr loss [0.64576444] | train time 0h 0m 8s
Sun 21 Nov 2021 23:01:52 INFO ---------- test total [200] | test equ acc [0.395] | test value acc [0.430] | test time 0h 0m 9s
Sun 21 Nov 2021 23:02:01 INFO epoch [ 12] avr loss [0.62949659] | train time 0h 0m 7s
Sun 21 Nov 2021 23:02:09 INFO epoch [ 13] avr loss [0.58810763] | train time 0h 0m 7s
Sun 21 Nov 2021 23:02:18 INFO epoch [ 14] avr loss [0.54122126] | train time 0h 0m 8s
Sun 21 Nov 2021 23:02:26 INFO epoch [ 15] avr loss [0.52015620] | train time 0h 0m 8s
Sun 21 Nov 2021 23:02:35 INFO epoch [ 16] avr loss [0.51062833] | train time 0h 0m 8s
Sun 21 Nov 2021 23:03:02 INFO ---------- test total [200] | test equ acc [0.380] | test value acc [0.405] | test time 0h 0m 27s
Sun 21 Nov 2021 23:03:21 INFO epoch [ 17] avr loss [0.47106290] | train time 0h 0m 17s
Sun 21 Nov 2021 23:03:40 INFO epoch [ 18] avr loss [0.42321885] | train time 0h 0m 18s
Sun 21 Nov 2021 23:03:59 INFO epoch [ 19] avr loss [0.41109291] | train time 0h 0m 17s
Sun 21 Nov 2021 23:04:19 INFO epoch [ 20] avr loss [0.39842652] | train time 0h 0m 17s
Sun 21 Nov 2021 23:04:27 INFO epoch [ 21] avr loss [0.34852821] | train time 0h 0m 7s
Sun 21 Nov 2021 23:04:38 INFO ---------- test total [200] | test equ acc [0.360] | test value acc [0.380] | test time 0h 0m 11s
Sun 21 Nov 2021 23:04:47 INFO epoch [ 22] avr loss [0.30462803] | train time 0h 0m 8s
Sun 21 Nov 2021 23:04:55 INFO epoch [ 23] avr loss [0.27303841] | train time 0h 0m 7s
Sun 21 Nov 2021 23:05:03 INFO epoch [ 24] avr loss [0.26401399] | train time 0h 0m 8s
Sun 21 Nov 2021 23:05:12 INFO epoch [ 25] avr loss [0.25314373] | train time 0h 0m 7s
Sun 21 Nov 2021 23:05:20 INFO epoch [ 26] avr loss [0.24373395] | train time 0h 0m 7s
Sun 21 Nov 2021 23:05:29 INFO ---------- test total [200] | test equ acc [0.355] | test value acc [0.385] | test time 0h 0m 9s
Sun 21 Nov 2021 23:05:38 INFO epoch [ 27] avr loss [0.23365159] | train time 0h 0m 7s
Sun 21 Nov 2021 23:05:46 INFO epoch [ 28] avr loss [0.19289200] | train time 0h 0m 8s
Sun 21 Nov 2021 23:05:55 INFO epoch [ 29] avr loss [0.19196688] | train time 0h 0m 8s
Sun 21 Nov 2021 23:06:11 INFO epoch [ 30] avr loss [0.19640329] | train time 0h 0m 15s
Sun 21 Nov 2021 23:06:32 INFO epoch [ 31] avr loss [0.18490383] | train time 0h 0m 19s
Sun 21 Nov 2021 23:07:03 INFO ---------- test total [200] | test equ acc [0.365] | test value acc [0.385] | test time 0h 0m 30s
Sun 21 Nov 2021 23:07:22 INFO epoch [ 32] avr loss [0.17734239] | train time 0h 0m 18s
Sun 21 Nov 2021 23:07:42 INFO epoch [ 33] avr loss [0.16392283] | train time 0h 0m 18s
Sun 21 Nov 2021 23:07:54 INFO epoch [ 34] avr loss [0.17790997] | train time 0h 0m 11s
Sun 21 Nov 2021 23:08:02 INFO epoch [ 35] avr loss [0.14807159] | train time 0h 0m 7s
Sun 21 Nov 2021 23:08:11 INFO epoch [ 36] avr loss [0.14308454] | train time 0h 0m 7s
Sun 21 Nov 2021 23:08:20 INFO ---------- test total [200] | test equ acc [0.395] | test value acc [0.425] | test time 0h 0m 8s
Sun 21 Nov 2021 23:08:28 INFO epoch [ 37] avr loss [0.13980648] | train time 0h 0m 7s
Sun 21 Nov 2021 23:08:36 INFO epoch [ 38] avr loss [0.14033434] | train time 0h 0m 7s
Sun 21 Nov 2021 23:08:45 INFO epoch [ 39] avr loss [0.13292647] | train time 0h 0m 7s
Sun 21 Nov 2021 23:08:53 INFO epoch [ 40] avr loss [0.11983581] | train time 0h 0m 7s
Sun 21 Nov 2021 23:09:01 INFO epoch [ 41] avr loss [0.12195774] | train time 0h 0m 8s
Sun 21 Nov 2021 23:09:13 INFO ---------- test total [200] | test equ acc [0.355] | test value acc [0.370] | test time 0h 0m 11s
Sun 21 Nov 2021 23:09:26 INFO epoch [ 42] avr loss [0.11656119] | train time 0h 0m 12s
Sun 21 Nov 2021 23:09:45 INFO epoch [ 43] avr loss [0.11577171] | train time 0h 0m 18s
Sun 21 Nov 2021 23:10:04 INFO epoch [ 44] avr loss [0.09600208] | train time 0h 0m 18s
Sun 21 Nov 2021 23:10:23 INFO epoch [ 45] avr loss [0.08303784] | train time 0h 0m 17s
Sun 21 Nov 2021 23:10:42 INFO epoch [ 46] avr loss [0.08190996] | train time 0h 0m 17s
Sun 21 Nov 2021 23:11:10 INFO ---------- test total [200] | test equ acc [0.375] | test value acc [0.385] | test time 0h 0m 28s
Sun 21 Nov 2021 23:11:18 INFO epoch [ 47] avr loss [0.07028498] | train time 0h 0m 7s
Sun 21 Nov 2021 23:11:26 INFO epoch [ 48] avr loss [0.07388934] | train time 0h 0m 7s
Sun 21 Nov 2021 23:11:35 INFO epoch [ 49] avr loss [0.06933775] | train time 0h 0m 7s
Sun 21 Nov 2021 23:11:43 INFO epoch [ 50] avr loss [0.07574524] | train time 0h 0m 7s
Sun 21 Nov 2021 23:11:51 INFO epoch [ 51] avr loss [0.07155139] | train time 0h 0m 7s
Sun 21 Nov 2021 23:12:02 INFO ---------- test total [200] | test equ acc [0.335] | test value acc [0.355] | test time 0h 0m 10s
Sun 21 Nov 2021 23:12:10 INFO epoch [ 52] avr loss [0.07160205] | train time 0h 0m 8s
Sun 21 Nov 2021 23:12:19 INFO epoch [ 53] avr loss [0.06785887] | train time 0h 0m 8s
Sun 21 Nov 2021 23:12:27 INFO epoch [ 54] avr loss [0.07220285] | train time 0h 0m 8s
Sun 21 Nov 2021 23:12:36 INFO epoch [ 55] avr loss [0.05926853] | train time 0h 0m 7s
Sun 21 Nov 2021 23:12:46 INFO epoch [ 56] avr loss [0.06477524] | train time 0h 0m 9s
Sun 21 Nov 2021 23:13:19 INFO ---------- test total [200] | test equ acc [0.355] | test value acc [0.380] | test time 0h 0m 32s
Sun 21 Nov 2021 23:13:38 INFO epoch [ 57] avr loss [0.06087791] | train time 0h 0m 17s
Sun 21 Nov 2021 23:13:57 INFO epoch [ 58] avr loss [0.05436896] | train time 0h 0m 18s
Sun 21 Nov 2021 23:14:16 INFO epoch [ 59] avr loss [0.05731913] | train time 0h 0m 18s
Sun 21 Nov 2021 23:14:26 INFO epoch [ 60] avr loss [0.05220164] | train time 0h 0m 8s
Sun 21 Nov 2021 23:14:35 INFO epoch [ 61] avr loss [0.04732352] | train time 0h 0m 8s
Sun 21 Nov 2021 23:14:44 INFO ---------- test total [200] | test equ acc [0.380] | test value acc [0.400] | test time 0h 0m 9s
Sun 21 Nov 2021 23:14:53 INFO epoch [ 62] avr loss [0.04789346] | train time 0h 0m 7s
Sun 21 Nov 2021 23:15:01 INFO epoch [ 63] avr loss [0.04608572] | train time 0h 0m 7s
Sun 21 Nov 2021 23:15:09 INFO epoch [ 64] avr loss [0.04630448] | train time 0h 0m 7s
Sun 21 Nov 2021 23:15:18 INFO epoch [ 65] avr loss [0.04390034] | train time 0h 0m 7s
Sun 21 Nov 2021 23:15:26 INFO epoch [ 66] avr loss [0.03860005] | train time 0h 0m 7s
Sun 21 Nov 2021 23:15:36 INFO ---------- test total [200] | test equ acc [0.365] | test value acc [0.385] | test time 0h 0m 10s
Sun 21 Nov 2021 23:15:45 INFO epoch [ 67] avr loss [0.03970741] | train time 0h 0m 8s
Sun 21 Nov 2021 23:15:59 INFO epoch [ 68] avr loss [0.03754442] | train time 0h 0m 13s
Sun 21 Nov 2021 23:16:18 INFO epoch [ 69] avr loss [0.03433713] | train time 0h 0m 18s
Sun 21 Nov 2021 23:16:38 INFO epoch [ 70] avr loss [0.03568798] | train time 0h 0m 18s
Sun 21 Nov 2021 23:16:57 INFO epoch [ 71] avr loss [0.03121386] | train time 0h 0m 18s
Sun 21 Nov 2021 23:17:29 INFO ---------- test total [200] | test equ acc [0.390] | test value acc [0.410] | test time 0h 0m 32s
Sun 21 Nov 2021 23:17:41 INFO epoch [ 72] avr loss [0.04305090] | train time 0h 0m 10s
Sun 21 Nov 2021 23:17:49 INFO epoch [ 73] avr loss [0.04034539] | train time 0h 0m 7s
Sun 21 Nov 2021 23:17:57 INFO epoch [ 74] avr loss [0.03192556] | train time 0h 0m 7s
Sun 21 Nov 2021 23:18:05 INFO epoch [ 75] avr loss [0.03666782] | train time 0h 0m 7s
Sun 21 Nov 2021 23:18:14 INFO epoch [ 76] avr loss [0.02919479] | train time 0h 0m 8s
Sun 21 Nov 2021 23:18:24 INFO ---------- test total [200] | test equ acc [0.365] | test value acc [0.385] | test time 0h 0m 10s
Sun 21 Nov 2021 23:18:33 INFO epoch [ 77] avr loss [0.03315216] | train time 0h 0m 7s
Sun 21 Nov 2021 23:18:43 INFO ---------- test total [200] | test equ acc [0.370] | test value acc [0.395] | test time 0h 0m 9s
Sun 21 Nov 2021 23:18:51 INFO epoch [ 78] avr loss [0.03305820] | train time 0h 0m 8s
Sun 21 Nov 2021 23:19:01 INFO ---------- test total [200] | test equ acc [0.355] | test value acc [0.380] | test time 0h 0m 10s
Sun 21 Nov 2021 23:19:10 INFO epoch [ 79] avr loss [0.02944675] | train time 0h 0m 8s
Sun 21 Nov 2021 23:19:37 INFO ---------- test total [200] | test equ acc [0.370] | test value acc [0.395] | test time 0h 0m 27s
Sun 21 Nov 2021 23:19:57 INFO epoch [ 80] avr loss [0.03158387] | train time 0h 0m 18s
Sun 21 Nov 2021 23:20:28 INFO ---------- test total [200] | test equ acc [0.385] | test value acc [0.410] | test time 0h 0m 31s
Sun 21 Nov 2021 23:20:29 INFO training finished.
                            best valid result: equation accuracy [0.000] | value accuracy [0.000]
                            best test result : equation accuracy [0.395] | value accuracy [0.430]
Sun 21 Nov 2021 23:20:31 INFO read deprel tree infomation from /home/shubham/FINAL CS229 PROJECT/MWP-CS229/dataset/SVAMP/deprel_tree_info.json ...
Sun 21 Nov 2021 23:20:32 INFO fold 2
Sun 21 Nov 2021 23:20:32 INFO start training...
Sun 21 Nov 2021 23:20:45 INFO epoch [  1] avr loss [1.55156973] | train time 0h 0m 13s
Sun 21 Nov 2021 23:20:52 INFO ---------- test total [200] | test equ acc [0.015] | test value acc [0.030] | test time 0h 0m 6s
Sun 21 Nov 2021 23:20:59 INFO epoch [  2] avr loss [1.14648462] | train time 0h 0m 7s
Sun 21 Nov 2021 23:21:07 INFO epoch [  3] avr loss [1.08592183] | train time 0h 0m 7s
Sun 21 Nov 2021 23:21:14 INFO epoch [  4] avr loss [1.05519397] | train time 0h 0m 7s
Sun 21 Nov 2021 23:21:22 INFO epoch [  5] avr loss [0.94535918] | train time 0h 0m 7s
Sun 21 Nov 2021 23:21:30 INFO epoch [  6] avr loss [0.86143627] | train time 0h 0m 7s
Sun 21 Nov 2021 23:21:38 INFO ---------- test total [200] | test equ acc [0.305] | test value acc [0.325] | test time 0h 0m 8s
Sun 21 Nov 2021 23:21:46 INFO epoch [  7] avr loss [0.79858371] | train time 0h 0m 7s
Sun 21 Nov 2021 23:21:53 INFO epoch [  8] avr loss [0.75826066] | train time 0h 0m 7s
Sun 21 Nov 2021 23:22:01 INFO epoch [  9] avr loss [0.71968066] | train time 0h 0m 7s
Sun 21 Nov 2021 23:22:09 INFO epoch [ 10] avr loss [0.68515562] | train time 0h 0m 7s
Sun 21 Nov 2021 23:22:17 INFO epoch [ 11] avr loss [0.65288107] | train time 0h 0m 8s
Sun 21 Nov 2021 23:22:26 INFO ---------- test total [200] | test equ acc [0.365] | test value acc [0.370] | test time 0h 0m 8s
Sun 21 Nov 2021 23:22:34 INFO epoch [ 12] avr loss [0.59795450] | train time 0h 0m 7s
Sun 21 Nov 2021 23:22:51 INFO epoch [ 13] avr loss [0.55312980] | train time 0h 0m 16s
Sun 21 Nov 2021 23:23:08 INFO epoch [ 14] avr loss [0.52555266] | train time 0h 0m 16s
Sun 21 Nov 2021 23:23:26 INFO epoch [ 15] avr loss [0.48991379] | train time 0h 0m 16s
Sun 21 Nov 2021 23:23:43 INFO epoch [ 16] avr loss [0.45446084] | train time 0h 0m 16s
Sun 21 Nov 2021 23:24:02 INFO ---------- test total [200] | test equ acc [0.370] | test value acc [0.390] | test time 0h 0m 18s
Sun 21 Nov 2021 23:24:10 INFO epoch [ 17] avr loss [0.45770013] | train time 0h 0m 6s
Sun 21 Nov 2021 23:24:17 INFO epoch [ 18] avr loss [0.42999499] | train time 0h 0m 7s
Sun 21 Nov 2021 23:24:25 INFO epoch [ 19] avr loss [0.38910171] | train time 0h 0m 7s
Sun 21 Nov 2021 23:24:32 INFO epoch [ 20] avr loss [0.37286265] | train time 0h 0m 7s
Sun 21 Nov 2021 23:24:40 INFO epoch [ 21] avr loss [0.30562689] | train time 0h 0m 7s
Sun 21 Nov 2021 23:24:49 INFO ---------- test total [200] | test equ acc [0.375] | test value acc [0.395] | test time 0h 0m 9s
Sun 21 Nov 2021 23:24:57 INFO epoch [ 22] avr loss [0.29003702] | train time 0h 0m 7s
Sun 21 Nov 2021 23:25:05 INFO epoch [ 23] avr loss [0.24947615] | train time 0h 0m 7s
Sun 21 Nov 2021 23:25:13 INFO epoch [ 24] avr loss [0.23929957] | train time 0h 0m 7s
Sun 21 Nov 2021 23:25:21 INFO epoch [ 25] avr loss [0.21637560] | train time 0h 0m 7s
Sun 21 Nov 2021 23:25:29 INFO epoch [ 26] avr loss [0.20141107] | train time 0h 0m 7s
Sun 21 Nov 2021 23:25:38 INFO ---------- test total [200] | test equ acc [0.375] | test value acc [0.400] | test time 0h 0m 9s
Sun 21 Nov 2021 23:25:46 INFO epoch [ 27] avr loss [0.21055473] | train time 0h 0m 7s
Sun 21 Nov 2021 23:25:54 INFO epoch [ 28] avr loss [0.19695107] | train time 0h 0m 7s
Sun 21 Nov 2021 23:26:02 INFO epoch [ 29] avr loss [0.19004482] | train time 0h 0m 7s
Sun 21 Nov 2021 23:26:16 INFO epoch [ 30] avr loss [0.17726515] | train time 0h 0m 13s
Sun 21 Nov 2021 23:26:34 INFO epoch [ 31] avr loss [0.16957081] | train time 0h 0m 16s
Sun 21 Nov 2021 23:27:05 INFO ---------- test total [200] | test equ acc [0.420] | test value acc [0.455] | test time 0h 0m 30s
Sun 21 Nov 2021 23:27:24 INFO epoch [ 32] avr loss [0.15867892] | train time 0h 0m 18s
Sun 21 Nov 2021 23:27:33 INFO epoch [ 33] avr loss [0.14680953] | train time 0h 0m 7s
Sun 21 Nov 2021 23:27:41 INFO epoch [ 34] avr loss [0.14573546] | train time 0h 0m 7s
Sun 21 Nov 2021 23:27:48 INFO epoch [ 35] avr loss [0.13449097] | train time 0h 0m 7s
Sun 21 Nov 2021 23:27:57 INFO epoch [ 36] avr loss [0.12423609] | train time 0h 0m 7s
Sun 21 Nov 2021 23:28:08 INFO ---------- test total [200] | test equ acc [0.405] | test value acc [0.430] | test time 0h 0m 11s
Sun 21 Nov 2021 23:28:17 INFO epoch [ 37] avr loss [0.12301030] | train time 0h 0m 8s
Sun 21 Nov 2021 23:28:26 INFO epoch [ 38] avr loss [0.11601232] | train time 0h 0m 7s
Sun 21 Nov 2021 23:28:36 INFO epoch [ 39] avr loss [0.12833875] | train time 0h 0m 9s
Sun 21 Nov 2021 23:28:45 INFO epoch [ 40] avr loss [0.10704139] | train time 0h 0m 9s
Sun 21 Nov 2021 23:28:55 INFO epoch [ 41] avr loss [0.09322103] | train time 0h 0m 8s
Sun 21 Nov 2021 23:29:09 INFO ---------- test total [200] | test equ acc [0.440] | test value acc [0.450] | test time 0h 0m 14s
Sun 21 Nov 2021 23:29:28 INFO epoch [ 42] avr loss [0.08230486] | train time 0h 0m 18s
Sun 21 Nov 2021 23:29:48 INFO epoch [ 43] avr loss [0.08289348] | train time 0h 0m 18s
Sun 21 Nov 2021 23:30:07 INFO epoch [ 44] avr loss [0.08321179] | train time 0h 0m 18s
Sun 21 Nov 2021 23:30:26 INFO epoch [ 45] avr loss [0.07611523] | train time 0h 0m 17s
Sun 21 Nov 2021 23:30:45 INFO epoch [ 46] avr loss [0.06863691] | train time 0h 0m 18s
Sun 21 Nov 2021 23:31:15 INFO ---------- test total [200] | test equ acc [0.430] | test value acc [0.445] | test time 0h 0m 29s
Sun 21 Nov 2021 23:31:23 INFO epoch [ 47] avr loss [0.06746937] | train time 0h 0m 7s
Sun 21 Nov 2021 23:31:31 INFO epoch [ 48] avr loss [0.07025221] | train time 0h 0m 7s
Sun 21 Nov 2021 23:31:39 INFO epoch [ 49] avr loss [0.06704937] | train time 0h 0m 7s
Sun 21 Nov 2021 23:31:47 INFO epoch [ 50] avr loss [0.05988627] | train time 0h 0m 7s
Sun 21 Nov 2021 23:31:55 INFO epoch [ 51] avr loss [0.06054415] | train time 0h 0m 7s
Sun 21 Nov 2021 23:32:05 INFO ---------- test total [200] | test equ acc [0.450] | test value acc [0.465] | test time 0h 0m 9s
Sun 21 Nov 2021 23:32:14 INFO epoch [ 52] avr loss [0.05828804] | train time 0h 0m 8s
Sun 21 Nov 2021 23:32:23 INFO epoch [ 53] avr loss [0.05862166] | train time 0h 0m 8s
Sun 21 Nov 2021 23:32:32 INFO epoch [ 54] avr loss [0.05293945] | train time 0h 0m 7s
Sun 21 Nov 2021 23:32:42 INFO epoch [ 55] avr loss [0.06196440] | train time 0h 0m 10s
Sun 21 Nov 2021 23:33:02 INFO epoch [ 56] avr loss [0.05446673] | train time 0h 0m 18s
Sun 21 Nov 2021 23:33:33 INFO ---------- test total [200] | test equ acc [0.435] | test value acc [0.455] | test time 0h 0m 30s
Sun 21 Nov 2021 23:33:52 INFO epoch [ 57] avr loss [0.05157761] | train time 0h 0m 18s
Sun 21 Nov 2021 23:34:11 INFO epoch [ 58] avr loss [0.05406314] | train time 0h 0m 17s
Sun 21 Nov 2021 23:34:19 INFO epoch [ 59] avr loss [0.04993126] | train time 0h 0m 7s
Sun 21 Nov 2021 23:34:28 INFO epoch [ 60] avr loss [0.04714093] | train time 0h 0m 8s
Sun 21 Nov 2021 23:34:37 INFO epoch [ 61] avr loss [0.05222743] | train time 0h 0m 8s
Sun 21 Nov 2021 23:34:47 INFO ---------- test total [200] | test equ acc [0.450] | test value acc [0.465] | test time 0h 0m 10s
Sun 21 Nov 2021 23:34:56 INFO epoch [ 62] avr loss [0.04066321] | train time 0h 0m 7s
Sun 21 Nov 2021 23:35:05 INFO epoch [ 63] avr loss [0.03704478] | train time 0h 0m 8s
Sun 21 Nov 2021 23:35:14 INFO epoch [ 64] avr loss [0.04419424] | train time 0h 0m 8s
Sun 21 Nov 2021 23:35:23 INFO epoch [ 65] avr loss [0.03702278] | train time 0h 0m 7s
Sun 21 Nov 2021 23:35:32 INFO epoch [ 66] avr loss [0.03530378] | train time 0h 0m 8s
Sun 21 Nov 2021 23:35:57 INFO ---------- test total [200] | test equ acc [0.450] | test value acc [0.460] | test time 0h 0m 25s
Sun 21 Nov 2021 23:36:16 INFO epoch [ 67] avr loss [0.03685950] | train time 0h 0m 17s
Sun 21 Nov 2021 23:36:35 INFO epoch [ 68] avr loss [0.03206437] | train time 0h 0m 18s
Sun 21 Nov 2021 23:36:55 INFO epoch [ 69] avr loss [0.03847210] | train time 0h 0m 18s
Sun 21 Nov 2021 23:37:14 INFO epoch [ 70] avr loss [0.03225676] | train time 0h 0m 18s
Sun 21 Nov 2021 23:37:26 INFO epoch [ 71] avr loss [0.03297654] | train time 0h 0m 11s
Sun 21 Nov 2021 23:37:35 INFO ---------- test total [200] | test equ acc [0.430] | test value acc [0.450] | test time 0h 0m 8s
Sun 21 Nov 2021 23:37:44 INFO epoch [ 72] avr loss [0.03549241] | train time 0h 0m 7s
Sun 21 Nov 2021 23:37:52 INFO epoch [ 73] avr loss [0.03405781] | train time 0h 0m 7s
Sun 21 Nov 2021 23:38:00 INFO epoch [ 74] avr loss [0.02925647] | train time 0h 0m 7s
Sun 21 Nov 2021 23:38:09 INFO epoch [ 75] avr loss [0.03104829] | train time 0h 0m 8s
Sun 21 Nov 2021 23:38:17 INFO epoch [ 76] avr loss [0.03175776] | train time 0h 0m 8s
Sun 21 Nov 2021 23:38:27 INFO ---------- test total [200] | test equ acc [0.455] | test value acc [0.470] | test time 0h 0m 9s
Sun 21 Nov 2021 23:38:36 INFO epoch [ 77] avr loss [0.02700757] | train time 0h 0m 8s
Sun 21 Nov 2021 23:38:46 INFO ---------- test total [200] | test equ acc [0.465] | test value acc [0.485] | test time 0h 0m 10s
Sun 21 Nov 2021 23:39:00 INFO epoch [ 78] avr loss [0.03018039] | train time 0h 0m 13s
Sun 21 Nov 2021 23:39:30 INFO ---------- test total [200] | test equ acc [0.460] | test value acc [0.475] | test time 0h 0m 29s
Sun 21 Nov 2021 23:39:50 INFO epoch [ 79] avr loss [0.03260203] | train time 0h 0m 18s
Sun 21 Nov 2021 23:40:18 INFO ---------- test total [200] | test equ acc [0.460] | test value acc [0.485] | test time 0h 0m 28s
Sun 21 Nov 2021 23:40:26 INFO epoch [ 80] avr loss [0.02969208] | train time 0h 0m 7s
Sun 21 Nov 2021 23:40:35 INFO ---------- test total [200] | test equ acc [0.450] | test value acc [0.465] | test time 0h 0m 8s
Sun 21 Nov 2021 23:40:36 INFO training finished.
                            best valid result: equation accuracy [0.000] | value accuracy [0.000]
                            best test result : equation accuracy [0.460] | value accuracy [0.485]
Sun 21 Nov 2021 23:40:36 INFO read deprel tree infomation from /home/shubham/FINAL CS229 PROJECT/MWP-CS229/dataset/SVAMP/deprel_tree_info.json ...
Sun 21 Nov 2021 23:40:36 INFO fold 3
Sun 21 Nov 2021 23:40:36 INFO start training...
Sun 21 Nov 2021 23:40:45 INFO epoch [  1] avr loss [1.50860580] | train time 0h 0m 9s
Sun 21 Nov 2021 23:40:53 INFO ---------- test total [200] | test equ acc [0.040] | test value acc [0.040] | test time 0h 0m 7s
Sun 21 Nov 2021 23:41:02 INFO epoch [  2] avr loss [1.13953550] | train time 0h 0m 7s
Sun 21 Nov 2021 23:41:10 INFO epoch [  3] avr loss [1.07215801] | train time 0h 0m 7s
Sun 21 Nov 2021 23:41:18 INFO epoch [  4] avr loss [1.03351994] | train time 0h 0m 7s
Sun 21 Nov 2021 23:41:27 INFO epoch [  5] avr loss [0.96145881] | train time 0h 0m 7s
Sun 21 Nov 2021 23:41:35 INFO epoch [  6] avr loss [0.85545452] | train time 0h 0m 7s
Sun 21 Nov 2021 23:41:44 INFO ---------- test total [200] | test equ acc [0.320] | test value acc [0.330] | test time 0h 0m 9s
Sun 21 Nov 2021 23:41:56 INFO epoch [  7] avr loss [0.81731734] | train time 0h 0m 10s
Sun 21 Nov 2021 23:42:15 INFO epoch [  8] avr loss [0.74878894] | train time 0h 0m 18s
Sun 21 Nov 2021 23:42:34 INFO epoch [  9] avr loss [0.71646783] | train time 0h 0m 18s
Sun 21 Nov 2021 23:42:53 INFO epoch [ 10] avr loss [0.67150710] | train time 0h 0m 18s
Sun 21 Nov 2021 23:43:13 INFO epoch [ 11] avr loss [0.64980177] | train time 0h 0m 17s
Sun 21 Nov 2021 23:43:39 INFO ---------- test total [200] | test equ acc [0.360] | test value acc [0.370] | test time 0h 0m 26s
Sun 21 Nov 2021 23:43:49 INFO epoch [ 12] avr loss [0.60839492] | train time 0h 0m 8s
Sun 21 Nov 2021 23:43:57 INFO epoch [ 13] avr loss [0.56616760] | train time 0h 0m 7s
Sun 21 Nov 2021 23:44:06 INFO epoch [ 14] avr loss [0.50172461] | train time 0h 0m 7s
Sun 21 Nov 2021 23:44:14 INFO epoch [ 15] avr loss [0.52359428] | train time 0h 0m 8s
Sun 21 Nov 2021 23:44:23 INFO epoch [ 16] avr loss [0.47539123] | train time 0h 0m 7s
Sun 21 Nov 2021 23:44:31 INFO ---------- test total [200] | test equ acc [0.380] | test value acc [0.390] | test time 0h 0m 8s
Sun 21 Nov 2021 23:44:40 INFO epoch [ 17] avr loss [0.45445396] | train time 0h 0m 7s
Sun 21 Nov 2021 23:44:48 INFO epoch [ 18] avr loss [0.41702957] | train time 0h 0m 7s
Sun 21 Nov 2021 23:44:56 INFO epoch [ 19] avr loss [0.38821922] | train time 0h 0m 8s
Sun 21 Nov 2021 23:45:05 INFO epoch [ 20] avr loss [0.38427271] | train time 0h 0m 8s
Sun 21 Nov 2021 23:45:13 INFO epoch [ 21] avr loss [0.33093486] | train time 0h 0m 8s
Sun 21 Nov 2021 23:45:23 INFO ---------- test total [200] | test equ acc [0.375] | test value acc [0.395] | test time 0h 0m 9s
Sun 21 Nov 2021 23:45:40 INFO epoch [ 22] avr loss [0.30433609] | train time 0h 0m 15s
Sun 21 Nov 2021 23:45:59 INFO epoch [ 23] avr loss [0.26672656] | train time 0h 0m 18s
Sun 21 Nov 2021 23:46:18 INFO epoch [ 24] avr loss [0.23472840] | train time 0h 0m 18s
Sun 21 Nov 2021 23:46:37 INFO epoch [ 25] avr loss [0.22167523] | train time 0h 0m 18s
Sun 21 Nov 2021 23:46:57 INFO epoch [ 26] avr loss [0.20097317] | train time 0h 0m 18s
Sun 21 Nov 2021 23:47:22 INFO ---------- test total [200] | test equ acc [0.380] | test value acc [0.400] | test time 0h 0m 25s
Sun 21 Nov 2021 23:47:30 INFO epoch [ 27] avr loss [0.21146155] | train time 0h 0m 7s
Sun 21 Nov 2021 23:47:38 INFO epoch [ 28] avr loss [0.18933057] | train time 0h 0m 7s
Sun 21 Nov 2021 23:47:47 INFO epoch [ 29] avr loss [0.18710091] | train time 0h 0m 8s
Sun 21 Nov 2021 23:47:55 INFO epoch [ 30] avr loss [0.17655796] | train time 0h 0m 7s
Sun 21 Nov 2021 23:48:03 INFO epoch [ 31] avr loss [0.16970134] | train time 0h 0m 7s
Sun 21 Nov 2021 23:48:12 INFO ---------- test total [200] | test equ acc [0.360] | test value acc [0.385] | test time 0h 0m 8s
Sun 21 Nov 2021 23:48:20 INFO epoch [ 32] avr loss [0.17694594] | train time 0h 0m 7s
Sun 21 Nov 2021 23:48:29 INFO epoch [ 33] avr loss [0.16348645] | train time 0h 0m 8s
Sun 21 Nov 2021 23:48:37 INFO epoch [ 34] avr loss [0.16059674] | train time 0h 0m 8s
Sun 21 Nov 2021 23:48:46 INFO epoch [ 35] avr loss [0.14890351] | train time 0h 0m 8s
Sun 21 Nov 2021 23:48:54 INFO epoch [ 36] avr loss [0.13398956] | train time 0h 0m 8s
Sun 21 Nov 2021 23:49:14 INFO ---------- test total [200] | test equ acc [0.390] | test value acc [0.420] | test time 0h 0m 19s
Sun 21 Nov 2021 23:49:33 INFO epoch [ 37] avr loss [0.12966523] | train time 0h 0m 18s
Sun 21 Nov 2021 23:49:53 INFO epoch [ 38] avr loss [0.13403814] | train time 0h 0m 18s
Sun 21 Nov 2021 23:50:12 INFO epoch [ 39] avr loss [0.12597851] | train time 0h 0m 18s
Sun 21 Nov 2021 23:50:31 INFO epoch [ 40] avr loss [0.12108734] | train time 0h 0m 17s
Sun 21 Nov 2021 23:50:48 INFO epoch [ 41] avr loss [0.11031274] | train time 0h 0m 16s
Sun 21 Nov 2021 23:50:56 INFO ---------- test total [200] | test equ acc [0.415] | test value acc [0.440] | test time 0h 0m 7s
Sun 21 Nov 2021 23:51:04 INFO epoch [ 42] avr loss [0.09327636] | train time 0h 0m 7s
Sun 21 Nov 2021 23:51:13 INFO epoch [ 43] avr loss [0.08678103] | train time 0h 0m 7s
Sun 21 Nov 2021 23:51:21 INFO epoch [ 44] avr loss [0.07642098] | train time 0h 0m 7s
Sun 21 Nov 2021 23:51:29 INFO epoch [ 45] avr loss [0.07888389] | train time 0h 0m 7s
Sun 21 Nov 2021 23:51:38 INFO epoch [ 46] avr loss [0.07396818] | train time 0h 0m 7s
Sun 21 Nov 2021 23:51:46 INFO ---------- test total [200] | test equ acc [0.425] | test value acc [0.450] | test time 0h 0m 8s
Sun 21 Nov 2021 23:51:55 INFO epoch [ 47] avr loss [0.07436891] | train time 0h 0m 8s
Sun 21 Nov 2021 23:52:04 INFO epoch [ 48] avr loss [0.07812440] | train time 0h 0m 8s
Sun 21 Nov 2021 23:52:13 INFO epoch [ 49] avr loss [0.07192495] | train time 0h 0m 8s
Sun 21 Nov 2021 23:52:28 INFO epoch [ 50] avr loss [0.06627956] | train time 0h 0m 14s
Sun 21 Nov 2021 23:52:47 INFO epoch [ 51] avr loss [0.06791421] | train time 0h 0m 18s
Sun 21 Nov 2021 23:53:16 INFO ---------- test total [200] | test equ acc [0.425] | test value acc [0.460] | test time 0h 0m 28s
Sun 21 Nov 2021 23:53:35 INFO epoch [ 52] avr loss [0.06838717] | train time 0h 0m 17s
Sun 21 Nov 2021 23:53:50 INFO epoch [ 53] avr loss [0.06639088] | train time 0h 0m 14s
Sun 21 Nov 2021 23:53:59 INFO epoch [ 54] avr loss [0.06610608] | train time 0h 0m 7s
Sun 21 Nov 2021 23:54:07 INFO epoch [ 55] avr loss [0.05577051] | train time 0h 0m 7s
Sun 21 Nov 2021 23:54:15 INFO epoch [ 56] avr loss [0.05553099] | train time 0h 0m 7s
Sun 21 Nov 2021 23:54:24 INFO ---------- test total [200] | test equ acc [0.420] | test value acc [0.435] | test time 0h 0m 9s
Sun 21 Nov 2021 23:54:33 INFO epoch [ 57] avr loss [0.05507173] | train time 0h 0m 7s
Sun 21 Nov 2021 23:54:41 INFO epoch [ 58] avr loss [0.05720876] | train time 0h 0m 7s
Sun 21 Nov 2021 23:54:50 INFO epoch [ 59] avr loss [0.06595098] | train time 0h 0m 8s
Sun 21 Nov 2021 23:54:59 INFO epoch [ 60] avr loss [0.05107961] | train time 0h 0m 8s
Sun 21 Nov 2021 23:55:07 INFO epoch [ 61] avr loss [0.05229963] | train time 0h 0m 7s
Sun 21 Nov 2021 23:55:28 INFO ---------- test total [200] | test equ acc [0.395] | test value acc [0.420] | test time 0h 0m 21s
Sun 21 Nov 2021 23:55:47 INFO epoch [ 62] avr loss [0.04754666] | train time 0h 0m 18s
Sun 21 Nov 2021 23:56:07 INFO epoch [ 63] avr loss [0.04480681] | train time 0h 0m 18s
Sun 21 Nov 2021 23:56:26 INFO epoch [ 64] avr loss [0.04644732] | train time 0h 0m 17s
Sun 21 Nov 2021 23:56:45 INFO epoch [ 65] avr loss [0.04302875] | train time 0h 0m 17s
Sun 21 Nov 2021 23:57:01 INFO epoch [ 66] avr loss [0.04356355] | train time 0h 0m 14s
Sun 21 Nov 2021 23:57:08 INFO ---------- test total [200] | test equ acc [0.410] | test value acc [0.430] | test time 0h 0m 7s
Sun 21 Nov 2021 23:57:17 INFO epoch [ 67] avr loss [0.03983619] | train time 0h 0m 7s
Sun 21 Nov 2021 23:57:25 INFO epoch [ 68] avr loss [0.03725203] | train time 0h 0m 7s
Sun 21 Nov 2021 23:57:33 INFO epoch [ 69] avr loss [0.03771115] | train time 0h 0m 7s
Sun 21 Nov 2021 23:57:42 INFO epoch [ 70] avr loss [0.03898826] | train time 0h 0m 7s
Sun 21 Nov 2021 23:57:50 INFO epoch [ 71] avr loss [0.03852752] | train time 0h 0m 7s
Sun 21 Nov 2021 23:58:00 INFO ---------- test total [200] | test equ acc [0.405] | test value acc [0.425] | test time 0h 0m 9s
Sun 21 Nov 2021 23:58:09 INFO epoch [ 72] avr loss [0.04042615] | train time 0h 0m 8s
Sun 21 Nov 2021 23:58:17 INFO epoch [ 73] avr loss [0.03334978] | train time 0h 0m 8s
Sun 21 Nov 2021 23:58:26 INFO epoch [ 74] avr loss [0.04423149] | train time 0h 0m 8s
Sun 21 Nov 2021 23:58:34 INFO epoch [ 75] avr loss [0.03512585] | train time 0h 0m 8s
Sun 21 Nov 2021 23:58:44 INFO epoch [ 76] avr loss [0.03551150] | train time 0h 0m 9s
Sun 21 Nov 2021 23:59:12 INFO ---------- test total [200] | test equ acc [0.420] | test value acc [0.450] | test time 0h 0m 28s
Sun 21 Nov 2021 23:59:32 INFO epoch [ 77] avr loss [0.03032485] | train time 0h 0m 18s
Mon 22 Nov 2021 00:00:01 INFO ---------- test total [200] | test equ acc [0.420] | test value acc [0.450] | test time 0h 0m 29s
Mon 22 Nov 2021 00:00:16 INFO epoch [ 78] avr loss [0.03715425] | train time 0h 0m 14s
Mon 22 Nov 2021 00:00:24 INFO ---------- test total [200] | test equ acc [0.435] | test value acc [0.465] | test time 0h 0m 7s
Mon 22 Nov 2021 00:00:32 INFO epoch [ 79] avr loss [0.03027865] | train time 0h 0m 7s
Mon 22 Nov 2021 00:00:40 INFO ---------- test total [200] | test equ acc [0.425] | test value acc [0.455] | test time 0h 0m 8s
Mon 22 Nov 2021 00:00:48 INFO epoch [ 80] avr loss [0.03310307] | train time 0h 0m 7s
Mon 22 Nov 2021 00:00:58 INFO ---------- test total [200] | test equ acc [0.410] | test value acc [0.440] | test time 0h 0m 9s
Mon 22 Nov 2021 00:00:58 INFO training finished.
                            best valid result: equation accuracy [0.000] | value accuracy [0.000]
                            best test result : equation accuracy [0.435] | value accuracy [0.465]
Mon 22 Nov 2021 00:00:58 INFO read deprel tree infomation from /home/shubham/FINAL CS229 PROJECT/MWP-CS229/dataset/SVAMP/deprel_tree_info.json ...
Mon 22 Nov 2021 00:00:59 INFO fold 4
Mon 22 Nov 2021 00:00:59 INFO start training...
Mon 22 Nov 2021 00:01:07 INFO epoch [  1] avr loss [1.52303713] | train time 0h 0m 8s
Mon 22 Nov 2021 00:01:15 INFO ---------- test total [200] | test equ acc [0.055] | test value acc [0.060] | test time 0h 0m 7s
Mon 22 Nov 2021 00:01:23 INFO epoch [  2] avr loss [1.13800902] | train time 0h 0m 7s
Mon 22 Nov 2021 00:01:32 INFO epoch [  3] avr loss [1.08682858] | train time 0h 0m 7s
Mon 22 Nov 2021 00:01:40 INFO epoch [  4] avr loss [1.01596280] | train time 0h 0m 8s
Mon 22 Nov 2021 00:01:49 INFO epoch [  5] avr loss [0.89824777] | train time 0h 0m 8s
Mon 22 Nov 2021 00:02:03 INFO epoch [  6] avr loss [0.85350290] | train time 0h 0m 13s
Mon 22 Nov 2021 00:02:29 INFO ---------- test total [200] | test equ acc [0.330] | test value acc [0.335] | test time 0h 0m 26s
Mon 22 Nov 2021 00:02:49 INFO epoch [  7] avr loss [0.80601095] | train time 0h 0m 18s
Mon 22 Nov 2021 00:03:08 INFO epoch [  8] avr loss [0.76532464] | train time 0h 0m 18s
Mon 22 Nov 2021 00:03:28 INFO epoch [  9] avr loss [0.73382186] | train time 0h 0m 18s
Mon 22 Nov 2021 00:03:47 INFO epoch [ 10] avr loss [0.68460711] | train time 0h 0m 17s
Mon 22 Nov 2021 00:03:55 INFO epoch [ 11] avr loss [0.64685493] | train time 0h 0m 7s
Mon 22 Nov 2021 00:04:06 INFO ---------- test total [200] | test equ acc [0.415] | test value acc [0.435] | test time 0h 0m 10s
Mon 22 Nov 2021 00:04:15 INFO epoch [ 12] avr loss [0.61276891] | train time 0h 0m 8s
Mon 22 Nov 2021 00:04:23 INFO epoch [ 13] avr loss [0.56545291] | train time 0h 0m 8s
Mon 22 Nov 2021 00:04:32 INFO epoch [ 14] avr loss [0.55596820] | train time 0h 0m 8s
Mon 22 Nov 2021 00:04:42 INFO epoch [ 15] avr loss [0.51415881] | train time 0h 0m 8s
Mon 22 Nov 2021 00:04:51 INFO epoch [ 16] avr loss [0.47389124] | train time 0h 0m 9s
Mon 22 Nov 2021 00:05:19 INFO ---------- test total [200] | test equ acc [0.440] | test value acc [0.465] | test time 0h 0m 27s
Mon 22 Nov 2021 00:05:39 INFO epoch [ 17] avr loss [0.44799955] | train time 0h 0m 18s
Mon 22 Nov 2021 00:05:59 INFO epoch [ 18] avr loss [0.44747103] | train time 0h 0m 18s
Mon 22 Nov 2021 00:06:18 INFO epoch [ 19] avr loss [0.40873442] | train time 0h 0m 18s
Mon 22 Nov 2021 00:06:38 INFO epoch [ 20] avr loss [0.37215471] | train time 0h 0m 18s
Mon 22 Nov 2021 00:06:54 INFO epoch [ 21] avr loss [0.30861589] | train time 0h 0m 14s
Mon 22 Nov 2021 00:07:04 INFO ---------- test total [200] | test equ acc [0.445] | test value acc [0.460] | test time 0h 0m 9s
Mon 22 Nov 2021 00:07:13 INFO epoch [ 22] avr loss [0.26061052] | train time 0h 0m 8s
Mon 22 Nov 2021 00:07:21 INFO epoch [ 23] avr loss [0.24173170] | train time 0h 0m 8s
Mon 22 Nov 2021 00:07:30 INFO epoch [ 24] avr loss [0.23627642] | train time 0h 0m 8s
Mon 22 Nov 2021 00:07:39 INFO epoch [ 25] avr loss [0.22357435] | train time 0h 0m 8s
Mon 22 Nov 2021 00:07:48 INFO epoch [ 26] avr loss [0.19377458] | train time 0h 0m 8s
Mon 22 Nov 2021 00:08:08 INFO ---------- test total [200] | test equ acc [0.395] | test value acc [0.430] | test time 0h 0m 19s
Mon 22 Nov 2021 00:08:28 INFO epoch [ 27] avr loss [0.19516988] | train time 0h 0m 18s
Mon 22 Nov 2021 00:08:47 INFO epoch [ 28] avr loss [0.17794674] | train time 0h 0m 18s
Mon 22 Nov 2021 00:09:07 INFO epoch [ 29] avr loss [0.18781750] | train time 0h 0m 18s
Mon 22 Nov 2021 00:09:26 INFO epoch [ 30] avr loss [0.17310994] | train time 0h 0m 18s
Mon 22 Nov 2021 00:09:46 INFO epoch [ 31] avr loss [0.15562021] | train time 0h 0m 18s
Mon 22 Nov 2021 00:10:01 INFO ---------- test total [200] | test equ acc [0.405] | test value acc [0.425] | test time 0h 0m 15s
Mon 22 Nov 2021 00:10:09 INFO epoch [ 32] avr loss [0.15119856] | train time 0h 0m 7s
Mon 22 Nov 2021 00:10:18 INFO epoch [ 33] avr loss [0.14368711] | train time 0h 0m 8s
Mon 22 Nov 2021 00:10:27 INFO epoch [ 34] avr loss [0.14965751] | train time 0h 0m 8s
Mon 22 Nov 2021 00:10:36 INFO epoch [ 35] avr loss [0.14183833] | train time 0h 0m 8s
Mon 22 Nov 2021 00:10:45 INFO epoch [ 36] avr loss [0.14199017] | train time 0h 0m 8s
Mon 22 Nov 2021 00:10:58 INFO ---------- test total [200] | test equ acc [0.395] | test value acc [0.430] | test time 0h 0m 13s
Mon 22 Nov 2021 00:11:13 INFO epoch [ 37] avr loss [0.12480424] | train time 0h 0m 14s
Mon 22 Nov 2021 00:11:32 INFO epoch [ 38] avr loss [0.12718288] | train time 0h 0m 18s
Mon 22 Nov 2021 00:11:52 INFO epoch [ 39] avr loss [0.12178760] | train time 0h 0m 18s
Mon 22 Nov 2021 00:12:12 INFO epoch [ 40] avr loss [0.10630414] | train time 0h 0m 18s
Mon 22 Nov 2021 00:12:31 INFO epoch [ 41] avr loss [0.09665246] | train time 0h 0m 18s
Mon 22 Nov 2021 00:13:03 INFO ---------- test total [200] | test equ acc [0.365] | test value acc [0.390] | test time 0h 0m 32s
Mon 22 Nov 2021 00:13:12 INFO epoch [ 42] avr loss [0.10018435] | train time 0h 0m 7s
Mon 22 Nov 2021 00:13:20 INFO epoch [ 43] avr loss [0.08600383] | train time 0h 0m 8s
Mon 22 Nov 2021 00:13:28 INFO epoch [ 44] avr loss [0.07871195] | train time 0h 0m 7s
Mon 22 Nov 2021 00:13:37 INFO epoch [ 45] avr loss [0.07466343] | train time 0h 0m 8s
Mon 22 Nov 2021 00:13:46 INFO epoch [ 46] avr loss [0.07088324] | train time 0h 0m 8s
Mon 22 Nov 2021 00:13:57 INFO ---------- test total [200] | test equ acc [0.410] | test value acc [0.435] | test time 0h 0m 11s
Mon 22 Nov 2021 00:14:06 INFO epoch [ 47] avr loss [0.06641396] | train time 0h 0m 8s
Mon 22 Nov 2021 00:14:15 INFO epoch [ 48] avr loss [0.06609377] | train time 0h 0m 8s
Mon 22 Nov 2021 00:14:28 INFO epoch [ 49] avr loss [0.06377148] | train time 0h 0m 11s
Mon 22 Nov 2021 00:14:47 INFO epoch [ 50] avr loss [0.06046687] | train time 0h 0m 18s
Mon 22 Nov 2021 00:15:07 INFO epoch [ 51] avr loss [0.06387051] | train time 0h 0m 18s
Mon 22 Nov 2021 00:15:39 INFO ---------- test total [200] | test equ acc [0.410] | test value acc [0.440] | test time 0h 0m 32s
Mon 22 Nov 2021 00:15:59 INFO epoch [ 52] avr loss [0.05633384] | train time 0h 0m 18s
Mon 22 Nov 2021 00:16:18 INFO epoch [ 53] avr loss [0.06431887] | train time 0h 0m 18s
Mon 22 Nov 2021 00:16:38 INFO epoch [ 54] avr loss [0.06087856] | train time 0h 0m 18s
Mon 22 Nov 2021 00:16:51 INFO epoch [ 55] avr loss [0.05390998] | train time 0h 0m 11s
Mon 22 Nov 2021 00:16:59 INFO epoch [ 56] avr loss [0.05521192] | train time 0h 0m 8s
Mon 22 Nov 2021 00:17:10 INFO ---------- test total [200] | test equ acc [0.420] | test value acc [0.450] | test time 0h 0m 10s
Mon 22 Nov 2021 00:17:19 INFO epoch [ 57] avr loss [0.05107980] | train time 0h 0m 8s
Mon 22 Nov 2021 00:17:28 INFO epoch [ 58] avr loss [0.04795625] | train time 0h 0m 8s
Mon 22 Nov 2021 00:17:37 INFO epoch [ 59] avr loss [0.04720241] | train time 0h 0m 8s
Mon 22 Nov 2021 00:17:46 INFO epoch [ 60] avr loss [0.04575090] | train time 0h 0m 8s
Mon 22 Nov 2021 00:17:56 INFO epoch [ 61] avr loss [0.03866781] | train time 0h 0m 8s
Mon 22 Nov 2021 00:18:24 INFO ---------- test total [200] | test equ acc [0.410] | test value acc [0.430] | test time 0h 0m 28s
Mon 22 Nov 2021 00:18:44 INFO epoch [ 62] avr loss [0.03701823] | train time 0h 0m 18s
Mon 22 Nov 2021 00:19:03 INFO epoch [ 63] avr loss [0.03779814] | train time 0h 0m 18s
Mon 22 Nov 2021 00:19:23 INFO epoch [ 64] avr loss [0.03812839] | train time 0h 0m 18s
Mon 22 Nov 2021 00:19:43 INFO epoch [ 65] avr loss [0.03916137] | train time 0h 0m 18s
Mon 22 Nov 2021 00:20:01 INFO epoch [ 66] avr loss [0.03384540] | train time 0h 0m 17s
Mon 22 Nov 2021 00:20:11 INFO ---------- test total [200] | test equ acc [0.425] | test value acc [0.450] | test time 0h 0m 10s
Mon 22 Nov 2021 00:20:20 INFO epoch [ 67] avr loss [0.03199766] | train time 0h 0m 7s
Mon 22 Nov 2021 00:20:28 INFO epoch [ 68] avr loss [0.03291941] | train time 0h 0m 8s
Mon 22 Nov 2021 00:20:37 INFO epoch [ 69] avr loss [0.03461909] | train time 0h 0m 8s
Mon 22 Nov 2021 00:20:46 INFO epoch [ 70] avr loss [0.03455065] | train time 0h 0m 8s
Mon 22 Nov 2021 00:20:55 INFO epoch [ 71] avr loss [0.03050773] | train time 0h 0m 8s
Mon 22 Nov 2021 00:21:07 INFO ---------- test total [200] | test equ acc [0.425] | test value acc [0.455] | test time 0h 0m 11s
Mon 22 Nov 2021 00:21:20 INFO epoch [ 72] avr loss [0.02946030] | train time 0h 0m 12s
Mon 22 Nov 2021 00:21:39 INFO epoch [ 73] avr loss [0.02797061] | train time 0h 0m 18s
Mon 22 Nov 2021 00:21:58 INFO epoch [ 74] avr loss [0.02945124] | train time 0h 0m 17s
Mon 22 Nov 2021 00:22:18 INFO epoch [ 75] avr loss [0.03218523] | train time 0h 0m 18s
Mon 22 Nov 2021 00:22:38 INFO epoch [ 76] avr loss [0.03105493] | train time 0h 0m 18s
Mon 22 Nov 2021 00:23:09 INFO ---------- test total [200] | test equ acc [0.450] | test value acc [0.470] | test time 0h 0m 31s
Mon 22 Nov 2021 00:23:29 INFO epoch [ 77] avr loss [0.03054341] | train time 0h 0m 18s
Mon 22 Nov 2021 00:23:43 INFO ---------- test total [200] | test equ acc [0.420] | test value acc [0.440] | test time 0h 0m 14s
Mon 22 Nov 2021 00:23:53 INFO epoch [ 78] avr loss [0.03049134] | train time 0h 0m 8s
Mon 22 Nov 2021 00:24:03 INFO ---------- test total [200] | test equ acc [0.415] | test value acc [0.435] | test time 0h 0m 10s
Mon 22 Nov 2021 00:24:12 INFO epoch [ 79] avr loss [0.02870360] | train time 0h 0m 8s
Mon 22 Nov 2021 00:24:24 INFO ---------- test total [200] | test equ acc [0.425] | test value acc [0.445] | test time 0h 0m 11s
Mon 22 Nov 2021 00:24:33 INFO epoch [ 80] avr loss [0.02485097] | train time 0h 0m 8s
Mon 22 Nov 2021 00:24:44 INFO ---------- test total [200] | test equ acc [0.415] | test value acc [0.435] | test time 0h 0m 11s
Mon 22 Nov 2021 00:24:45 INFO training finished.
                            best valid result: equation accuracy [0.000] | value accuracy [0.000]
                            best test result : equation accuracy [0.450] | value accuracy [0.470]
Mon 22 Nov 2021 00:24:45 INFO 5 fold cross validation finished.
Mon 22 Nov 2021 00:24:45 INFO fold  2 : test equ accuracy [0.460] | test value accuracy [0.485]
Mon 22 Nov 2021 00:24:45 INFO fold  0 : test equ accuracy [0.455] | test value accuracy [0.480]
Mon 22 Nov 2021 00:24:45 INFO fold  4 : test equ accuracy [0.450] | test value accuracy [0.470]
Mon 22 Nov 2021 00:24:45 INFO fold  3 : test equ accuracy [0.435] | test value accuracy [0.465]
Mon 22 Nov 2021 00:24:45 INFO fold  1 : test equ accuracy [0.395] | test value accuracy [0.430]
Mon 22 Nov 2021 00:24:45 INFO folds avr : test equ accuracy [0.439] | test value accuracy [0.466]
Mon 22 Nov 2021 00:33:00 INFO random_seed=2021
use_gpu=True
max_output_len=30
gpu_id=0
test_step=5
load_best_config=False
supervising_mode=fully_supervised
rebuild=False
validset_divide=True
shuffle=False
root=/home/shubham/FINAL CS229 PROJECT/MWP-CS229
model_config_path=/home/shubham/FINAL CS229 PROJECT/MWP-CS229/mwptoolkit/config/../properties/model/Graph2Tree.json
best_config_path=/home/shubham/FINAL CS229 PROJECT/MWP-CS229/mwptoolkit/config/../properties/best_config/Graph2Tree_SVAMP.json
dataset_config_path=/home/shubham/FINAL CS229 PROJECT/MWP-CS229/mwptoolkit/config/../properties/dataset/SVAMP.json
dataset_path=dataset/SVAMP
min_word_keep=5
min_generate_keep=5
mask_symbol=NUM
single=True
linear=True
language=en
train_batch_size=32
test_batch_size=1
source_equation_fix=infix
embedding_size=128
hidden_size=512
learning_rate=0.001
embedding_learning_rate=0.001
rnn_cell_type=gru
num_layers=2
weight_decay=1e-05
epoch_nums=80
dropout_ratio=0.5
bidirectional=True
step_size=20
beam_size=5
share_vocab=False
symbol_for_tree=True
equation_fix=prefix
add_sos=True
add_eos=True
parse_tree_file_name=deprel_tree_info
model=Graph2Tree
dataset=SVAMP
task_type=single_equation
k_fold=5
test_only=True
checkpoint_path=checkpoint/Graph2Tree-SVAMP-prefix.pth
trained_model_path=trained_model/Graph2Tree-SVAMP-prefix.pth
log_path=log/Graph2Tree-SVAMP-prefix.log
device=cuda
map_location=cuda
gpu_nums=1


Mon 22 Nov 2021 00:33:00 INFO start training with 5 fold cross validation.
Mon 22 Nov 2021 00:33:01 INFO read deprel tree infomation from /home/shubham/FINAL CS229 PROJECT/MWP-CS229/dataset/SVAMP/deprel_tree_info.json ...
Mon 22 Nov 2021 00:33:03 INFO fold 0
Mon 22 Nov 2021 00:33:13 INFO test total [200] | test equ acc [0.455] | test value acc [0.480] | test time 0h 0m 9s
Mon 22 Nov 2021 00:33:14 INFO read deprel tree infomation from /home/shubham/FINAL CS229 PROJECT/MWP-CS229/dataset/SVAMP/deprel_tree_info.json ...
Mon 22 Nov 2021 00:33:14 INFO fold 1
Mon 22 Nov 2021 00:33:24 INFO test total [200] | test equ acc [0.395] | test value acc [0.430] | test time 0h 0m 9s
Mon 22 Nov 2021 00:33:25 INFO read deprel tree infomation from /home/shubham/FINAL CS229 PROJECT/MWP-CS229/dataset/SVAMP/deprel_tree_info.json ...
Mon 22 Nov 2021 00:33:25 INFO fold 2
Mon 22 Nov 2021 00:33:35 INFO test total [200] | test equ acc [0.460] | test value acc [0.485] | test time 0h 0m 10s
Mon 22 Nov 2021 00:33:36 INFO read deprel tree infomation from /home/shubham/FINAL CS229 PROJECT/MWP-CS229/dataset/SVAMP/deprel_tree_info.json ...
Mon 22 Nov 2021 00:33:36 INFO fold 3
Mon 22 Nov 2021 00:33:46 INFO test total [200] | test equ acc [0.435] | test value acc [0.465] | test time 0h 0m 9s
Mon 22 Nov 2021 00:33:47 INFO read deprel tree infomation from /home/shubham/FINAL CS229 PROJECT/MWP-CS229/dataset/SVAMP/deprel_tree_info.json ...
Mon 22 Nov 2021 00:33:47 INFO fold 4
Mon 22 Nov 2021 00:41:33 INFO random_seed=2021
use_gpu=True
max_output_len=30
gpu_id=0
test_step=5
load_best_config=False
supervising_mode=fully_supervised
rebuild=False
validset_divide=True
shuffle=False
root=/home/shubham/FINAL CS229 PROJECT/MWP-CS229
model_config_path=/home/shubham/FINAL CS229 PROJECT/MWP-CS229/mwptoolkit/config/../properties/model/Graph2Tree.json
best_config_path=/home/shubham/FINAL CS229 PROJECT/MWP-CS229/mwptoolkit/config/../properties/best_config/Graph2Tree_SVAMP.json
dataset_config_path=/home/shubham/FINAL CS229 PROJECT/MWP-CS229/mwptoolkit/config/../properties/dataset/SVAMP.json
dataset_path=dataset/SVAMP
min_word_keep=5
min_generate_keep=5
mask_symbol=NUM
single=True
linear=True
language=en
train_batch_size=32
test_batch_size=1
source_equation_fix=infix
embedding_size=128
hidden_size=512
learning_rate=0.001
embedding_learning_rate=0.001
rnn_cell_type=gru
num_layers=2
weight_decay=1e-05
epoch_nums=80
dropout_ratio=0.5
bidirectional=True
step_size=20
beam_size=5
share_vocab=False
symbol_for_tree=True
equation_fix=prefix
add_sos=True
add_eos=True
parse_tree_file_name=deprel_tree_info
model=Graph2Tree
dataset=SVAMP
task_type=single_equation
k_fold=5
test_only=True
checkpoint_path=checkpoint/Graph2Tree-SVAMP-prefix.pth
trained_model_path=trained_model/Graph2Tree-SVAMP-prefix.pth
log_path=log/Graph2Tree-SVAMP-prefix.log
device=cuda
map_location=cuda
gpu_nums=1


Mon 22 Nov 2021 00:41:33 INFO start training with 5 fold cross validation.
Mon 22 Nov 2021 00:41:33 INFO read deprel tree infomation from /home/shubham/FINAL CS229 PROJECT/MWP-CS229/dataset/SVAMP/deprel_tree_info.json ...
Mon 22 Nov 2021 00:41:35 INFO fold 0
Mon 22 Nov 2021 00:41:43 INFO test total [200] | test equ acc [0.455] | test value acc [0.480] | test time 0h 0m 7s
Mon 22 Nov 2021 00:41:44 INFO read deprel tree infomation from /home/shubham/FINAL CS229 PROJECT/MWP-CS229/dataset/SVAMP/deprel_tree_info.json ...
Mon 22 Nov 2021 00:41:44 INFO fold 1
Mon 22 Nov 2021 00:41:52 INFO test total [200] | test equ acc [0.395] | test value acc [0.430] | test time 0h 0m 7s
Mon 22 Nov 2021 00:41:52 INFO read deprel tree infomation from /home/shubham/FINAL CS229 PROJECT/MWP-CS229/dataset/SVAMP/deprel_tree_info.json ...
Mon 22 Nov 2021 00:41:53 INFO fold 2
Mon 22 Nov 2021 00:43:32 INFO random_seed=2021
use_gpu=True
max_output_len=30
gpu_id=0
test_step=5
load_best_config=False
supervising_mode=fully_supervised
rebuild=False
validset_divide=True
shuffle=False
root=/home/shubham/FINAL CS229 PROJECT/MWP-CS229
model_config_path=/home/shubham/FINAL CS229 PROJECT/MWP-CS229/mwptoolkit/config/../properties/model/Graph2Tree.json
best_config_path=/home/shubham/FINAL CS229 PROJECT/MWP-CS229/mwptoolkit/config/../properties/best_config/Graph2Tree_SVAMP.json
dataset_config_path=/home/shubham/FINAL CS229 PROJECT/MWP-CS229/mwptoolkit/config/../properties/dataset/SVAMP.json
dataset_path=dataset/SVAMP
min_word_keep=5
min_generate_keep=5
mask_symbol=NUM
single=True
linear=True
language=en
train_batch_size=32
test_batch_size=1
source_equation_fix=infix
embedding_size=128
hidden_size=512
learning_rate=0.001
embedding_learning_rate=0.001
rnn_cell_type=gru
num_layers=2
weight_decay=1e-05
epoch_nums=80
dropout_ratio=0.5
bidirectional=True
step_size=20
beam_size=5
share_vocab=False
symbol_for_tree=True
equation_fix=prefix
add_sos=True
add_eos=True
parse_tree_file_name=deprel_tree_info
model=Graph2Tree
dataset=SVAMP
task_type=single_equation
k_fold=5
test_only=True
checkpoint_path=checkpoint/Graph2Tree-SVAMP-prefix.pth
trained_model_path=trained_model/Graph2Tree-SVAMP-prefix.pth
log_path=log/Graph2Tree-SVAMP-prefix.log
device=cuda
map_location=cuda
gpu_nums=1


Mon 22 Nov 2021 00:43:32 INFO start training with 5 fold cross validation.
Mon 22 Nov 2021 00:43:33 INFO read deprel tree infomation from /home/shubham/FINAL CS229 PROJECT/MWP-CS229/dataset/SVAMP/deprel_tree_info.json ...
Mon 22 Nov 2021 00:43:35 INFO fold 0
Mon 22 Nov 2021 00:43:42 INFO test total [200] | test equ acc [0.455] | test value acc [0.480] | test time 0h 0m 7s
Mon 22 Nov 2021 00:43:43 INFO read deprel tree infomation from /home/shubham/FINAL CS229 PROJECT/MWP-CS229/dataset/SVAMP/deprel_tree_info.json ...
Mon 22 Nov 2021 00:43:43 INFO fold 1
Mon 22 Nov 2021 00:44:00 INFO random_seed=2021
use_gpu=True
max_output_len=30
gpu_id=0
test_step=5
load_best_config=False
supervising_mode=fully_supervised
rebuild=False
validset_divide=True
shuffle=False
root=/home/shubham/FINAL CS229 PROJECT/MWP-CS229
model_config_path=/home/shubham/FINAL CS229 PROJECT/MWP-CS229/mwptoolkit/config/../properties/model/Graph2Tree.json
best_config_path=/home/shubham/FINAL CS229 PROJECT/MWP-CS229/mwptoolkit/config/../properties/best_config/Graph2Tree_SVAMP.json
dataset_config_path=/home/shubham/FINAL CS229 PROJECT/MWP-CS229/mwptoolkit/config/../properties/dataset/SVAMP.json
dataset_path=dataset/SVAMP
min_word_keep=5
min_generate_keep=5
mask_symbol=NUM
single=True
linear=True
language=en
train_batch_size=32
test_batch_size=1
source_equation_fix=infix
embedding_size=128
hidden_size=512
learning_rate=0.001
embedding_learning_rate=0.001
rnn_cell_type=gru
num_layers=2
weight_decay=1e-05
epoch_nums=80
dropout_ratio=0.5
bidirectional=True
step_size=20
beam_size=5
share_vocab=False
symbol_for_tree=True
equation_fix=prefix
add_sos=True
add_eos=True
parse_tree_file_name=deprel_tree_info
model=Graph2Tree
dataset=SVAMP
task_type=single_equation
k_fold=5
test_only=True
checkpoint_path=checkpoint/Graph2Tree-SVAMP-prefix.pth
trained_model_path=trained_model/Graph2Tree-SVAMP-prefix.pth
log_path=log/Graph2Tree-SVAMP-prefix.log
device=cuda
map_location=cuda
gpu_nums=1


Mon 22 Nov 2021 00:44:00 INFO start training with 5 fold cross validation.
Mon 22 Nov 2021 00:44:01 INFO read deprel tree infomation from /home/shubham/FINAL CS229 PROJECT/MWP-CS229/dataset/SVAMP/deprel_tree_info.json ...
Mon 22 Nov 2021 00:44:03 INFO fold 0
Mon 22 Nov 2021 00:44:44 INFO random_seed=2021
use_gpu=True
max_output_len=30
gpu_id=0
test_step=5
load_best_config=False
supervising_mode=fully_supervised
rebuild=False
validset_divide=True
shuffle=False
root=/home/shubham/FINAL CS229 PROJECT/MWP-CS229
model_config_path=/home/shubham/FINAL CS229 PROJECT/MWP-CS229/mwptoolkit/config/../properties/model/Graph2Tree.json
best_config_path=/home/shubham/FINAL CS229 PROJECT/MWP-CS229/mwptoolkit/config/../properties/best_config/Graph2Tree_SVAMP.json
dataset_config_path=/home/shubham/FINAL CS229 PROJECT/MWP-CS229/mwptoolkit/config/../properties/dataset/SVAMP.json
dataset_path=dataset/SVAMP
min_word_keep=5
min_generate_keep=5
mask_symbol=NUM
single=True
linear=True
language=en
train_batch_size=32
test_batch_size=1
source_equation_fix=infix
embedding_size=128
hidden_size=512
learning_rate=0.001
embedding_learning_rate=0.001
rnn_cell_type=gru
num_layers=2
weight_decay=1e-05
epoch_nums=80
dropout_ratio=0.5
bidirectional=True
step_size=20
beam_size=5
share_vocab=False
symbol_for_tree=True
equation_fix=prefix
add_sos=True
add_eos=True
parse_tree_file_name=deprel_tree_info
model=Graph2Tree
dataset=SVAMP
task_type=single_equation
k_fold=5
test_only=True
checkpoint_path=checkpoint/Graph2Tree-SVAMP-prefix.pth
trained_model_path=trained_model/Graph2Tree-SVAMP-prefix.pth
log_path=log/Graph2Tree-SVAMP-prefix.log
device=cuda
map_location=cuda
gpu_nums=1


Mon 22 Nov 2021 00:44:44 INFO start training with 5 fold cross validation.
Mon 22 Nov 2021 00:44:44 INFO read deprel tree infomation from /home/shubham/FINAL CS229 PROJECT/MWP-CS229/dataset/SVAMP/deprel_tree_info.json ...
Mon 22 Nov 2021 00:44:46 INFO fold 0
Mon 22 Nov 2021 00:45:00 INFO random_seed=2021
use_gpu=True
max_output_len=30
gpu_id=0
test_step=5
load_best_config=False
supervising_mode=fully_supervised
rebuild=False
validset_divide=True
shuffle=False
root=/home/shubham/FINAL CS229 PROJECT/MWP-CS229
model_config_path=/home/shubham/FINAL CS229 PROJECT/MWP-CS229/mwptoolkit/config/../properties/model/Graph2Tree.json
best_config_path=/home/shubham/FINAL CS229 PROJECT/MWP-CS229/mwptoolkit/config/../properties/best_config/Graph2Tree_SVAMP.json
dataset_config_path=/home/shubham/FINAL CS229 PROJECT/MWP-CS229/mwptoolkit/config/../properties/dataset/SVAMP.json
dataset_path=dataset/SVAMP
min_word_keep=5
min_generate_keep=5
mask_symbol=NUM
single=True
linear=True
language=en
train_batch_size=32
test_batch_size=1
source_equation_fix=infix
embedding_size=128
hidden_size=512
learning_rate=0.001
embedding_learning_rate=0.001
rnn_cell_type=gru
num_layers=2
weight_decay=1e-05
epoch_nums=80
dropout_ratio=0.5
bidirectional=True
step_size=20
beam_size=5
share_vocab=False
symbol_for_tree=True
equation_fix=prefix
add_sos=True
add_eos=True
parse_tree_file_name=deprel_tree_info
model=Graph2Tree
dataset=SVAMP
task_type=single_equation
k_fold=5
test_only=True
checkpoint_path=checkpoint/Graph2Tree-SVAMP-prefix.pth
trained_model_path=trained_model/Graph2Tree-SVAMP-prefix.pth
log_path=log/Graph2Tree-SVAMP-prefix.log
device=cuda
map_location=cuda
gpu_nums=1


Mon 22 Nov 2021 00:45:00 INFO start training with 5 fold cross validation.
Mon 22 Nov 2021 00:45:00 INFO read deprel tree infomation from /home/shubham/FINAL CS229 PROJECT/MWP-CS229/dataset/SVAMP/deprel_tree_info.json ...
Mon 22 Nov 2021 00:45:02 INFO fold 0
Mon 22 Nov 2021 00:45:11 INFO test total [200] | test equ acc [0.455] | test value acc [0.480] | test time 0h 0m 8s
Mon 22 Nov 2021 00:45:11 INFO read deprel tree infomation from /home/shubham/FINAL CS229 PROJECT/MWP-CS229/dataset/SVAMP/deprel_tree_info.json ...
Mon 22 Nov 2021 00:45:12 INFO fold 1
Mon 22 Nov 2021 00:45:30 INFO random_seed=2021
use_gpu=True
max_output_len=30
gpu_id=0
test_step=5
load_best_config=False
supervising_mode=fully_supervised
rebuild=False
validset_divide=True
shuffle=False
root=/home/shubham/FINAL CS229 PROJECT/MWP-CS229
model_config_path=/home/shubham/FINAL CS229 PROJECT/MWP-CS229/mwptoolkit/config/../properties/model/Graph2Tree.json
best_config_path=/home/shubham/FINAL CS229 PROJECT/MWP-CS229/mwptoolkit/config/../properties/best_config/Graph2Tree_SVAMP.json
dataset_config_path=/home/shubham/FINAL CS229 PROJECT/MWP-CS229/mwptoolkit/config/../properties/dataset/SVAMP.json
dataset_path=dataset/SVAMP
min_word_keep=5
min_generate_keep=5
mask_symbol=NUM
single=True
linear=True
language=en
train_batch_size=32
test_batch_size=1
source_equation_fix=infix
embedding_size=128
hidden_size=512
learning_rate=0.001
embedding_learning_rate=0.001
rnn_cell_type=gru
num_layers=2
weight_decay=1e-05
epoch_nums=80
dropout_ratio=0.5
bidirectional=True
step_size=20
beam_size=5
share_vocab=False
symbol_for_tree=True
equation_fix=prefix
add_sos=True
add_eos=True
parse_tree_file_name=deprel_tree_info
model=Graph2Tree
dataset=SVAMP
task_type=single_equation
k_fold=5
test_only=True
checkpoint_path=checkpoint/Graph2Tree-SVAMP-prefix.pth
trained_model_path=trained_model/Graph2Tree-SVAMP-prefix.pth
log_path=log/Graph2Tree-SVAMP-prefix.log
device=cuda
map_location=cuda
gpu_nums=1


Mon 22 Nov 2021 00:45:30 INFO start training with 5 fold cross validation.
Mon 22 Nov 2021 00:45:31 INFO read deprel tree infomation from /home/shubham/FINAL CS229 PROJECT/MWP-CS229/dataset/SVAMP/deprel_tree_info.json ...
Mon 22 Nov 2021 00:45:33 INFO fold 0
Mon 22 Nov 2021 00:48:25 INFO random_seed=2021
use_gpu=True
max_output_len=30
gpu_id=0
test_step=5
load_best_config=False
supervising_mode=fully_supervised
rebuild=False
validset_divide=True
shuffle=False
root=/home/shubham/FINAL CS229 PROJECT/MWP-CS229
model_config_path=/home/shubham/FINAL CS229 PROJECT/MWP-CS229/mwptoolkit/config/../properties/model/Graph2Tree.json
best_config_path=/home/shubham/FINAL CS229 PROJECT/MWP-CS229/mwptoolkit/config/../properties/best_config/Graph2Tree_SVAMP.json
dataset_config_path=/home/shubham/FINAL CS229 PROJECT/MWP-CS229/mwptoolkit/config/../properties/dataset/SVAMP.json
dataset_path=dataset/SVAMP
min_word_keep=5
min_generate_keep=5
mask_symbol=NUM
single=True
linear=True
language=en
train_batch_size=32
test_batch_size=1
source_equation_fix=infix
embedding_size=128
hidden_size=512
learning_rate=0.001
embedding_learning_rate=0.001
rnn_cell_type=gru
num_layers=2
weight_decay=1e-05
epoch_nums=80
dropout_ratio=0.5
bidirectional=True
step_size=20
beam_size=5
share_vocab=False
symbol_for_tree=True
equation_fix=prefix
add_sos=True
add_eos=True
parse_tree_file_name=deprel_tree_info
model=Graph2Tree
dataset=SVAMP
task_type=single_equation
k_fold=5
test_only=True
checkpoint_path=checkpoint/Graph2Tree-SVAMP-prefix.pth
trained_model_path=trained_model/Graph2Tree-SVAMP-prefix.pth
log_path=log/Graph2Tree-SVAMP-prefix.log
device=cuda
map_location=cuda
gpu_nums=1


Mon 22 Nov 2021 00:48:25 INFO start training with 5 fold cross validation.
Mon 22 Nov 2021 00:48:26 INFO read deprel tree infomation from /home/shubham/FINAL CS229 PROJECT/MWP-CS229/dataset/SVAMP/deprel_tree_info.json ...
Mon 22 Nov 2021 00:48:28 INFO fold 0
Mon 22 Nov 2021 00:50:12 INFO random_seed=2021
use_gpu=True
max_output_len=30
gpu_id=0
test_step=5
load_best_config=False
supervising_mode=fully_supervised
rebuild=False
validset_divide=True
shuffle=False
root=/home/shubham/FINAL CS229 PROJECT/MWP-CS229
model_config_path=/home/shubham/FINAL CS229 PROJECT/MWP-CS229/mwptoolkit/config/../properties/model/Graph2Tree.json
best_config_path=/home/shubham/FINAL CS229 PROJECT/MWP-CS229/mwptoolkit/config/../properties/best_config/Graph2Tree_SVAMP.json
dataset_config_path=/home/shubham/FINAL CS229 PROJECT/MWP-CS229/mwptoolkit/config/../properties/dataset/SVAMP.json
dataset_path=dataset/SVAMP
min_word_keep=5
min_generate_keep=5
mask_symbol=NUM
single=True
linear=True
language=en
train_batch_size=32
test_batch_size=1
source_equation_fix=infix
embedding_size=128
hidden_size=512
learning_rate=0.001
embedding_learning_rate=0.001
rnn_cell_type=gru
num_layers=2
weight_decay=1e-05
epoch_nums=80
dropout_ratio=0.5
bidirectional=True
step_size=20
beam_size=5
share_vocab=False
symbol_for_tree=True
equation_fix=prefix
add_sos=True
add_eos=True
parse_tree_file_name=deprel_tree_info
model=Graph2Tree
dataset=SVAMP
task_type=single_equation
k_fold=5
test_only=True
checkpoint_path=checkpoint/Graph2Tree-SVAMP-prefix.pth
trained_model_path=trained_model/Graph2Tree-SVAMP-prefix.pth
log_path=log/Graph2Tree-SVAMP-prefix.log
device=cuda
map_location=cuda
gpu_nums=1


Mon 22 Nov 2021 00:50:12 INFO start training with 5 fold cross validation.
Mon 22 Nov 2021 00:50:13 INFO read deprel tree infomation from /home/shubham/FINAL CS229 PROJECT/MWP-CS229/dataset/SVAMP/deprel_tree_info.json ...
Mon 22 Nov 2021 00:50:14 INFO fold 0
Mon 22 Nov 2021 00:51:12 INFO random_seed=2021
use_gpu=True
max_output_len=30
gpu_id=0
test_step=5
load_best_config=False
supervising_mode=fully_supervised
rebuild=False
validset_divide=True
shuffle=False
root=/home/shubham/FINAL CS229 PROJECT/MWP-CS229
model_config_path=/home/shubham/FINAL CS229 PROJECT/MWP-CS229/mwptoolkit/config/../properties/model/Graph2Tree.json
best_config_path=/home/shubham/FINAL CS229 PROJECT/MWP-CS229/mwptoolkit/config/../properties/best_config/Graph2Tree_SVAMP.json
dataset_config_path=/home/shubham/FINAL CS229 PROJECT/MWP-CS229/mwptoolkit/config/../properties/dataset/SVAMP.json
dataset_path=dataset/SVAMP
min_word_keep=5
min_generate_keep=5
mask_symbol=NUM
single=True
linear=True
language=en
train_batch_size=32
test_batch_size=1
source_equation_fix=infix
embedding_size=128
hidden_size=512
learning_rate=0.001
embedding_learning_rate=0.001
rnn_cell_type=gru
num_layers=2
weight_decay=1e-05
epoch_nums=80
dropout_ratio=0.5
bidirectional=True
step_size=20
beam_size=5
share_vocab=False
symbol_for_tree=True
equation_fix=prefix
add_sos=True
add_eos=True
parse_tree_file_name=deprel_tree_info
model=Graph2Tree
dataset=SVAMP
task_type=single_equation
k_fold=5
test_only=True
checkpoint_path=checkpoint/Graph2Tree-SVAMP-prefix.pth
trained_model_path=trained_model/Graph2Tree-SVAMP-prefix.pth
log_path=log/Graph2Tree-SVAMP-prefix.log
device=cuda
map_location=cuda
gpu_nums=1


Mon 22 Nov 2021 00:51:12 INFO start training with 5 fold cross validation.
Mon 22 Nov 2021 00:51:13 INFO read deprel tree infomation from /home/shubham/FINAL CS229 PROJECT/MWP-CS229/dataset/SVAMP/deprel_tree_info.json ...
Mon 22 Nov 2021 00:51:15 INFO fold 0
Mon 22 Nov 2021 00:51:23 INFO test total [200] | test equ acc [0.455] | test value acc [0.480] | test time 0h 0m 7s
Mon 22 Nov 2021 00:51:23 INFO read deprel tree infomation from /home/shubham/FINAL CS229 PROJECT/MWP-CS229/dataset/SVAMP/deprel_tree_info.json ...
Mon 22 Nov 2021 00:51:23 INFO fold 1
Mon 22 Nov 2021 00:51:31 INFO test total [200] | test equ acc [0.395] | test value acc [0.430] | test time 0h 0m 8s
Mon 22 Nov 2021 00:51:32 INFO read deprel tree infomation from /home/shubham/FINAL CS229 PROJECT/MWP-CS229/dataset/SVAMP/deprel_tree_info.json ...
Mon 22 Nov 2021 00:51:32 INFO fold 2
Mon 22 Nov 2021 00:51:41 INFO test total [200] | test equ acc [0.460] | test value acc [0.485] | test time 0h 0m 8s
Mon 22 Nov 2021 00:51:41 INFO read deprel tree infomation from /home/shubham/FINAL CS229 PROJECT/MWP-CS229/dataset/SVAMP/deprel_tree_info.json ...
Mon 22 Nov 2021 00:51:41 INFO fold 3
Mon 22 Nov 2021 00:52:32 INFO random_seed=2021
use_gpu=True
max_output_len=30
gpu_id=0
test_step=5
load_best_config=False
supervising_mode=fully_supervised
rebuild=False
validset_divide=True
shuffle=False
root=/home/shubham/FINAL CS229 PROJECT/MWP-CS229
model_config_path=/home/shubham/FINAL CS229 PROJECT/MWP-CS229/mwptoolkit/config/../properties/model/Graph2Tree.json
best_config_path=/home/shubham/FINAL CS229 PROJECT/MWP-CS229/mwptoolkit/config/../properties/best_config/Graph2Tree_SVAMP.json
dataset_config_path=/home/shubham/FINAL CS229 PROJECT/MWP-CS229/mwptoolkit/config/../properties/dataset/SVAMP.json
dataset_path=dataset/SVAMP
min_word_keep=5
min_generate_keep=5
mask_symbol=NUM
single=True
linear=True
language=en
train_batch_size=32
test_batch_size=1
source_equation_fix=infix
embedding_size=128
hidden_size=512
learning_rate=0.001
embedding_learning_rate=0.001
rnn_cell_type=gru
num_layers=2
weight_decay=1e-05
epoch_nums=80
dropout_ratio=0.5
bidirectional=True
step_size=20
beam_size=5
share_vocab=False
symbol_for_tree=True
equation_fix=prefix
add_sos=True
add_eos=True
parse_tree_file_name=deprel_tree_info
model=Graph2Tree
dataset=SVAMP
task_type=single_equation
k_fold=5
test_only=True
checkpoint_path=checkpoint/Graph2Tree-SVAMP-prefix.pth
trained_model_path=trained_model/Graph2Tree-SVAMP-prefix.pth
log_path=log/Graph2Tree-SVAMP-prefix.log
device=cuda
map_location=cuda
gpu_nums=1


Mon 22 Nov 2021 00:52:32 INFO start training with 5 fold cross validation.
Mon 22 Nov 2021 00:52:32 INFO read deprel tree infomation from /home/shubham/FINAL CS229 PROJECT/MWP-CS229/dataset/SVAMP/deprel_tree_info.json ...
Mon 22 Nov 2021 00:52:34 INFO fold 0
Mon 22 Nov 2021 00:52:42 INFO test total [200] | test equ acc [0.455] | test value acc [0.480] | test time 0h 0m 7s
Mon 22 Nov 2021 00:52:43 INFO read deprel tree infomation from /home/shubham/FINAL CS229 PROJECT/MWP-CS229/dataset/SVAMP/deprel_tree_info.json ...
Mon 22 Nov 2021 00:52:43 INFO fold 1
Mon 22 Nov 2021 00:52:51 INFO test total [200] | test equ acc [0.395] | test value acc [0.430] | test time 0h 0m 8s
Mon 22 Nov 2021 00:52:52 INFO read deprel tree infomation from /home/shubham/FINAL CS229 PROJECT/MWP-CS229/dataset/SVAMP/deprel_tree_info.json ...
Mon 22 Nov 2021 00:52:52 INFO fold 2
Mon 22 Nov 2021 00:53:01 INFO test total [200] | test equ acc [0.460] | test value acc [0.485] | test time 0h 0m 9s
Mon 22 Nov 2021 00:53:02 INFO read deprel tree infomation from /home/shubham/FINAL CS229 PROJECT/MWP-CS229/dataset/SVAMP/deprel_tree_info.json ...
Mon 22 Nov 2021 00:53:02 INFO fold 3
Mon 22 Nov 2021 00:53:10 INFO test total [200] | test equ acc [0.435] | test value acc [0.465] | test time 0h 0m 8s
Mon 22 Nov 2021 00:53:11 INFO read deprel tree infomation from /home/shubham/FINAL CS229 PROJECT/MWP-CS229/dataset/SVAMP/deprel_tree_info.json ...
Mon 22 Nov 2021 00:53:12 INFO fold 4
Mon 22 Nov 2021 00:53:22 INFO test total [200] | test equ acc [0.450] | test value acc [0.470] | test time 0h 0m 9s
Mon 22 Nov 2021 00:53:22 INFO 5 fold cross validation finished.
Mon 22 Nov 2021 00:53:22 INFO fold  2 : test equ accuracy [0.460] | test value accuracy [0.485]
Mon 22 Nov 2021 00:53:22 INFO fold  0 : test equ accuracy [0.455] | test value accuracy [0.480]
Mon 22 Nov 2021 00:53:22 INFO fold  4 : test equ accuracy [0.450] | test value accuracy [0.470]
Mon 22 Nov 2021 00:53:22 INFO fold  3 : test equ accuracy [0.435] | test value accuracy [0.465]
Mon 22 Nov 2021 00:53:22 INFO fold  1 : test equ accuracy [0.395] | test value accuracy [0.430]
Mon 22 Nov 2021 00:53:22 INFO folds avr : test equ accuracy [0.439] | test value accuracy [0.466]
Mon 22 Nov 2021 00:55:18 INFO random_seed=2021
use_gpu=True
max_output_len=30
gpu_id=0
test_step=5
load_best_config=False
supervising_mode=fully_supervised
rebuild=False
validset_divide=True
shuffle=False
root=/home/shubham/FINAL CS229 PROJECT/MWP-CS229
model_config_path=/home/shubham/FINAL CS229 PROJECT/MWP-CS229/mwptoolkit/config/../properties/model/Graph2Tree.json
best_config_path=/home/shubham/FINAL CS229 PROJECT/MWP-CS229/mwptoolkit/config/../properties/best_config/Graph2Tree_SVAMP.json
dataset_config_path=/home/shubham/FINAL CS229 PROJECT/MWP-CS229/mwptoolkit/config/../properties/dataset/SVAMP.json
dataset_path=dataset/SVAMP
min_word_keep=5
min_generate_keep=5
mask_symbol=NUM
single=True
linear=True
language=en
train_batch_size=32
test_batch_size=1
source_equation_fix=infix
embedding_size=128
hidden_size=512
learning_rate=0.001
embedding_learning_rate=0.001
rnn_cell_type=gru
num_layers=2
weight_decay=1e-05
epoch_nums=80
dropout_ratio=0.5
bidirectional=True
step_size=20
beam_size=5
share_vocab=False
symbol_for_tree=True
equation_fix=prefix
add_sos=True
add_eos=True
parse_tree_file_name=deprel_tree_info
model=Graph2Tree
dataset=SVAMP
task_type=single_equation
k_fold=5
test_only=True
checkpoint_path=checkpoint/Graph2Tree-SVAMP-prefix.pth
trained_model_path=trained_model/Graph2Tree-SVAMP-prefix.pth
log_path=log/Graph2Tree-SVAMP-prefix.log
device=cuda
map_location=cuda
gpu_nums=1


Mon 22 Nov 2021 00:55:18 INFO start training with 5 fold cross validation.
Mon 22 Nov 2021 00:55:18 INFO read deprel tree infomation from /home/shubham/FINAL CS229 PROJECT/MWP-CS229/dataset/SVAMP/deprel_tree_info.json ...
Mon 22 Nov 2021 00:55:20 INFO fold 0
Mon 22 Nov 2021 00:55:52 INFO random_seed=2021
use_gpu=True
max_output_len=30
gpu_id=0
test_step=5
load_best_config=False
supervising_mode=fully_supervised
rebuild=False
validset_divide=True
shuffle=False
root=/home/shubham/FINAL CS229 PROJECT/MWP-CS229
model_config_path=/home/shubham/FINAL CS229 PROJECT/MWP-CS229/mwptoolkit/config/../properties/model/Graph2Tree.json
best_config_path=/home/shubham/FINAL CS229 PROJECT/MWP-CS229/mwptoolkit/config/../properties/best_config/Graph2Tree_SVAMP.json
dataset_config_path=/home/shubham/FINAL CS229 PROJECT/MWP-CS229/mwptoolkit/config/../properties/dataset/SVAMP.json
dataset_path=dataset/SVAMP
min_word_keep=5
min_generate_keep=5
mask_symbol=NUM
single=True
linear=True
language=en
train_batch_size=32
test_batch_size=1
source_equation_fix=infix
embedding_size=128
hidden_size=512
learning_rate=0.001
embedding_learning_rate=0.001
rnn_cell_type=gru
num_layers=2
weight_decay=1e-05
epoch_nums=80
dropout_ratio=0.5
bidirectional=True
step_size=20
beam_size=5
share_vocab=False
symbol_for_tree=True
equation_fix=prefix
add_sos=True
add_eos=True
parse_tree_file_name=deprel_tree_info
model=Graph2Tree
dataset=SVAMP
task_type=single_equation
k_fold=5
test_only=True
checkpoint_path=checkpoint/Graph2Tree-SVAMP-prefix.pth
trained_model_path=trained_model/Graph2Tree-SVAMP-prefix.pth
log_path=log/Graph2Tree-SVAMP-prefix.log
device=cuda
map_location=cuda
gpu_nums=1


Mon 22 Nov 2021 00:55:52 INFO start training with 5 fold cross validation.
Mon 22 Nov 2021 00:55:53 INFO read deprel tree infomation from /home/shubham/FINAL CS229 PROJECT/MWP-CS229/dataset/SVAMP/deprel_tree_info.json ...
Mon 22 Nov 2021 00:55:55 INFO fold 0
Mon 22 Nov 2021 00:56:07 INFO random_seed=2021
use_gpu=True
max_output_len=30
gpu_id=0
test_step=5
load_best_config=False
supervising_mode=fully_supervised
rebuild=False
validset_divide=True
shuffle=False
root=/home/shubham/FINAL CS229 PROJECT/MWP-CS229
model_config_path=/home/shubham/FINAL CS229 PROJECT/MWP-CS229/mwptoolkit/config/../properties/model/Graph2Tree.json
best_config_path=/home/shubham/FINAL CS229 PROJECT/MWP-CS229/mwptoolkit/config/../properties/best_config/Graph2Tree_SVAMP.json
dataset_config_path=/home/shubham/FINAL CS229 PROJECT/MWP-CS229/mwptoolkit/config/../properties/dataset/SVAMP.json
dataset_path=dataset/SVAMP
min_word_keep=5
min_generate_keep=5
mask_symbol=NUM
single=True
linear=True
language=en
train_batch_size=32
test_batch_size=1
source_equation_fix=infix
embedding_size=128
hidden_size=512
learning_rate=0.001
embedding_learning_rate=0.001
rnn_cell_type=gru
num_layers=2
weight_decay=1e-05
epoch_nums=80
dropout_ratio=0.5
bidirectional=True
step_size=20
beam_size=5
share_vocab=False
symbol_for_tree=True
equation_fix=prefix
add_sos=True
add_eos=True
parse_tree_file_name=deprel_tree_info
model=Graph2Tree
dataset=SVAMP
task_type=single_equation
k_fold=5
test_only=True
checkpoint_path=checkpoint/Graph2Tree-SVAMP-prefix.pth
trained_model_path=trained_model/Graph2Tree-SVAMP-prefix.pth
log_path=log/Graph2Tree-SVAMP-prefix.log
device=cuda
map_location=cuda
gpu_nums=1


Mon 22 Nov 2021 00:56:07 INFO start training with 5 fold cross validation.
Mon 22 Nov 2021 00:56:07 INFO read deprel tree infomation from /home/shubham/FINAL CS229 PROJECT/MWP-CS229/dataset/SVAMP/deprel_tree_info.json ...
Mon 22 Nov 2021 00:56:09 INFO fold 0
Mon 22 Nov 2021 00:56:18 INFO test total [200] | test equ acc [0.455] | test value acc [0.480] | test time 0h 0m 8s
Mon 22 Nov 2021 00:56:19 INFO read deprel tree infomation from /home/shubham/FINAL CS229 PROJECT/MWP-CS229/dataset/SVAMP/deprel_tree_info.json ...
Mon 22 Nov 2021 00:56:19 INFO fold 1
Mon 22 Nov 2021 00:56:28 INFO test total [200] | test equ acc [0.395] | test value acc [0.430] | test time 0h 0m 8s
Mon 22 Nov 2021 00:56:28 INFO read deprel tree infomation from /home/shubham/FINAL CS229 PROJECT/MWP-CS229/dataset/SVAMP/deprel_tree_info.json ...
Mon 22 Nov 2021 00:56:29 INFO fold 2
Mon 22 Nov 2021 00:56:38 INFO test total [200] | test equ acc [0.460] | test value acc [0.485] | test time 0h 0m 9s
Mon 22 Nov 2021 00:56:38 INFO read deprel tree infomation from /home/shubham/FINAL CS229 PROJECT/MWP-CS229/dataset/SVAMP/deprel_tree_info.json ...
Mon 22 Nov 2021 00:56:39 INFO fold 3
Mon 22 Nov 2021 00:56:47 INFO test total [200] | test equ acc [0.435] | test value acc [0.465] | test time 0h 0m 8s
Mon 22 Nov 2021 00:56:48 INFO read deprel tree infomation from /home/shubham/FINAL CS229 PROJECT/MWP-CS229/dataset/SVAMP/deprel_tree_info.json ...
Mon 22 Nov 2021 00:56:48 INFO fold 4
Mon 22 Nov 2021 00:56:58 INFO test total [200] | test equ acc [0.450] | test value acc [0.470] | test time 0h 0m 9s
Mon 22 Nov 2021 00:56:58 INFO 5 fold cross validation finished.
Mon 22 Nov 2021 00:56:58 INFO fold  2 : test equ accuracy [0.460] | test value accuracy [0.485]
Mon 22 Nov 2021 00:56:58 INFO fold  0 : test equ accuracy [0.455] | test value accuracy [0.480]
Mon 22 Nov 2021 00:56:58 INFO fold  4 : test equ accuracy [0.450] | test value accuracy [0.470]
Mon 22 Nov 2021 00:56:58 INFO fold  3 : test equ accuracy [0.435] | test value accuracy [0.465]
Mon 22 Nov 2021 00:56:58 INFO fold  1 : test equ accuracy [0.395] | test value accuracy [0.430]
Mon 22 Nov 2021 00:56:58 INFO folds avr : test equ accuracy [0.439] | test value accuracy [0.466]
Mon 22 Nov 2021 01:10:43 INFO random_seed=2021
use_gpu=True
max_output_len=30
gpu_id=0
test_step=5
load_best_config=False
supervising_mode=fully_supervised
rebuild=False
validset_divide=True
shuffle=False
root=/home/shubham/FINAL CS229 PROJECT/MWP-CS229
model_config_path=/home/shubham/FINAL CS229 PROJECT/MWP-CS229/mwptoolkit/config/../properties/model/Graph2Tree.json
best_config_path=/home/shubham/FINAL CS229 PROJECT/MWP-CS229/mwptoolkit/config/../properties/best_config/Graph2Tree_SVAMP.json
dataset_config_path=/home/shubham/FINAL CS229 PROJECT/MWP-CS229/mwptoolkit/config/../properties/dataset/SVAMP.json
dataset_path=dataset/SVAMP
min_word_keep=5
min_generate_keep=5
mask_symbol=NUM
single=True
linear=True
language=en
train_batch_size=32
test_batch_size=1
source_equation_fix=infix
embedding_size=128
hidden_size=512
learning_rate=0.001
embedding_learning_rate=0.001
rnn_cell_type=gru
num_layers=2
weight_decay=1e-05
epoch_nums=80
dropout_ratio=0.5
bidirectional=True
step_size=20
beam_size=5
share_vocab=False
symbol_for_tree=True
equation_fix=prefix
add_sos=True
add_eos=True
parse_tree_file_name=deprel_tree_info
model=Graph2Tree
dataset=SVAMP
task_type=single_equation
k_fold=5
test_only=True
checkpoint_path=checkpoint/Graph2Tree-SVAMP-prefix.pth
trained_model_path=trained_model/Graph2Tree-SVAMP-prefix.pth
log_path=log/Graph2Tree-SVAMP-prefix.log
device=cuda
map_location=cuda
gpu_nums=1


Mon 22 Nov 2021 01:10:43 INFO start training with 5 fold cross validation.
Mon 22 Nov 2021 01:10:43 INFO read deprel tree infomation from /home/shubham/FINAL CS229 PROJECT/MWP-CS229/dataset/SVAMP/deprel_tree_info.json ...
Mon 22 Nov 2021 01:10:46 INFO fold 0
Mon 22 Nov 2021 01:10:56 INFO test total [200] | test equ acc [0.455] | test value acc [0.480] | test time 0h 0m 10s
Mon 22 Nov 2021 01:10:57 INFO read deprel tree infomation from /home/shubham/FINAL CS229 PROJECT/MWP-CS229/dataset/SVAMP/deprel_tree_info.json ...
Mon 22 Nov 2021 01:10:57 INFO fold 1
Mon 22 Nov 2021 01:11:06 INFO test total [200] | test equ acc [0.395] | test value acc [0.430] | test time 0h 0m 9s
Mon 22 Nov 2021 01:11:07 INFO read deprel tree infomation from /home/shubham/FINAL CS229 PROJECT/MWP-CS229/dataset/SVAMP/deprel_tree_info.json ...
Mon 22 Nov 2021 01:11:07 INFO fold 2
Mon 22 Nov 2021 01:11:17 INFO test total [200] | test equ acc [0.460] | test value acc [0.485] | test time 0h 0m 9s
Mon 22 Nov 2021 01:11:17 INFO read deprel tree infomation from /home/shubham/FINAL CS229 PROJECT/MWP-CS229/dataset/SVAMP/deprel_tree_info.json ...
Mon 22 Nov 2021 01:11:17 INFO fold 3
Mon 22 Nov 2021 01:11:26 INFO test total [200] | test equ acc [0.435] | test value acc [0.465] | test time 0h 0m 8s
Mon 22 Nov 2021 01:11:27 INFO read deprel tree infomation from /home/shubham/FINAL CS229 PROJECT/MWP-CS229/dataset/SVAMP/deprel_tree_info.json ...
Mon 22 Nov 2021 01:11:27 INFO fold 4
Mon 22 Nov 2021 01:11:36 INFO test total [200] | test equ acc [0.450] | test value acc [0.470] | test time 0h 0m 9s
Mon 22 Nov 2021 01:11:36 INFO 5 fold cross validation finished.
Mon 22 Nov 2021 01:11:36 INFO fold  2 : test equ accuracy [0.460] | test value accuracy [0.485]
Mon 22 Nov 2021 01:11:36 INFO fold  0 : test equ accuracy [0.455] | test value accuracy [0.480]
Mon 22 Nov 2021 01:11:36 INFO fold  4 : test equ accuracy [0.450] | test value accuracy [0.470]
Mon 22 Nov 2021 01:11:36 INFO fold  3 : test equ accuracy [0.435] | test value accuracy [0.465]
Mon 22 Nov 2021 01:11:36 INFO fold  1 : test equ accuracy [0.395] | test value accuracy [0.430]
Mon 22 Nov 2021 01:11:36 INFO folds avr : test equ accuracy [0.439] | test value accuracy [0.466]
