Sun 21 Nov 2021 21:49:47 INFO random_seed=2021
use_gpu=True
max_output_len=30
gpu_id=0
test_step=5
load_best_config=False
supervising_mode=fully_supervised
rebuild=False
validset_divide=True
shuffle=False
root=/home/shubham/FINAL CS229 PROJECT/MWP-CS229
model_config_path=/home/shubham/FINAL CS229 PROJECT/MWP-CS229/mwptoolkit/config/../properties/model/GroupATT.json
best_config_path=/home/shubham/FINAL CS229 PROJECT/MWP-CS229/mwptoolkit/config/../properties/best_config/GroupATT_SVAMP.json
dataset_config_path=/home/shubham/FINAL CS229 PROJECT/MWP-CS229/mwptoolkit/config/../properties/dataset/SVAMP.json
dataset_path=dataset/SVAMP
min_word_keep=5
min_generate_keep=5
mask_symbol=number
single=True
linear=True
language=en
train_batch_size=32
test_batch_size=32
source_equation_fix=infix
embedding_size=128
hidden_size=256
decode_hidden_size=512
learning_rate=0.001
decoder_rnn_cell_type=lstm
encoder_rnn_cell_type=lstm
teacher_force_ratio=0.83
num_layers=2
epoch_nums=100
dropout_ratio=0.3
bidirectional=True
step_size=20
rule1=False
rule2=False
share_vocab=True
attention=True
equation_fix=prefix
self_attention=True
symbol_for_tree=False
add_sos=False
add_eos=False
model=GroupATT
dataset=SVAMP
task_type=single_equation
k_fold=5
test_only=True
checkpoint_path=checkpoint/GroupATT-SVAMP-prefix.pth
trained_model_path=trained_model/GroupATT-SVAMP-prefix.pth
log_path=log/GroupATT-SVAMP-prefix.log
device=cuda
map_location=cuda
gpu_nums=1


Sun 21 Nov 2021 21:49:47 INFO start training with 5 fold cross validation.
Sun 21 Nov 2021 21:50:00 INFO fold 0
Sun 21 Nov 2021 21:50:07 INFO test total [200] | test equ acc [0.195] | test value acc [0.240] | test time 0h 0m 6s
Sun 21 Nov 2021 21:50:10 INFO fold 1
Sun 21 Nov 2021 21:50:18 INFO test total [200] | test equ acc [0.250] | test value acc [0.275] | test time 0h 0m 8s
Sun 21 Nov 2021 21:50:21 INFO fold 2
Sun 21 Nov 2021 21:50:28 INFO test total [200] | test equ acc [0.225] | test value acc [0.265] | test time 0h 0m 7s
Sun 21 Nov 2021 21:50:31 INFO fold 3
Sun 21 Nov 2021 21:50:38 INFO test total [200] | test equ acc [0.215] | test value acc [0.250] | test time 0h 0m 7s
Sun 21 Nov 2021 21:50:41 INFO fold 4
Sun 21 Nov 2021 21:50:49 INFO test total [200] | test equ acc [0.280] | test value acc [0.305] | test time 0h 0m 7s
Sun 21 Nov 2021 21:50:49 INFO 5 fold cross validation finished.
Sun 21 Nov 2021 21:50:49 INFO fold  4 : test equ accuracy [0.280] | test value accuracy [0.305]
Sun 21 Nov 2021 21:50:49 INFO fold  1 : test equ accuracy [0.250] | test value accuracy [0.275]
Sun 21 Nov 2021 21:50:49 INFO fold  2 : test equ accuracy [0.225] | test value accuracy [0.265]
Sun 21 Nov 2021 21:50:49 INFO fold  3 : test equ accuracy [0.215] | test value accuracy [0.250]
Sun 21 Nov 2021 21:50:49 INFO fold  0 : test equ accuracy [0.195] | test value accuracy [0.240]
Sun 21 Nov 2021 21:50:49 INFO folds avr : test equ accuracy [0.233] | test value accuracy [0.267]
Sun 21 Nov 2021 21:52:08 INFO random_seed=2021
use_gpu=True
max_output_len=30
gpu_id=0
test_step=5
load_best_config=False
supervising_mode=fully_supervised
rebuild=False
validset_divide=True
shuffle=False
root=/home/shubham/FINAL CS229 PROJECT/MWP-CS229
model_config_path=/home/shubham/FINAL CS229 PROJECT/MWP-CS229/mwptoolkit/config/../properties/model/GroupATT.json
best_config_path=/home/shubham/FINAL CS229 PROJECT/MWP-CS229/mwptoolkit/config/../properties/best_config/GroupATT_SVAMP.json
dataset_config_path=/home/shubham/FINAL CS229 PROJECT/MWP-CS229/mwptoolkit/config/../properties/dataset/SVAMP.json
dataset_path=dataset/SVAMP
min_word_keep=5
min_generate_keep=5
mask_symbol=number
single=True
linear=True
language=en
train_batch_size=32
test_batch_size=32
source_equation_fix=infix
embedding_size=128
hidden_size=256
decode_hidden_size=512
learning_rate=0.001
decoder_rnn_cell_type=lstm
encoder_rnn_cell_type=lstm
teacher_force_ratio=0.83
num_layers=2
epoch_nums=100
dropout_ratio=0.3
bidirectional=True
step_size=20
rule1=False
rule2=False
share_vocab=True
attention=True
equation_fix=prefix
self_attention=True
symbol_for_tree=False
add_sos=False
add_eos=False
model=GroupATT
dataset=SVAMP
task_type=single_equation
k_fold=5
test_only=True
checkpoint_path=checkpoint/GroupATT-SVAMP-prefix.pth
trained_model_path=trained_model/GroupATT-SVAMP-prefix.pth
log_path=log/GroupATT-SVAMP-prefix.log
device=cuda
map_location=cuda
gpu_nums=1


Sun 21 Nov 2021 21:52:08 INFO start training with 5 fold cross validation.
Sun 21 Nov 2021 21:52:21 INFO fold 0
Sun 21 Nov 2021 21:52:28 INFO test total [200] | test equ acc [0.195] | test value acc [0.240] | test time 0h 0m 7s
Sun 21 Nov 2021 21:52:30 INFO fold 1
Sun 21 Nov 2021 21:52:58 INFO random_seed=2021
use_gpu=True
max_output_len=30
gpu_id=0
test_step=5
load_best_config=False
supervising_mode=fully_supervised
rebuild=False
validset_divide=True
shuffle=False
root=/home/shubham/FINAL CS229 PROJECT/MWP-CS229
model_config_path=/home/shubham/FINAL CS229 PROJECT/MWP-CS229/mwptoolkit/config/../properties/model/GroupATT.json
best_config_path=/home/shubham/FINAL CS229 PROJECT/MWP-CS229/mwptoolkit/config/../properties/best_config/GroupATT_SVAMP.json
dataset_config_path=/home/shubham/FINAL CS229 PROJECT/MWP-CS229/mwptoolkit/config/../properties/dataset/SVAMP.json
dataset_path=dataset/SVAMP
min_word_keep=5
min_generate_keep=5
mask_symbol=number
single=True
linear=True
language=en
train_batch_size=32
test_batch_size=32
source_equation_fix=infix
embedding_size=128
hidden_size=256
decode_hidden_size=512
learning_rate=0.001
decoder_rnn_cell_type=lstm
encoder_rnn_cell_type=lstm
teacher_force_ratio=0.83
num_layers=2
epoch_nums=100
dropout_ratio=0.3
bidirectional=True
step_size=20
rule1=False
rule2=False
share_vocab=True
attention=True
equation_fix=prefix
self_attention=True
symbol_for_tree=False
add_sos=False
add_eos=False
model=GroupATT
dataset=SVAMP
task_type=single_equation
k_fold=5
test_only=True
checkpoint_path=checkpoint/GroupATT-SVAMP-prefix.pth
trained_model_path=trained_model/GroupATT-SVAMP-prefix.pth
log_path=log/GroupATT-SVAMP-prefix.log
device=cuda
map_location=cuda
gpu_nums=1


Sun 21 Nov 2021 21:52:58 INFO start training with 5 fold cross validation.
Sun 21 Nov 2021 21:53:11 INFO fold 0
Sun 21 Nov 2021 21:53:17 INFO test total [200] | test equ acc [0.195] | test value acc [0.240] | test time 0h 0m 5s
Sun 21 Nov 2021 21:53:19 INFO fold 1
Sun 21 Nov 2021 21:53:27 INFO test total [200] | test equ acc [0.250] | test value acc [0.275] | test time 0h 0m 7s
Sun 21 Nov 2021 21:53:29 INFO fold 2
Sun 21 Nov 2021 21:53:37 INFO test total [200] | test equ acc [0.225] | test value acc [0.265] | test time 0h 0m 7s
Sun 21 Nov 2021 21:53:40 INFO fold 3
Sun 21 Nov 2021 21:53:45 INFO test total [200] | test equ acc [0.215] | test value acc [0.250] | test time 0h 0m 5s
Sun 21 Nov 2021 21:53:47 INFO fold 4
Sun 21 Nov 2021 21:53:53 INFO test total [200] | test equ acc [0.280] | test value acc [0.305] | test time 0h 0m 5s
Sun 21 Nov 2021 21:53:53 INFO 5 fold cross validation finished.
Sun 21 Nov 2021 21:53:53 INFO fold  4 : test equ accuracy [0.280] | test value accuracy [0.305]
Sun 21 Nov 2021 21:53:53 INFO fold  1 : test equ accuracy [0.250] | test value accuracy [0.275]
Sun 21 Nov 2021 21:53:53 INFO fold  2 : test equ accuracy [0.225] | test value accuracy [0.265]
Sun 21 Nov 2021 21:53:53 INFO fold  3 : test equ accuracy [0.215] | test value accuracy [0.250]
Sun 21 Nov 2021 21:53:53 INFO fold  0 : test equ accuracy [0.195] | test value accuracy [0.240]
Sun 21 Nov 2021 21:53:53 INFO folds avr : test equ accuracy [0.233] | test value accuracy [0.267]
Sun 21 Nov 2021 21:54:28 INFO random_seed=2021
use_gpu=True
max_output_len=30
gpu_id=0
test_step=5
load_best_config=False
supervising_mode=fully_supervised
rebuild=False
validset_divide=True
shuffle=False
root=/home/shubham/FINAL CS229 PROJECT/MWP-CS229
model_config_path=/home/shubham/FINAL CS229 PROJECT/MWP-CS229/mwptoolkit/config/../properties/model/GroupATT.json
best_config_path=/home/shubham/FINAL CS229 PROJECT/MWP-CS229/mwptoolkit/config/../properties/best_config/GroupATT_SVAMP.json
dataset_config_path=/home/shubham/FINAL CS229 PROJECT/MWP-CS229/mwptoolkit/config/../properties/dataset/SVAMP.json
dataset_path=dataset/SVAMP
min_word_keep=5
min_generate_keep=5
mask_symbol=number
single=True
linear=True
language=en
train_batch_size=32
test_batch_size=32
source_equation_fix=infix
embedding_size=128
hidden_size=256
decode_hidden_size=512
learning_rate=0.001
decoder_rnn_cell_type=lstm
encoder_rnn_cell_type=lstm
teacher_force_ratio=0.83
num_layers=2
epoch_nums=100
dropout_ratio=0.3
bidirectional=True
step_size=20
rule1=False
rule2=False
share_vocab=True
attention=True
equation_fix=prefix
self_attention=True
symbol_for_tree=False
add_sos=False
add_eos=False
model=GroupATT
dataset=SVAMP
task_type=single_equation
k_fold=5
test_only=True
checkpoint_path=checkpoint/GroupATT-SVAMP-prefix.pth
trained_model_path=trained_model/GroupATT-SVAMP-prefix.pth
log_path=log/GroupATT-SVAMP-prefix.log
device=cuda
map_location=cuda
gpu_nums=1


Sun 21 Nov 2021 21:54:28 INFO start training with 5 fold cross validation.
Sun 21 Nov 2021 21:54:38 INFO fold 0
Sun 21 Nov 2021 21:54:42 INFO test total [200] | test equ acc [0.195] | test value acc [0.240] | test time 0h 0m 3s
Sun 21 Nov 2021 21:54:44 INFO fold 1
Sun 21 Nov 2021 21:54:47 INFO test total [200] | test equ acc [0.250] | test value acc [0.275] | test time 0h 0m 3s
Sun 21 Nov 2021 21:54:50 INFO fold 2
Sun 21 Nov 2021 21:54:54 INFO test total [200] | test equ acc [0.225] | test value acc [0.265] | test time 0h 0m 3s
Sun 21 Nov 2021 21:54:56 INFO fold 3
Sun 21 Nov 2021 21:55:00 INFO test total [200] | test equ acc [0.215] | test value acc [0.250] | test time 0h 0m 3s
Sun 21 Nov 2021 21:55:02 INFO fold 4
Sun 21 Nov 2021 21:55:06 INFO test total [200] | test equ acc [0.280] | test value acc [0.305] | test time 0h 0m 3s
Sun 21 Nov 2021 21:55:06 INFO 5 fold cross validation finished.
Sun 21 Nov 2021 21:55:06 INFO fold  4 : test equ accuracy [0.280] | test value accuracy [0.305]
Sun 21 Nov 2021 21:55:06 INFO fold  1 : test equ accuracy [0.250] | test value accuracy [0.275]
Sun 21 Nov 2021 21:55:06 INFO fold  2 : test equ accuracy [0.225] | test value accuracy [0.265]
Sun 21 Nov 2021 21:55:06 INFO fold  3 : test equ accuracy [0.215] | test value accuracy [0.250]
Sun 21 Nov 2021 21:55:06 INFO fold  0 : test equ accuracy [0.195] | test value accuracy [0.240]
Sun 21 Nov 2021 21:55:06 INFO folds avr : test equ accuracy [0.233] | test value accuracy [0.267]
Sun 21 Nov 2021 21:57:32 INFO random_seed=2021
use_gpu=True
max_output_len=30
gpu_id=0
test_step=5
load_best_config=False
supervising_mode=fully_supervised
rebuild=False
validset_divide=True
shuffle=False
root=/home/shubham/FINAL CS229 PROJECT/MWP-CS229
model_config_path=/home/shubham/FINAL CS229 PROJECT/MWP-CS229/mwptoolkit/config/../properties/model/GroupATT.json
best_config_path=/home/shubham/FINAL CS229 PROJECT/MWP-CS229/mwptoolkit/config/../properties/best_config/GroupATT_SVAMP.json
dataset_config_path=/home/shubham/FINAL CS229 PROJECT/MWP-CS229/mwptoolkit/config/../properties/dataset/SVAMP.json
dataset_path=dataset/SVAMP
min_word_keep=5
min_generate_keep=5
mask_symbol=number
single=True
linear=True
language=en
train_batch_size=32
test_batch_size=32
source_equation_fix=infix
embedding_size=128
hidden_size=256
decode_hidden_size=512
learning_rate=0.001
decoder_rnn_cell_type=lstm
encoder_rnn_cell_type=lstm
teacher_force_ratio=0.83
num_layers=2
epoch_nums=100
dropout_ratio=0.3
bidirectional=True
step_size=20
rule1=False
rule2=False
share_vocab=True
attention=True
equation_fix=prefix
self_attention=True
symbol_for_tree=False
add_sos=False
add_eos=False
model=GroupATT
dataset=SVAMP
task_type=single_equation
k_fold=5
test_only=True
checkpoint_path=checkpoint/GroupATT-SVAMP-prefix.pth
trained_model_path=trained_model/GroupATT-SVAMP-prefix.pth
log_path=log/GroupATT-SVAMP-prefix.log
device=cuda
map_location=cuda
gpu_nums=1


Sun 21 Nov 2021 21:57:32 INFO start training with 5 fold cross validation.
Sun 21 Nov 2021 21:57:34 INFO fold 0
Sun 21 Nov 2021 21:57:35 INFO test total [200] | test equ acc [0.195] | test value acc [0.240] | test time 0h 0m 1s
Sun 21 Nov 2021 21:57:36 INFO fold 1
Sun 21 Nov 2021 21:57:37 INFO test total [200] | test equ acc [0.250] | test value acc [0.275] | test time 0h 0m 0s
Sun 21 Nov 2021 21:57:37 INFO fold 2
Sun 21 Nov 2021 21:57:39 INFO test total [200] | test equ acc [0.225] | test value acc [0.265] | test time 0h 0m 1s
Sun 21 Nov 2021 21:57:39 INFO fold 3
Sun 21 Nov 2021 21:57:40 INFO test total [200] | test equ acc [0.215] | test value acc [0.250] | test time 0h 0m 1s
Sun 21 Nov 2021 21:57:41 INFO fold 4
Sun 21 Nov 2021 21:57:42 INFO test total [200] | test equ acc [0.280] | test value acc [0.305] | test time 0h 0m 1s
Sun 21 Nov 2021 21:57:42 INFO 5 fold cross validation finished.
Sun 21 Nov 2021 21:57:42 INFO fold  4 : test equ accuracy [0.280] | test value accuracy [0.305]
Sun 21 Nov 2021 21:57:42 INFO fold  1 : test equ accuracy [0.250] | test value accuracy [0.275]
Sun 21 Nov 2021 21:57:42 INFO fold  2 : test equ accuracy [0.225] | test value accuracy [0.265]
Sun 21 Nov 2021 21:57:42 INFO fold  3 : test equ accuracy [0.215] | test value accuracy [0.250]
Sun 21 Nov 2021 21:57:42 INFO fold  0 : test equ accuracy [0.195] | test value accuracy [0.240]
Sun 21 Nov 2021 21:57:42 INFO folds avr : test equ accuracy [0.233] | test value accuracy [0.267]
Sun 21 Nov 2021 21:58:10 INFO random_seed=2021
use_gpu=True
max_output_len=30
gpu_id=0
test_step=5
load_best_config=False
supervising_mode=fully_supervised
rebuild=False
validset_divide=True
shuffle=False
root=/home/shubham/FINAL CS229 PROJECT/MWP-CS229
model_config_path=/home/shubham/FINAL CS229 PROJECT/MWP-CS229/mwptoolkit/config/../properties/model/GroupATT.json
best_config_path=/home/shubham/FINAL CS229 PROJECT/MWP-CS229/mwptoolkit/config/../properties/best_config/GroupATT_SVAMP.json
dataset_config_path=/home/shubham/FINAL CS229 PROJECT/MWP-CS229/mwptoolkit/config/../properties/dataset/SVAMP.json
dataset_path=dataset/SVAMP
min_word_keep=5
min_generate_keep=5
mask_symbol=number
single=True
linear=True
language=en
train_batch_size=32
test_batch_size=32
source_equation_fix=infix
embedding_size=128
hidden_size=256
decode_hidden_size=512
learning_rate=0.001
decoder_rnn_cell_type=lstm
encoder_rnn_cell_type=lstm
teacher_force_ratio=0.83
num_layers=2
epoch_nums=100
dropout_ratio=0.3
bidirectional=True
step_size=20
rule1=False
rule2=False
share_vocab=True
attention=True
equation_fix=prefix
self_attention=True
symbol_for_tree=False
add_sos=False
add_eos=False
model=GroupATT
dataset=SVAMP
task_type=single_equation
k_fold=5
test_only=True
checkpoint_path=checkpoint/GroupATT-SVAMP-prefix.pth
trained_model_path=trained_model/GroupATT-SVAMP-prefix.pth
log_path=log/GroupATT-SVAMP-prefix.log
device=cuda
map_location=cuda
gpu_nums=1


Sun 21 Nov 2021 21:58:10 INFO start training with 5 fold cross validation.
Sun 21 Nov 2021 21:58:13 INFO fold 0
Sun 21 Nov 2021 21:58:14 INFO test total [200] | test equ acc [0.195] | test value acc [0.240] | test time 0h 0m 1s
Sun 21 Nov 2021 21:58:14 INFO fold 1
Sun 21 Nov 2021 21:58:15 INFO test total [200] | test equ acc [0.250] | test value acc [0.275] | test time 0h 0m 1s
Sun 21 Nov 2021 21:58:16 INFO fold 2
Sun 21 Nov 2021 21:58:17 INFO test total [200] | test equ acc [0.225] | test value acc [0.265] | test time 0h 0m 1s
Sun 21 Nov 2021 21:58:17 INFO fold 3
Sun 21 Nov 2021 21:58:19 INFO test total [200] | test equ acc [0.215] | test value acc [0.250] | test time 0h 0m 1s
Sun 21 Nov 2021 21:58:19 INFO fold 4
Sun 21 Nov 2021 21:58:20 INFO test total [200] | test equ acc [0.280] | test value acc [0.305] | test time 0h 0m 1s
Sun 21 Nov 2021 21:58:20 INFO 5 fold cross validation finished.
Sun 21 Nov 2021 21:58:20 INFO fold  4 : test equ accuracy [0.280] | test value accuracy [0.305]
Sun 21 Nov 2021 21:58:20 INFO fold  1 : test equ accuracy [0.250] | test value accuracy [0.275]
Sun 21 Nov 2021 21:58:20 INFO fold  2 : test equ accuracy [0.225] | test value accuracy [0.265]
Sun 21 Nov 2021 21:58:20 INFO fold  3 : test equ accuracy [0.215] | test value accuracy [0.250]
Sun 21 Nov 2021 21:58:20 INFO fold  0 : test equ accuracy [0.195] | test value accuracy [0.240]
Sun 21 Nov 2021 21:58:20 INFO folds avr : test equ accuracy [0.233] | test value accuracy [0.267]
Mon 22 Nov 2021 00:34:02 INFO random_seed=2021
use_gpu=True
max_output_len=30
gpu_id=0
test_step=5
load_best_config=False
supervising_mode=fully_supervised
rebuild=False
validset_divide=True
shuffle=False
root=/home/shubham/FINAL CS229 PROJECT/MWP-CS229
model_config_path=/home/shubham/FINAL CS229 PROJECT/MWP-CS229/mwptoolkit/config/../properties/model/GroupATT.json
best_config_path=/home/shubham/FINAL CS229 PROJECT/MWP-CS229/mwptoolkit/config/../properties/best_config/GroupATT_SVAMP.json
dataset_config_path=/home/shubham/FINAL CS229 PROJECT/MWP-CS229/mwptoolkit/config/../properties/dataset/SVAMP.json
dataset_path=dataset/SVAMP
min_word_keep=5
min_generate_keep=5
mask_symbol=number
single=True
linear=True
language=en
train_batch_size=32
test_batch_size=32
source_equation_fix=infix
embedding_size=128
hidden_size=256
decode_hidden_size=512
learning_rate=0.001
decoder_rnn_cell_type=lstm
encoder_rnn_cell_type=lstm
teacher_force_ratio=0.83
num_layers=2
epoch_nums=100
dropout_ratio=0.3
bidirectional=True
step_size=20
rule1=False
rule2=False
share_vocab=True
attention=True
equation_fix=prefix
self_attention=True
symbol_for_tree=False
add_sos=False
add_eos=False
model=GroupATT
dataset=SVAMP
task_type=single_equation
k_fold=5
test_only=True
checkpoint_path=checkpoint/GroupATT-SVAMP-prefix.pth
trained_model_path=trained_model/GroupATT-SVAMP-prefix.pth
log_path=log/GroupATT-SVAMP-prefix.log
device=cuda
map_location=cuda
gpu_nums=1


Mon 22 Nov 2021 00:34:02 INFO start training with 5 fold cross validation.
Mon 22 Nov 2021 00:34:05 INFO fold 0
Mon 22 Nov 2021 00:34:07 INFO test total [200] | test equ acc [0.195] | test value acc [0.240] | test time 0h 0m 1s
Mon 22 Nov 2021 00:34:07 INFO fold 1
Mon 22 Nov 2021 00:34:09 INFO test total [200] | test equ acc [0.250] | test value acc [0.275] | test time 0h 0m 1s
Mon 22 Nov 2021 00:41:27 INFO random_seed=2021
use_gpu=True
max_output_len=30
gpu_id=0
test_step=5
load_best_config=False
supervising_mode=fully_supervised
rebuild=False
validset_divide=True
shuffle=False
root=/home/shubham/FINAL CS229 PROJECT/MWP-CS229
model_config_path=/home/shubham/FINAL CS229 PROJECT/MWP-CS229/mwptoolkit/config/../properties/model/GroupATT.json
best_config_path=/home/shubham/FINAL CS229 PROJECT/MWP-CS229/mwptoolkit/config/../properties/best_config/GroupATT_SVAMP.json
dataset_config_path=/home/shubham/FINAL CS229 PROJECT/MWP-CS229/mwptoolkit/config/../properties/dataset/SVAMP.json
dataset_path=dataset/SVAMP
min_word_keep=5
min_generate_keep=5
mask_symbol=number
single=True
linear=True
language=en
train_batch_size=32
test_batch_size=32
source_equation_fix=infix
embedding_size=128
hidden_size=256
decode_hidden_size=512
learning_rate=0.001
decoder_rnn_cell_type=lstm
encoder_rnn_cell_type=lstm
teacher_force_ratio=0.83
num_layers=2
epoch_nums=100
dropout_ratio=0.3
bidirectional=True
step_size=20
rule1=False
rule2=False
share_vocab=True
attention=True
equation_fix=prefix
self_attention=True
symbol_for_tree=False
add_sos=False
add_eos=False
model=GroupATT
dataset=SVAMP
task_type=single_equation
k_fold=5
test_only=True
checkpoint_path=checkpoint/GroupATT-SVAMP-prefix.pth
trained_model_path=trained_model/GroupATT-SVAMP-prefix.pth
log_path=log/GroupATT-SVAMP-prefix.log
device=cuda
map_location=cuda
gpu_nums=1


Mon 22 Nov 2021 00:41:27 INFO start training with 5 fold cross validation.
Mon 22 Nov 2021 01:07:58 INFO random_seed=2021
use_gpu=True
max_output_len=30
gpu_id=0
test_step=5
load_best_config=False
supervising_mode=fully_supervised
rebuild=False
validset_divide=True
shuffle=False
root=/home/shubham/FINAL CS229 PROJECT/MWP-CS229
model_config_path=/home/shubham/FINAL CS229 PROJECT/MWP-CS229/mwptoolkit/config/../properties/model/GroupATT.json
best_config_path=/home/shubham/FINAL CS229 PROJECT/MWP-CS229/mwptoolkit/config/../properties/best_config/GroupATT_SVAMP.json
dataset_config_path=/home/shubham/FINAL CS229 PROJECT/MWP-CS229/mwptoolkit/config/../properties/dataset/SVAMP.json
dataset_path=dataset/SVAMP
min_word_keep=5
min_generate_keep=5
mask_symbol=number
single=True
linear=True
language=en
train_batch_size=32
test_batch_size=32
source_equation_fix=infix
embedding_size=128
hidden_size=256
decode_hidden_size=512
learning_rate=0.001
decoder_rnn_cell_type=lstm
encoder_rnn_cell_type=lstm
teacher_force_ratio=0.83
num_layers=2
epoch_nums=100
dropout_ratio=0.3
bidirectional=True
step_size=20
rule1=False
rule2=False
share_vocab=True
attention=True
equation_fix=prefix
self_attention=True
symbol_for_tree=False
add_sos=False
add_eos=False
model=GroupATT
dataset=SVAMP
task_type=single_equation
k_fold=5
checkpoint_path=checkpoint/GroupATT-SVAMP-prefix.pth
trained_model_path=trained_model/GroupATT-SVAMP-prefix.pth
log_path=log/GroupATT-SVAMP-prefix.log
device=cuda
map_location=cuda
gpu_nums=1


Mon 22 Nov 2021 01:07:58 INFO start training with 5 fold cross validation.
Mon 22 Nov 2021 01:08:00 INFO fold 0
Mon 22 Nov 2021 01:08:00 INFO start training...
Mon 22 Nov 2021 01:08:04 INFO epoch [  1] avr loss [1.55893754] | train time 0h 0m 3s
Mon 22 Nov 2021 01:08:05 INFO ---------- test total [200] | test equ acc [0.000] | test value acc [0.000] | test time 0h 0m 1s
Mon 22 Nov 2021 01:08:09 INFO epoch [  2] avr loss [1.16371067] | train time 0h 0m 3s
Mon 22 Nov 2021 01:08:13 INFO epoch [  3] avr loss [0.95969794] | train time 0h 0m 4s
Mon 22 Nov 2021 01:08:17 INFO epoch [  4] avr loss [0.95116699] | train time 0h 0m 3s
Mon 22 Nov 2021 01:08:21 INFO epoch [  5] avr loss [0.89383142] | train time 0h 0m 4s
Mon 22 Nov 2021 01:08:25 INFO epoch [  6] avr loss [0.82794094] | train time 0h 0m 4s
Mon 22 Nov 2021 01:08:27 INFO ---------- test total [200] | test equ acc [0.130] | test value acc [0.145] | test time 0h 0m 1s
Mon 22 Nov 2021 01:08:31 INFO epoch [  7] avr loss [0.76355938] | train time 0h 0m 4s
Mon 22 Nov 2021 01:08:35 INFO epoch [  8] avr loss [0.75878951] | train time 0h 0m 4s
Mon 22 Nov 2021 01:08:39 INFO epoch [  9] avr loss [0.69407305] | train time 0h 0m 4s
Mon 22 Nov 2021 01:08:44 INFO epoch [ 10] avr loss [0.63809721] | train time 0h 0m 5s
Mon 22 Nov 2021 01:08:49 INFO epoch [ 11] avr loss [0.59959016] | train time 0h 0m 4s
Mon 22 Nov 2021 01:08:51 INFO ---------- test total [200] | test equ acc [0.185] | test value acc [0.210] | test time 0h 0m 2s
Mon 22 Nov 2021 01:08:56 INFO epoch [ 12] avr loss [0.62406761] | train time 0h 0m 3s
Mon 22 Nov 2021 01:09:00 INFO epoch [ 13] avr loss [0.60100846] | train time 0h 0m 4s
Mon 22 Nov 2021 01:09:05 INFO epoch [ 14] avr loss [0.59728157] | train time 0h 0m 4s
Mon 22 Nov 2021 01:09:09 INFO epoch [ 15] avr loss [0.56196671] | train time 0h 0m 4s
Mon 22 Nov 2021 01:09:14 INFO epoch [ 16] avr loss [0.58669322] | train time 0h 0m 4s
Mon 22 Nov 2021 01:09:15 INFO ---------- test total [200] | test equ acc [0.170] | test value acc [0.195] | test time 0h 0m 1s
Mon 22 Nov 2021 01:09:20 INFO epoch [ 17] avr loss [0.52546542] | train time 0h 0m 4s
Mon 22 Nov 2021 01:09:25 INFO epoch [ 18] avr loss [0.55461225] | train time 0h 0m 4s
Mon 22 Nov 2021 01:09:30 INFO epoch [ 19] avr loss [0.51927040] | train time 0h 0m 5s
Mon 22 Nov 2021 01:09:35 INFO epoch [ 20] avr loss [0.46630360] | train time 0h 0m 4s
Mon 22 Nov 2021 01:09:39 INFO epoch [ 21] avr loss [0.51741874] | train time 0h 0m 4s
Mon 22 Nov 2021 01:09:41 INFO ---------- test total [200] | test equ acc [0.230] | test value acc [0.270] | test time 0h 0m 1s
Mon 22 Nov 2021 01:09:46 INFO epoch [ 22] avr loss [0.46911148] | train time 0h 0m 4s
Mon 22 Nov 2021 01:09:51 INFO epoch [ 23] avr loss [0.44654984] | train time 0h 0m 5s
Mon 22 Nov 2021 01:10:16 INFO random_seed=2021
use_gpu=True
max_output_len=30
gpu_id=0
test_step=5
load_best_config=False
supervising_mode=fully_supervised
rebuild=False
validset_divide=True
shuffle=False
root=/home/shubham/FINAL CS229 PROJECT/MWP-CS229
model_config_path=/home/shubham/FINAL CS229 PROJECT/MWP-CS229/mwptoolkit/config/../properties/model/GroupATT.json
best_config_path=/home/shubham/FINAL CS229 PROJECT/MWP-CS229/mwptoolkit/config/../properties/best_config/GroupATT_SVAMP.json
dataset_config_path=/home/shubham/FINAL CS229 PROJECT/MWP-CS229/mwptoolkit/config/../properties/dataset/SVAMP.json
dataset_path=dataset/SVAMP
min_word_keep=5
min_generate_keep=5
mask_symbol=number
single=True
linear=True
language=en
train_batch_size=32
test_batch_size=32
source_equation_fix=infix
embedding_size=128
hidden_size=256
decode_hidden_size=512
learning_rate=0.001
decoder_rnn_cell_type=lstm
encoder_rnn_cell_type=lstm
teacher_force_ratio=0.83
num_layers=2
epoch_nums=100
dropout_ratio=0.3
bidirectional=True
step_size=20
rule1=False
rule2=False
share_vocab=True
attention=True
equation_fix=prefix
self_attention=True
symbol_for_tree=False
add_sos=False
add_eos=False
model=GroupATT
dataset=SVAMP
task_type=single_equation
k_fold=5
test_only=True
checkpoint_path=checkpoint/GroupATT-SVAMP-prefix.pth
trained_model_path=trained_model/GroupATT-SVAMP-prefix.pth
log_path=log/GroupATT-SVAMP-prefix.log
device=cuda
map_location=cuda
gpu_nums=1


Mon 22 Nov 2021 01:10:16 INFO start training with 5 fold cross validation.
Mon 22 Nov 2021 01:10:19 INFO fold 0
Mon 22 Nov 2021 01:10:20 INFO test total [200] | test equ acc [0.230] | test value acc [0.270] | test time 0h 0m 1s
Mon 22 Nov 2021 01:10:20 INFO fold 1
Mon 22 Nov 2021 01:10:22 INFO test total [200] | test equ acc [0.250] | test value acc [0.275] | test time 0h 0m 1s
Mon 22 Nov 2021 01:10:22 INFO fold 2
Mon 22 Nov 2021 01:10:23 INFO test total [200] | test equ acc [0.225] | test value acc [0.265] | test time 0h 0m 1s
Mon 22 Nov 2021 01:10:24 INFO fold 3
Mon 22 Nov 2021 01:10:25 INFO test total [200] | test equ acc [0.215] | test value acc [0.250] | test time 0h 0m 1s
Mon 22 Nov 2021 01:10:26 INFO fold 4
Mon 22 Nov 2021 01:10:27 INFO test total [200] | test equ acc [0.280] | test value acc [0.305] | test time 0h 0m 1s
Mon 22 Nov 2021 01:10:27 INFO 5 fold cross validation finished.
Mon 22 Nov 2021 01:10:27 INFO fold  4 : test equ accuracy [0.280] | test value accuracy [0.305]
Mon 22 Nov 2021 01:10:27 INFO fold  1 : test equ accuracy [0.250] | test value accuracy [0.275]
Mon 22 Nov 2021 01:10:27 INFO fold  0 : test equ accuracy [0.230] | test value accuracy [0.270]
Mon 22 Nov 2021 01:10:27 INFO fold  2 : test equ accuracy [0.225] | test value accuracy [0.265]
Mon 22 Nov 2021 01:10:27 INFO fold  3 : test equ accuracy [0.215] | test value accuracy [0.250]
Mon 22 Nov 2021 01:10:27 INFO folds avr : test equ accuracy [0.240] | test value accuracy [0.273]
Mon 29 Nov 2021 18:15:35 INFO random_seed=2021
use_gpu=True
max_output_len=30
gpu_id=0
test_step=5
load_best_config=False
supervising_mode=fully_supervised
rebuild=False
validset_divide=True
shuffle=False
root=/home/shubham/FINAL CS229 PROJECT/MWP-CS229
model_config_path=/home/shubham/FINAL CS229 PROJECT/MWP-CS229/mwptoolkit/config/../properties/model/GroupATT.json
best_config_path=/home/shubham/FINAL CS229 PROJECT/MWP-CS229/mwptoolkit/config/../properties/best_config/GroupATT_SVAMP.json
dataset_config_path=/home/shubham/FINAL CS229 PROJECT/MWP-CS229/mwptoolkit/config/../properties/dataset/SVAMP.json
dataset_path=dataset/SVAMP
min_word_keep=5
min_generate_keep=5
mask_symbol=number
single=True
linear=True
language=en
train_batch_size=32
test_batch_size=32
source_equation_fix=infix
embedding_size=128
hidden_size=256
decode_hidden_size=512
learning_rate=0.001
decoder_rnn_cell_type=lstm
encoder_rnn_cell_type=lstm
teacher_force_ratio=0.83
num_layers=2
epoch_nums=100
dropout_ratio=0.3
bidirectional=True
step_size=20
rule1=False
rule2=False
share_vocab=True
attention=True
equation_fix=prefix
self_attention=True
symbol_for_tree=False
add_sos=False
add_eos=False
model=GroupATT
dataset=SVAMP
task_type=single_equation
k_fold=5
test_only=True
checkpoint_path=checkpoint/GroupATT-SVAMP-prefix.pth
trained_model_path=trained_model/GroupATT-SVAMP-prefix.pth
log_path=log/GroupATT-SVAMP-prefix.log
device=cuda
map_location=cuda
gpu_nums=1


Mon 29 Nov 2021 18:15:35 INFO start training with 5 fold cross validation.
Mon 29 Nov 2021 18:15:37 INFO fold 0
Mon 29 Nov 2021 18:15:38 INFO test total [200] | test equ acc [0.230] | test value acc [0.270] | test time 0h 0m 1s
Mon 29 Nov 2021 18:15:38 INFO fold 1
Mon 29 Nov 2021 18:15:39 INFO test total [200] | test equ acc [0.250] | test value acc [0.275] | test time 0h 0m 0s
Mon 29 Nov 2021 18:15:40 INFO fold 2
Mon 29 Nov 2021 18:15:41 INFO test total [200] | test equ acc [0.225] | test value acc [0.265] | test time 0h 0m 1s
Mon 29 Nov 2021 18:15:42 INFO fold 3
Mon 29 Nov 2021 18:15:43 INFO test total [200] | test equ acc [0.215] | test value acc [0.250] | test time 0h 0m 1s
Mon 29 Nov 2021 18:15:43 INFO fold 4
Mon 29 Nov 2021 18:15:44 INFO test total [200] | test equ acc [0.280] | test value acc [0.305] | test time 0h 0m 1s
Mon 29 Nov 2021 18:15:44 INFO 5 fold cross validation finished.
Mon 29 Nov 2021 18:15:44 INFO fold  4 : test equ accuracy [0.280] | test value accuracy [0.305]
Mon 29 Nov 2021 18:15:44 INFO fold  1 : test equ accuracy [0.250] | test value accuracy [0.275]
Mon 29 Nov 2021 18:15:44 INFO fold  0 : test equ accuracy [0.230] | test value accuracy [0.270]
Mon 29 Nov 2021 18:15:44 INFO fold  2 : test equ accuracy [0.225] | test value accuracy [0.265]
Mon 29 Nov 2021 18:15:44 INFO fold  3 : test equ accuracy [0.215] | test value accuracy [0.250]
Mon 29 Nov 2021 18:15:44 INFO folds avr : test equ accuracy [0.240] | test value accuracy [0.273]
Mon 29 Nov 2021 18:16:15 INFO random_seed=2021
use_gpu=True
max_output_len=30
gpu_id=0
test_step=5
load_best_config=False
supervising_mode=fully_supervised
rebuild=False
validset_divide=True
shuffle=False
root=/home/shubham/FINAL CS229 PROJECT/MWP-CS229
model_config_path=/home/shubham/FINAL CS229 PROJECT/MWP-CS229/mwptoolkit/config/../properties/model/GroupATT.json
best_config_path=/home/shubham/FINAL CS229 PROJECT/MWP-CS229/mwptoolkit/config/../properties/best_config/GroupATT_SVAMP.json
dataset_config_path=/home/shubham/FINAL CS229 PROJECT/MWP-CS229/mwptoolkit/config/../properties/dataset/SVAMP.json
dataset_path=dataset/SVAMP
min_word_keep=5
min_generate_keep=5
mask_symbol=number
single=True
linear=True
language=en
train_batch_size=32
test_batch_size=32
source_equation_fix=infix
embedding_size=128
hidden_size=256
decode_hidden_size=512
learning_rate=0.001
decoder_rnn_cell_type=lstm
encoder_rnn_cell_type=lstm
teacher_force_ratio=0.83
num_layers=2
epoch_nums=100
dropout_ratio=0.3
bidirectional=True
step_size=20
rule1=False
rule2=False
share_vocab=True
attention=True
equation_fix=prefix
self_attention=True
symbol_for_tree=False
add_sos=False
add_eos=False
model=GroupATT
dataset=SVAMP
task_type=single_equation
k_fold=5
test_only=True
checkpoint_path=checkpoint/GroupATT-SVAMP-prefix.pth
trained_model_path=trained_model/GroupATT-SVAMP-prefix.pth
log_path=log/GroupATT-SVAMP-prefix.log
device=cuda
map_location=cuda
gpu_nums=1


Mon 29 Nov 2021 18:16:15 INFO start training with 5 fold cross validation.
Mon 29 Nov 2021 18:16:17 INFO fold 0
Mon 29 Nov 2021 18:16:22 INFO random_seed=2021
use_gpu=True
max_output_len=30
gpu_id=0
test_step=5
load_best_config=False
supervising_mode=fully_supervised
rebuild=False
validset_divide=True
shuffle=False
root=/home/shubham/FINAL CS229 PROJECT/MWP-CS229
model_config_path=/home/shubham/FINAL CS229 PROJECT/MWP-CS229/mwptoolkit/config/../properties/model/GroupATT.json
best_config_path=/home/shubham/FINAL CS229 PROJECT/MWP-CS229/mwptoolkit/config/../properties/best_config/GroupATT_SVAMP.json
dataset_config_path=/home/shubham/FINAL CS229 PROJECT/MWP-CS229/mwptoolkit/config/../properties/dataset/SVAMP.json
dataset_path=dataset/SVAMP
min_word_keep=5
min_generate_keep=5
mask_symbol=number
single=True
linear=True
language=en
train_batch_size=32
test_batch_size=32
source_equation_fix=infix
embedding_size=128
hidden_size=256
decode_hidden_size=512
learning_rate=0.001
decoder_rnn_cell_type=lstm
encoder_rnn_cell_type=lstm
teacher_force_ratio=0.83
num_layers=2
epoch_nums=100
dropout_ratio=0.3
bidirectional=True
step_size=20
rule1=False
rule2=False
share_vocab=True
attention=True
equation_fix=prefix
self_attention=True
symbol_for_tree=False
add_sos=False
add_eos=False
model=GroupATT
dataset=SVAMP
task_type=single_equation
k_fold=5
test_only=True
checkpoint_path=checkpoint/GroupATT-SVAMP-prefix.pth
trained_model_path=trained_model/GroupATT-SVAMP-prefix.pth
log_path=log/GroupATT-SVAMP-prefix.log
device=cuda
map_location=cuda
gpu_nums=1


Mon 29 Nov 2021 18:16:22 INFO start training with 5 fold cross validation.
Mon 29 Nov 2021 18:16:25 INFO fold 0
Mon 29 Nov 2021 18:16:35 INFO random_seed=2021
use_gpu=True
max_output_len=30
gpu_id=0
test_step=5
load_best_config=False
supervising_mode=fully_supervised
rebuild=False
validset_divide=True
shuffle=False
root=/home/shubham/FINAL CS229 PROJECT/MWP-CS229
model_config_path=/home/shubham/FINAL CS229 PROJECT/MWP-CS229/mwptoolkit/config/../properties/model/GroupATT.json
best_config_path=/home/shubham/FINAL CS229 PROJECT/MWP-CS229/mwptoolkit/config/../properties/best_config/GroupATT_SVAMP.json
dataset_config_path=/home/shubham/FINAL CS229 PROJECT/MWP-CS229/mwptoolkit/config/../properties/dataset/SVAMP.json
dataset_path=dataset/SVAMP
min_word_keep=5
min_generate_keep=5
mask_symbol=number
single=True
linear=True
language=en
train_batch_size=32
test_batch_size=32
source_equation_fix=infix
embedding_size=128
hidden_size=256
decode_hidden_size=512
learning_rate=0.001
decoder_rnn_cell_type=lstm
encoder_rnn_cell_type=lstm
teacher_force_ratio=0.83
num_layers=2
epoch_nums=100
dropout_ratio=0.3
bidirectional=True
step_size=20
rule1=False
rule2=False
share_vocab=True
attention=True
equation_fix=prefix
self_attention=True
symbol_for_tree=False
add_sos=False
add_eos=False
model=GroupATT
dataset=SVAMP
task_type=single_equation
k_fold=5
test_only=True
test_question_output=False
checkpoint_path=checkpoint/GroupATT-SVAMP-prefix.pth
trained_model_path=trained_model/GroupATT-SVAMP-prefix.pth
log_path=log/GroupATT-SVAMP-prefix.log
device=cuda
map_location=cuda
gpu_nums=1


Mon 29 Nov 2021 18:16:35 INFO start training with 5 fold cross validation.
Mon 29 Nov 2021 18:16:37 INFO fold 0
Mon 29 Nov 2021 18:16:39 INFO test total [200] | test equ acc [0.230] | test value acc [0.270] | test time 0h 0m 1s
Mon 29 Nov 2021 18:16:39 INFO fold 1
Mon 29 Nov 2021 18:16:40 INFO test total [200] | test equ acc [0.250] | test value acc [0.275] | test time 0h 0m 1s
Mon 29 Nov 2021 18:16:41 INFO fold 2
Mon 29 Nov 2021 18:16:42 INFO test total [200] | test equ acc [0.225] | test value acc [0.265] | test time 0h 0m 1s
Mon 29 Nov 2021 18:16:42 INFO fold 3
Mon 29 Nov 2021 18:17:08 INFO random_seed=2021
use_gpu=True
max_output_len=30
gpu_id=0
test_step=5
load_best_config=False
supervising_mode=fully_supervised
rebuild=False
validset_divide=True
shuffle=False
root=/home/shubham/FINAL CS229 PROJECT/MWP-CS229
model_config_path=/home/shubham/FINAL CS229 PROJECT/MWP-CS229/mwptoolkit/config/../properties/model/GroupATT.json
best_config_path=/home/shubham/FINAL CS229 PROJECT/MWP-CS229/mwptoolkit/config/../properties/best_config/GroupATT_SVAMP.json
dataset_config_path=/home/shubham/FINAL CS229 PROJECT/MWP-CS229/mwptoolkit/config/../properties/dataset/SVAMP.json
dataset_path=dataset/SVAMP
min_word_keep=5
min_generate_keep=5
mask_symbol=number
single=True
linear=True
language=en
train_batch_size=32
test_batch_size=32
source_equation_fix=infix
embedding_size=128
hidden_size=256
decode_hidden_size=512
learning_rate=0.001
decoder_rnn_cell_type=lstm
encoder_rnn_cell_type=lstm
teacher_force_ratio=0.83
num_layers=2
epoch_nums=100
dropout_ratio=0.3
bidirectional=True
step_size=20
rule1=False
rule2=False
share_vocab=True
attention=True
equation_fix=prefix
self_attention=True
symbol_for_tree=False
add_sos=False
add_eos=False
model=GroupATT
dataset=SVAMP
task_type=single_equation
k_fold=5
test_only=True
test_question_output=False
checkpoint_path=checkpoint/GroupATT-SVAMP-prefix.pth
trained_model_path=trained_model/GroupATT-SVAMP-prefix.pth
log_path=log/GroupATT-SVAMP-prefix.log
device=cuda
map_location=cuda
gpu_nums=1


Mon 29 Nov 2021 18:17:08 INFO start training with 5 fold cross validation.
Mon 29 Nov 2021 18:17:10 INFO fold 0
Mon 29 Nov 2021 18:17:11 INFO test total [200] | test equ acc [0.230] | test value acc [0.270] | test time 0h 0m 1s
Mon 29 Nov 2021 18:17:11 INFO fold 1
Mon 29 Nov 2021 18:17:12 INFO test total [200] | test equ acc [0.250] | test value acc [0.275] | test time 0h 0m 1s
Mon 29 Nov 2021 18:17:13 INFO fold 2
Mon 29 Nov 2021 18:17:19 INFO random_seed=2021
use_gpu=True
max_output_len=30
gpu_id=0
test_step=5
load_best_config=False
supervising_mode=fully_supervised
rebuild=False
validset_divide=True
shuffle=False
root=/home/shubham/FINAL CS229 PROJECT/MWP-CS229
model_config_path=/home/shubham/FINAL CS229 PROJECT/MWP-CS229/mwptoolkit/config/../properties/model/GroupATT.json
best_config_path=/home/shubham/FINAL CS229 PROJECT/MWP-CS229/mwptoolkit/config/../properties/best_config/GroupATT_SVAMP.json
dataset_config_path=/home/shubham/FINAL CS229 PROJECT/MWP-CS229/mwptoolkit/config/../properties/dataset/SVAMP.json
dataset_path=dataset/SVAMP
min_word_keep=5
min_generate_keep=5
mask_symbol=number
single=True
linear=True
language=en
train_batch_size=32
test_batch_size=32
source_equation_fix=infix
embedding_size=128
hidden_size=256
decode_hidden_size=512
learning_rate=0.001
decoder_rnn_cell_type=lstm
encoder_rnn_cell_type=lstm
teacher_force_ratio=0.83
num_layers=2
epoch_nums=100
dropout_ratio=0.3
bidirectional=True
step_size=20
rule1=False
rule2=False
share_vocab=True
attention=True
equation_fix=prefix
self_attention=True
symbol_for_tree=False
add_sos=False
add_eos=False
model=GroupATT
dataset=SVAMP
task_type=single_equation
k_fold=5
test_only=True
checkpoint_path=checkpoint/GroupATT-SVAMP-prefix.pth
trained_model_path=trained_model/GroupATT-SVAMP-prefix.pth
log_path=log/GroupATT-SVAMP-prefix.log
device=cuda
map_location=cuda
gpu_nums=1


Mon 29 Nov 2021 18:17:19 INFO start training with 5 fold cross validation.
Mon 29 Nov 2021 18:17:22 INFO fold 0
Mon 29 Nov 2021 18:17:23 INFO test total [200] | test equ acc [0.230] | test value acc [0.270] | test time 0h 0m 1s
Mon 29 Nov 2021 18:17:23 INFO fold 1
Mon 29 Nov 2021 18:17:24 INFO test total [200] | test equ acc [0.250] | test value acc [0.275] | test time 0h 0m 1s
Mon 29 Nov 2021 18:17:25 INFO fold 2
Mon 29 Nov 2021 18:17:26 INFO test total [200] | test equ acc [0.225] | test value acc [0.265] | test time 0h 0m 1s
Mon 29 Nov 2021 18:17:32 INFO random_seed=2021
use_gpu=True
max_output_len=30
gpu_id=0
test_step=5
load_best_config=False
supervising_mode=fully_supervised
rebuild=False
validset_divide=True
shuffle=False
root=/home/shubham/FINAL CS229 PROJECT/MWP-CS229
model_config_path=/home/shubham/FINAL CS229 PROJECT/MWP-CS229/mwptoolkit/config/../properties/model/GroupATT.json
best_config_path=/home/shubham/FINAL CS229 PROJECT/MWP-CS229/mwptoolkit/config/../properties/best_config/GroupATT_SVAMP.json
dataset_config_path=/home/shubham/FINAL CS229 PROJECT/MWP-CS229/mwptoolkit/config/../properties/dataset/SVAMP.json
dataset_path=dataset/SVAMP
min_word_keep=5
min_generate_keep=5
mask_symbol=number
single=True
linear=True
language=en
train_batch_size=32
test_batch_size=32
source_equation_fix=infix
embedding_size=128
hidden_size=256
decode_hidden_size=512
learning_rate=0.001
decoder_rnn_cell_type=lstm
encoder_rnn_cell_type=lstm
teacher_force_ratio=0.83
num_layers=2
epoch_nums=100
dropout_ratio=0.3
bidirectional=True
step_size=20
rule1=False
rule2=False
share_vocab=True
attention=True
equation_fix=prefix
self_attention=True
symbol_for_tree=False
add_sos=False
add_eos=False
model=GroupATT
dataset=SVAMP
task_type=single_equation
k_fold=5
test_only=True
test_question_output=True
checkpoint_path=checkpoint/GroupATT-SVAMP-prefix.pth
trained_model_path=trained_model/GroupATT-SVAMP-prefix.pth
log_path=log/GroupATT-SVAMP-prefix.log
device=cuda
map_location=cuda
gpu_nums=1


Mon 29 Nov 2021 18:17:32 INFO start training with 5 fold cross validation.
Mon 29 Nov 2021 18:17:34 INFO fold 0
Mon 29 Nov 2021 18:17:35 INFO test total [200] | test equ acc [0.230] | test value acc [0.270] | test time 0h 0m 1s
Mon 29 Nov 2021 18:17:36 INFO fold 1
Mon 29 Nov 2021 18:17:37 INFO test total [200] | test equ acc [0.250] | test value acc [0.275] | test time 0h 0m 1s
Mon 29 Nov 2021 18:17:38 INFO fold 2
Mon 29 Nov 2021 18:17:49 INFO random_seed=2021
use_gpu=True
max_output_len=30
gpu_id=0
test_step=5
load_best_config=False
supervising_mode=fully_supervised
rebuild=False
validset_divide=True
shuffle=False
root=/home/shubham/FINAL CS229 PROJECT/MWP-CS229
model_config_path=/home/shubham/FINAL CS229 PROJECT/MWP-CS229/mwptoolkit/config/../properties/model/GroupATT.json
best_config_path=/home/shubham/FINAL CS229 PROJECT/MWP-CS229/mwptoolkit/config/../properties/best_config/GroupATT_SVAMP.json
dataset_config_path=/home/shubham/FINAL CS229 PROJECT/MWP-CS229/mwptoolkit/config/../properties/dataset/SVAMP.json
dataset_path=dataset/SVAMP
min_word_keep=5
min_generate_keep=5
mask_symbol=number
single=True
linear=True
language=en
train_batch_size=32
test_batch_size=32
source_equation_fix=infix
embedding_size=128
hidden_size=256
decode_hidden_size=512
learning_rate=0.001
decoder_rnn_cell_type=lstm
encoder_rnn_cell_type=lstm
teacher_force_ratio=0.83
num_layers=2
epoch_nums=100
dropout_ratio=0.3
bidirectional=True
step_size=20
rule1=False
rule2=False
share_vocab=True
attention=True
equation_fix=prefix
self_attention=True
symbol_for_tree=False
add_sos=False
add_eos=False
model=GroupATT
dataset=SVAMP
task_type=single_equation
k_fold=5
test_only=True
test_question_output=True
checkpoint_path=checkpoint/GroupATT-SVAMP-prefix.pth
trained_model_path=trained_model/GroupATT-SVAMP-prefix.pth
log_path=log/GroupATT-SVAMP-prefix.log
device=cuda
map_location=cuda
gpu_nums=1


Mon 29 Nov 2021 18:17:49 INFO start training with 5 fold cross validation.
Mon 29 Nov 2021 18:17:52 INFO fold 0
Mon 29 Nov 2021 18:17:53 INFO test total [200] | test equ acc [0.230] | test value acc [0.270] | test time 0h 0m 1s
Mon 29 Nov 2021 18:17:57 INFO random_seed=2021
use_gpu=True
max_output_len=30
gpu_id=0
test_step=5
load_best_config=False
supervising_mode=fully_supervised
rebuild=False
validset_divide=True
shuffle=False
root=/home/shubham/FINAL CS229 PROJECT/MWP-CS229
model_config_path=/home/shubham/FINAL CS229 PROJECT/MWP-CS229/mwptoolkit/config/../properties/model/GroupATT.json
best_config_path=/home/shubham/FINAL CS229 PROJECT/MWP-CS229/mwptoolkit/config/../properties/best_config/GroupATT_SVAMP.json
dataset_config_path=/home/shubham/FINAL CS229 PROJECT/MWP-CS229/mwptoolkit/config/../properties/dataset/SVAMP.json
dataset_path=dataset/SVAMP
min_word_keep=5
min_generate_keep=5
mask_symbol=number
single=True
linear=True
language=en
train_batch_size=32
test_batch_size=32
source_equation_fix=infix
embedding_size=128
hidden_size=256
decode_hidden_size=512
learning_rate=0.001
decoder_rnn_cell_type=lstm
encoder_rnn_cell_type=lstm
teacher_force_ratio=0.83
num_layers=2
epoch_nums=100
dropout_ratio=0.3
bidirectional=True
step_size=20
rule1=False
rule2=False
share_vocab=True
attention=True
equation_fix=prefix
self_attention=True
symbol_for_tree=False
add_sos=False
add_eos=False
model=GroupATT
dataset=SVAMP
task_type=single_equation
k_fold=5
test_only=True
test_question_output=False
checkpoint_path=checkpoint/GroupATT-SVAMP-prefix.pth
trained_model_path=trained_model/GroupATT-SVAMP-prefix.pth
log_path=log/GroupATT-SVAMP-prefix.log
device=cuda
map_location=cuda
gpu_nums=1


Mon 29 Nov 2021 18:17:57 INFO start training with 5 fold cross validation.
Mon 29 Nov 2021 18:17:59 INFO fold 0
Mon 29 Nov 2021 18:18:01 INFO test total [200] | test equ acc [0.230] | test value acc [0.270] | test time 0h 0m 1s
Mon 29 Nov 2021 18:18:01 INFO fold 1
Mon 29 Nov 2021 18:18:02 INFO test total [200] | test equ acc [0.250] | test value acc [0.275] | test time 0h 0m 1s
Mon 29 Nov 2021 18:18:03 INFO fold 2
Mon 29 Nov 2021 18:18:04 INFO test total [200] | test equ acc [0.225] | test value acc [0.265] | test time 0h 0m 1s
Mon 29 Nov 2021 18:18:04 INFO fold 3
