Thu 25 Nov 2021 23:47:04 INFO random_seed=2021
use_gpu=True
max_output_len=30
gpu_id=0
test_step=5
load_best_config=False
supervising_mode=fully_supervised
rebuild=False
validset_divide=True
shuffle=False
root=/home/shubham/FINAL CS229 PROJECT/MWP-CS229
model_config_path=/home/shubham/FINAL CS229 PROJECT/MWP-CS229/mwptoolkit/config/../properties/model/GroupATT.json
best_config_path=/home/shubham/FINAL CS229 PROJECT/MWP-CS229/mwptoolkit/config/../properties/best_config/GroupATT_new_dataset.json
dataset_config_path=/home/shubham/FINAL CS229 PROJECT/MWP-CS229/mwptoolkit/config/../properties/dataset/new_dataset.json
dataset_path=dataset/new_dataset
min_word_keep=5
min_generate_keep=5
mask_symbol=number
single=True
linear=True
language=en
train_batch_size=32
test_batch_size=32
source_equation_fix=infix
embedding_size=128
hidden_size=256
decode_hidden_size=512
learning_rate=0.001
decoder_rnn_cell_type=lstm
encoder_rnn_cell_type=lstm
teacher_force_ratio=0.83
num_layers=2
epoch_nums=100
dropout_ratio=0.3
bidirectional=True
step_size=20
rule1=False
rule2=False
share_vocab=True
attention=True
equation_fix=prefix
self_attention=True
symbol_for_tree=False
add_sos=False
add_eos=False
model=GroupATT
dataset=new_dataset
task_type=single_equation
k_fold=5
test_only=True
checkpoint_path=checkpoint/GroupATT-new_dataset-prefix.pth
trained_model_path=trained_model/GroupATT-new_dataset-prefix.pth
log_path=log/GroupATT-new_dataset-prefix.log
device=cuda
map_location=cuda
gpu_nums=1


Thu 25 Nov 2021 23:47:04 INFO start training with 5 fold cross validation.
Thu 25 Nov 2021 23:48:55 INFO random_seed=2021
use_gpu=True
max_output_len=30
gpu_id=0
test_step=5
load_best_config=False
supervising_mode=fully_supervised
rebuild=False
validset_divide=True
shuffle=False
root=/home/shubham/FINAL CS229 PROJECT/MWP-CS229
model_config_path=/home/shubham/FINAL CS229 PROJECT/MWP-CS229/mwptoolkit/config/../properties/model/GroupATT.json
best_config_path=/home/shubham/FINAL CS229 PROJECT/MWP-CS229/mwptoolkit/config/../properties/best_config/GroupATT_new_dataset.json
dataset_config_path=/home/shubham/FINAL CS229 PROJECT/MWP-CS229/mwptoolkit/config/../properties/dataset/new_dataset.json
dataset_path=dataset/new_dataset
min_word_keep=5
min_generate_keep=5
mask_symbol=number
single=True
linear=True
language=en
train_batch_size=32
test_batch_size=32
source_equation_fix=infix
embedding_size=128
hidden_size=256
decode_hidden_size=512
learning_rate=0.001
decoder_rnn_cell_type=lstm
encoder_rnn_cell_type=lstm
teacher_force_ratio=0.83
num_layers=2
epoch_nums=100
dropout_ratio=0.3
bidirectional=True
step_size=20
rule1=False
rule2=False
share_vocab=True
attention=True
equation_fix=prefix
self_attention=True
symbol_for_tree=False
add_sos=False
add_eos=False
model=GroupATT
dataset=new_dataset
task_type=single_equation
k_fold=5
test_only=True
checkpoint_path=checkpoint/GroupATT-new_dataset-prefix.pth
trained_model_path=trained_model/GroupATT-new_dataset-prefix.pth
log_path=log/GroupATT-new_dataset-prefix.log
device=cuda
map_location=cuda
gpu_nums=1


Thu 25 Nov 2021 23:48:55 INFO start training with 5 fold cross validation.
Thu 25 Nov 2021 23:48:58 INFO fold 0
Thu 25 Nov 2021 23:49:06 INFO random_seed=2021
use_gpu=True
max_output_len=30
gpu_id=0
test_step=5
load_best_config=False
supervising_mode=fully_supervised
rebuild=False
validset_divide=True
shuffle=False
root=/home/shubham/FINAL CS229 PROJECT/MWP-CS229
model_config_path=/home/shubham/FINAL CS229 PROJECT/MWP-CS229/mwptoolkit/config/../properties/model/GroupATT.json
best_config_path=/home/shubham/FINAL CS229 PROJECT/MWP-CS229/mwptoolkit/config/../properties/best_config/GroupATT_new_dataset.json
dataset_config_path=/home/shubham/FINAL CS229 PROJECT/MWP-CS229/mwptoolkit/config/../properties/dataset/new_dataset.json
dataset_path=dataset/new_dataset
min_word_keep=5
min_generate_keep=5
mask_symbol=number
single=True
linear=True
language=en
train_batch_size=32
test_batch_size=32
source_equation_fix=infix
embedding_size=128
hidden_size=256
decode_hidden_size=512
learning_rate=0.001
decoder_rnn_cell_type=lstm
encoder_rnn_cell_type=lstm
teacher_force_ratio=0.83
num_layers=2
epoch_nums=100
dropout_ratio=0.3
bidirectional=True
step_size=20
rule1=False
rule2=False
share_vocab=True
attention=True
equation_fix=prefix
self_attention=True
symbol_for_tree=False
add_sos=False
add_eos=False
model=GroupATT
dataset=new_dataset
task_type=single_equation
k_fold=5
checkpoint_path=checkpoint/GroupATT-new_dataset-prefix.pth
trained_model_path=trained_model/GroupATT-new_dataset-prefix.pth
log_path=log/GroupATT-new_dataset-prefix.log
device=cuda
map_location=cuda
gpu_nums=1


Thu 25 Nov 2021 23:49:06 INFO start training with 5 fold cross validation.
Thu 25 Nov 2021 23:49:09 INFO fold 0
Thu 25 Nov 2021 23:49:09 INFO start training...
Thu 25 Nov 2021 23:50:02 INFO random_seed=2021
use_gpu=True
max_output_len=30
gpu_id=0
test_step=5
load_best_config=False
supervising_mode=fully_supervised
rebuild=False
validset_divide=True
shuffle=False
root=/home/shubham/FINAL CS229 PROJECT/MWP-CS229
model_config_path=/home/shubham/FINAL CS229 PROJECT/MWP-CS229/mwptoolkit/config/../properties/model/GroupATT.json
best_config_path=/home/shubham/FINAL CS229 PROJECT/MWP-CS229/mwptoolkit/config/../properties/best_config/GroupATT_new_dataset.json
dataset_config_path=/home/shubham/FINAL CS229 PROJECT/MWP-CS229/mwptoolkit/config/../properties/dataset/new_dataset.json
dataset_path=dataset/new_dataset
min_word_keep=5
min_generate_keep=5
mask_symbol=number
single=True
linear=True
language=en
train_batch_size=32
test_batch_size=32
source_equation_fix=infix
embedding_size=128
hidden_size=256
decode_hidden_size=512
learning_rate=0.001
decoder_rnn_cell_type=lstm
encoder_rnn_cell_type=lstm
teacher_force_ratio=0.83
num_layers=2
epoch_nums=100
dropout_ratio=0.3
bidirectional=True
step_size=20
rule1=False
rule2=False
share_vocab=True
attention=True
equation_fix=prefix
self_attention=True
symbol_for_tree=False
add_sos=False
add_eos=False
model=GroupATT
dataset=new_dataset
task_type=single_equation
k_fold=5
checkpoint_path=checkpoint/GroupATT-new_dataset-prefix.pth
trained_model_path=trained_model/GroupATT-new_dataset-prefix.pth
log_path=log/GroupATT-new_dataset-prefix.log
device=cuda
map_location=cuda
gpu_nums=1


Thu 25 Nov 2021 23:50:02 INFO start training with 5 fold cross validation.
Thu 25 Nov 2021 23:50:04 INFO fold 0
Thu 25 Nov 2021 23:50:04 INFO start training...
Thu 25 Nov 2021 23:50:07 INFO epoch [  1] avr loss [1.56279144] | train time 0h 0m 3s
Thu 25 Nov 2021 23:50:08 INFO ---------- test total [240] | test equ acc [0.000] | test value acc [0.004] | test time 0h 0m 1s
Thu 25 Nov 2021 23:50:12 INFO epoch [  2] avr loss [1.12755318] | train time 0h 0m 3s
Thu 25 Nov 2021 23:50:16 INFO epoch [  3] avr loss [0.97407894] | train time 0h 0m 3s
Thu 25 Nov 2021 23:50:19 INFO epoch [  4] avr loss [0.81531610] | train time 0h 0m 3s
Thu 25 Nov 2021 23:50:23 INFO epoch [  5] avr loss [0.73225888] | train time 0h 0m 3s
Thu 25 Nov 2021 23:50:27 INFO epoch [  6] avr loss [0.73371069] | train time 0h 0m 3s
Thu 25 Nov 2021 23:50:28 INFO ---------- test total [240] | test equ acc [0.058] | test value acc [0.058] | test time 0h 0m 1s
Thu 25 Nov 2021 23:50:32 INFO epoch [  7] avr loss [0.59324413] | train time 0h 0m 3s
Thu 25 Nov 2021 23:50:36 INFO epoch [  8] avr loss [0.54682667] | train time 0h 0m 3s
Thu 25 Nov 2021 23:50:40 INFO epoch [  9] avr loss [0.45195425] | train time 0h 0m 3s
Thu 25 Nov 2021 23:50:43 INFO epoch [ 10] avr loss [0.40351903] | train time 0h 0m 3s
Thu 25 Nov 2021 23:50:48 INFO epoch [ 11] avr loss [0.33334822] | train time 0h 0m 4s
Thu 25 Nov 2021 23:50:50 INFO ---------- test total [240] | test equ acc [0.321] | test value acc [0.362] | test time 0h 0m 1s
Thu 25 Nov 2021 23:50:54 INFO epoch [ 12] avr loss [0.39358618] | train time 0h 0m 3s
Thu 25 Nov 2021 23:50:57 INFO epoch [ 13] avr loss [0.37276973] | train time 0h 0m 3s
Thu 25 Nov 2021 23:51:01 INFO epoch [ 14] avr loss [0.32789166] | train time 0h 0m 3s
Thu 25 Nov 2021 23:51:05 INFO epoch [ 15] avr loss [0.29884727] | train time 0h 0m 3s
Thu 25 Nov 2021 23:51:09 INFO epoch [ 16] avr loss [0.27689074] | train time 0h 0m 3s
Thu 25 Nov 2021 23:51:10 INFO ---------- test total [240] | test equ acc [0.404] | test value acc [0.458] | test time 0h 0m 1s
Thu 25 Nov 2021 23:51:15 INFO epoch [ 17] avr loss [0.30372911] | train time 0h 0m 3s
Thu 25 Nov 2021 23:51:19 INFO epoch [ 18] avr loss [0.28774808] | train time 0h 0m 3s
Thu 25 Nov 2021 23:51:22 INFO epoch [ 19] avr loss [0.21902738] | train time 0h 0m 3s
Thu 25 Nov 2021 23:51:26 INFO epoch [ 20] avr loss [0.25521201] | train time 0h 0m 3s
Thu 25 Nov 2021 23:51:30 INFO epoch [ 21] avr loss [0.23744842] | train time 0h 0m 3s
Thu 25 Nov 2021 23:51:32 INFO ---------- test total [240] | test equ acc [0.308] | test value acc [0.333] | test time 0h 0m 1s
Thu 25 Nov 2021 23:51:36 INFO epoch [ 22] avr loss [0.18511133] | train time 0h 0m 3s
Thu 25 Nov 2021 23:51:40 INFO epoch [ 23] avr loss [0.22076279] | train time 0h 0m 3s
Thu 25 Nov 2021 23:51:44 INFO epoch [ 24] avr loss [0.20894142] | train time 0h 0m 3s
Thu 25 Nov 2021 23:51:47 INFO epoch [ 25] avr loss [0.17981794] | train time 0h 0m 3s
Thu 25 Nov 2021 23:51:51 INFO epoch [ 26] avr loss [0.16876129] | train time 0h 0m 4s
Thu 25 Nov 2021 23:51:53 INFO ---------- test total [240] | test equ acc [0.504] | test value acc [0.550] | test time 0h 0m 1s
Thu 25 Nov 2021 23:51:58 INFO epoch [ 27] avr loss [0.14757588] | train time 0h 0m 4s
Thu 25 Nov 2021 23:52:02 INFO epoch [ 28] avr loss [0.14491210] | train time 0h 0m 4s
Thu 25 Nov 2021 23:52:06 INFO epoch [ 29] avr loss [0.17024561] | train time 0h 0m 4s
Thu 25 Nov 2021 23:52:10 INFO epoch [ 30] avr loss [0.20576561] | train time 0h 0m 4s
Thu 25 Nov 2021 23:52:15 INFO epoch [ 31] avr loss [0.12866891] | train time 0h 0m 4s
Thu 25 Nov 2021 23:52:16 INFO ---------- test total [240] | test equ acc [0.642] | test value acc [0.688] | test time 0h 0m 1s
Thu 25 Nov 2021 23:52:21 INFO epoch [ 32] avr loss [0.11299915] | train time 0h 0m 4s
Thu 25 Nov 2021 23:52:25 INFO epoch [ 33] avr loss [0.11203818] | train time 0h 0m 4s
Thu 25 Nov 2021 23:52:29 INFO epoch [ 34] avr loss [0.10409001] | train time 0h 0m 4s
Thu 25 Nov 2021 23:52:33 INFO epoch [ 35] avr loss [0.12544316] | train time 0h 0m 4s
Thu 25 Nov 2021 23:52:37 INFO epoch [ 36] avr loss [0.10924417] | train time 0h 0m 4s
Thu 25 Nov 2021 23:52:39 INFO ---------- test total [240] | test equ acc [0.671] | test value acc [0.721] | test time 0h 0m 1s
Thu 25 Nov 2021 23:52:44 INFO epoch [ 37] avr loss [0.08520552] | train time 0h 0m 4s
Thu 25 Nov 2021 23:52:48 INFO epoch [ 38] avr loss [0.10703740] | train time 0h 0m 4s
Thu 25 Nov 2021 23:52:52 INFO epoch [ 39] avr loss [0.08122808] | train time 0h 0m 4s
Thu 25 Nov 2021 23:52:56 INFO epoch [ 40] avr loss [0.07404758] | train time 0h 0m 4s
Thu 25 Nov 2021 23:53:00 INFO epoch [ 41] avr loss [0.09294247] | train time 0h 0m 4s
Thu 25 Nov 2021 23:53:02 INFO ---------- test total [240] | test equ acc [0.667] | test value acc [0.721] | test time 0h 0m 1s
Thu 25 Nov 2021 23:53:06 INFO epoch [ 42] avr loss [0.06941913] | train time 0h 0m 4s
Thu 25 Nov 2021 23:53:10 INFO epoch [ 43] avr loss [0.06747892] | train time 0h 0m 4s
Thu 25 Nov 2021 23:53:15 INFO epoch [ 44] avr loss [0.05245729] | train time 0h 0m 4s
Thu 25 Nov 2021 23:53:19 INFO epoch [ 45] avr loss [0.06610018] | train time 0h 0m 4s
Thu 25 Nov 2021 23:53:23 INFO epoch [ 46] avr loss [0.06442732] | train time 0h 0m 4s
Thu 25 Nov 2021 23:53:24 INFO ---------- test total [240] | test equ acc [0.779] | test value acc [0.821] | test time 0h 0m 1s
Thu 25 Nov 2021 23:53:29 INFO epoch [ 47] avr loss [0.03639089] | train time 0h 0m 4s
Thu 25 Nov 2021 23:53:33 INFO epoch [ 48] avr loss [0.03829685] | train time 0h 0m 4s
Thu 25 Nov 2021 23:53:37 INFO epoch [ 49] avr loss [0.03957727] | train time 0h 0m 4s
Thu 25 Nov 2021 23:53:41 INFO epoch [ 50] avr loss [0.04589759] | train time 0h 0m 4s
Thu 25 Nov 2021 23:53:46 INFO epoch [ 51] avr loss [0.10144119] | train time 0h 0m 4s
Thu 25 Nov 2021 23:53:47 INFO ---------- test total [240] | test equ acc [0.608] | test value acc [0.662] | test time 0h 0m 1s
Thu 25 Nov 2021 23:53:52 INFO epoch [ 52] avr loss [0.05245976] | train time 0h 0m 4s
Thu 25 Nov 2021 23:53:56 INFO epoch [ 53] avr loss [0.04249295] | train time 0h 0m 4s
Thu 25 Nov 2021 23:54:00 INFO epoch [ 54] avr loss [0.03822528] | train time 0h 0m 4s
Thu 25 Nov 2021 23:54:04 INFO epoch [ 55] avr loss [0.02582099] | train time 0h 0m 4s
Thu 25 Nov 2021 23:54:09 INFO epoch [ 56] avr loss [0.03129874] | train time 0h 0m 4s
Thu 25 Nov 2021 23:54:10 INFO ---------- test total [240] | test equ acc [0.779] | test value acc [0.829] | test time 0h 0m 1s
Thu 25 Nov 2021 23:54:15 INFO epoch [ 57] avr loss [0.04248361] | train time 0h 0m 4s
Mon 29 Nov 2021 18:15:19 INFO random_seed=2021
use_gpu=True
max_output_len=30
gpu_id=0
test_step=5
load_best_config=False
supervising_mode=fully_supervised
rebuild=False
validset_divide=True
shuffle=False
root=/home/shubham/FINAL CS229 PROJECT/MWP-CS229
model_config_path=/home/shubham/FINAL CS229 PROJECT/MWP-CS229/mwptoolkit/config/../properties/model/GroupATT.json
best_config_path=/home/shubham/FINAL CS229 PROJECT/MWP-CS229/mwptoolkit/config/../properties/best_config/GroupATT_new_dataset.json
dataset_config_path=/home/shubham/FINAL CS229 PROJECT/MWP-CS229/mwptoolkit/config/../properties/dataset/new_dataset.json
dataset_path=dataset/new_dataset
min_word_keep=5
min_generate_keep=5
mask_symbol=number
single=True
linear=True
language=en
train_batch_size=32
test_batch_size=32
source_equation_fix=infix
embedding_size=128
hidden_size=256
decode_hidden_size=512
learning_rate=0.001
decoder_rnn_cell_type=lstm
encoder_rnn_cell_type=lstm
teacher_force_ratio=0.83
num_layers=2
epoch_nums=100
dropout_ratio=0.3
bidirectional=True
step_size=20
rule1=False
rule2=False
share_vocab=True
attention=True
equation_fix=prefix
self_attention=True
symbol_for_tree=False
add_sos=False
add_eos=False
model=GroupATT
dataset=new_dataset
task_type=single_equation
k_fold=5
test_only=True
checkpoint_path=checkpoint/GroupATT-new_dataset-prefix.pth
trained_model_path=trained_model/GroupATT-new_dataset-prefix.pth
log_path=log/GroupATT-new_dataset-prefix.log
device=cuda
map_location=cuda
gpu_nums=1


Mon 29 Nov 2021 18:15:19 INFO start training with 5 fold cross validation.
Mon 29 Nov 2021 18:15:22 INFO fold 0
Mon 29 Nov 2021 18:15:23 INFO test total [240] | test equ acc [0.779] | test value acc [0.829] | test time 0h 0m 1s
Mon 29 Nov 2021 18:15:23 INFO fold 1
