Wed 27 Oct 2021 23:35:11 INFO random_seed=2021
use_gpu=True
max_output_len=30
gpu_id=0
test_step=5
load_best_config=False
supervising_mode=fully_supervised
rebuild=False
validset_divide=True
shuffle=False
test_only=True
root=/home/shubham/MWP-CS229/Copy/MWPToolkit
model_config_path=/home/shubham/MWP-CS229/Copy/MWPToolkit/mwptoolkit/config/../properties/model/GroupATT.json
best_config_path=/home/shubham/MWP-CS229/Copy/MWPToolkit/mwptoolkit/config/../properties/best_config/GroupATT_mawps-single.json
dataset_config_path=/home/shubham/MWP-CS229/Copy/MWPToolkit/mwptoolkit/config/../properties/dataset/mawps-single.json
dataset_path=dataset/mawps-single
min_word_keep=5
min_generate_keep=5
mask_symbol=number
single=True
linear=True
language=en
train_batch_size=32
test_batch_size=32
source_equation_fix=infix
embedding_size=128
hidden_size=256
decode_hidden_size=512
learning_rate=0.001
decoder_rnn_cell_type=lstm
encoder_rnn_cell_type=lstm
teacher_force_ratio=0.83
num_layers=2
epoch_nums=100
dropout_ratio=0.3
bidirectional=True
step_size=20
rule1=False
rule2=False
share_vocab=True
attention=True
equation_fix=prefix
self_attention=True
symbol_for_tree=False
add_sos=False
add_eos=False
model=GroupATT
dataset=mawps-single
task_type=single_equation
k_fold=5
checkpoint_path=checkpoint/GroupATT-mawps-single-prefix.pth
trained_model_path=trained_model/GroupATT-mawps-single-prefix.pth
log_path=log/GroupATT-mawps-single-prefix.log
device=cuda
map_location=cuda
gpu_nums=1


Wed 27 Oct 2021 23:35:11 INFO start training with 5 fold cross validation.
Wed 27 Oct 2021 23:35:14 INFO fold 0
Wed 27 Oct 2021 23:35:16 INFO test total [396] | test equ acc [0.053] | test value acc [0.053] | test time 0h 0m 1s
Wed 27 Oct 2021 23:35:16 INFO fold 1
Wed 27 Oct 2021 23:35:18 INFO test total [397] | test equ acc [0.861] | test value acc [0.864] | test time 0h 0m 1s
Wed 27 Oct 2021 23:35:19 INFO fold 2
Wed 27 Oct 2021 23:35:20 INFO test total [397] | test equ acc [0.884] | test value acc [0.892] | test time 0h 0m 1s
Wed 27 Oct 2021 23:35:21 INFO fold 3
Wed 27 Oct 2021 23:35:23 INFO test total [397] | test equ acc [0.831] | test value acc [0.836] | test time 0h 0m 1s
Wed 27 Oct 2021 23:35:24 INFO fold 4
Wed 27 Oct 2021 23:35:25 INFO test total [399] | test equ acc [0.837] | test value acc [0.840] | test time 0h 0m 1s
Wed 27 Oct 2021 23:35:25 INFO 5 fold cross validation finished.
Wed 27 Oct 2021 23:35:25 INFO fold  2 : test equ accuracy [0.884] | test value accuracy [0.892]
Wed 27 Oct 2021 23:35:25 INFO fold  1 : test equ accuracy [0.861] | test value accuracy [0.864]
Wed 27 Oct 2021 23:35:25 INFO fold  4 : test equ accuracy [0.837] | test value accuracy [0.840]
Wed 27 Oct 2021 23:35:25 INFO fold  3 : test equ accuracy [0.831] | test value accuracy [0.836]
Wed 27 Oct 2021 23:35:25 INFO fold  0 : test equ accuracy [0.053] | test value accuracy [0.053]
Wed 27 Oct 2021 23:35:25 INFO folds avr : test equ accuracy [0.693] | test value accuracy [0.697]
Sat 30 Oct 2021 17:26:19 INFO random_seed=2021
use_gpu=True
max_output_len=30
gpu_id=0
test_step=5
load_best_config=False
supervising_mode=fully_supervised
rebuild=False
validset_divide=True
shuffle=False
root=/home/shubham/MWP-CS229/Copy/MWPToolkit
model_config_path=/home/shubham/MWP-CS229/Copy/MWPToolkit/mwptoolkit/config/../properties/model/GroupATT.json
best_config_path=/home/shubham/MWP-CS229/Copy/MWPToolkit/mwptoolkit/config/../properties/best_config/GroupATT_mawps-single.json
dataset_config_path=/home/shubham/MWP-CS229/Copy/MWPToolkit/mwptoolkit/config/../properties/dataset/mawps-single.json
dataset_path=dataset/mawps-single
min_word_keep=5
min_generate_keep=5
mask_symbol=number
single=True
linear=True
language=en
train_batch_size=32
test_batch_size=32
source_equation_fix=infix
embedding_size=128
hidden_size=256
decode_hidden_size=512
learning_rate=0.001
decoder_rnn_cell_type=lstm
encoder_rnn_cell_type=lstm
teacher_force_ratio=0.83
num_layers=2
epoch_nums=100
dropout_ratio=0.3
bidirectional=True
step_size=20
rule1=False
rule2=False
share_vocab=True
attention=True
equation_fix=prefix
self_attention=True
symbol_for_tree=False
add_sos=False
add_eos=False
model=GroupATT
dataset=mawps-single
task_type=single_equation
k_fold=5
checkpoint_path=checkpoint/GroupATT-mawps-single-prefix.pth
trained_model_path=trained_model/GroupATT-mawps-single-prefix.pth
log_path=log/GroupATT-mawps-single-prefix.log
device=cpu
map_location=cpu
gpu_nums=0


Sat 30 Oct 2021 17:26:19 INFO start training with 5 fold cross validation.
Sat 30 Oct 2021 17:26:20 INFO fold 0
Sat 30 Oct 2021 17:26:20 INFO start training...
Sat 30 Oct 2021 17:26:53 INFO epoch [  1] avr loss [1.37136314] | train time 0h 0m 32s
Sat 30 Oct 2021 17:26:58 INFO ---------- test total [396] | test equ acc [0.121] | test value acc [0.121] | test time 0h 0m 4s
Sat 30 Oct 2021 17:27:36 INFO epoch [  2] avr loss [0.90533381] | train time 0h 0m 37s
Sat 30 Oct 2021 17:28:17 INFO epoch [  3] avr loss [0.80923664] | train time 0h 0m 41s
Sat 30 Oct 2021 17:29:00 INFO epoch [  4] avr loss [0.65709013] | train time 0h 0m 43s
Sat 30 Oct 2021 17:29:50 INFO epoch [  5] avr loss [0.66173046] | train time 0h 0m 49s
Sat 30 Oct 2021 17:30:31 INFO epoch [  6] avr loss [0.57065424] | train time 0h 0m 41s
Sat 30 Oct 2021 17:30:36 INFO ---------- test total [396] | test equ acc [0.321] | test value acc [0.321] | test time 0h 0m 4s
Sat 30 Oct 2021 17:43:27 INFO random_seed=2021
use_gpu=True
max_output_len=30
gpu_id=0
test_step=5
load_best_config=False
supervising_mode=fully_supervised
rebuild=False
validset_divide=True
shuffle=False
test_only=True
root=/home/shubham/MWP-CS229/Copy/MWPToolkit
model_config_path=/home/shubham/MWP-CS229/Copy/MWPToolkit/mwptoolkit/config/../properties/model/GroupATT.json
best_config_path=/home/shubham/MWP-CS229/Copy/MWPToolkit/mwptoolkit/config/../properties/best_config/GroupATT_mawps-single.json
dataset_config_path=/home/shubham/MWP-CS229/Copy/MWPToolkit/mwptoolkit/config/../properties/dataset/mawps-single.json
dataset_path=dataset/mawps-single
min_word_keep=5
min_generate_keep=5
mask_symbol=number
single=True
linear=True
language=en
train_batch_size=32
test_batch_size=32
source_equation_fix=infix
embedding_size=128
hidden_size=256
decode_hidden_size=512
learning_rate=0.001
decoder_rnn_cell_type=lstm
encoder_rnn_cell_type=lstm
teacher_force_ratio=0.83
num_layers=2
epoch_nums=100
dropout_ratio=0.3
bidirectional=True
step_size=20
rule1=False
rule2=False
share_vocab=True
attention=True
equation_fix=prefix
self_attention=True
symbol_for_tree=False
add_sos=False
add_eos=False
model=GroupATT
dataset=mawps-single
task_type=single_equation
k_fold=5
checkpoint_path=checkpoint/GroupATT-mawps-single-prefix.pth
trained_model_path=trained_model/GroupATT-mawps-single-prefix.pth
log_path=log/GroupATT-mawps-single-prefix.log
device=cpu
map_location=cpu
gpu_nums=0


Sat 30 Oct 2021 17:43:27 INFO start training with 5 fold cross validation.
Sat 30 Oct 2021 17:43:28 INFO fold 0
Sat 30 Oct 2021 17:47:07 INFO random_seed=2021
use_gpu=True
max_output_len=30
gpu_id=0
test_step=5
load_best_config=False
supervising_mode=fully_supervised
rebuild=False
validset_divide=True
shuffle=False
test_only=True
root=/home/shubham/MWP-CS229/Copy/MWPToolkit
model_config_path=/home/shubham/MWP-CS229/Copy/MWPToolkit/mwptoolkit/config/../properties/model/GroupATT.json
best_config_path=/home/shubham/MWP-CS229/Copy/MWPToolkit/mwptoolkit/config/../properties/best_config/GroupATT_mawps-single.json
dataset_config_path=/home/shubham/MWP-CS229/Copy/MWPToolkit/mwptoolkit/config/../properties/dataset/mawps-single.json
dataset_path=dataset/mawps-single
min_word_keep=5
min_generate_keep=5
mask_symbol=number
single=True
linear=True
language=en
train_batch_size=32
test_batch_size=32
source_equation_fix=infix
embedding_size=128
hidden_size=256
decode_hidden_size=512
learning_rate=0.001
decoder_rnn_cell_type=lstm
encoder_rnn_cell_type=lstm
teacher_force_ratio=0.83
num_layers=2
epoch_nums=100
dropout_ratio=0.3
bidirectional=True
step_size=20
rule1=False
rule2=False
share_vocab=True
attention=True
equation_fix=prefix
self_attention=True
symbol_for_tree=False
add_sos=False
add_eos=False
model=GroupATT
dataset=mawps-single
task_type=single_equation
k_fold=5
checkpoint_path=checkpoint/GroupATT-mawps-single-prefix.pth
trained_model_path=trained_model/GroupATT-mawps-single-prefix.pth
log_path=log/GroupATT-mawps-single-prefix.log
device=cpu
map_location=cpu
gpu_nums=0


Sat 30 Oct 2021 17:47:07 INFO start training with 5 fold cross validation.
Sat 30 Oct 2021 17:47:08 INFO fold 0
Sat 30 Oct 2021 17:47:51 INFO random_seed=2021
use_gpu=True
max_output_len=30
gpu_id=0
test_step=5
load_best_config=False
supervising_mode=fully_supervised
rebuild=False
validset_divide=True
shuffle=False
test_only=True
root=/home/shubham/MWP-CS229/Copy/MWPToolkit
model_config_path=/home/shubham/MWP-CS229/Copy/MWPToolkit/mwptoolkit/config/../properties/model/GroupATT.json
best_config_path=/home/shubham/MWP-CS229/Copy/MWPToolkit/mwptoolkit/config/../properties/best_config/GroupATT_mawps-single.json
dataset_config_path=/home/shubham/MWP-CS229/Copy/MWPToolkit/mwptoolkit/config/../properties/dataset/mawps-single.json
dataset_path=dataset/mawps-single
min_word_keep=5
min_generate_keep=5
mask_symbol=number
single=True
linear=True
language=en
train_batch_size=32
test_batch_size=32
source_equation_fix=infix
embedding_size=128
hidden_size=256
decode_hidden_size=512
learning_rate=0.001
decoder_rnn_cell_type=lstm
encoder_rnn_cell_type=lstm
teacher_force_ratio=0.83
num_layers=2
epoch_nums=100
dropout_ratio=0.3
bidirectional=True
step_size=20
rule1=False
rule2=False
share_vocab=True
attention=True
equation_fix=prefix
self_attention=True
symbol_for_tree=False
add_sos=False
add_eos=False
model=GroupATT
dataset=mawps-single
task_type=single_equation
k_fold=5
checkpoint_path=checkpoint/GroupATT-mawps-single-prefix.pth
trained_model_path=trained_model/GroupATT-mawps-single-prefix.pth
log_path=log/GroupATT-mawps-single-prefix.log
device=cpu
map_location=cpu
gpu_nums=0


Sat 30 Oct 2021 17:47:51 INFO start training with 5 fold cross validation.
Sat 30 Oct 2021 17:47:58 INFO random_seed=2021
use_gpu=True
max_output_len=30
gpu_id=0
test_step=5
load_best_config=False
supervising_mode=fully_supervised
rebuild=False
validset_divide=True
shuffle=False
test_only=True
root=/home/shubham/MWP-CS229/Copy/MWPToolkit
model_config_path=/home/shubham/MWP-CS229/Copy/MWPToolkit/mwptoolkit/config/../properties/model/GroupATT.json
best_config_path=/home/shubham/MWP-CS229/Copy/MWPToolkit/mwptoolkit/config/../properties/best_config/GroupATT_mawps-single.json
dataset_config_path=/home/shubham/MWP-CS229/Copy/MWPToolkit/mwptoolkit/config/../properties/dataset/mawps-single.json
dataset_path=dataset/mawps-single
min_word_keep=5
min_generate_keep=5
mask_symbol=number
single=True
linear=True
language=en
train_batch_size=32
test_batch_size=32
source_equation_fix=infix
embedding_size=128
hidden_size=256
decode_hidden_size=512
learning_rate=0.001
decoder_rnn_cell_type=lstm
encoder_rnn_cell_type=lstm
teacher_force_ratio=0.83
num_layers=2
epoch_nums=100
dropout_ratio=0.3
bidirectional=True
step_size=20
rule1=False
rule2=False
share_vocab=True
attention=True
equation_fix=prefix
self_attention=True
symbol_for_tree=False
add_sos=False
add_eos=False
model=GroupATT
dataset=mawps-single
task_type=single_equation
k_fold=5
checkpoint_path=checkpoint/GroupATT-mawps-single-prefix.pth
trained_model_path=trained_model/GroupATT-mawps-single-prefix.pth
log_path=log/GroupATT-mawps-single-prefix.log
device=cpu
map_location=cpu
gpu_nums=0


Sat 30 Oct 2021 17:47:58 INFO start training with 5 fold cross validation.
Sat 30 Oct 2021 17:47:58 INFO fold 0
Sat 30 Oct 2021 17:49:06 INFO random_seed=2021
use_gpu=True
max_output_len=30
gpu_id=0
test_step=5
load_best_config=False
supervising_mode=fully_supervised
rebuild=False
validset_divide=True
shuffle=False
test_only=True
root=/home/shubham/MWP-CS229/Copy/MWPToolkit
model_config_path=/home/shubham/MWP-CS229/Copy/MWPToolkit/mwptoolkit/config/../properties/model/GroupATT.json
best_config_path=/home/shubham/MWP-CS229/Copy/MWPToolkit/mwptoolkit/config/../properties/best_config/GroupATT_mawps-single.json
dataset_config_path=/home/shubham/MWP-CS229/Copy/MWPToolkit/mwptoolkit/config/../properties/dataset/mawps-single.json
dataset_path=dataset/mawps-single
min_word_keep=5
min_generate_keep=5
mask_symbol=number
single=True
linear=True
language=en
train_batch_size=32
test_batch_size=32
source_equation_fix=infix
embedding_size=128
hidden_size=256
decode_hidden_size=512
learning_rate=0.001
decoder_rnn_cell_type=lstm
encoder_rnn_cell_type=lstm
teacher_force_ratio=0.83
num_layers=2
epoch_nums=100
dropout_ratio=0.3
bidirectional=True
step_size=20
rule1=False
rule2=False
share_vocab=True
attention=True
equation_fix=prefix
self_attention=True
symbol_for_tree=False
add_sos=False
add_eos=False
model=GroupATT
dataset=mawps-single
task_type=single_equation
k_fold=5
checkpoint_path=checkpoint/GroupATT-mawps-single-prefix.pth
trained_model_path=trained_model/GroupATT-mawps-single-prefix.pth
log_path=log/GroupATT-mawps-single-prefix.log
device=cpu
map_location=cpu
gpu_nums=0


Sat 30 Oct 2021 17:49:06 INFO start training with 5 fold cross validation.
Sat 30 Oct 2021 17:49:07 INFO fold 0
Sat 30 Oct 2021 17:54:12 INFO random_seed=2021
use_gpu=True
max_output_len=30
gpu_id=0
test_step=5
load_best_config=False
supervising_mode=fully_supervised
rebuild=False
validset_divide=True
shuffle=False
test_only=True
root=/home/shubham/MWP-CS229/Copy/MWPToolkit
model_config_path=/home/shubham/MWP-CS229/Copy/MWPToolkit/mwptoolkit/config/../properties/model/GroupATT.json
best_config_path=/home/shubham/MWP-CS229/Copy/MWPToolkit/mwptoolkit/config/../properties/best_config/GroupATT_mawps-single.json
dataset_config_path=/home/shubham/MWP-CS229/Copy/MWPToolkit/mwptoolkit/config/../properties/dataset/mawps-single.json
dataset_path=dataset/mawps-single
min_word_keep=5
min_generate_keep=5
mask_symbol=number
single=True
linear=True
language=en
train_batch_size=32
test_batch_size=32
source_equation_fix=infix
embedding_size=128
hidden_size=256
decode_hidden_size=512
learning_rate=0.001
decoder_rnn_cell_type=lstm
encoder_rnn_cell_type=lstm
teacher_force_ratio=0.83
num_layers=2
epoch_nums=100
dropout_ratio=0.3
bidirectional=True
step_size=20
rule1=False
rule2=False
share_vocab=True
attention=True
equation_fix=prefix
self_attention=True
symbol_for_tree=False
add_sos=False
add_eos=False
model=GroupATT
dataset=mawps-single
task_type=single_equation
k_fold=5
checkpoint_path=checkpoint/GroupATT-mawps-single-prefix.pth
trained_model_path=trained_model/GroupATT-mawps-single-prefix.pth
log_path=log/GroupATT-mawps-single-prefix.log
device=cpu
map_location=cpu
gpu_nums=0


Sat 30 Oct 2021 17:54:12 INFO start training with 5 fold cross validation.
Sat 30 Oct 2021 17:54:12 INFO fold 0
Sat 30 Oct 2021 17:57:42 INFO random_seed=2021
use_gpu=True
max_output_len=30
gpu_id=0
test_step=5
load_best_config=False
supervising_mode=fully_supervised
rebuild=False
validset_divide=True
shuffle=False
test_only=True
root=/home/shubham/MWP-CS229/Copy/MWPToolkit
model_config_path=/home/shubham/MWP-CS229/Copy/MWPToolkit/mwptoolkit/config/../properties/model/GroupATT.json
best_config_path=/home/shubham/MWP-CS229/Copy/MWPToolkit/mwptoolkit/config/../properties/best_config/GroupATT_mawps-single.json
dataset_config_path=/home/shubham/MWP-CS229/Copy/MWPToolkit/mwptoolkit/config/../properties/dataset/mawps-single.json
dataset_path=dataset/mawps-single
min_word_keep=5
min_generate_keep=5
mask_symbol=number
single=True
linear=True
language=en
train_batch_size=32
test_batch_size=32
source_equation_fix=infix
embedding_size=128
hidden_size=256
decode_hidden_size=512
learning_rate=0.001
decoder_rnn_cell_type=lstm
encoder_rnn_cell_type=lstm
teacher_force_ratio=0.83
num_layers=2
epoch_nums=100
dropout_ratio=0.3
bidirectional=True
step_size=20
rule1=False
rule2=False
share_vocab=True
attention=True
equation_fix=prefix
self_attention=True
symbol_for_tree=False
add_sos=False
add_eos=False
model=GroupATT
dataset=mawps-single
task_type=single_equation
k_fold=5
checkpoint_path=checkpoint/GroupATT-mawps-single-prefix.pth
trained_model_path=trained_model/GroupATT-mawps-single-prefix.pth
log_path=log/GroupATT-mawps-single-prefix.log
device=cpu
map_location=cpu
gpu_nums=0


Sat 30 Oct 2021 17:57:42 INFO start training with 5 fold cross validation.
Sat 30 Oct 2021 17:57:43 INFO fold 0
Sat 30 Oct 2021 17:57:48 INFO test total [396] | test equ acc [0.321] | test value acc [0.321] | test time 0h 0m 4s
Sat 30 Oct 2021 17:57:48 INFO fold 1
Sat 30 Oct 2021 17:57:53 INFO test total [397] | test equ acc [0.861] | test value acc [0.864] | test time 0h 0m 4s
Sat 30 Oct 2021 17:57:53 INFO fold 2
Sat 30 Oct 2021 17:57:58 INFO test total [397] | test equ acc [0.884] | test value acc [0.892] | test time 0h 0m 4s
Sat 30 Oct 2021 17:57:59 INFO fold 3
Sat 30 Oct 2021 17:58:03 INFO test total [397] | test equ acc [0.831] | test value acc [0.836] | test time 0h 0m 4s
Sat 30 Oct 2021 17:58:04 INFO fold 4
Sat 30 Oct 2021 17:58:09 INFO test total [399] | test equ acc [0.837] | test value acc [0.840] | test time 0h 0m 4s
Sat 30 Oct 2021 17:58:09 INFO 5 fold cross validation finished.
Sat 30 Oct 2021 17:58:09 INFO fold  2 : test equ accuracy [0.884] | test value accuracy [0.892]
Sat 30 Oct 2021 17:58:09 INFO fold  1 : test equ accuracy [0.861] | test value accuracy [0.864]
Sat 30 Oct 2021 17:58:09 INFO fold  4 : test equ accuracy [0.837] | test value accuracy [0.840]
Sat 30 Oct 2021 17:58:09 INFO fold  3 : test equ accuracy [0.831] | test value accuracy [0.836]
Sat 30 Oct 2021 17:58:09 INFO fold  0 : test equ accuracy [0.321] | test value accuracy [0.321]
Sat 30 Oct 2021 17:58:09 INFO folds avr : test equ accuracy [0.747] | test value accuracy [0.750]
Sat 30 Oct 2021 17:59:06 INFO random_seed=2021
use_gpu=True
max_output_len=30
gpu_id=0
test_step=5
load_best_config=False
supervising_mode=fully_supervised
rebuild=False
validset_divide=True
shuffle=False
test_only=True
root=/home/shubham/MWP-CS229/Copy/MWPToolkit
model_config_path=/home/shubham/MWP-CS229/Copy/MWPToolkit/mwptoolkit/config/../properties/model/GroupATT.json
best_config_path=/home/shubham/MWP-CS229/Copy/MWPToolkit/mwptoolkit/config/../properties/best_config/GroupATT_mawps-single.json
dataset_config_path=/home/shubham/MWP-CS229/Copy/MWPToolkit/mwptoolkit/config/../properties/dataset/mawps-single.json
dataset_path=dataset/mawps-single
min_word_keep=5
min_generate_keep=5
mask_symbol=number
single=True
linear=True
language=en
train_batch_size=32
test_batch_size=32
source_equation_fix=infix
embedding_size=128
hidden_size=256
decode_hidden_size=512
learning_rate=0.001
decoder_rnn_cell_type=lstm
encoder_rnn_cell_type=lstm
teacher_force_ratio=0.83
num_layers=2
epoch_nums=100
dropout_ratio=0.3
bidirectional=True
step_size=20
rule1=False
rule2=False
share_vocab=True
attention=True
equation_fix=prefix
self_attention=True
symbol_for_tree=False
add_sos=False
add_eos=False
model=GroupATT
dataset=mawps-single
task_type=single_equation
k_fold=5
checkpoint_path=checkpoint/GroupATT-mawps-single-prefix.pth
trained_model_path=trained_model/GroupATT-mawps-single-prefix.pth
log_path=log/GroupATT-mawps-single-prefix.log
device=cpu
map_location=cpu
gpu_nums=0


Sat 30 Oct 2021 17:59:06 INFO start training with 5 fold cross validation.
Sat 30 Oct 2021 17:59:07 INFO fold 0
Sat 30 Oct 2021 17:59:12 INFO test total [396] | test equ acc [0.321] | test value acc [0.321] | test time 0h 0m 4s
Sat 30 Oct 2021 17:59:12 INFO fold 1
Sat 30 Oct 2021 17:59:17 INFO test total [397] | test equ acc [0.861] | test value acc [0.864] | test time 0h 0m 4s
Sat 30 Oct 2021 17:59:18 INFO fold 2
Sat 30 Oct 2021 17:59:22 INFO test total [397] | test equ acc [0.884] | test value acc [0.892] | test time 0h 0m 4s
Sat 30 Oct 2021 17:59:23 INFO fold 3
Sat 30 Oct 2021 17:59:27 INFO test total [397] | test equ acc [0.831] | test value acc [0.836] | test time 0h 0m 4s
Sat 30 Oct 2021 17:59:28 INFO fold 4
Sat 30 Oct 2021 17:59:33 INFO test total [399] | test equ acc [0.837] | test value acc [0.840] | test time 0h 0m 4s
Sat 30 Oct 2021 17:59:33 INFO 5 fold cross validation finished.
Sat 30 Oct 2021 17:59:33 INFO fold  2 : test equ accuracy [0.884] | test value accuracy [0.892]
Sat 30 Oct 2021 17:59:33 INFO fold  1 : test equ accuracy [0.861] | test value accuracy [0.864]
Sat 30 Oct 2021 17:59:33 INFO fold  4 : test equ accuracy [0.837] | test value accuracy [0.840]
Sat 30 Oct 2021 17:59:33 INFO fold  3 : test equ accuracy [0.831] | test value accuracy [0.836]
Sat 30 Oct 2021 17:59:33 INFO fold  0 : test equ accuracy [0.321] | test value accuracy [0.321]
Sat 30 Oct 2021 17:59:33 INFO folds avr : test equ accuracy [0.747] | test value accuracy [0.750]
Sat 30 Oct 2021 18:00:46 INFO random_seed=2021
use_gpu=True
max_output_len=30
gpu_id=0
test_step=5
load_best_config=False
supervising_mode=fully_supervised
rebuild=False
validset_divide=True
shuffle=False
test_only=True
root=/home/shubham/MWP-CS229/Copy/MWPToolkit
model_config_path=/home/shubham/MWP-CS229/Copy/MWPToolkit/mwptoolkit/config/../properties/model/GroupATT.json
best_config_path=/home/shubham/MWP-CS229/Copy/MWPToolkit/mwptoolkit/config/../properties/best_config/GroupATT_mawps-single.json
dataset_config_path=/home/shubham/MWP-CS229/Copy/MWPToolkit/mwptoolkit/config/../properties/dataset/mawps-single.json
dataset_path=dataset/mawps-single
min_word_keep=5
min_generate_keep=5
mask_symbol=number
single=True
linear=True
language=en
train_batch_size=32
test_batch_size=32
source_equation_fix=infix
embedding_size=128
hidden_size=256
decode_hidden_size=512
learning_rate=0.001
decoder_rnn_cell_type=lstm
encoder_rnn_cell_type=lstm
teacher_force_ratio=0.83
num_layers=2
epoch_nums=100
dropout_ratio=0.3
bidirectional=True
step_size=20
rule1=False
rule2=False
share_vocab=True
attention=True
equation_fix=prefix
self_attention=True
symbol_for_tree=False
add_sos=False
add_eos=False
model=GroupATT
dataset=mawps-single
task_type=single_equation
k_fold=5
checkpoint_path=checkpoint/GroupATT-mawps-single-prefix.pth
trained_model_path=trained_model/GroupATT-mawps-single-prefix.pth
log_path=log/GroupATT-mawps-single-prefix.log
device=cpu
map_location=cpu
gpu_nums=0


Sat 30 Oct 2021 18:00:46 INFO start training with 5 fold cross validation.
Sat 30 Oct 2021 18:00:46 INFO fold 0
Sat 30 Oct 2021 18:00:51 INFO test total [396] | test equ acc [0.321] | test value acc [0.321] | test time 0h 0m 4s
Sat 30 Oct 2021 18:00:52 INFO fold 1
Sat 30 Oct 2021 18:00:56 INFO test total [397] | test equ acc [0.861] | test value acc [0.864] | test time 0h 0m 4s
Sat 30 Oct 2021 18:00:57 INFO fold 2
Sat 30 Oct 2021 18:01:02 INFO test total [397] | test equ acc [0.884] | test value acc [0.892] | test time 0h 0m 4s
Sat 30 Oct 2021 18:01:03 INFO fold 3
Sat 30 Oct 2021 18:01:07 INFO test total [397] | test equ acc [0.831] | test value acc [0.836] | test time 0h 0m 4s
Sat 30 Oct 2021 18:01:08 INFO fold 4
Sat 30 Oct 2021 18:01:13 INFO test total [399] | test equ acc [0.837] | test value acc [0.840] | test time 0h 0m 4s
Sat 30 Oct 2021 18:01:13 INFO 5 fold cross validation finished.
Sat 30 Oct 2021 18:01:13 INFO fold  2 : test equ accuracy [0.884] | test value accuracy [0.892]
Sat 30 Oct 2021 18:01:13 INFO fold  1 : test equ accuracy [0.861] | test value accuracy [0.864]
Sat 30 Oct 2021 18:01:13 INFO fold  4 : test equ accuracy [0.837] | test value accuracy [0.840]
Sat 30 Oct 2021 18:01:13 INFO fold  3 : test equ accuracy [0.831] | test value accuracy [0.836]
Sat 30 Oct 2021 18:01:13 INFO fold  0 : test equ accuracy [0.321] | test value accuracy [0.321]
Sat 30 Oct 2021 18:01:13 INFO folds avr : test equ accuracy [0.747] | test value accuracy [0.750]
Sat 30 Oct 2021 18:12:51 INFO random_seed=2021
use_gpu=True
max_output_len=30
gpu_id=0
test_step=5
load_best_config=False
supervising_mode=fully_supervised
rebuild=False
validset_divide=True
shuffle=False
test_only=True
root=/home/shubham/MWP-CS229/Copy/MWPToolkit
model_config_path=/home/shubham/MWP-CS229/Copy/MWPToolkit/mwptoolkit/config/../properties/model/GroupATT.json
best_config_path=/home/shubham/MWP-CS229/Copy/MWPToolkit/mwptoolkit/config/../properties/best_config/GroupATT_mawps-single.json
dataset_config_path=/home/shubham/MWP-CS229/Copy/MWPToolkit/mwptoolkit/config/../properties/dataset/mawps-single.json
dataset_path=dataset/mawps-single
min_word_keep=5
min_generate_keep=5
mask_symbol=number
single=True
linear=True
language=en
train_batch_size=32
test_batch_size=32
source_equation_fix=infix
embedding_size=128
hidden_size=256
decode_hidden_size=512
learning_rate=0.001
decoder_rnn_cell_type=lstm
encoder_rnn_cell_type=lstm
teacher_force_ratio=0.83
num_layers=2
epoch_nums=100
dropout_ratio=0.3
bidirectional=True
step_size=20
rule1=False
rule2=False
share_vocab=True
attention=True
equation_fix=prefix
self_attention=True
symbol_for_tree=False
add_sos=False
add_eos=False
model=GroupATT
dataset=mawps-single
task_type=single_equation
k_fold=4
checkpoint_path=checkpoint/GroupATT-mawps-single-prefix.pth
trained_model_path=trained_model/GroupATT-mawps-single-prefix.pth
log_path=log/GroupATT-mawps-single-prefix.log
device=cpu
map_location=cpu
gpu_nums=0


Sat 30 Oct 2021 18:12:51 INFO start training with 4 fold cross validation.
Sat 30 Oct 2021 18:12:52 INFO fold 0
Sat 30 Oct 2021 18:14:12 INFO random_seed=2021
use_gpu=True
max_output_len=30
gpu_id=0
test_step=5
load_best_config=False
supervising_mode=fully_supervised
rebuild=False
validset_divide=True
shuffle=False
test_only=True
root=/home/shubham/MWP-CS229/Copy/MWPToolkit
model_config_path=/home/shubham/MWP-CS229/Copy/MWPToolkit/mwptoolkit/config/../properties/model/GroupATT.json
best_config_path=/home/shubham/MWP-CS229/Copy/MWPToolkit/mwptoolkit/config/../properties/best_config/GroupATT_mawps-single.json
dataset_config_path=/home/shubham/MWP-CS229/Copy/MWPToolkit/mwptoolkit/config/../properties/dataset/mawps-single.json
dataset_path=dataset/mawps-single
min_word_keep=5
min_generate_keep=5
mask_symbol=number
single=True
linear=True
language=en
train_batch_size=32
test_batch_size=32
source_equation_fix=infix
embedding_size=128
hidden_size=256
decode_hidden_size=512
learning_rate=0.001
decoder_rnn_cell_type=lstm
encoder_rnn_cell_type=lstm
teacher_force_ratio=0.83
num_layers=2
epoch_nums=100
dropout_ratio=0.3
bidirectional=True
step_size=20
rule1=False
rule2=False
share_vocab=True
attention=True
equation_fix=prefix
self_attention=True
symbol_for_tree=False
add_sos=False
add_eos=False
model=GroupATT
dataset=mawps-single
task_type=single_equation
k_fold=5
checkpoint_path=checkpoint/GroupATT-mawps-single-prefix.pth
trained_model_path=trained_model/GroupATT-mawps-single-prefix.pth
log_path=log/GroupATT-mawps-single-prefix.log
device=cpu
map_location=cpu
gpu_nums=0


Sat 30 Oct 2021 18:14:12 INFO start training with 5 fold cross validation.
Sat 30 Oct 2021 18:14:13 INFO fold 0
Sat 30 Oct 2021 18:14:17 INFO test total [396] | test equ acc [0.321] | test value acc [0.321] | test time 0h 0m 4s
Sat 30 Oct 2021 18:14:18 INFO fold 1
Sat 30 Oct 2021 18:14:23 INFO test total [397] | test equ acc [0.861] | test value acc [0.864] | test time 0h 0m 4s
Sat 30 Oct 2021 18:14:24 INFO fold 2
Sat 30 Oct 2021 18:14:29 INFO test total [397] | test equ acc [0.884] | test value acc [0.892] | test time 0h 0m 4s
Sat 30 Oct 2021 18:14:30 INFO fold 3
Sat 30 Oct 2021 18:14:35 INFO test total [397] | test equ acc [0.831] | test value acc [0.836] | test time 0h 0m 4s
Sat 30 Oct 2021 18:14:36 INFO fold 4
Sat 30 Oct 2021 18:14:41 INFO test total [399] | test equ acc [0.837] | test value acc [0.840] | test time 0h 0m 4s
Sat 30 Oct 2021 18:14:41 INFO 5 fold cross validation finished.
Sat 30 Oct 2021 18:14:41 INFO fold  2 : test equ accuracy [0.884] | test value accuracy [0.892]
Sat 30 Oct 2021 18:14:41 INFO fold  1 : test equ accuracy [0.861] | test value accuracy [0.864]
Sat 30 Oct 2021 18:14:41 INFO fold  4 : test equ accuracy [0.837] | test value accuracy [0.840]
Sat 30 Oct 2021 18:14:41 INFO fold  3 : test equ accuracy [0.831] | test value accuracy [0.836]
Sat 30 Oct 2021 18:14:41 INFO fold  0 : test equ accuracy [0.321] | test value accuracy [0.321]
Sat 30 Oct 2021 18:14:41 INFO folds avr : test equ accuracy [0.747] | test value accuracy [0.750]
Sat 30 Oct 2021 18:19:24 INFO random_seed=2021
use_gpu=True
max_output_len=30
gpu_id=0
test_step=5
load_best_config=False
supervising_mode=fully_supervised
rebuild=False
validset_divide=True
shuffle=False
test_only=True
root=/home/shubham/MWP-CS229/Copy/MWPToolkit
model_config_path=/home/shubham/MWP-CS229/Copy/MWPToolkit/mwptoolkit/config/../properties/model/GroupATT.json
best_config_path=/home/shubham/MWP-CS229/Copy/MWPToolkit/mwptoolkit/config/../properties/best_config/GroupATT_mawps-single.json
dataset_config_path=/home/shubham/MWP-CS229/Copy/MWPToolkit/mwptoolkit/config/../properties/dataset/mawps-single.json
dataset_path=dataset/mawps-single
min_word_keep=5
min_generate_keep=5
mask_symbol=number
single=True
linear=True
language=en
train_batch_size=32
test_batch_size=32
source_equation_fix=infix
embedding_size=128
hidden_size=256
decode_hidden_size=512
learning_rate=0.001
decoder_rnn_cell_type=lstm
encoder_rnn_cell_type=lstm
teacher_force_ratio=0.83
num_layers=2
epoch_nums=100
dropout_ratio=0.3
bidirectional=True
step_size=20
rule1=False
rule2=False
share_vocab=True
attention=True
equation_fix=prefix
self_attention=True
symbol_for_tree=False
add_sos=False
add_eos=False
model=GroupATT
dataset=mawps-single
task_type=single_equation
k_fold=5
checkpoint_path=checkpoint/GroupATT-mawps-single-prefix.pth
trained_model_path=trained_model/GroupATT-mawps-single-prefix.pth
log_path=log/GroupATT-mawps-single-prefix.log
device=cpu
map_location=cpu
gpu_nums=0


Sat 30 Oct 2021 18:19:24 INFO start training with 5 fold cross validation.
Sat 30 Oct 2021 18:19:26 INFO fold 0
Sat 30 Oct 2021 18:19:32 INFO test total [396] | test equ acc [0.321] | test value acc [0.321] | test time 0h 0m 5s
Sat 30 Oct 2021 18:19:33 INFO fold 1
Sat 30 Oct 2021 18:19:40 INFO test total [397] | test equ acc [0.861] | test value acc [0.864] | test time 0h 0m 6s
Sat 30 Oct 2021 18:19:41 INFO fold 2
Sat 30 Oct 2021 18:19:47 INFO test total [397] | test equ acc [0.884] | test value acc [0.892] | test time 0h 0m 5s
Sat 30 Oct 2021 18:19:49 INFO fold 3
Sat 30 Oct 2021 18:19:57 INFO test total [397] | test equ acc [0.831] | test value acc [0.836] | test time 0h 0m 8s
Sat 30 Oct 2021 18:19:58 INFO fold 4
Sat 30 Oct 2021 18:20:03 INFO test total [399] | test equ acc [0.837] | test value acc [0.840] | test time 0h 0m 5s
Sat 30 Oct 2021 18:20:03 INFO 5 fold cross validation finished.
Sat 30 Oct 2021 18:20:03 INFO fold  2 : test equ accuracy [0.884] | test value accuracy [0.892]
Sat 30 Oct 2021 18:20:03 INFO fold  1 : test equ accuracy [0.861] | test value accuracy [0.864]
Sat 30 Oct 2021 18:20:03 INFO fold  4 : test equ accuracy [0.837] | test value accuracy [0.840]
Sat 30 Oct 2021 18:20:03 INFO fold  3 : test equ accuracy [0.831] | test value accuracy [0.836]
Sat 30 Oct 2021 18:20:03 INFO fold  0 : test equ accuracy [0.321] | test value accuracy [0.321]
Sat 30 Oct 2021 18:20:03 INFO folds avr : test equ accuracy [0.747] | test value accuracy [0.750]
Sat 30 Oct 2021 18:26:38 INFO random_seed=2021
use_gpu=True
max_output_len=30
gpu_id=0
test_step=5
load_best_config=False
supervising_mode=fully_supervised
rebuild=False
validset_divide=True
shuffle=False
test_only=True
root=/home/shubham/MWP-CS229/Copy/MWPToolkit
model_config_path=/home/shubham/MWP-CS229/Copy/MWPToolkit/mwptoolkit/config/../properties/model/GroupATT.json
best_config_path=/home/shubham/MWP-CS229/Copy/MWPToolkit/mwptoolkit/config/../properties/best_config/GroupATT_mawps-single.json
dataset_config_path=/home/shubham/MWP-CS229/Copy/MWPToolkit/mwptoolkit/config/../properties/dataset/mawps-single.json
dataset_path=dataset/mawps-single
min_word_keep=5
min_generate_keep=5
mask_symbol=number
single=True
linear=True
language=en
train_batch_size=32
test_batch_size=32
source_equation_fix=infix
embedding_size=128
hidden_size=256
decode_hidden_size=512
learning_rate=0.001
decoder_rnn_cell_type=lstm
encoder_rnn_cell_type=lstm
teacher_force_ratio=0.83
num_layers=2
epoch_nums=100
dropout_ratio=0.3
bidirectional=True
step_size=20
rule1=False
rule2=False
share_vocab=True
attention=True
equation_fix=prefix
self_attention=True
symbol_for_tree=False
add_sos=False
add_eos=False
model=GroupATT
dataset=mawps-single
task_type=single_equation
k_fold=5
checkpoint_path=checkpoint/GroupATT-mawps-single-prefix.pth
trained_model_path=trained_model/GroupATT-mawps-single-prefix.pth
log_path=log/GroupATT-mawps-single-prefix.log
device=cpu
map_location=cpu
gpu_nums=0


Sat 30 Oct 2021 18:26:38 INFO start training with 5 fold cross validation.
Sat 30 Oct 2021 18:26:39 INFO fold 0
Sat 30 Oct 2021 18:26:43 INFO test total [396] | test equ acc [0.321] | test value acc [0.321] | test time 0h 0m 4s
Sat 30 Oct 2021 18:26:44 INFO fold 1
Sat 30 Oct 2021 18:26:48 INFO test total [397] | test equ acc [0.861] | test value acc [0.864] | test time 0h 0m 4s
Sat 30 Oct 2021 18:26:49 INFO fold 2
Sat 30 Oct 2021 18:35:53 INFO random_seed=2021
use_gpu=True
max_output_len=30
gpu_id=0
test_step=5
load_best_config=False
supervising_mode=fully_supervised
rebuild=False
validset_divide=True
shuffle=False
test_only=True
root=/home/shubham/MWP-CS229/Copy/MWPToolkit
model_config_path=/home/shubham/MWP-CS229/Copy/MWPToolkit/mwptoolkit/config/../properties/model/GroupATT.json
best_config_path=/home/shubham/MWP-CS229/Copy/MWPToolkit/mwptoolkit/config/../properties/best_config/GroupATT_mawps-single.json
dataset_config_path=/home/shubham/MWP-CS229/Copy/MWPToolkit/mwptoolkit/config/../properties/dataset/mawps-single.json
dataset_path=dataset/mawps-single
min_word_keep=5
min_generate_keep=5
mask_symbol=number
single=True
linear=True
language=en
train_batch_size=32
test_batch_size=32
source_equation_fix=infix
embedding_size=128
hidden_size=256
decode_hidden_size=512
learning_rate=0.001
decoder_rnn_cell_type=lstm
encoder_rnn_cell_type=lstm
teacher_force_ratio=0.83
num_layers=2
epoch_nums=100
dropout_ratio=0.3
bidirectional=True
step_size=20
rule1=False
rule2=False
share_vocab=True
attention=True
equation_fix=prefix
self_attention=True
symbol_for_tree=False
add_sos=False
add_eos=False
model=GroupATT
dataset=mawps-single
task_type=single_equation
k_fold=5
checkpoint_path=checkpoint/GroupATT-mawps-single-prefix.pth
trained_model_path=trained_model/GroupATT-mawps-single-prefix.pth
log_path=log/GroupATT-mawps-single-prefix.log
device=cpu
map_location=cpu
gpu_nums=0


Sat 30 Oct 2021 18:35:53 INFO start training with 5 fold cross validation.
Sat 30 Oct 2021 18:35:54 INFO fold 0
Sat 30 Oct 2021 18:35:59 INFO test total [396] | test equ acc [0.321] | test value acc [0.321] | test time 0h 0m 4s
Sat 30 Oct 2021 18:36:00 INFO fold 1
Sat 30 Oct 2021 18:36:05 INFO test total [397] | test equ acc [0.861] | test value acc [0.864] | test time 0h 0m 4s
Sat 30 Oct 2021 18:36:06 INFO fold 2
Sat 30 Oct 2021 18:36:11 INFO test total [397] | test equ acc [0.884] | test value acc [0.892] | test time 0h 0m 4s
Sat 30 Oct 2021 18:36:12 INFO fold 3
Sat 30 Oct 2021 18:36:17 INFO test total [397] | test equ acc [0.831] | test value acc [0.836] | test time 0h 0m 5s
Sat 30 Oct 2021 18:36:18 INFO fold 4
Sat 30 Oct 2021 18:36:24 INFO test total [399] | test equ acc [0.837] | test value acc [0.840] | test time 0h 0m 6s
Sat 30 Oct 2021 18:36:24 INFO 5 fold cross validation finished.
Sat 30 Oct 2021 18:36:24 INFO fold  2 : test equ accuracy [0.884] | test value accuracy [0.892]
Sat 30 Oct 2021 18:36:24 INFO fold  1 : test equ accuracy [0.861] | test value accuracy [0.864]
Sat 30 Oct 2021 18:36:24 INFO fold  4 : test equ accuracy [0.837] | test value accuracy [0.840]
Sat 30 Oct 2021 18:36:24 INFO fold  3 : test equ accuracy [0.831] | test value accuracy [0.836]
Sat 30 Oct 2021 18:36:24 INFO fold  0 : test equ accuracy [0.321] | test value accuracy [0.321]
Sat 30 Oct 2021 18:36:24 INFO folds avr : test equ accuracy [0.747] | test value accuracy [0.750]
Sat 30 Oct 2021 18:37:10 INFO random_seed=2021
use_gpu=True
max_output_len=30
gpu_id=0
test_step=5
load_best_config=False
supervising_mode=fully_supervised
rebuild=False
validset_divide=True
shuffle=False
test_only=True
root=/home/shubham/MWP-CS229/Copy/MWPToolkit
model_config_path=/home/shubham/MWP-CS229/Copy/MWPToolkit/mwptoolkit/config/../properties/model/GroupATT.json
best_config_path=/home/shubham/MWP-CS229/Copy/MWPToolkit/mwptoolkit/config/../properties/best_config/GroupATT_mawps-single.json
dataset_config_path=/home/shubham/MWP-CS229/Copy/MWPToolkit/mwptoolkit/config/../properties/dataset/mawps-single.json
dataset_path=dataset/mawps-single
min_word_keep=5
min_generate_keep=5
mask_symbol=number
single=True
linear=True
language=en
train_batch_size=32
test_batch_size=32
source_equation_fix=infix
embedding_size=128
hidden_size=256
decode_hidden_size=512
learning_rate=0.001
decoder_rnn_cell_type=lstm
encoder_rnn_cell_type=lstm
teacher_force_ratio=0.83
num_layers=2
epoch_nums=100
dropout_ratio=0.3
bidirectional=True
step_size=20
rule1=False
rule2=False
share_vocab=True
attention=True
equation_fix=prefix
self_attention=True
symbol_for_tree=False
add_sos=False
add_eos=False
model=GroupATT
dataset=mawps-single
task_type=single_equation
k_fold=5
checkpoint_path=checkpoint/GroupATT-mawps-single-prefix.pth
trained_model_path=trained_model/GroupATT-mawps-single-prefix.pth
log_path=log/GroupATT-mawps-single-prefix.log
device=cpu
map_location=cpu
gpu_nums=0


Sat 30 Oct 2021 18:37:10 INFO start training with 5 fold cross validation.
Sat 30 Oct 2021 18:37:10 INFO fold 0
Sat 30 Oct 2021 18:37:15 INFO test total [396] | test equ acc [0.321] | test value acc [0.321] | test time 0h 0m 4s
Sat 30 Oct 2021 18:37:16 INFO fold 1
Sat 30 Oct 2021 18:37:21 INFO test total [397] | test equ acc [0.861] | test value acc [0.864] | test time 0h 0m 4s
Sat 30 Oct 2021 18:37:22 INFO fold 2
Sat 30 Oct 2021 18:37:27 INFO test total [397] | test equ acc [0.884] | test value acc [0.892] | test time 0h 0m 5s
Sat 30 Oct 2021 18:37:28 INFO fold 3
Sat 30 Oct 2021 18:37:34 INFO test total [397] | test equ acc [0.831] | test value acc [0.836] | test time 0h 0m 5s
Sat 30 Oct 2021 18:37:35 INFO fold 4
Sat 30 Oct 2021 18:37:41 INFO test total [399] | test equ acc [0.837] | test value acc [0.840] | test time 0h 0m 5s
Sat 30 Oct 2021 18:37:41 INFO 5 fold cross validation finished.
Sat 30 Oct 2021 18:37:41 INFO fold  2 : test equ accuracy [0.884] | test value accuracy [0.892]
Sat 30 Oct 2021 18:37:41 INFO fold  1 : test equ accuracy [0.861] | test value accuracy [0.864]
Sat 30 Oct 2021 18:37:41 INFO fold  4 : test equ accuracy [0.837] | test value accuracy [0.840]
Sat 30 Oct 2021 18:37:41 INFO fold  3 : test equ accuracy [0.831] | test value accuracy [0.836]
Sat 30 Oct 2021 18:37:41 INFO fold  0 : test equ accuracy [0.321] | test value accuracy [0.321]
Sat 30 Oct 2021 18:37:41 INFO folds avr : test equ accuracy [0.747] | test value accuracy [0.750]
Sat 30 Oct 2021 18:37:53 INFO random_seed=2021
use_gpu=True
max_output_len=30
gpu_id=0
test_step=5
load_best_config=False
supervising_mode=fully_supervised
rebuild=False
validset_divide=True
shuffle=False
test_only=True
root=/home/shubham/MWP-CS229/Copy/MWPToolkit
model_config_path=/home/shubham/MWP-CS229/Copy/MWPToolkit/mwptoolkit/config/../properties/model/GroupATT.json
best_config_path=/home/shubham/MWP-CS229/Copy/MWPToolkit/mwptoolkit/config/../properties/best_config/GroupATT_mawps-single.json
dataset_config_path=/home/shubham/MWP-CS229/Copy/MWPToolkit/mwptoolkit/config/../properties/dataset/mawps-single.json
dataset_path=dataset/mawps-single
min_word_keep=5
min_generate_keep=5
mask_symbol=number
single=True
linear=True
language=en
train_batch_size=32
test_batch_size=32
source_equation_fix=infix
embedding_size=128
hidden_size=256
decode_hidden_size=512
learning_rate=0.001
decoder_rnn_cell_type=lstm
encoder_rnn_cell_type=lstm
teacher_force_ratio=0.83
num_layers=2
epoch_nums=100
dropout_ratio=0.3
bidirectional=True
step_size=20
rule1=False
rule2=False
share_vocab=True
attention=True
equation_fix=prefix
self_attention=True
symbol_for_tree=False
add_sos=False
add_eos=False
model=GroupATT
dataset=mawps-single
task_type=single_equation
k_fold=5
checkpoint_path=checkpoint/GroupATT-mawps-single-prefix.pth
trained_model_path=trained_model/GroupATT-mawps-single-prefix.pth
log_path=log/GroupATT-mawps-single-prefix.log
device=cpu
map_location=cpu
gpu_nums=0


Sat 30 Oct 2021 18:37:53 INFO start training with 5 fold cross validation.
Sat 30 Oct 2021 18:37:54 INFO fold 0
Sat 30 Oct 2021 18:37:59 INFO test total [396] | test equ acc [0.321] | test value acc [0.321] | test time 0h 0m 5s
Sat 30 Oct 2021 18:38:00 INFO fold 1
Sat 30 Oct 2021 18:38:06 INFO test total [397] | test equ acc [0.861] | test value acc [0.864] | test time 0h 0m 5s
Sat 30 Oct 2021 18:38:07 INFO fold 2
Sat 30 Oct 2021 18:38:14 INFO test total [397] | test equ acc [0.884] | test value acc [0.892] | test time 0h 0m 7s
Sat 30 Oct 2021 18:38:15 INFO fold 3
Sat 30 Oct 2021 18:38:21 INFO test total [397] | test equ acc [0.831] | test value acc [0.836] | test time 0h 0m 5s
Sat 30 Oct 2021 18:38:22 INFO fold 4
Sat 30 Oct 2021 18:38:28 INFO test total [399] | test equ acc [0.837] | test value acc [0.840] | test time 0h 0m 6s
Sat 30 Oct 2021 18:38:28 INFO 5 fold cross validation finished.
Sat 30 Oct 2021 18:38:28 INFO fold  2 : test equ accuracy [0.884] | test value accuracy [0.892]
Sat 30 Oct 2021 18:38:28 INFO fold  1 : test equ accuracy [0.861] | test value accuracy [0.864]
Sat 30 Oct 2021 18:38:28 INFO fold  4 : test equ accuracy [0.837] | test value accuracy [0.840]
Sat 30 Oct 2021 18:38:28 INFO fold  3 : test equ accuracy [0.831] | test value accuracy [0.836]
Sat 30 Oct 2021 18:38:28 INFO fold  0 : test equ accuracy [0.321] | test value accuracy [0.321]
Sat 30 Oct 2021 18:38:28 INFO folds avr : test equ accuracy [0.747] | test value accuracy [0.750]
Sat 30 Oct 2021 18:39:46 INFO random_seed=2021
use_gpu=True
max_output_len=30
gpu_id=0
test_step=5
load_best_config=False
supervising_mode=fully_supervised
rebuild=False
validset_divide=True
shuffle=False
test_only=True
root=/home/shubham/MWP-CS229/Copy/MWPToolkit
model_config_path=/home/shubham/MWP-CS229/Copy/MWPToolkit/mwptoolkit/config/../properties/model/GroupATT.json
best_config_path=/home/shubham/MWP-CS229/Copy/MWPToolkit/mwptoolkit/config/../properties/best_config/GroupATT_mawps-single.json
dataset_config_path=/home/shubham/MWP-CS229/Copy/MWPToolkit/mwptoolkit/config/../properties/dataset/mawps-single.json
dataset_path=dataset/mawps-single
min_word_keep=5
min_generate_keep=5
mask_symbol=number
single=True
linear=True
language=en
train_batch_size=32
test_batch_size=32
source_equation_fix=infix
embedding_size=128
hidden_size=256
decode_hidden_size=512
learning_rate=0.001
decoder_rnn_cell_type=lstm
encoder_rnn_cell_type=lstm
teacher_force_ratio=0.83
num_layers=2
epoch_nums=100
dropout_ratio=0.3
bidirectional=True
step_size=20
rule1=False
rule2=False
share_vocab=True
attention=True
equation_fix=prefix
self_attention=True
symbol_for_tree=False
add_sos=False
add_eos=False
model=GroupATT
dataset=mawps-single
task_type=single_equation
k_fold=5
checkpoint_path=checkpoint/GroupATT-mawps-single-prefix.pth
trained_model_path=trained_model/GroupATT-mawps-single-prefix.pth
log_path=log/GroupATT-mawps-single-prefix.log
device=cpu
map_location=cpu
gpu_nums=0


Sat 30 Oct 2021 18:39:46 INFO start training with 5 fold cross validation.
Sat 30 Oct 2021 18:43:43 INFO random_seed=2021
use_gpu=True
max_output_len=30
gpu_id=0
test_step=5
load_best_config=False
supervising_mode=fully_supervised
rebuild=False
validset_divide=True
shuffle=False
test_only=True
root=/home/shubham/MWP-CS229/Copy/MWPToolkit
model_config_path=/home/shubham/MWP-CS229/Copy/MWPToolkit/mwptoolkit/config/../properties/model/GroupATT.json
best_config_path=/home/shubham/MWP-CS229/Copy/MWPToolkit/mwptoolkit/config/../properties/best_config/GroupATT_mawps-single.json
dataset_config_path=/home/shubham/MWP-CS229/Copy/MWPToolkit/mwptoolkit/config/../properties/dataset/mawps-single.json
dataset_path=dataset/mawps-single
min_word_keep=5
min_generate_keep=5
mask_symbol=number
single=True
linear=True
language=en
train_batch_size=32
test_batch_size=32
source_equation_fix=infix
embedding_size=128
hidden_size=256
decode_hidden_size=512
learning_rate=0.001
decoder_rnn_cell_type=lstm
encoder_rnn_cell_type=lstm
teacher_force_ratio=0.83
num_layers=2
epoch_nums=100
dropout_ratio=0.3
bidirectional=True
step_size=20
rule1=False
rule2=False
share_vocab=True
attention=True
equation_fix=prefix
self_attention=True
symbol_for_tree=False
add_sos=False
add_eos=False
model=GroupATT
dataset=mawps-single
task_type=single_equation
k_fold=5
checkpoint_path=checkpoint/GroupATT-mawps-single-prefix.pth
trained_model_path=trained_model/GroupATT-mawps-single-prefix.pth
log_path=log/GroupATT-mawps-single-prefix.log
device=cpu
map_location=cpu
gpu_nums=0


Sat 30 Oct 2021 18:43:43 INFO start training with 5 fold cross validation.
Sat 30 Oct 2021 18:43:52 INFO random_seed=2021
use_gpu=True
max_output_len=30
gpu_id=0
test_step=5
load_best_config=False
supervising_mode=fully_supervised
rebuild=False
validset_divide=True
shuffle=False
test_only=True
root=/home/shubham/MWP-CS229/Copy/MWPToolkit
model_config_path=/home/shubham/MWP-CS229/Copy/MWPToolkit/mwptoolkit/config/../properties/model/GroupATT.json
best_config_path=/home/shubham/MWP-CS229/Copy/MWPToolkit/mwptoolkit/config/../properties/best_config/GroupATT_mawps-single.json
dataset_config_path=/home/shubham/MWP-CS229/Copy/MWPToolkit/mwptoolkit/config/../properties/dataset/mawps-single.json
dataset_path=dataset/mawps-single
min_word_keep=5
min_generate_keep=5
mask_symbol=number
single=True
linear=True
language=en
train_batch_size=32
test_batch_size=32
source_equation_fix=infix
embedding_size=128
hidden_size=256
decode_hidden_size=512
learning_rate=0.001
decoder_rnn_cell_type=lstm
encoder_rnn_cell_type=lstm
teacher_force_ratio=0.83
num_layers=2
epoch_nums=100
dropout_ratio=0.3
bidirectional=True
step_size=20
rule1=False
rule2=False
share_vocab=True
attention=True
equation_fix=prefix
self_attention=True
symbol_for_tree=False
add_sos=False
add_eos=False
model=GroupATT
dataset=mawps-single
task_type=single_equation
k_fold=5
checkpoint_path=checkpoint/GroupATT-mawps-single-prefix.pth
trained_model_path=trained_model/GroupATT-mawps-single-prefix.pth
log_path=log/GroupATT-mawps-single-prefix.log
device=cpu
map_location=cpu
gpu_nums=0


Sat 30 Oct 2021 18:43:52 INFO start training with 5 fold cross validation.
Sat 30 Oct 2021 18:43:53 INFO fold 0
Sat 30 Oct 2021 18:43:58 INFO test total [396] | test equ acc [0.321] | test value acc [0.321] | test time 0h 0m 4s
Sat 30 Oct 2021 18:43:59 INFO fold 1
Sat 30 Oct 2021 18:44:04 INFO test total [397] | test equ acc [0.861] | test value acc [0.864] | test time 0h 0m 4s
Sat 30 Oct 2021 18:44:05 INFO fold 2
Sat 30 Oct 2021 18:44:10 INFO test total [397] | test equ acc [0.884] | test value acc [0.892] | test time 0h 0m 5s
Sat 30 Oct 2021 18:44:11 INFO fold 3
Sat 30 Oct 2021 18:44:16 INFO test total [397] | test equ acc [0.831] | test value acc [0.836] | test time 0h 0m 5s
Sat 30 Oct 2021 18:44:17 INFO fold 4
Sat 30 Oct 2021 18:44:22 INFO test total [399] | test equ acc [0.837] | test value acc [0.840] | test time 0h 0m 4s
Sat 30 Oct 2021 18:44:22 INFO 5 fold cross validation finished.
Sat 30 Oct 2021 18:44:22 INFO fold  2 : test equ accuracy [0.884] | test value accuracy [0.892]
Sat 30 Oct 2021 18:44:22 INFO fold  1 : test equ accuracy [0.861] | test value accuracy [0.864]
Sat 30 Oct 2021 18:44:22 INFO fold  4 : test equ accuracy [0.837] | test value accuracy [0.840]
Sat 30 Oct 2021 18:44:22 INFO fold  3 : test equ accuracy [0.831] | test value accuracy [0.836]
Sat 30 Oct 2021 18:44:22 INFO fold  0 : test equ accuracy [0.321] | test value accuracy [0.321]
Sat 30 Oct 2021 18:44:22 INFO folds avr : test equ accuracy [0.747] | test value accuracy [0.750]
Sat 30 Oct 2021 18:47:13 INFO random_seed=2021
use_gpu=True
max_output_len=30
gpu_id=0
test_step=5
load_best_config=False
supervising_mode=fully_supervised
rebuild=False
validset_divide=True
shuffle=False
test_only=True
root=/home/shubham/MWP-CS229/Copy/MWPToolkit
model_config_path=/home/shubham/MWP-CS229/Copy/MWPToolkit/mwptoolkit/config/../properties/model/GroupATT.json
best_config_path=/home/shubham/MWP-CS229/Copy/MWPToolkit/mwptoolkit/config/../properties/best_config/GroupATT_mawps-single.json
dataset_config_path=/home/shubham/MWP-CS229/Copy/MWPToolkit/mwptoolkit/config/../properties/dataset/mawps-single.json
dataset_path=dataset/mawps-single
min_word_keep=5
min_generate_keep=5
mask_symbol=number
single=True
linear=True
language=en
train_batch_size=32
test_batch_size=32
source_equation_fix=infix
embedding_size=128
hidden_size=256
decode_hidden_size=512
learning_rate=0.001
decoder_rnn_cell_type=lstm
encoder_rnn_cell_type=lstm
teacher_force_ratio=0.83
num_layers=2
epoch_nums=100
dropout_ratio=0.3
bidirectional=True
step_size=20
rule1=False
rule2=False
share_vocab=True
attention=True
equation_fix=prefix
self_attention=True
symbol_for_tree=False
add_sos=False
add_eos=False
model=GroupATT
dataset=mawps-single
task_type=single_equation
k_fold=5
checkpoint_path=checkpoint/GroupATT-mawps-single-prefix.pth
trained_model_path=trained_model/GroupATT-mawps-single-prefix.pth
log_path=log/GroupATT-mawps-single-prefix.log
device=cpu
map_location=cpu
gpu_nums=0


Sat 30 Oct 2021 18:47:13 INFO start training with 5 fold cross validation.
Sat 30 Oct 2021 18:47:14 INFO fold 0
Sat 30 Oct 2021 18:47:19 INFO test total [396] | test equ acc [0.321] | test value acc [0.321] | test time 0h 0m 4s
Sat 30 Oct 2021 18:47:20 INFO fold 1
Sat 30 Oct 2021 18:47:25 INFO test total [397] | test equ acc [0.861] | test value acc [0.864] | test time 0h 0m 4s
Sat 30 Oct 2021 18:47:26 INFO fold 2
Sat 30 Oct 2021 18:47:30 INFO test total [397] | test equ acc [0.884] | test value acc [0.892] | test time 0h 0m 4s
Sat 30 Oct 2021 18:47:31 INFO fold 3
Sat 30 Oct 2021 18:47:36 INFO test total [397] | test equ acc [0.831] | test value acc [0.836] | test time 0h 0m 4s
Sat 30 Oct 2021 18:47:37 INFO fold 4
Sat 30 Oct 2021 18:47:42 INFO test total [399] | test equ acc [0.837] | test value acc [0.840] | test time 0h 0m 4s
Sat 30 Oct 2021 18:47:42 INFO 5 fold cross validation finished.
Sat 30 Oct 2021 18:47:42 INFO fold  2 : test equ accuracy [0.884] | test value accuracy [0.892]
Sat 30 Oct 2021 18:47:42 INFO fold  1 : test equ accuracy [0.861] | test value accuracy [0.864]
Sat 30 Oct 2021 18:47:42 INFO fold  4 : test equ accuracy [0.837] | test value accuracy [0.840]
Sat 30 Oct 2021 18:47:42 INFO fold  3 : test equ accuracy [0.831] | test value accuracy [0.836]
Sat 30 Oct 2021 18:47:42 INFO fold  0 : test equ accuracy [0.321] | test value accuracy [0.321]
Sat 30 Oct 2021 18:47:42 INFO folds avr : test equ accuracy [0.747] | test value accuracy [0.750]
Sat 30 Oct 2021 18:49:01 INFO random_seed=2021
use_gpu=True
max_output_len=30
gpu_id=0
test_step=5
load_best_config=False
supervising_mode=fully_supervised
rebuild=False
validset_divide=True
shuffle=False
test_only=True
root=/home/shubham/MWP-CS229/Copy/MWPToolkit
model_config_path=/home/shubham/MWP-CS229/Copy/MWPToolkit/mwptoolkit/config/../properties/model/GroupATT.json
best_config_path=/home/shubham/MWP-CS229/Copy/MWPToolkit/mwptoolkit/config/../properties/best_config/GroupATT_mawps-single.json
dataset_config_path=/home/shubham/MWP-CS229/Copy/MWPToolkit/mwptoolkit/config/../properties/dataset/mawps-single.json
dataset_path=dataset/mawps-single
min_word_keep=5
min_generate_keep=5
mask_symbol=number
single=True
linear=True
language=en
train_batch_size=32
test_batch_size=32
source_equation_fix=infix
embedding_size=128
hidden_size=256
decode_hidden_size=512
learning_rate=0.001
decoder_rnn_cell_type=lstm
encoder_rnn_cell_type=lstm
teacher_force_ratio=0.83
num_layers=2
epoch_nums=100
dropout_ratio=0.3
bidirectional=True
step_size=20
rule1=False
rule2=False
share_vocab=True
attention=True
equation_fix=prefix
self_attention=True
symbol_for_tree=False
add_sos=False
add_eos=False
model=GroupATT
dataset=mawps-single
task_type=single_equation
k_fold=5
checkpoint_path=checkpoint/GroupATT-mawps-single-prefix.pth
trained_model_path=trained_model/GroupATT-mawps-single-prefix.pth
log_path=log/GroupATT-mawps-single-prefix.log
device=cpu
map_location=cpu
gpu_nums=0


Sat 30 Oct 2021 18:49:01 INFO start training with 5 fold cross validation.
Sat 30 Oct 2021 18:49:02 INFO fold 0
Sat 30 Oct 2021 18:49:07 INFO test total [396] | test equ acc [0.321] | test value acc [0.321] | test time 0h 0m 4s
Sat 30 Oct 2021 18:49:07 INFO fold 1
Sat 30 Oct 2021 18:49:13 INFO test total [397] | test equ acc [0.861] | test value acc [0.864] | test time 0h 0m 5s
Sat 30 Oct 2021 18:49:13 INFO fold 2
Sat 30 Oct 2021 18:49:19 INFO test total [397] | test equ acc [0.884] | test value acc [0.892] | test time 0h 0m 5s
Sat 30 Oct 2021 18:49:20 INFO fold 3
Sat 30 Oct 2021 18:49:25 INFO test total [397] | test equ acc [0.831] | test value acc [0.836] | test time 0h 0m 5s
Sat 30 Oct 2021 18:49:26 INFO fold 4
Sat 30 Oct 2021 18:49:31 INFO test total [399] | test equ acc [0.837] | test value acc [0.840] | test time 0h 0m 5s
Sat 30 Oct 2021 18:49:31 INFO 5 fold cross validation finished.
Sat 30 Oct 2021 18:49:31 INFO fold  2 : test equ accuracy [0.884] | test value accuracy [0.892]
Sat 30 Oct 2021 18:49:31 INFO fold  1 : test equ accuracy [0.861] | test value accuracy [0.864]
Sat 30 Oct 2021 18:49:31 INFO fold  4 : test equ accuracy [0.837] | test value accuracy [0.840]
Sat 30 Oct 2021 18:49:31 INFO fold  3 : test equ accuracy [0.831] | test value accuracy [0.836]
Sat 30 Oct 2021 18:49:31 INFO fold  0 : test equ accuracy [0.321] | test value accuracy [0.321]
Sat 30 Oct 2021 18:49:31 INFO folds avr : test equ accuracy [0.747] | test value accuracy [0.750]
Sat 30 Oct 2021 18:50:51 INFO random_seed=2021
use_gpu=True
max_output_len=30
gpu_id=0
test_step=5
load_best_config=False
supervising_mode=fully_supervised
rebuild=False
validset_divide=True
shuffle=False
test_only=True
root=/home/shubham/MWP-CS229/Copy/MWPToolkit
model_config_path=/home/shubham/MWP-CS229/Copy/MWPToolkit/mwptoolkit/config/../properties/model/GroupATT.json
best_config_path=/home/shubham/MWP-CS229/Copy/MWPToolkit/mwptoolkit/config/../properties/best_config/GroupATT_mawps-single.json
dataset_config_path=/home/shubham/MWP-CS229/Copy/MWPToolkit/mwptoolkit/config/../properties/dataset/mawps-single.json
dataset_path=dataset/mawps-single
min_word_keep=5
min_generate_keep=5
mask_symbol=number
single=True
linear=True
language=en
train_batch_size=32
test_batch_size=32
source_equation_fix=infix
embedding_size=128
hidden_size=256
decode_hidden_size=512
learning_rate=0.001
decoder_rnn_cell_type=lstm
encoder_rnn_cell_type=lstm
teacher_force_ratio=0.83
num_layers=2
epoch_nums=100
dropout_ratio=0.3
bidirectional=True
step_size=20
rule1=False
rule2=False
share_vocab=True
attention=True
equation_fix=prefix
self_attention=True
symbol_for_tree=False
add_sos=False
add_eos=False
model=GroupATT
dataset=mawps-single
task_type=single_equation
k_fold=5
checkpoint_path=checkpoint/GroupATT-mawps-single-prefix.pth
trained_model_path=trained_model/GroupATT-mawps-single-prefix.pth
log_path=log/GroupATT-mawps-single-prefix.log
device=cpu
map_location=cpu
gpu_nums=0


Sat 30 Oct 2021 18:50:51 INFO start training with 5 fold cross validation.
Sat 30 Oct 2021 18:50:52 INFO fold 0
Sat 30 Oct 2021 18:50:57 INFO test total [396] | test equ acc [0.321] | test value acc [0.321] | test time 0h 0m 4s
Sat 30 Oct 2021 18:50:58 INFO fold 1
Sat 30 Oct 2021 18:51:03 INFO test total [397] | test equ acc [0.861] | test value acc [0.864] | test time 0h 0m 4s
Sat 30 Oct 2021 18:51:04 INFO fold 2
Sat 30 Oct 2021 18:51:09 INFO test total [397] | test equ acc [0.884] | test value acc [0.892] | test time 0h 0m 4s
Sat 30 Oct 2021 18:51:10 INFO fold 3
Sat 30 Oct 2021 18:51:15 INFO test total [397] | test equ acc [0.831] | test value acc [0.836] | test time 0h 0m 5s
Sat 30 Oct 2021 18:51:16 INFO fold 4
Sat 30 Oct 2021 18:51:21 INFO test total [399] | test equ acc [0.837] | test value acc [0.840] | test time 0h 0m 4s
Sat 30 Oct 2021 18:51:21 INFO 5 fold cross validation finished.
Sat 30 Oct 2021 18:51:21 INFO fold  2 : test equ accuracy [0.884] | test value accuracy [0.892]
Sat 30 Oct 2021 18:51:21 INFO fold  1 : test equ accuracy [0.861] | test value accuracy [0.864]
Sat 30 Oct 2021 18:51:21 INFO fold  4 : test equ accuracy [0.837] | test value accuracy [0.840]
Sat 30 Oct 2021 18:51:21 INFO fold  3 : test equ accuracy [0.831] | test value accuracy [0.836]
Sat 30 Oct 2021 18:51:21 INFO fold  0 : test equ accuracy [0.321] | test value accuracy [0.321]
Sat 30 Oct 2021 18:51:21 INFO folds avr : test equ accuracy [0.747] | test value accuracy [0.750]
Sat 30 Oct 2021 19:12:52 INFO random_seed=2021
use_gpu=True
max_output_len=30
gpu_id=0
test_step=5
load_best_config=False
supervising_mode=fully_supervised
rebuild=False
validset_divide=True
shuffle=False
test_only=True
root=/home/shubham/MWP-CS229/Copy/MWPToolkit
model_config_path=/home/shubham/MWP-CS229/Copy/MWPToolkit/mwptoolkit/config/../properties/model/GroupATT.json
best_config_path=/home/shubham/MWP-CS229/Copy/MWPToolkit/mwptoolkit/config/../properties/best_config/GroupATT_mawps-single.json
dataset_config_path=/home/shubham/MWP-CS229/Copy/MWPToolkit/mwptoolkit/config/../properties/dataset/mawps-single.json
dataset_path=dataset/mawps-single
min_word_keep=5
min_generate_keep=5
mask_symbol=number
single=True
linear=True
language=en
train_batch_size=32
test_batch_size=32
source_equation_fix=infix
embedding_size=128
hidden_size=256
decode_hidden_size=512
learning_rate=0.001
decoder_rnn_cell_type=lstm
encoder_rnn_cell_type=lstm
teacher_force_ratio=0.83
num_layers=2
epoch_nums=100
dropout_ratio=0.3
bidirectional=True
step_size=20
rule1=False
rule2=False
share_vocab=True
attention=True
equation_fix=prefix
self_attention=True
symbol_for_tree=False
add_sos=False
add_eos=False
model=GroupATT
dataset=mawps-single
task_type=single_equation
k_fold=5
checkpoint_path=checkpoint/GroupATT-mawps-single-prefix.pth
trained_model_path=trained_model/GroupATT-mawps-single-prefix.pth
log_path=log/GroupATT-mawps-single-prefix.log
device=cpu
map_location=cpu
gpu_nums=0


Sat 30 Oct 2021 19:12:52 INFO start training with 5 fold cross validation.
Sat 30 Oct 2021 19:12:52 INFO fold 0
Sat 30 Oct 2021 19:12:57 INFO test total [396] | test equ acc [0.321] | test value acc [0.321] | test time 0h 0m 4s
Sat 30 Oct 2021 19:12:58 INFO fold 1
Sat 30 Oct 2021 19:45:37 INFO random_seed=2021
use_gpu=True
max_output_len=30
gpu_id=0
test_step=5
load_best_config=False
supervising_mode=fully_supervised
rebuild=False
validset_divide=True
shuffle=False
test_only=True
root=/home/shubham/MWP-CS229/Copy/MWPToolkit
model_config_path=/home/shubham/MWP-CS229/Copy/MWPToolkit/mwptoolkit/config/../properties/model/GroupATT.json
best_config_path=/home/shubham/MWP-CS229/Copy/MWPToolkit/mwptoolkit/config/../properties/best_config/GroupATT_mawps-single.json
dataset_config_path=/home/shubham/MWP-CS229/Copy/MWPToolkit/mwptoolkit/config/../properties/dataset/mawps-single.json
dataset_path=dataset/mawps-single
min_word_keep=5
min_generate_keep=5
mask_symbol=number
single=True
linear=True
language=en
train_batch_size=32
test_batch_size=32
source_equation_fix=infix
embedding_size=128
hidden_size=256
decode_hidden_size=512
learning_rate=0.001
decoder_rnn_cell_type=lstm
encoder_rnn_cell_type=lstm
teacher_force_ratio=0.83
num_layers=2
epoch_nums=100
dropout_ratio=0.3
bidirectional=True
step_size=20
rule1=False
rule2=False
share_vocab=True
attention=True
equation_fix=prefix
self_attention=True
symbol_for_tree=False
add_sos=False
add_eos=False
model=GroupATT
dataset=mawps-single
task_type=single_equation
k_fold=5
checkpoint_path=checkpoint/GroupATT-mawps-single-prefix.pth
trained_model_path=trained_model/GroupATT-mawps-single-prefix.pth
log_path=log/GroupATT-mawps-single-prefix.log
device=cpu
map_location=cpu
gpu_nums=0


Sat 30 Oct 2021 19:45:37 INFO start training with 5 fold cross validation.
Sat 30 Oct 2021 19:45:37 INFO fold 0
Sat 30 Oct 2021 19:45:42 INFO test total [396] | test equ acc [0.321] | test value acc [0.321] | test time 0h 0m 4s
Sat 30 Oct 2021 19:45:43 INFO fold 1
Sat 30 Oct 2021 19:45:47 INFO test total [397] | test equ acc [0.861] | test value acc [0.864] | test time 0h 0m 4s
Sat 30 Oct 2021 19:45:48 INFO fold 2
