Wed 27 Oct 2021 23:34:39 INFO random_seed=2021
use_gpu=True
max_output_len=30
gpu_id=0
test_step=5
load_best_config=False
supervising_mode=fully_supervised
rebuild=False
validset_divide=True
shuffle=False
test_only=True
root=/home/shubham/MWP-CS229/Copy/MWPToolkit
model_config_path=/home/shubham/MWP-CS229/Copy/MWPToolkit/mwptoolkit/config/../properties/model/GTS.json
best_config_path=/home/shubham/MWP-CS229/Copy/MWPToolkit/mwptoolkit/config/../properties/best_config/GTS_mawps-single.json
dataset_config_path=/home/shubham/MWP-CS229/Copy/MWPToolkit/mwptoolkit/config/../properties/dataset/mawps-single.json
dataset_path=dataset/mawps-single
min_word_keep=5
min_generate_keep=5
mask_symbol=NUM
single=True
linear=True
language=en
train_batch_size=32
test_batch_size=1
source_equation_fix=infix
embedding_size=128
hidden_size=512
learning_rate=0.001
embedding_learning_rate=0.001
rnn_cell_type=gru
num_layers=2
weight_decay=1e-05
epoch_nums=80
dropout_ratio=0.5
step_size=20
beam_size=5
share_vocab=False
symbol_for_tree=True
equation_fix=prefix
model=GTS
dataset=mawps-single
task_type=single_equation
k_fold=5
checkpoint_path=checkpoint/GTS-mawps-single-prefix.pth
trained_model_path=trained_model/GTS-mawps-single-prefix.pth
log_path=log/GTS-mawps-single-prefix.log
device=cuda
map_location=cuda
gpu_nums=1


Wed 27 Oct 2021 23:34:39 INFO start training with 5 fold cross validation.
Wed 27 Oct 2021 23:34:42 INFO fold 0
