Wed 27 Oct 2021 23:45:15 INFO random_seed=2021
use_gpu=True
max_output_len=30
gpu_id=0
test_step=5
load_best_config=False
supervising_mode=fully_supervised
rebuild=False
validset_divide=True
shuffle=False
root=/home/shubham/MWP-CS229/Copy/MWPToolkit
model_config_path=/home/shubham/MWP-CS229/Copy/MWPToolkit/mwptoolkit/config/../properties/model/MathEN.json
best_config_path=/home/shubham/MWP-CS229/Copy/MWPToolkit/mwptoolkit/config/../properties/best_config/MathEN_mawps-single.json
dataset_config_path=/home/shubham/MWP-CS229/Copy/MWPToolkit/mwptoolkit/config/../properties/dataset/mawps-single.json
dataset_path=dataset/mawps-single
min_word_keep=5
min_generate_keep=5
mask_symbol=number
single=True
linear=True
language=en
train_batch_size=32
test_batch_size=32
source_equation_fix=infix
embedding_size=128
hidden_size=512
decode_hidden_size=512
learning_rate=0.001
embedding_learning_rate=1e-05
decoder_rnn_cell_type=lstm
encoder_rnn_cell_type=lstm
teacher_force_ratio=0.9
num_layers=2
epoch_nums=100
dropout_ratio=0.5
bidirectional=True
step_size=20
rule1=True
rule2=True
share_vocab=False
attention=True
self_attention=True
equation_fix=prefix
symbol_for_tree=False
add_sos=True
add_eos=True
model=MathEN
dataset=mawps-single
task_type=single_equation
k_fold=5
checkpoint_path=checkpoint/MathEN-mawps-single-prefix.pth
trained_model_path=trained_model/MathEN-mawps-single-prefix.pth
log_path=log/MathEN-mawps-single-prefix.log
device=cuda
map_location=cuda
gpu_nums=1


Wed 27 Oct 2021 23:45:15 INFO start training with 5 fold cross validation.
Wed 27 Oct 2021 23:45:18 INFO fold 0
Wed 27 Oct 2021 23:45:18 INFO start training...
Wed 27 Oct 2021 23:45:24 INFO epoch [  1] avr loss [1.40446597] | train time 0h 0m 5s
Wed 27 Oct 2021 23:45:24 INFO ---------- test total [396] | test equ acc [0.199] | test value acc [0.199] | test time 0h 0m 0s
Wed 27 Oct 2021 23:45:31 INFO epoch [  2] avr loss [0.91913074] | train time 0h 0m 5s
Wed 27 Oct 2021 23:45:36 INFO epoch [  3] avr loss [0.71844960] | train time 0h 0m 5s
Wed 27 Oct 2021 23:45:42 INFO epoch [  4] avr loss [0.60515908] | train time 0h 0m 5s
Wed 27 Oct 2021 23:45:48 INFO epoch [  5] avr loss [0.55873792] | train time 0h 0m 5s
Wed 27 Oct 2021 23:45:53 INFO epoch [  6] avr loss [0.45237159] | train time 0h 0m 5s
Wed 27 Oct 2021 23:45:54 INFO ---------- test total [396] | test equ acc [0.553] | test value acc [0.556] | test time 0h 0m 0s
Wed 27 Oct 2021 23:46:01 INFO epoch [  7] avr loss [0.44354634] | train time 0h 0m 5s
Wed 27 Oct 2021 23:46:06 INFO epoch [  8] avr loss [0.35035882] | train time 0h 0m 5s
Wed 27 Oct 2021 23:46:12 INFO epoch [  9] avr loss [0.34611810] | train time 0h 0m 5s
Wed 27 Oct 2021 23:46:18 INFO epoch [ 10] avr loss [0.32857686] | train time 0h 0m 5s
Wed 27 Oct 2021 23:46:24 INFO epoch [ 11] avr loss [0.26410011] | train time 0h 0m 5s
Wed 27 Oct 2021 23:46:25 INFO ---------- test total [396] | test equ acc [0.747] | test value acc [0.747] | test time 0h 0m 0s
Wed 27 Oct 2021 23:46:34 INFO epoch [ 12] avr loss [0.23438987] | train time 0h 0m 8s
Wed 27 Oct 2021 23:46:42 INFO epoch [ 13] avr loss [0.23179915] | train time 0h 0m 7s
Wed 27 Oct 2021 23:46:49 INFO epoch [ 14] avr loss [0.17705258] | train time 0h 0m 7s
Wed 27 Oct 2021 23:46:57 INFO epoch [ 15] avr loss [0.16154045] | train time 0h 0m 7s
Wed 27 Oct 2021 23:47:05 INFO epoch [ 16] avr loss [0.19489051] | train time 0h 0m 7s
Wed 27 Oct 2021 23:47:06 INFO ---------- test total [396] | test equ acc [0.798] | test value acc [0.798] | test time 0h 0m 0s
Wed 27 Oct 2021 23:47:14 INFO epoch [ 17] avr loss [0.16707837] | train time 0h 0m 7s
Wed 27 Oct 2021 23:47:22 INFO epoch [ 18] avr loss [0.13829202] | train time 0h 0m 7s
Wed 27 Oct 2021 23:47:30 INFO epoch [ 19] avr loss [0.14501355] | train time 0h 0m 7s
Wed 27 Oct 2021 23:47:37 INFO epoch [ 20] avr loss [0.11046822] | train time 0h 0m 7s
Wed 27 Oct 2021 23:47:45 INFO epoch [ 21] avr loss [0.09712281] | train time 0h 0m 7s
Wed 27 Oct 2021 23:47:46 INFO ---------- test total [396] | test equ acc [0.874] | test value acc [0.874] | test time 0h 0m 0s
Wed 27 Oct 2021 23:47:54 INFO epoch [ 22] avr loss [0.10993873] | train time 0h 0m 7s
Wed 27 Oct 2021 23:48:02 INFO epoch [ 23] avr loss [0.08505953] | train time 0h 0m 7s
Wed 27 Oct 2021 23:48:10 INFO epoch [ 24] avr loss [0.08387586] | train time 0h 0m 7s
Wed 27 Oct 2021 23:48:18 INFO epoch [ 25] avr loss [0.08748376] | train time 0h 0m 7s
Wed 27 Oct 2021 23:48:25 INFO epoch [ 26] avr loss [0.08376910] | train time 0h 0m 7s
Wed 27 Oct 2021 23:48:27 INFO ---------- test total [396] | test equ acc [0.859] | test value acc [0.859] | test time 0h 0m 1s
Wed 27 Oct 2021 23:48:36 INFO epoch [ 27] avr loss [0.08785537] | train time 0h 0m 7s
Wed 27 Oct 2021 23:48:44 INFO epoch [ 28] avr loss [0.06926082] | train time 0h 0m 8s
Wed 27 Oct 2021 23:48:52 INFO epoch [ 29] avr loss [0.04603300] | train time 0h 0m 8s
Wed 27 Oct 2021 23:49:00 INFO epoch [ 30] avr loss [0.05742472] | train time 0h 0m 8s
Wed 27 Oct 2021 23:49:09 INFO epoch [ 31] avr loss [0.06374340] | train time 0h 0m 8s
Wed 27 Oct 2021 23:49:10 INFO ---------- test total [396] | test equ acc [0.841] | test value acc [0.843] | test time 0h 0m 1s
Wed 27 Oct 2021 23:49:19 INFO epoch [ 32] avr loss [0.07563586] | train time 0h 0m 8s
Wed 27 Oct 2021 23:49:28 INFO epoch [ 33] avr loss [0.06539411] | train time 0h 0m 8s
Wed 27 Oct 2021 23:49:36 INFO epoch [ 34] avr loss [0.04732838] | train time 0h 0m 8s
Wed 27 Oct 2021 23:49:44 INFO epoch [ 35] avr loss [0.05910237] | train time 0h 0m 8s
Wed 27 Oct 2021 23:49:53 INFO epoch [ 36] avr loss [0.06696966] | train time 0h 0m 8s
Wed 27 Oct 2021 23:49:54 INFO ---------- test total [396] | test equ acc [0.879] | test value acc [0.879] | test time 0h 0m 1s
Wed 27 Oct 2021 23:50:04 INFO epoch [ 37] avr loss [0.04889105] | train time 0h 0m 8s
Wed 27 Oct 2021 23:50:12 INFO epoch [ 38] avr loss [0.04181235] | train time 0h 0m 8s
Wed 27 Oct 2021 23:50:20 INFO epoch [ 39] avr loss [0.05020363] | train time 0h 0m 8s
Wed 27 Oct 2021 23:50:28 INFO epoch [ 40] avr loss [0.04963522] | train time 0h 0m 8s
Wed 27 Oct 2021 23:50:37 INFO epoch [ 41] avr loss [0.06571191] | train time 0h 0m 8s
Wed 27 Oct 2021 23:50:38 INFO ---------- test total [396] | test equ acc [0.881] | test value acc [0.881] | test time 0h 0m 1s
Wed 27 Oct 2021 23:50:47 INFO epoch [ 42] avr loss [0.03991369] | train time 0h 0m 8s
Wed 27 Oct 2021 23:50:55 INFO epoch [ 43] avr loss [0.06379572] | train time 0h 0m 8s
Wed 27 Oct 2021 23:51:04 INFO epoch [ 44] avr loss [0.08146224] | train time 0h 0m 8s
Wed 27 Oct 2021 23:51:12 INFO epoch [ 45] avr loss [0.05160800] | train time 0h 0m 8s
Wed 27 Oct 2021 23:51:20 INFO epoch [ 46] avr loss [0.04347839] | train time 0h 0m 8s
Wed 27 Oct 2021 23:51:21 INFO ---------- test total [396] | test equ acc [0.861] | test value acc [0.864] | test time 0h 0m 1s
Wed 27 Oct 2021 23:51:30 INFO epoch [ 47] avr loss [0.03041729] | train time 0h 0m 8s
Wed 27 Oct 2021 23:51:38 INFO epoch [ 48] avr loss [0.02614566] | train time 0h 0m 8s
Wed 27 Oct 2021 23:51:47 INFO epoch [ 49] avr loss [0.03192006] | train time 0h 0m 8s
Wed 27 Oct 2021 23:51:55 INFO epoch [ 50] avr loss [0.03743099] | train time 0h 0m 8s
Wed 27 Oct 2021 23:52:04 INFO epoch [ 51] avr loss [0.03445180] | train time 0h 0m 8s
Wed 27 Oct 2021 23:52:05 INFO ---------- test total [396] | test equ acc [0.876] | test value acc [0.876] | test time 0h 0m 1s
Wed 27 Oct 2021 23:52:14 INFO epoch [ 52] avr loss [0.02949319] | train time 0h 0m 8s
Wed 27 Oct 2021 23:52:23 INFO epoch [ 53] avr loss [0.04045030] | train time 0h 0m 8s
Wed 27 Oct 2021 23:52:31 INFO epoch [ 54] avr loss [0.02652813] | train time 0h 0m 8s
Wed 27 Oct 2021 23:52:39 INFO epoch [ 55] avr loss [0.03230816] | train time 0h 0m 8s
Wed 27 Oct 2021 23:52:47 INFO epoch [ 56] avr loss [0.03430126] | train time 0h 0m 8s
Wed 27 Oct 2021 23:52:48 INFO ---------- test total [396] | test equ acc [0.879] | test value acc [0.879] | test time 0h 0m 1s
Wed 27 Oct 2021 23:52:57 INFO epoch [ 57] avr loss [0.03127847] | train time 0h 0m 8s
Wed 27 Oct 2021 23:53:05 INFO epoch [ 58] avr loss [0.03653997] | train time 0h 0m 7s
Wed 27 Oct 2021 23:53:13 INFO epoch [ 59] avr loss [0.05548758] | train time 0h 0m 7s
Wed 27 Oct 2021 23:53:21 INFO epoch [ 60] avr loss [0.03215747] | train time 0h 0m 8s
Wed 27 Oct 2021 23:53:29 INFO epoch [ 61] avr loss [0.03503163] | train time 0h 0m 7s
Wed 27 Oct 2021 23:53:30 INFO ---------- test total [396] | test equ acc [0.884] | test value acc [0.884] | test time 0h 0m 1s
Wed 27 Oct 2021 23:53:39 INFO epoch [ 62] avr loss [0.01559155] | train time 0h 0m 7s
Wed 27 Oct 2021 23:53:47 INFO epoch [ 63] avr loss [0.02439127] | train time 0h 0m 8s
Wed 27 Oct 2021 23:53:55 INFO epoch [ 64] avr loss [0.03686034] | train time 0h 0m 7s
Wed 27 Oct 2021 23:54:03 INFO epoch [ 65] avr loss [0.01771109] | train time 0h 0m 7s
Wed 27 Oct 2021 23:54:11 INFO epoch [ 66] avr loss [0.05078903] | train time 0h 0m 7s
Wed 27 Oct 2021 23:54:12 INFO ---------- test total [396] | test equ acc [0.876] | test value acc [0.879] | test time 0h 0m 1s
Wed 27 Oct 2021 23:54:21 INFO epoch [ 67] avr loss [0.03126716] | train time 0h 0m 7s
Wed 27 Oct 2021 23:54:29 INFO epoch [ 68] avr loss [0.03183762] | train time 0h 0m 7s
Wed 27 Oct 2021 23:54:36 INFO epoch [ 69] avr loss [0.03783959] | train time 0h 0m 7s
Wed 27 Oct 2021 23:54:44 INFO epoch [ 70] avr loss [0.02315397] | train time 0h 0m 7s
Wed 27 Oct 2021 23:54:52 INFO epoch [ 71] avr loss [0.03853702] | train time 0h 0m 7s
Wed 27 Oct 2021 23:54:53 INFO ---------- test total [396] | test equ acc [0.881] | test value acc [0.881] | test time 0h 0m 1s
Wed 27 Oct 2021 23:55:02 INFO epoch [ 72] avr loss [0.01815190] | train time 0h 0m 7s
Wed 27 Oct 2021 23:55:10 INFO epoch [ 73] avr loss [0.02299673] | train time 0h 0m 8s
Wed 27 Oct 2021 23:55:18 INFO epoch [ 74] avr loss [0.01725401] | train time 0h 0m 8s
Wed 27 Oct 2021 23:55:27 INFO epoch [ 75] avr loss [0.01672856] | train time 0h 0m 8s
Wed 27 Oct 2021 23:55:35 INFO epoch [ 76] avr loss [0.02734916] | train time 0h 0m 8s
Wed 27 Oct 2021 23:55:36 INFO ---------- test total [396] | test equ acc [0.859] | test value acc [0.859] | test time 0h 0m 1s
Wed 27 Oct 2021 23:55:45 INFO epoch [ 77] avr loss [0.02364146] | train time 0h 0m 8s
Wed 27 Oct 2021 23:55:54 INFO epoch [ 78] avr loss [0.04715648] | train time 0h 0m 8s
Wed 27 Oct 2021 23:56:02 INFO epoch [ 79] avr loss [0.05423603] | train time 0h 0m 8s
Wed 27 Oct 2021 23:56:10 INFO epoch [ 80] avr loss [0.05879414] | train time 0h 0m 8s
Wed 27 Oct 2021 23:56:19 INFO epoch [ 81] avr loss [0.02981479] | train time 0h 0m 8s
Wed 27 Oct 2021 23:56:20 INFO ---------- test total [396] | test equ acc [0.869] | test value acc [0.869] | test time 0h 0m 1s
Wed 27 Oct 2021 23:56:29 INFO epoch [ 82] avr loss [0.02466855] | train time 0h 0m 8s
Wed 27 Oct 2021 23:56:37 INFO epoch [ 83] avr loss [0.03179923] | train time 0h 0m 8s
Wed 27 Oct 2021 23:56:46 INFO epoch [ 84] avr loss [0.03389175] | train time 0h 0m 8s
Wed 27 Oct 2021 23:56:54 INFO epoch [ 85] avr loss [0.03117832] | train time 0h 0m 8s
Wed 27 Oct 2021 23:57:02 INFO epoch [ 86] avr loss [0.02472170] | train time 0h 0m 8s
Wed 27 Oct 2021 23:57:04 INFO ---------- test total [396] | test equ acc [0.869] | test value acc [0.869] | test time 0h 0m 1s
Wed 27 Oct 2021 23:57:13 INFO epoch [ 87] avr loss [0.02101920] | train time 0h 0m 8s
Wed 27 Oct 2021 23:57:21 INFO epoch [ 88] avr loss [0.02252750] | train time 0h 0m 8s
Wed 27 Oct 2021 23:57:30 INFO epoch [ 89] avr loss [0.01561403] | train time 0h 0m 8s
Wed 27 Oct 2021 23:57:38 INFO epoch [ 90] avr loss [0.01857521] | train time 0h 0m 8s
Wed 27 Oct 2021 23:57:46 INFO epoch [ 91] avr loss [0.04724730] | train time 0h 0m 8s
Wed 27 Oct 2021 23:57:48 INFO ---------- test total [396] | test equ acc [0.876] | test value acc [0.876] | test time 0h 0m 1s
Wed 27 Oct 2021 23:57:57 INFO epoch [ 92] avr loss [0.01926082] | train time 0h 0m 8s
Wed 27 Oct 2021 23:58:05 INFO epoch [ 93] avr loss [0.01454570] | train time 0h 0m 8s
Wed 27 Oct 2021 23:58:14 INFO epoch [ 94] avr loss [0.01488134] | train time 0h 0m 8s
Wed 27 Oct 2021 23:58:22 INFO epoch [ 95] avr loss [0.02382373] | train time 0h 0m 8s
Wed 27 Oct 2021 23:58:30 INFO epoch [ 96] avr loss [0.01226168] | train time 0h 0m 8s
Wed 27 Oct 2021 23:58:31 INFO ---------- test total [396] | test equ acc [0.874] | test value acc [0.876] | test time 0h 0m 1s
Wed 27 Oct 2021 23:58:40 INFO epoch [ 97] avr loss [0.02985601] | train time 0h 0m 8s
Wed 27 Oct 2021 23:58:42 INFO ---------- test total [396] | test equ acc [0.861] | test value acc [0.861] | test time 0h 0m 1s
Wed 27 Oct 2021 23:58:50 INFO epoch [ 98] avr loss [0.01852079] | train time 0h 0m 8s
Wed 27 Oct 2021 23:58:51 INFO ---------- test total [396] | test equ acc [0.889] | test value acc [0.889] | test time 0h 0m 1s
Wed 27 Oct 2021 23:59:00 INFO epoch [ 99] avr loss [0.01853230] | train time 0h 0m 8s
Wed 27 Oct 2021 23:59:01 INFO ---------- test total [396] | test equ acc [0.884] | test value acc [0.884] | test time 0h 0m 1s
Wed 27 Oct 2021 23:59:10 INFO epoch [100] avr loss [0.01470516] | train time 0h 0m 8s
Wed 27 Oct 2021 23:59:11 INFO ---------- test total [396] | test equ acc [0.879] | test value acc [0.879] | test time 0h 0m 1s
Wed 27 Oct 2021 23:59:12 INFO training finished.
                            best valid result: equation accuracy [0.000] | value accuracy [0.000]
                            best test result : equation accuracy [0.889] | value accuracy [0.889]
Wed 27 Oct 2021 23:59:15 INFO fold 1
Wed 27 Oct 2021 23:59:15 INFO start training...
Wed 27 Oct 2021 23:59:23 INFO epoch [  1] avr loss [1.37718112] | train time 0h 0m 8s
Wed 27 Oct 2021 23:59:24 INFO ---------- test total [397] | test equ acc [0.186] | test value acc [0.189] | test time 0h 0m 1s
Wed 27 Oct 2021 23:59:33 INFO epoch [  2] avr loss [0.94377438] | train time 0h 0m 8s
Wed 27 Oct 2021 23:59:42 INFO epoch [  3] avr loss [0.79463417] | train time 0h 0m 8s
Wed 27 Oct 2021 23:59:50 INFO epoch [  4] avr loss [0.63295371] | train time 0h 0m 8s
Wed 27 Oct 2021 23:59:58 INFO epoch [  5] avr loss [0.58275072] | train time 0h 0m 8s
Thu 28 Oct 2021 00:00:07 INFO epoch [  6] avr loss [0.52351370] | train time 0h 0m 8s
Thu 28 Oct 2021 00:00:08 INFO ---------- test total [397] | test equ acc [0.494] | test value acc [0.494] | test time 0h 0m 1s
Thu 28 Oct 2021 00:00:17 INFO epoch [  7] avr loss [0.46745398] | train time 0h 0m 8s
Thu 28 Oct 2021 00:00:26 INFO epoch [  8] avr loss [0.39465853] | train time 0h 0m 8s
Thu 28 Oct 2021 00:00:34 INFO epoch [  9] avr loss [0.34960875] | train time 0h 0m 8s
Thu 28 Oct 2021 00:00:42 INFO epoch [ 10] avr loss [0.30722285] | train time 0h 0m 8s
Thu 28 Oct 2021 00:00:51 INFO epoch [ 11] avr loss [0.26979745] | train time 0h 0m 8s
Thu 28 Oct 2021 00:00:52 INFO ---------- test total [397] | test equ acc [0.715] | test value acc [0.715] | test time 0h 0m 1s
Thu 28 Oct 2021 00:01:01 INFO epoch [ 12] avr loss [0.23941124] | train time 0h 0m 8s
Thu 28 Oct 2021 00:01:10 INFO epoch [ 13] avr loss [0.24163618] | train time 0h 0m 8s
Thu 28 Oct 2021 00:01:18 INFO epoch [ 14] avr loss [0.20691427] | train time 0h 0m 8s
Thu 28 Oct 2021 00:01:26 INFO epoch [ 15] avr loss [0.18937451] | train time 0h 0m 8s
Thu 28 Oct 2021 00:01:35 INFO epoch [ 16] avr loss [0.15720181] | train time 0h 0m 8s
Thu 28 Oct 2021 00:01:36 INFO ---------- test total [397] | test equ acc [0.796] | test value acc [0.798] | test time 0h 0m 1s
Thu 28 Oct 2021 00:01:46 INFO epoch [ 17] avr loss [0.15949207] | train time 0h 0m 8s
Thu 28 Oct 2021 00:01:54 INFO epoch [ 18] avr loss [0.17886663] | train time 0h 0m 8s
Thu 28 Oct 2021 00:02:02 INFO epoch [ 19] avr loss [0.12313408] | train time 0h 0m 8s
Thu 28 Oct 2021 00:02:11 INFO epoch [ 20] avr loss [0.11877452] | train time 0h 0m 8s
Thu 28 Oct 2021 00:02:19 INFO epoch [ 21] avr loss [0.09935964] | train time 0h 0m 8s
Thu 28 Oct 2021 00:02:20 INFO ---------- test total [397] | test equ acc [0.816] | test value acc [0.816] | test time 0h 0m 1s
Thu 28 Oct 2021 00:02:30 INFO epoch [ 22] avr loss [0.10423899] | train time 0h 0m 8s
Thu 28 Oct 2021 00:02:38 INFO epoch [ 23] avr loss [0.11825904] | train time 0h 0m 8s
Thu 28 Oct 2021 00:02:46 INFO epoch [ 24] avr loss [0.11488160] | train time 0h 0m 8s
Thu 28 Oct 2021 00:02:55 INFO epoch [ 25] avr loss [0.08528794] | train time 0h 0m 8s
Thu 28 Oct 2021 00:03:03 INFO epoch [ 26] avr loss [0.08885910] | train time 0h 0m 8s
Thu 28 Oct 2021 00:03:04 INFO ---------- test total [397] | test equ acc [0.841] | test value acc [0.841] | test time 0h 0m 1s
Thu 28 Oct 2021 00:03:14 INFO epoch [ 27] avr loss [0.06550303] | train time 0h 0m 8s
Thu 28 Oct 2021 00:03:22 INFO epoch [ 28] avr loss [0.06049532] | train time 0h 0m 8s
Thu 28 Oct 2021 00:03:31 INFO epoch [ 29] avr loss [0.05695151] | train time 0h 0m 8s
Thu 28 Oct 2021 00:03:39 INFO epoch [ 30] avr loss [0.05395492] | train time 0h 0m 8s
Thu 28 Oct 2021 00:03:47 INFO epoch [ 31] avr loss [0.06709071] | train time 0h 0m 8s
Thu 28 Oct 2021 00:03:49 INFO ---------- test total [397] | test equ acc [0.824] | test value acc [0.826] | test time 0h 0m 1s
Thu 28 Oct 2021 00:03:58 INFO epoch [ 32] avr loss [0.06044447] | train time 0h 0m 8s
Thu 28 Oct 2021 00:04:06 INFO epoch [ 33] avr loss [0.05162664] | train time 0h 0m 8s
Thu 28 Oct 2021 00:04:15 INFO epoch [ 34] avr loss [0.05521110] | train time 0h 0m 8s
Thu 28 Oct 2021 00:04:23 INFO epoch [ 35] avr loss [0.07785066] | train time 0h 0m 8s
Thu 28 Oct 2021 00:04:31 INFO epoch [ 36] avr loss [0.04387847] | train time 0h 0m 8s
Thu 28 Oct 2021 00:04:33 INFO ---------- test total [397] | test equ acc [0.864] | test value acc [0.866] | test time 0h 0m 1s
Thu 28 Oct 2021 00:04:42 INFO epoch [ 37] avr loss [0.04201862] | train time 0h 0m 8s
Thu 28 Oct 2021 00:04:50 INFO epoch [ 38] avr loss [0.05248787] | train time 0h 0m 7s
Thu 28 Oct 2021 00:04:58 INFO epoch [ 39] avr loss [0.05474562] | train time 0h 0m 8s
Thu 28 Oct 2021 00:05:07 INFO epoch [ 40] avr loss [0.04321748] | train time 0h 0m 8s
Thu 28 Oct 2021 00:05:15 INFO epoch [ 41] avr loss [0.04145381] | train time 0h 0m 8s
Thu 28 Oct 2021 00:05:17 INFO ---------- test total [397] | test equ acc [0.851] | test value acc [0.854] | test time 0h 0m 1s
Thu 28 Oct 2021 00:05:25 INFO epoch [ 42] avr loss [0.02323574] | train time 0h 0m 7s
Thu 28 Oct 2021 00:05:34 INFO epoch [ 43] avr loss [0.04173146] | train time 0h 0m 8s
Thu 28 Oct 2021 00:05:42 INFO epoch [ 44] avr loss [0.03008294] | train time 0h 0m 8s
Thu 28 Oct 2021 00:05:50 INFO epoch [ 45] avr loss [0.03021821] | train time 0h 0m 8s
Thu 28 Oct 2021 00:05:58 INFO epoch [ 46] avr loss [0.03023498] | train time 0h 0m 7s
Thu 28 Oct 2021 00:05:59 INFO ---------- test total [397] | test equ acc [0.854] | test value acc [0.856] | test time 0h 0m 1s
Thu 28 Oct 2021 00:06:08 INFO epoch [ 47] avr loss [0.02596174] | train time 0h 0m 7s
Thu 28 Oct 2021 00:06:15 INFO epoch [ 48] avr loss [0.05931447] | train time 0h 0m 7s
Thu 28 Oct 2021 00:06:23 INFO epoch [ 49] avr loss [0.05240605] | train time 0h 0m 7s
Thu 28 Oct 2021 00:06:32 INFO epoch [ 50] avr loss [0.04096672] | train time 0h 0m 8s
Thu 28 Oct 2021 00:06:40 INFO epoch [ 51] avr loss [0.02247038] | train time 0h 0m 8s
Thu 28 Oct 2021 00:06:41 INFO ---------- test total [397] | test equ acc [0.849] | test value acc [0.851] | test time 0h 0m 1s
Thu 28 Oct 2021 00:06:50 INFO epoch [ 52] avr loss [0.02950767] | train time 0h 0m 7s
Thu 28 Oct 2021 00:06:58 INFO epoch [ 53] avr loss [0.02776271] | train time 0h 0m 7s
Thu 28 Oct 2021 00:07:05 INFO epoch [ 54] avr loss [0.03539985] | train time 0h 0m 7s
Thu 28 Oct 2021 00:07:13 INFO epoch [ 55] avr loss [0.01610501] | train time 0h 0m 7s
Thu 28 Oct 2021 00:07:21 INFO epoch [ 56] avr loss [0.02480707] | train time 0h 0m 7s
Thu 28 Oct 2021 00:07:22 INFO ---------- test total [397] | test equ acc [0.866] | test value acc [0.869] | test time 0h 0m 1s
Thu 28 Oct 2021 00:07:31 INFO epoch [ 57] avr loss [0.02409854] | train time 0h 0m 7s
Thu 28 Oct 2021 00:07:39 INFO epoch [ 58] avr loss [0.02319513] | train time 0h 0m 7s
Thu 28 Oct 2021 00:07:47 INFO epoch [ 59] avr loss [0.02401135] | train time 0h 0m 7s
Thu 28 Oct 2021 00:07:55 INFO epoch [ 60] avr loss [0.02582183] | train time 0h 0m 7s
Thu 28 Oct 2021 00:08:03 INFO epoch [ 61] avr loss [0.02950734] | train time 0h 0m 7s
Thu 28 Oct 2021 00:08:04 INFO ---------- test total [397] | test equ acc [0.844] | test value acc [0.849] | test time 0h 0m 1s
Thu 28 Oct 2021 00:08:13 INFO epoch [ 62] avr loss [0.02554809] | train time 0h 0m 7s
Thu 28 Oct 2021 00:08:20 INFO epoch [ 63] avr loss [0.04858201] | train time 0h 0m 7s
Thu 28 Oct 2021 00:08:28 INFO epoch [ 64] avr loss [0.04587698] | train time 0h 0m 7s
Thu 28 Oct 2021 00:08:36 INFO epoch [ 65] avr loss [0.03673691] | train time 0h 0m 7s
Thu 28 Oct 2021 00:08:44 INFO epoch [ 66] avr loss [0.02909145] | train time 0h 0m 7s
Thu 28 Oct 2021 00:08:45 INFO ---------- test total [397] | test equ acc [0.849] | test value acc [0.851] | test time 0h 0m 1s
Thu 28 Oct 2021 00:08:54 INFO epoch [ 67] avr loss [0.03536586] | train time 0h 0m 7s
Thu 28 Oct 2021 00:09:02 INFO epoch [ 68] avr loss [0.04254766] | train time 0h 0m 7s
Thu 28 Oct 2021 00:09:10 INFO epoch [ 69] avr loss [0.03668302] | train time 0h 0m 7s
Thu 28 Oct 2021 00:09:18 INFO epoch [ 70] avr loss [0.04551699] | train time 0h 0m 7s
Thu 28 Oct 2021 00:09:26 INFO epoch [ 71] avr loss [0.02325569] | train time 0h 0m 7s
Thu 28 Oct 2021 00:09:27 INFO ---------- test total [397] | test equ acc [0.839] | test value acc [0.841] | test time 0h 0m 1s
Thu 28 Oct 2021 00:09:36 INFO epoch [ 72] avr loss [0.02404386] | train time 0h 0m 8s
Thu 28 Oct 2021 00:09:43 INFO epoch [ 73] avr loss [0.03213960] | train time 0h 0m 7s
Thu 28 Oct 2021 00:09:51 INFO epoch [ 74] avr loss [0.03208987] | train time 0h 0m 7s
Thu 28 Oct 2021 00:09:59 INFO epoch [ 75] avr loss [0.02231417] | train time 0h 0m 7s
Thu 28 Oct 2021 00:10:07 INFO epoch [ 76] avr loss [0.03072964] | train time 0h 0m 7s
Thu 28 Oct 2021 00:10:08 INFO ---------- test total [397] | test equ acc [0.841] | test value acc [0.844] | test time 0h 0m 1s
Thu 28 Oct 2021 00:10:17 INFO epoch [ 77] avr loss [0.03352895] | train time 0h 0m 7s
Thu 28 Oct 2021 00:10:25 INFO epoch [ 78] avr loss [0.02653700] | train time 0h 0m 8s
Thu 28 Oct 2021 00:10:33 INFO epoch [ 79] avr loss [0.01824103] | train time 0h 0m 7s
Thu 28 Oct 2021 00:10:41 INFO epoch [ 80] avr loss [0.02056692] | train time 0h 0m 7s
Thu 28 Oct 2021 00:10:49 INFO epoch [ 81] avr loss [0.01676858] | train time 0h 0m 7s
Thu 28 Oct 2021 00:10:50 INFO ---------- test total [397] | test equ acc [0.864] | test value acc [0.866] | test time 0h 0m 1s
Thu 28 Oct 2021 00:10:59 INFO epoch [ 82] avr loss [0.01936564] | train time 0h 0m 7s
Thu 28 Oct 2021 00:11:07 INFO epoch [ 83] avr loss [0.01378188] | train time 0h 0m 7s
Thu 28 Oct 2021 00:11:15 INFO epoch [ 84] avr loss [0.01845596] | train time 0h 0m 8s
Thu 28 Oct 2021 00:11:24 INFO epoch [ 85] avr loss [0.01580288] | train time 0h 0m 8s
Thu 28 Oct 2021 00:11:32 INFO epoch [ 86] avr loss [0.01890613] | train time 0h 0m 8s
Thu 28 Oct 2021 00:11:33 INFO ---------- test total [397] | test equ acc [0.861] | test value acc [0.861] | test time 0h 0m 1s
Thu 28 Oct 2021 00:11:42 INFO epoch [ 87] avr loss [0.01138212] | train time 0h 0m 8s
Thu 28 Oct 2021 00:11:50 INFO epoch [ 88] avr loss [0.01111659] | train time 0h 0m 8s
Thu 28 Oct 2021 00:11:58 INFO epoch [ 89] avr loss [0.01474790] | train time 0h 0m 8s
Thu 28 Oct 2021 00:12:06 INFO epoch [ 90] avr loss [0.03019790] | train time 0h 0m 7s
Thu 28 Oct 2021 00:12:14 INFO epoch [ 91] avr loss [0.03035690] | train time 0h 0m 7s
Thu 28 Oct 2021 00:12:15 INFO ---------- test total [397] | test equ acc [0.861] | test value acc [0.864] | test time 0h 0m 1s
Thu 28 Oct 2021 00:12:24 INFO epoch [ 92] avr loss [0.02360283] | train time 0h 0m 8s
Thu 28 Oct 2021 00:12:32 INFO epoch [ 93] avr loss [0.02260556] | train time 0h 0m 8s
Thu 28 Oct 2021 00:12:40 INFO epoch [ 94] avr loss [0.03329974] | train time 0h 0m 8s
Thu 28 Oct 2021 00:12:48 INFO epoch [ 95] avr loss [0.03270065] | train time 0h 0m 7s
Thu 28 Oct 2021 00:12:56 INFO epoch [ 96] avr loss [0.02080768] | train time 0h 0m 7s
Thu 28 Oct 2021 00:12:57 INFO ---------- test total [397] | test equ acc [0.872] | test value acc [0.874] | test time 0h 0m 1s
Thu 28 Oct 2021 00:13:06 INFO epoch [ 97] avr loss [0.02969064] | train time 0h 0m 7s
Thu 28 Oct 2021 00:13:07 INFO ---------- test total [397] | test equ acc [0.856] | test value acc [0.861] | test time 0h 0m 1s
Thu 28 Oct 2021 00:13:16 INFO epoch [ 98] avr loss [0.03363588] | train time 0h 0m 7s
Thu 28 Oct 2021 00:13:17 INFO ---------- test total [397] | test equ acc [0.869] | test value acc [0.872] | test time 0h 0m 1s
Thu 28 Oct 2021 00:13:25 INFO epoch [ 99] avr loss [0.03002011] | train time 0h 0m 8s
Thu 28 Oct 2021 00:13:26 INFO ---------- test total [397] | test equ acc [0.872] | test value acc [0.874] | test time 0h 0m 1s
Thu 28 Oct 2021 00:13:35 INFO epoch [100] avr loss [0.02001771] | train time 0h 0m 8s
Thu 28 Oct 2021 00:13:36 INFO ---------- test total [397] | test equ acc [0.864] | test value acc [0.866] | test time 0h 0m 1s
Thu 28 Oct 2021 00:13:37 INFO training finished.
                            best valid result: equation accuracy [0.000] | value accuracy [0.000]
                            best test result : equation accuracy [0.872] | value accuracy [0.874]
Thu 28 Oct 2021 00:13:39 INFO fold 2
Thu 28 Oct 2021 00:13:39 INFO start training...
Thu 28 Oct 2021 00:13:47 INFO epoch [  1] avr loss [1.33154220] | train time 0h 0m 7s
Thu 28 Oct 2021 00:13:48 INFO ---------- test total [397] | test equ acc [0.191] | test value acc [0.196] | test time 0h 0m 1s
Thu 28 Oct 2021 00:13:57 INFO epoch [  2] avr loss [0.90185668] | train time 0h 0m 7s
Thu 28 Oct 2021 00:14:05 INFO epoch [  3] avr loss [0.77762336] | train time 0h 0m 7s
Thu 28 Oct 2021 00:14:13 INFO epoch [  4] avr loss [0.60089473] | train time 0h 0m 7s
Thu 28 Oct 2021 00:14:21 INFO epoch [  5] avr loss [0.57226966] | train time 0h 0m 7s
Thu 28 Oct 2021 00:14:29 INFO epoch [  6] avr loss [0.47495226] | train time 0h 0m 8s
Thu 28 Oct 2021 00:14:30 INFO ---------- test total [397] | test equ acc [0.539] | test value acc [0.542] | test time 0h 0m 1s
Thu 28 Oct 2021 00:14:39 INFO epoch [  7] avr loss [0.42229206] | train time 0h 0m 7s
Thu 28 Oct 2021 00:14:47 INFO epoch [  8] avr loss [0.38536693] | train time 0h 0m 7s
Thu 28 Oct 2021 00:14:55 INFO epoch [  9] avr loss [0.35287074] | train time 0h 0m 7s
Thu 28 Oct 2021 00:15:03 INFO epoch [ 10] avr loss [0.31945731] | train time 0h 0m 7s
Thu 28 Oct 2021 00:15:11 INFO epoch [ 11] avr loss [0.26216558] | train time 0h 0m 7s
Thu 28 Oct 2021 00:15:12 INFO ---------- test total [397] | test equ acc [0.695] | test value acc [0.698] | test time 0h 0m 1s
Thu 28 Oct 2021 00:15:21 INFO epoch [ 12] avr loss [0.24487112] | train time 0h 0m 7s
Thu 28 Oct 2021 00:15:29 INFO epoch [ 13] avr loss [0.22031311] | train time 0h 0m 7s
Thu 28 Oct 2021 00:15:37 INFO epoch [ 14] avr loss [0.21212873] | train time 0h 0m 7s
Thu 28 Oct 2021 00:15:45 INFO epoch [ 15] avr loss [0.16398539] | train time 0h 0m 8s
Thu 28 Oct 2021 00:15:53 INFO epoch [ 16] avr loss [0.17167736] | train time 0h 0m 7s
Thu 28 Oct 2021 00:15:54 INFO ---------- test total [397] | test equ acc [0.809] | test value acc [0.811] | test time 0h 0m 1s
Thu 28 Oct 2021 00:16:03 INFO epoch [ 17] avr loss [0.16252232] | train time 0h 0m 8s
Thu 28 Oct 2021 00:16:11 INFO epoch [ 18] avr loss [0.13032698] | train time 0h 0m 7s
Thu 28 Oct 2021 00:16:19 INFO epoch [ 19] avr loss [0.14301644] | train time 0h 0m 7s
Thu 28 Oct 2021 00:16:27 INFO epoch [ 20] avr loss [0.16476091] | train time 0h 0m 7s
Thu 28 Oct 2021 00:16:35 INFO epoch [ 21] avr loss [0.09417979] | train time 0h 0m 7s
Thu 28 Oct 2021 00:16:36 INFO ---------- test total [397] | test equ acc [0.829] | test value acc [0.831] | test time 0h 0m 1s
Thu 28 Oct 2021 00:16:45 INFO epoch [ 22] avr loss [0.07998391] | train time 0h 0m 7s
Thu 28 Oct 2021 00:16:53 INFO epoch [ 23] avr loss [0.08377468] | train time 0h 0m 7s
Thu 28 Oct 2021 00:17:01 INFO epoch [ 24] avr loss [0.07927398] | train time 0h 0m 7s
Thu 28 Oct 2021 00:17:09 INFO epoch [ 25] avr loss [0.11034792] | train time 0h 0m 7s
Thu 28 Oct 2021 00:17:16 INFO epoch [ 26] avr loss [0.05402827] | train time 0h 0m 7s
Thu 28 Oct 2021 00:17:18 INFO ---------- test total [397] | test equ acc [0.826] | test value acc [0.834] | test time 0h 0m 1s
Thu 28 Oct 2021 00:17:27 INFO epoch [ 27] avr loss [0.06695501] | train time 0h 0m 8s
Thu 28 Oct 2021 00:17:35 INFO epoch [ 28] avr loss [0.07185083] | train time 0h 0m 8s
Thu 28 Oct 2021 00:17:43 INFO epoch [ 29] avr loss [0.04992339] | train time 0h 0m 7s
Thu 28 Oct 2021 00:17:50 INFO epoch [ 30] avr loss [0.05617381] | train time 0h 0m 7s
Thu 28 Oct 2021 00:17:58 INFO epoch [ 31] avr loss [0.05180502] | train time 0h 0m 7s
Thu 28 Oct 2021 00:18:00 INFO ---------- test total [397] | test equ acc [0.844] | test value acc [0.851] | test time 0h 0m 1s
Thu 28 Oct 2021 00:18:09 INFO epoch [ 32] avr loss [0.04857709] | train time 0h 0m 7s
Thu 28 Oct 2021 00:18:17 INFO epoch [ 33] avr loss [0.03741113] | train time 0h 0m 8s
Thu 28 Oct 2021 00:18:25 INFO epoch [ 34] avr loss [0.06770480] | train time 0h 0m 8s
Thu 28 Oct 2021 00:18:33 INFO epoch [ 35] avr loss [0.04173852] | train time 0h 0m 7s
Thu 28 Oct 2021 00:18:41 INFO epoch [ 36] avr loss [0.05167857] | train time 0h 0m 7s
Thu 28 Oct 2021 00:18:42 INFO ---------- test total [397] | test equ acc [0.849] | test value acc [0.854] | test time 0h 0m 1s
Thu 28 Oct 2021 00:18:51 INFO epoch [ 37] avr loss [0.03533756] | train time 0h 0m 7s
Thu 28 Oct 2021 00:18:59 INFO epoch [ 38] avr loss [0.04538154] | train time 0h 0m 7s
Thu 28 Oct 2021 00:19:07 INFO epoch [ 39] avr loss [0.03940369] | train time 0h 0m 7s
Thu 28 Oct 2021 00:19:15 INFO epoch [ 40] avr loss [0.03804479] | train time 0h 0m 7s
Thu 28 Oct 2021 00:19:23 INFO epoch [ 41] avr loss [0.03647449] | train time 0h 0m 7s
Thu 28 Oct 2021 00:19:24 INFO ---------- test total [397] | test equ acc [0.861] | test value acc [0.864] | test time 0h 0m 1s
Thu 28 Oct 2021 00:19:32 INFO epoch [ 42] avr loss [0.03187889] | train time 0h 0m 7s
Thu 28 Oct 2021 00:19:40 INFO epoch [ 43] avr loss [0.03288358] | train time 0h 0m 7s
Thu 28 Oct 2021 00:19:48 INFO epoch [ 44] avr loss [0.03876306] | train time 0h 0m 7s
Thu 28 Oct 2021 00:19:56 INFO epoch [ 45] avr loss [0.02803393] | train time 0h 0m 7s
Thu 28 Oct 2021 00:20:04 INFO epoch [ 46] avr loss [0.02852330] | train time 0h 0m 7s
Thu 28 Oct 2021 00:20:05 INFO ---------- test total [397] | test equ acc [0.851] | test value acc [0.854] | test time 0h 0m 1s
Thu 28 Oct 2021 00:20:14 INFO epoch [ 47] avr loss [0.04965798] | train time 0h 0m 7s
Thu 28 Oct 2021 00:20:22 INFO epoch [ 48] avr loss [0.02670068] | train time 0h 0m 7s
Thu 28 Oct 2021 00:20:30 INFO epoch [ 49] avr loss [0.02656295] | train time 0h 0m 7s
Thu 28 Oct 2021 00:20:37 INFO epoch [ 50] avr loss [0.02842646] | train time 0h 0m 7s
Thu 28 Oct 2021 00:20:45 INFO epoch [ 51] avr loss [0.03462536] | train time 0h 0m 7s
Thu 28 Oct 2021 00:20:46 INFO ---------- test total [397] | test equ acc [0.866] | test value acc [0.872] | test time 0h 0m 1s
Thu 28 Oct 2021 00:20:55 INFO epoch [ 52] avr loss [0.03385148] | train time 0h 0m 7s
Thu 28 Oct 2021 00:21:03 INFO epoch [ 53] avr loss [0.02934342] | train time 0h 0m 8s
Thu 28 Oct 2021 00:21:11 INFO epoch [ 54] avr loss [0.01692337] | train time 0h 0m 8s
Thu 28 Oct 2021 00:21:19 INFO epoch [ 55] avr loss [0.01786510] | train time 0h 0m 8s
Thu 28 Oct 2021 00:21:27 INFO epoch [ 56] avr loss [0.02244795] | train time 0h 0m 8s
Thu 28 Oct 2021 00:21:29 INFO ---------- test total [397] | test equ acc [0.874] | test value acc [0.879] | test time 0h 0m 1s
Thu 28 Oct 2021 00:21:38 INFO epoch [ 57] avr loss [0.02166086] | train time 0h 0m 7s
Thu 28 Oct 2021 00:21:46 INFO epoch [ 58] avr loss [0.02529262] | train time 0h 0m 7s
Thu 28 Oct 2021 00:21:54 INFO epoch [ 59] avr loss [0.02204543] | train time 0h 0m 8s
Thu 28 Oct 2021 00:22:02 INFO epoch [ 60] avr loss [0.01887605] | train time 0h 0m 7s
Thu 28 Oct 2021 00:22:10 INFO epoch [ 61] avr loss [0.02497696] | train time 0h 0m 7s
Thu 28 Oct 2021 00:22:11 INFO ---------- test total [397] | test equ acc [0.844] | test value acc [0.849] | test time 0h 0m 1s
Thu 28 Oct 2021 00:22:19 INFO epoch [ 62] avr loss [0.02381848] | train time 0h 0m 7s
Thu 28 Oct 2021 00:22:27 INFO epoch [ 63] avr loss [0.03380499] | train time 0h 0m 7s
Thu 28 Oct 2021 00:22:35 INFO epoch [ 64] avr loss [0.02848669] | train time 0h 0m 7s
Thu 28 Oct 2021 00:22:43 INFO epoch [ 65] avr loss [0.01371707] | train time 0h 0m 7s
Thu 28 Oct 2021 00:22:51 INFO epoch [ 66] avr loss [0.02351203] | train time 0h 0m 7s
Thu 28 Oct 2021 00:22:52 INFO ---------- test total [397] | test equ acc [0.869] | test value acc [0.874] | test time 0h 0m 1s
Thu 28 Oct 2021 00:23:01 INFO epoch [ 67] avr loss [0.03294015] | train time 0h 0m 7s
Thu 28 Oct 2021 00:23:09 INFO epoch [ 68] avr loss [0.03080284] | train time 0h 0m 7s
Thu 28 Oct 2021 00:23:17 INFO epoch [ 69] avr loss [0.01568789] | train time 0h 0m 7s
Thu 28 Oct 2021 00:23:25 INFO epoch [ 70] avr loss [0.01904101] | train time 0h 0m 7s
Thu 28 Oct 2021 00:23:33 INFO epoch [ 71] avr loss [0.01737255] | train time 0h 0m 7s
Thu 28 Oct 2021 00:23:34 INFO ---------- test total [397] | test equ acc [0.861] | test value acc [0.866] | test time 0h 0m 1s
Thu 28 Oct 2021 00:23:43 INFO epoch [ 72] avr loss [0.02435398] | train time 0h 0m 8s
Thu 28 Oct 2021 00:23:51 INFO epoch [ 73] avr loss [0.01842152] | train time 0h 0m 8s
Thu 28 Oct 2021 00:23:59 INFO epoch [ 74] avr loss [0.03810757] | train time 0h 0m 7s
Thu 28 Oct 2021 00:24:07 INFO epoch [ 75] avr loss [0.05038972] | train time 0h 0m 7s
Thu 28 Oct 2021 00:24:15 INFO epoch [ 76] avr loss [0.06169281] | train time 0h 0m 8s
Thu 28 Oct 2021 00:24:16 INFO ---------- test total [397] | test equ acc [0.879] | test value acc [0.882] | test time 0h 0m 1s
Thu 28 Oct 2021 00:24:25 INFO epoch [ 77] avr loss [0.02292684] | train time 0h 0m 7s
Thu 28 Oct 2021 00:24:33 INFO epoch [ 78] avr loss [0.02493303] | train time 0h 0m 7s
Thu 28 Oct 2021 00:24:41 INFO epoch [ 79] avr loss [0.01565009] | train time 0h 0m 7s
Thu 28 Oct 2021 00:24:49 INFO epoch [ 80] avr loss [0.01787720] | train time 0h 0m 7s
Thu 28 Oct 2021 00:24:57 INFO epoch [ 81] avr loss [0.03764374] | train time 0h 0m 7s
Thu 28 Oct 2021 00:24:58 INFO ---------- test total [397] | test equ acc [0.874] | test value acc [0.877] | test time 0h 0m 1s
Thu 28 Oct 2021 00:25:07 INFO epoch [ 82] avr loss [0.03147867] | train time 0h 0m 8s
Thu 28 Oct 2021 00:25:15 INFO epoch [ 83] avr loss [0.01899970] | train time 0h 0m 7s
Thu 28 Oct 2021 00:25:23 INFO epoch [ 84] avr loss [0.01540181] | train time 0h 0m 7s
Thu 28 Oct 2021 00:25:31 INFO epoch [ 85] avr loss [0.02871724] | train time 0h 0m 7s
Thu 28 Oct 2021 00:25:39 INFO epoch [ 86] avr loss [0.01978356] | train time 0h 0m 7s
Thu 28 Oct 2021 00:25:40 INFO ---------- test total [397] | test equ acc [0.851] | test value acc [0.856] | test time 0h 0m 1s
Thu 28 Oct 2021 00:25:49 INFO epoch [ 87] avr loss [0.03129310] | train time 0h 0m 7s
Thu 28 Oct 2021 00:25:57 INFO epoch [ 88] avr loss [0.02506178] | train time 0h 0m 7s
Thu 28 Oct 2021 00:26:05 INFO epoch [ 89] avr loss [0.02517541] | train time 0h 0m 8s
Thu 28 Oct 2021 00:26:13 INFO epoch [ 90] avr loss [0.02523533] | train time 0h 0m 7s
Thu 28 Oct 2021 00:26:21 INFO epoch [ 91] avr loss [0.01636093] | train time 0h 0m 7s
Thu 28 Oct 2021 00:26:22 INFO ---------- test total [397] | test equ acc [0.884] | test value acc [0.889] | test time 0h 0m 1s
Thu 28 Oct 2021 00:26:31 INFO epoch [ 92] avr loss [0.01655767] | train time 0h 0m 8s
Thu 28 Oct 2021 00:26:39 INFO epoch [ 93] avr loss [0.02410969] | train time 0h 0m 8s
Thu 28 Oct 2021 00:26:47 INFO epoch [ 94] avr loss [0.01837220] | train time 0h 0m 7s
Thu 28 Oct 2021 00:26:55 INFO epoch [ 95] avr loss [0.01843161] | train time 0h 0m 8s
Thu 28 Oct 2021 00:27:03 INFO epoch [ 96] avr loss [0.01809585] | train time 0h 0m 8s
Thu 28 Oct 2021 00:27:04 INFO ---------- test total [397] | test equ acc [0.882] | test value acc [0.884] | test time 0h 0m 1s
Thu 28 Oct 2021 00:27:13 INFO epoch [ 97] avr loss [0.02253706] | train time 0h 0m 7s
Thu 28 Oct 2021 00:27:14 INFO ---------- test total [397] | test equ acc [0.887] | test value acc [0.892] | test time 0h 0m 1s
Thu 28 Oct 2021 00:27:23 INFO epoch [ 98] avr loss [0.01494774] | train time 0h 0m 7s
Thu 28 Oct 2021 00:27:24 INFO ---------- test total [397] | test equ acc [0.872] | test value acc [0.874] | test time 0h 0m 1s
Thu 28 Oct 2021 00:27:32 INFO epoch [ 99] avr loss [0.01578515] | train time 0h 0m 7s
Thu 28 Oct 2021 00:27:34 INFO ---------- test total [397] | test equ acc [0.874] | test value acc [0.879] | test time 0h 0m 1s
Thu 28 Oct 2021 00:27:42 INFO epoch [100] avr loss [0.01220320] | train time 0h 0m 8s
Thu 28 Oct 2021 00:27:43 INFO ---------- test total [397] | test equ acc [0.884] | test value acc [0.887] | test time 0h 0m 1s
Thu 28 Oct 2021 00:27:44 INFO training finished.
                            best valid result: equation accuracy [0.000] | value accuracy [0.000]
                            best test result : equation accuracy [0.887] | value accuracy [0.892]
Thu 28 Oct 2021 00:27:47 INFO fold 3
Thu 28 Oct 2021 00:27:47 INFO start training...
Thu 28 Oct 2021 00:27:55 INFO epoch [  1] avr loss [1.35539001] | train time 0h 0m 7s
Thu 28 Oct 2021 00:27:56 INFO ---------- test total [397] | test equ acc [0.159] | test value acc [0.161] | test time 0h 0m 1s
Thu 28 Oct 2021 00:28:05 INFO epoch [  2] avr loss [0.92333951] | train time 0h 0m 7s
Thu 28 Oct 2021 00:28:13 INFO epoch [  3] avr loss [0.73824844] | train time 0h 0m 7s
Thu 28 Oct 2021 00:28:21 INFO epoch [  4] avr loss [0.62749805] | train time 0h 0m 7s
Thu 28 Oct 2021 00:28:29 INFO epoch [  5] avr loss [0.53177094] | train time 0h 0m 7s
Thu 28 Oct 2021 00:28:37 INFO epoch [  6] avr loss [0.48185933] | train time 0h 0m 7s
Thu 28 Oct 2021 00:28:38 INFO ---------- test total [397] | test equ acc [0.526] | test value acc [0.529] | test time 0h 0m 1s
Thu 28 Oct 2021 00:28:47 INFO epoch [  7] avr loss [0.37978704] | train time 0h 0m 7s
Thu 28 Oct 2021 00:28:55 INFO epoch [  8] avr loss [0.39546178] | train time 0h 0m 7s
Thu 28 Oct 2021 00:29:03 INFO epoch [  9] avr loss [0.34212528] | train time 0h 0m 8s
Thu 28 Oct 2021 00:29:11 INFO epoch [ 10] avr loss [0.29943678] | train time 0h 0m 7s
Thu 28 Oct 2021 00:29:19 INFO epoch [ 11] avr loss [0.26655458] | train time 0h 0m 7s
Thu 28 Oct 2021 00:29:20 INFO ---------- test total [397] | test equ acc [0.700] | test value acc [0.700] | test time 0h 0m 1s
Thu 28 Oct 2021 00:29:29 INFO epoch [ 12] avr loss [0.23747279] | train time 0h 0m 7s
Thu 28 Oct 2021 00:29:37 INFO epoch [ 13] avr loss [0.20743108] | train time 0h 0m 7s
Thu 28 Oct 2021 00:29:45 INFO epoch [ 14] avr loss [0.21659659] | train time 0h 0m 7s
Thu 28 Oct 2021 00:29:53 INFO epoch [ 15] avr loss [0.18202300] | train time 0h 0m 8s
Thu 28 Oct 2021 00:30:01 INFO epoch [ 16] avr loss [0.18934200] | train time 0h 0m 7s
Thu 28 Oct 2021 00:30:02 INFO ---------- test total [397] | test equ acc [0.715] | test value acc [0.715] | test time 0h 0m 1s
Thu 28 Oct 2021 00:30:11 INFO epoch [ 17] avr loss [0.19806092] | train time 0h 0m 7s
Thu 28 Oct 2021 00:30:19 INFO epoch [ 18] avr loss [0.19109352] | train time 0h 0m 8s
Thu 28 Oct 2021 00:30:27 INFO epoch [ 19] avr loss [0.14598807] | train time 0h 0m 8s
Thu 28 Oct 2021 00:30:35 INFO epoch [ 20] avr loss [0.11477498] | train time 0h 0m 7s
Thu 28 Oct 2021 00:30:43 INFO epoch [ 21] avr loss [0.13076491] | train time 0h 0m 7s
Thu 28 Oct 2021 00:30:44 INFO ---------- test total [397] | test equ acc [0.758] | test value acc [0.758] | test time 0h 0m 1s
Thu 28 Oct 2021 00:30:53 INFO epoch [ 22] avr loss [0.10774276] | train time 0h 0m 7s
Thu 28 Oct 2021 00:31:01 INFO epoch [ 23] avr loss [0.11742039] | train time 0h 0m 7s
Thu 28 Oct 2021 00:31:09 INFO epoch [ 24] avr loss [0.11040317] | train time 0h 0m 7s
Thu 28 Oct 2021 00:31:17 INFO epoch [ 25] avr loss [0.10692339] | train time 0h 0m 8s
Thu 28 Oct 2021 00:31:26 INFO epoch [ 26] avr loss [0.08539838] | train time 0h 0m 8s
Thu 28 Oct 2021 00:31:27 INFO ---------- test total [397] | test equ acc [0.791] | test value acc [0.793] | test time 0h 0m 1s
Thu 28 Oct 2021 00:31:36 INFO epoch [ 27] avr loss [0.09302521] | train time 0h 0m 7s
Thu 28 Oct 2021 00:31:44 INFO epoch [ 28] avr loss [0.06785590] | train time 0h 0m 8s
Thu 28 Oct 2021 00:31:52 INFO epoch [ 29] avr loss [0.09530524] | train time 0h 0m 8s
Thu 28 Oct 2021 00:32:00 INFO epoch [ 30] avr loss [0.08129060] | train time 0h 0m 8s
Thu 28 Oct 2021 00:32:08 INFO epoch [ 31] avr loss [0.07003570] | train time 0h 0m 7s
Thu 28 Oct 2021 00:32:09 INFO ---------- test total [397] | test equ acc [0.809] | test value acc [0.809] | test time 0h 0m 1s
Thu 28 Oct 2021 00:32:18 INFO epoch [ 32] avr loss [0.05832183] | train time 0h 0m 7s
Thu 28 Oct 2021 00:32:26 INFO epoch [ 33] avr loss [0.06093842] | train time 0h 0m 8s
Thu 28 Oct 2021 00:32:34 INFO epoch [ 34] avr loss [0.05436577] | train time 0h 0m 7s
Thu 28 Oct 2021 00:32:42 INFO epoch [ 35] avr loss [0.04590846] | train time 0h 0m 7s
Thu 28 Oct 2021 00:32:50 INFO epoch [ 36] avr loss [0.05227562] | train time 0h 0m 8s
Thu 28 Oct 2021 00:32:52 INFO ---------- test total [397] | test equ acc [0.781] | test value acc [0.781] | test time 0h 0m 1s
Thu 28 Oct 2021 00:33:01 INFO epoch [ 37] avr loss [0.03448939] | train time 0h 0m 7s
Thu 28 Oct 2021 00:33:09 INFO epoch [ 38] avr loss [0.04546777] | train time 0h 0m 7s
Thu 28 Oct 2021 00:33:17 INFO epoch [ 39] avr loss [0.04392688] | train time 0h 0m 7s
Thu 28 Oct 2021 00:33:24 INFO epoch [ 40] avr loss [0.03771202] | train time 0h 0m 7s
Thu 28 Oct 2021 00:33:32 INFO epoch [ 41] avr loss [0.04192442] | train time 0h 0m 7s
Thu 28 Oct 2021 00:33:33 INFO ---------- test total [397] | test equ acc [0.809] | test value acc [0.816] | test time 0h 0m 1s
Thu 28 Oct 2021 00:33:42 INFO epoch [ 42] avr loss [0.02986835] | train time 0h 0m 7s
Thu 28 Oct 2021 00:33:50 INFO epoch [ 43] avr loss [0.04300540] | train time 0h 0m 7s
Thu 28 Oct 2021 00:33:58 INFO epoch [ 44] avr loss [0.02760170] | train time 0h 0m 8s
Thu 28 Oct 2021 00:34:06 INFO epoch [ 45] avr loss [0.03964742] | train time 0h 0m 7s
Thu 28 Oct 2021 00:34:14 INFO epoch [ 46] avr loss [0.04374297] | train time 0h 0m 7s
Thu 28 Oct 2021 00:34:16 INFO ---------- test total [397] | test equ acc [0.816] | test value acc [0.824] | test time 0h 0m 1s
Thu 28 Oct 2021 00:34:25 INFO epoch [ 47] avr loss [0.03159851] | train time 0h 0m 7s
Thu 28 Oct 2021 00:34:33 INFO epoch [ 48] avr loss [0.05106583] | train time 0h 0m 8s
Thu 28 Oct 2021 00:34:41 INFO epoch [ 49] avr loss [0.05161469] | train time 0h 0m 7s
Thu 28 Oct 2021 00:34:49 INFO epoch [ 50] avr loss [0.03262855] | train time 0h 0m 8s
Thu 28 Oct 2021 00:34:57 INFO epoch [ 51] avr loss [0.04035521] | train time 0h 0m 8s
Thu 28 Oct 2021 00:34:58 INFO ---------- test total [397] | test equ acc [0.811] | test value acc [0.819] | test time 0h 0m 1s
Thu 28 Oct 2021 00:35:07 INFO epoch [ 52] avr loss [0.04647327] | train time 0h 0m 8s
Thu 28 Oct 2021 00:35:15 INFO epoch [ 53] avr loss [0.02920393] | train time 0h 0m 7s
Thu 28 Oct 2021 00:35:23 INFO epoch [ 54] avr loss [0.03026084] | train time 0h 0m 7s
Thu 28 Oct 2021 00:35:31 INFO epoch [ 55] avr loss [0.02528615] | train time 0h 0m 7s
Thu 28 Oct 2021 00:35:39 INFO epoch [ 56] avr loss [0.03125597] | train time 0h 0m 8s
Thu 28 Oct 2021 00:35:40 INFO ---------- test total [397] | test equ acc [0.798] | test value acc [0.806] | test time 0h 0m 1s
Thu 28 Oct 2021 00:35:49 INFO epoch [ 57] avr loss [0.02517053] | train time 0h 0m 8s
Thu 28 Oct 2021 00:35:57 INFO epoch [ 58] avr loss [0.03098820] | train time 0h 0m 7s
Thu 28 Oct 2021 00:36:05 INFO epoch [ 59] avr loss [0.02371259] | train time 0h 0m 7s
Thu 28 Oct 2021 00:36:13 INFO epoch [ 60] avr loss [0.03059734] | train time 0h 0m 8s
Thu 28 Oct 2021 00:36:21 INFO epoch [ 61] avr loss [0.02024920] | train time 0h 0m 8s
Thu 28 Oct 2021 00:36:23 INFO ---------- test total [397] | test equ acc [0.809] | test value acc [0.816] | test time 0h 0m 1s
Thu 28 Oct 2021 00:36:32 INFO epoch [ 62] avr loss [0.01883618] | train time 0h 0m 8s
Thu 28 Oct 2021 00:36:40 INFO epoch [ 63] avr loss [0.04105593] | train time 0h 0m 7s
Thu 28 Oct 2021 00:36:48 INFO epoch [ 64] avr loss [0.03280696] | train time 0h 0m 7s
Thu 28 Oct 2021 00:36:56 INFO epoch [ 65] avr loss [0.03779698] | train time 0h 0m 7s
Thu 28 Oct 2021 00:37:04 INFO epoch [ 66] avr loss [0.01405659] | train time 0h 0m 7s
Thu 28 Oct 2021 00:37:05 INFO ---------- test total [397] | test equ acc [0.814] | test value acc [0.821] | test time 0h 0m 1s
Thu 28 Oct 2021 00:37:14 INFO epoch [ 67] avr loss [0.01859973] | train time 0h 0m 8s
Thu 28 Oct 2021 00:37:22 INFO epoch [ 68] avr loss [0.02934151] | train time 0h 0m 7s
Thu 28 Oct 2021 00:37:30 INFO epoch [ 69] avr loss [0.02546538] | train time 0h 0m 7s
Thu 28 Oct 2021 00:37:38 INFO epoch [ 70] avr loss [0.02761776] | train time 0h 0m 7s
Thu 28 Oct 2021 00:37:46 INFO epoch [ 71] avr loss [0.01812798] | train time 0h 0m 7s
Thu 28 Oct 2021 00:37:47 INFO ---------- test total [397] | test equ acc [0.806] | test value acc [0.814] | test time 0h 0m 1s
Thu 28 Oct 2021 00:37:56 INFO epoch [ 72] avr loss [0.03001774] | train time 0h 0m 7s
Thu 28 Oct 2021 00:38:03 INFO epoch [ 73] avr loss [0.02737062] | train time 0h 0m 7s
Thu 28 Oct 2021 00:38:12 INFO epoch [ 74] avr loss [0.03548650] | train time 0h 0m 8s
Thu 28 Oct 2021 00:38:19 INFO epoch [ 75] avr loss [0.04267564] | train time 0h 0m 7s
Thu 28 Oct 2021 00:38:27 INFO epoch [ 76] avr loss [0.02112937] | train time 0h 0m 7s
Thu 28 Oct 2021 00:38:28 INFO ---------- test total [397] | test equ acc [0.809] | test value acc [0.814] | test time 0h 0m 1s
Thu 28 Oct 2021 00:38:37 INFO epoch [ 77] avr loss [0.01557248] | train time 0h 0m 7s
Thu 28 Oct 2021 00:38:45 INFO epoch [ 78] avr loss [0.02362198] | train time 0h 0m 7s
Thu 28 Oct 2021 00:38:53 INFO epoch [ 79] avr loss [0.04111661] | train time 0h 0m 7s
Thu 28 Oct 2021 00:39:01 INFO epoch [ 80] avr loss [0.05683882] | train time 0h 0m 7s
Thu 28 Oct 2021 00:39:09 INFO epoch [ 81] avr loss [0.02776000] | train time 0h 0m 7s
Thu 28 Oct 2021 00:39:10 INFO ---------- test total [397] | test equ acc [0.804] | test value acc [0.809] | test time 0h 0m 1s
Thu 28 Oct 2021 00:39:19 INFO epoch [ 82] avr loss [0.02839829] | train time 0h 0m 7s
Thu 28 Oct 2021 00:39:27 INFO epoch [ 83] avr loss [0.01592584] | train time 0h 0m 7s
Thu 28 Oct 2021 00:39:35 INFO epoch [ 84] avr loss [0.01186727] | train time 0h 0m 7s
Thu 28 Oct 2021 00:39:42 INFO epoch [ 85] avr loss [0.02223224] | train time 0h 0m 7s
Thu 28 Oct 2021 00:39:50 INFO epoch [ 86] avr loss [0.01637089] | train time 0h 0m 7s
Thu 28 Oct 2021 00:39:52 INFO ---------- test total [397] | test equ acc [0.831] | test value acc [0.839] | test time 0h 0m 1s
Thu 28 Oct 2021 00:40:01 INFO epoch [ 87] avr loss [0.02699623] | train time 0h 0m 8s
Thu 28 Oct 2021 00:40:09 INFO epoch [ 88] avr loss [0.01718377] | train time 0h 0m 8s
Thu 28 Oct 2021 00:40:17 INFO epoch [ 89] avr loss [0.01550041] | train time 0h 0m 7s
Thu 28 Oct 2021 00:40:25 INFO epoch [ 90] avr loss [0.01318103] | train time 0h 0m 7s
Thu 28 Oct 2021 00:40:33 INFO epoch [ 91] avr loss [0.01662389] | train time 0h 0m 7s
Thu 28 Oct 2021 00:40:34 INFO ---------- test total [397] | test equ acc [0.826] | test value acc [0.831] | test time 0h 0m 1s
Thu 28 Oct 2021 00:40:43 INFO epoch [ 92] avr loss [0.01202536] | train time 0h 0m 7s
Thu 28 Oct 2021 00:40:51 INFO epoch [ 93] avr loss [0.01288830] | train time 0h 0m 8s
Thu 28 Oct 2021 00:40:59 INFO epoch [ 94] avr loss [0.00971580] | train time 0h 0m 7s
Thu 28 Oct 2021 00:41:07 INFO epoch [ 95] avr loss [0.01215286] | train time 0h 0m 7s
Thu 28 Oct 2021 00:41:15 INFO epoch [ 96] avr loss [0.01345039] | train time 0h 0m 8s
Thu 28 Oct 2021 00:41:16 INFO ---------- test total [397] | test equ acc [0.801] | test value acc [0.809] | test time 0h 0m 1s
Thu 28 Oct 2021 00:41:25 INFO epoch [ 97] avr loss [0.01841829] | train time 0h 0m 7s
Thu 28 Oct 2021 00:41:26 INFO ---------- test total [397] | test equ acc [0.829] | test value acc [0.836] | test time 0h 0m 1s
Thu 28 Oct 2021 00:41:35 INFO epoch [ 98] avr loss [0.02631892] | train time 0h 0m 7s
Thu 28 Oct 2021 00:41:36 INFO ---------- test total [397] | test equ acc [0.814] | test value acc [0.821] | test time 0h 0m 1s
Thu 28 Oct 2021 00:41:45 INFO epoch [ 99] avr loss [0.02009716] | train time 0h 0m 8s
Thu 28 Oct 2021 00:41:46 INFO ---------- test total [397] | test equ acc [0.801] | test value acc [0.809] | test time 0h 0m 1s
Thu 28 Oct 2021 00:41:54 INFO epoch [100] avr loss [0.01423936] | train time 0h 0m 7s
Thu 28 Oct 2021 00:41:55 INFO ---------- test total [397] | test equ acc [0.821] | test value acc [0.829] | test time 0h 0m 1s
Thu 28 Oct 2021 00:41:56 INFO training finished.
                            best valid result: equation accuracy [0.000] | value accuracy [0.000]
                            best test result : equation accuracy [0.831] | value accuracy [0.839]
Thu 28 Oct 2021 00:41:59 INFO fold 4
Thu 28 Oct 2021 00:41:59 INFO start training...
Thu 28 Oct 2021 00:42:07 INFO epoch [  1] avr loss [1.37989697] | train time 0h 0m 7s
Thu 28 Oct 2021 00:42:08 INFO ---------- test total [399] | test equ acc [0.168] | test value acc [0.168] | test time 0h 0m 1s
Thu 28 Oct 2021 00:42:17 INFO epoch [  2] avr loss [0.84044811] | train time 0h 0m 7s
Thu 28 Oct 2021 00:42:25 INFO epoch [  3] avr loss [0.72222474] | train time 0h 0m 7s
Thu 28 Oct 2021 00:42:33 INFO epoch [  4] avr loss [0.60214747] | train time 0h 0m 7s
Thu 28 Oct 2021 00:42:41 INFO epoch [  5] avr loss [0.56313633] | train time 0h 0m 7s
Thu 28 Oct 2021 00:42:49 INFO epoch [  6] avr loss [0.44288294] | train time 0h 0m 7s
Thu 28 Oct 2021 00:42:50 INFO ---------- test total [399] | test equ acc [0.612] | test value acc [0.617] | test time 0h 0m 1s
Thu 28 Oct 2021 00:42:59 INFO epoch [  7] avr loss [0.41652147] | train time 0h 0m 7s
Thu 28 Oct 2021 00:43:07 INFO epoch [  8] avr loss [0.38240354] | train time 0h 0m 7s
Thu 28 Oct 2021 00:43:15 INFO epoch [  9] avr loss [0.29684304] | train time 0h 0m 7s
Thu 28 Oct 2021 00:43:22 INFO epoch [ 10] avr loss [0.30817048] | train time 0h 0m 7s
Thu 28 Oct 2021 00:43:30 INFO epoch [ 11] avr loss [0.25858603] | train time 0h 0m 7s
Thu 28 Oct 2021 00:43:32 INFO ---------- test total [399] | test equ acc [0.734] | test value acc [0.737] | test time 0h 0m 1s
Thu 28 Oct 2021 00:43:40 INFO epoch [ 12] avr loss [0.27304963] | train time 0h 0m 7s
Thu 28 Oct 2021 00:43:48 INFO epoch [ 13] avr loss [0.22907670] | train time 0h 0m 7s
Thu 28 Oct 2021 00:43:56 INFO epoch [ 14] avr loss [0.18476948] | train time 0h 0m 7s
Thu 28 Oct 2021 00:44:04 INFO epoch [ 15] avr loss [0.18283345] | train time 0h 0m 8s
Thu 28 Oct 2021 00:44:12 INFO epoch [ 16] avr loss [0.19556933] | train time 0h 0m 8s
Thu 28 Oct 2021 00:44:13 INFO ---------- test total [399] | test equ acc [0.762] | test value acc [0.764] | test time 0h 0m 1s
Thu 28 Oct 2021 00:44:22 INFO epoch [ 17] avr loss [0.15055216] | train time 0h 0m 7s
Thu 28 Oct 2021 00:44:30 INFO epoch [ 18] avr loss [0.14826005] | train time 0h 0m 8s
Thu 28 Oct 2021 00:44:38 INFO epoch [ 19] avr loss [0.16368680] | train time 0h 0m 7s
Thu 28 Oct 2021 00:44:46 INFO epoch [ 20] avr loss [0.13595679] | train time 0h 0m 7s
Thu 28 Oct 2021 00:44:54 INFO epoch [ 21] avr loss [0.13044197] | train time 0h 0m 8s
Thu 28 Oct 2021 00:44:55 INFO ---------- test total [399] | test equ acc [0.782] | test value acc [0.784] | test time 0h 0m 1s
Thu 28 Oct 2021 00:45:05 INFO epoch [ 22] avr loss [0.12122405] | train time 0h 0m 8s
Thu 28 Oct 2021 00:45:13 INFO epoch [ 23] avr loss [0.09364542] | train time 0h 0m 8s
Thu 28 Oct 2021 00:45:21 INFO epoch [ 24] avr loss [0.08089048] | train time 0h 0m 8s
Thu 28 Oct 2021 00:45:29 INFO epoch [ 25] avr loss [0.07093750] | train time 0h 0m 8s
Thu 28 Oct 2021 00:45:37 INFO epoch [ 26] avr loss [0.09750765] | train time 0h 0m 8s
Thu 28 Oct 2021 00:45:38 INFO ---------- test total [399] | test equ acc [0.772] | test value acc [0.777] | test time 0h 0m 1s
Thu 28 Oct 2021 00:45:47 INFO epoch [ 27] avr loss [0.10552525] | train time 0h 0m 8s
Thu 28 Oct 2021 00:45:55 INFO epoch [ 28] avr loss [0.09808652] | train time 0h 0m 8s
Thu 28 Oct 2021 00:46:03 INFO epoch [ 29] avr loss [0.09786157] | train time 0h 0m 8s
Thu 28 Oct 2021 00:46:11 INFO epoch [ 30] avr loss [0.07108128] | train time 0h 0m 8s
Thu 28 Oct 2021 00:46:19 INFO epoch [ 31] avr loss [0.05924640] | train time 0h 0m 7s
Thu 28 Oct 2021 00:46:20 INFO ---------- test total [399] | test equ acc [0.805] | test value acc [0.807] | test time 0h 0m 1s
Thu 28 Oct 2021 00:46:29 INFO epoch [ 32] avr loss [0.07065750] | train time 0h 0m 7s
Thu 28 Oct 2021 00:46:37 INFO epoch [ 33] avr loss [0.05184108] | train time 0h 0m 7s
Thu 28 Oct 2021 00:46:45 INFO epoch [ 34] avr loss [0.08442812] | train time 0h 0m 7s
Thu 28 Oct 2021 00:46:53 INFO epoch [ 35] avr loss [0.05163813] | train time 0h 0m 8s
Thu 28 Oct 2021 00:47:01 INFO epoch [ 36] avr loss [0.03918053] | train time 0h 0m 8s
Thu 28 Oct 2021 00:47:03 INFO ---------- test total [399] | test equ acc [0.812] | test value acc [0.820] | test time 0h 0m 1s
Thu 28 Oct 2021 00:47:12 INFO epoch [ 37] avr loss [0.04441029] | train time 0h 0m 8s
Thu 28 Oct 2021 00:47:20 INFO epoch [ 38] avr loss [0.03883553] | train time 0h 0m 8s
Thu 28 Oct 2021 00:47:28 INFO epoch [ 39] avr loss [0.06939205] | train time 0h 0m 8s
Thu 28 Oct 2021 00:47:36 INFO epoch [ 40] avr loss [0.04886988] | train time 0h 0m 8s
Thu 28 Oct 2021 00:47:44 INFO epoch [ 41] avr loss [0.05095044] | train time 0h 0m 8s
Thu 28 Oct 2021 00:47:46 INFO ---------- test total [399] | test equ acc [0.822] | test value acc [0.827] | test time 0h 0m 1s
Thu 28 Oct 2021 00:47:55 INFO epoch [ 42] avr loss [0.03571473] | train time 0h 0m 8s
Thu 28 Oct 2021 00:48:03 INFO epoch [ 43] avr loss [0.03987704] | train time 0h 0m 8s
Thu 28 Oct 2021 00:48:11 INFO epoch [ 44] avr loss [0.03289396] | train time 0h 0m 8s
Thu 28 Oct 2021 00:48:19 INFO epoch [ 45] avr loss [0.04446237] | train time 0h 0m 8s
Thu 28 Oct 2021 00:48:27 INFO epoch [ 46] avr loss [0.03603076] | train time 0h 0m 8s
Thu 28 Oct 2021 00:48:28 INFO ---------- test total [399] | test equ acc [0.797] | test value acc [0.802] | test time 0h 0m 1s
Thu 28 Oct 2021 00:48:37 INFO epoch [ 47] avr loss [0.02768839] | train time 0h 0m 8s
Thu 28 Oct 2021 00:48:45 INFO epoch [ 48] avr loss [0.02937782] | train time 0h 0m 8s
Thu 28 Oct 2021 00:48:53 INFO epoch [ 49] avr loss [0.06380963] | train time 0h 0m 8s
Thu 28 Oct 2021 00:49:02 INFO epoch [ 50] avr loss [0.04745385] | train time 0h 0m 8s
Thu 28 Oct 2021 00:49:10 INFO epoch [ 51] avr loss [0.03257483] | train time 0h 0m 8s
Thu 28 Oct 2021 00:49:11 INFO ---------- test total [399] | test equ acc [0.820] | test value acc [0.825] | test time 0h 0m 1s
Thu 28 Oct 2021 00:49:20 INFO epoch [ 52] avr loss [0.03420440] | train time 0h 0m 8s
Thu 28 Oct 2021 00:49:28 INFO epoch [ 53] avr loss [0.02610264] | train time 0h 0m 8s
Thu 28 Oct 2021 00:49:36 INFO epoch [ 54] avr loss [0.03268742] | train time 0h 0m 8s
Thu 28 Oct 2021 00:49:44 INFO epoch [ 55] avr loss [0.02451603] | train time 0h 0m 8s
Thu 28 Oct 2021 00:49:52 INFO epoch [ 56] avr loss [0.02999347] | train time 0h 0m 8s
Thu 28 Oct 2021 00:49:53 INFO ---------- test total [399] | test equ acc [0.822] | test value acc [0.825] | test time 0h 0m 1s
Thu 28 Oct 2021 00:50:02 INFO epoch [ 57] avr loss [0.02975029] | train time 0h 0m 8s
Thu 28 Oct 2021 00:50:10 INFO epoch [ 58] avr loss [0.01902435] | train time 0h 0m 8s
Thu 28 Oct 2021 00:50:18 INFO epoch [ 59] avr loss [0.02250564] | train time 0h 0m 8s
Thu 28 Oct 2021 00:50:26 INFO epoch [ 60] avr loss [0.05417310] | train time 0h 0m 7s
Thu 28 Oct 2021 00:50:34 INFO epoch [ 61] avr loss [0.02268526] | train time 0h 0m 8s
Thu 28 Oct 2021 00:50:36 INFO ---------- test total [399] | test equ acc [0.835] | test value acc [0.840] | test time 0h 0m 1s
Thu 28 Oct 2021 00:50:45 INFO epoch [ 62] avr loss [0.02097794] | train time 0h 0m 8s
Thu 28 Oct 2021 00:50:53 INFO epoch [ 63] avr loss [0.02399441] | train time 0h 0m 8s
Thu 28 Oct 2021 00:51:01 INFO epoch [ 64] avr loss [0.03846834] | train time 0h 0m 7s
Thu 28 Oct 2021 00:51:09 INFO epoch [ 65] avr loss [0.03601963] | train time 0h 0m 8s
Thu 28 Oct 2021 00:51:17 INFO epoch [ 66] avr loss [0.04201711] | train time 0h 0m 8s
Thu 28 Oct 2021 00:51:18 INFO ---------- test total [399] | test equ acc [0.835] | test value acc [0.837] | test time 0h 0m 1s
Thu 28 Oct 2021 00:51:27 INFO epoch [ 67] avr loss [0.04074758] | train time 0h 0m 8s
Thu 28 Oct 2021 00:51:35 INFO epoch [ 68] avr loss [0.03002248] | train time 0h 0m 8s
Thu 28 Oct 2021 00:51:43 INFO epoch [ 69] avr loss [0.03187492] | train time 0h 0m 8s
Thu 28 Oct 2021 00:51:51 INFO epoch [ 70] avr loss [0.01666762] | train time 0h 0m 7s
Thu 28 Oct 2021 00:51:59 INFO epoch [ 71] avr loss [0.04210164] | train time 0h 0m 8s
Thu 28 Oct 2021 00:52:00 INFO ---------- test total [399] | test equ acc [0.830] | test value acc [0.832] | test time 0h 0m 1s
Thu 28 Oct 2021 00:52:09 INFO epoch [ 72] avr loss [0.03259593] | train time 0h 0m 8s
Thu 28 Oct 2021 00:52:17 INFO epoch [ 73] avr loss [0.03569242] | train time 0h 0m 8s
Thu 28 Oct 2021 00:52:25 INFO epoch [ 74] avr loss [0.04902241] | train time 0h 0m 7s
Thu 28 Oct 2021 00:52:33 INFO epoch [ 75] avr loss [0.03883070] | train time 0h 0m 7s
Thu 28 Oct 2021 00:52:41 INFO epoch [ 76] avr loss [0.03162151] | train time 0h 0m 7s
Thu 28 Oct 2021 00:52:42 INFO ---------- test total [399] | test equ acc [0.835] | test value acc [0.837] | test time 0h 0m 1s
Thu 28 Oct 2021 00:52:51 INFO epoch [ 77] avr loss [0.02796821] | train time 0h 0m 7s
Thu 28 Oct 2021 00:52:59 INFO epoch [ 78] avr loss [0.02442531] | train time 0h 0m 7s
Thu 28 Oct 2021 00:53:07 INFO epoch [ 79] avr loss [0.02206988] | train time 0h 0m 8s
Thu 28 Oct 2021 00:53:15 INFO epoch [ 80] avr loss [0.02402948] | train time 0h 0m 8s
Thu 28 Oct 2021 00:53:23 INFO epoch [ 81] avr loss [0.02286578] | train time 0h 0m 8s
Thu 28 Oct 2021 00:53:25 INFO ---------- test total [399] | test equ acc [0.822] | test value acc [0.825] | test time 0h 0m 1s
Thu 28 Oct 2021 00:53:33 INFO epoch [ 82] avr loss [0.03018391] | train time 0h 0m 8s
Thu 28 Oct 2021 00:53:42 INFO epoch [ 83] avr loss [0.01997847] | train time 0h 0m 8s
Thu 28 Oct 2021 00:53:50 INFO epoch [ 84] avr loss [0.03006590] | train time 0h 0m 8s
Thu 28 Oct 2021 00:53:58 INFO epoch [ 85] avr loss [0.02083273] | train time 0h 0m 8s
Thu 28 Oct 2021 00:54:06 INFO epoch [ 86] avr loss [0.01131912] | train time 0h 0m 8s
Thu 28 Oct 2021 00:54:07 INFO ---------- test total [399] | test equ acc [0.810] | test value acc [0.817] | test time 0h 0m 1s
Thu 28 Oct 2021 00:54:16 INFO epoch [ 87] avr loss [0.01436414] | train time 0h 0m 8s
Thu 28 Oct 2021 00:54:24 INFO epoch [ 88] avr loss [0.02675638] | train time 0h 0m 8s
Thu 28 Oct 2021 00:54:32 INFO epoch [ 89] avr loss [0.02526515] | train time 0h 0m 8s
Thu 28 Oct 2021 00:54:41 INFO epoch [ 90] avr loss [0.01958632] | train time 0h 0m 8s
Thu 28 Oct 2021 00:54:49 INFO epoch [ 91] avr loss [0.01525485] | train time 0h 0m 8s
Thu 28 Oct 2021 00:54:50 INFO ---------- test total [399] | test equ acc [0.832] | test value acc [0.835] | test time 0h 0m 1s
Thu 28 Oct 2021 00:54:59 INFO epoch [ 92] avr loss [0.01145809] | train time 0h 0m 8s
Thu 28 Oct 2021 00:55:06 INFO epoch [ 93] avr loss [0.01638834] | train time 0h 0m 7s
Thu 28 Oct 2021 00:55:14 INFO epoch [ 94] avr loss [0.01144809] | train time 0h 0m 7s
Thu 28 Oct 2021 00:55:22 INFO epoch [ 95] avr loss [0.01985541] | train time 0h 0m 7s
Thu 28 Oct 2021 00:55:30 INFO epoch [ 96] avr loss [0.01162091] | train time 0h 0m 8s
Thu 28 Oct 2021 00:55:31 INFO ---------- test total [399] | test equ acc [0.847] | test value acc [0.850] | test time 0h 0m 1s
Thu 28 Oct 2021 00:55:40 INFO epoch [ 97] avr loss [0.01596083] | train time 0h 0m 7s
Thu 28 Oct 2021 00:55:41 INFO ---------- test total [399] | test equ acc [0.842] | test value acc [0.845] | test time 0h 0m 1s
Thu 28 Oct 2021 00:55:50 INFO epoch [ 98] avr loss [0.01719471] | train time 0h 0m 8s
Thu 28 Oct 2021 00:55:51 INFO ---------- test total [399] | test equ acc [0.845] | test value acc [0.847] | test time 0h 0m 1s
Thu 28 Oct 2021 00:55:59 INFO epoch [ 99] avr loss [0.02648878] | train time 0h 0m 7s
Thu 28 Oct 2021 00:56:00 INFO ---------- test total [399] | test equ acc [0.850] | test value acc [0.852] | test time 0h 0m 1s
Thu 28 Oct 2021 00:56:09 INFO epoch [100] avr loss [0.03823871] | train time 0h 0m 8s
Thu 28 Oct 2021 00:56:10 INFO ---------- test total [399] | test equ acc [0.807] | test value acc [0.810] | test time 0h 0m 1s
Thu 28 Oct 2021 00:56:10 INFO training finished.
                            best valid result: equation accuracy [0.000] | value accuracy [0.000]
                            best test result : equation accuracy [0.850] | value accuracy [0.852]
Thu 28 Oct 2021 00:56:10 INFO 5 fold cross validation finished.
Thu 28 Oct 2021 00:56:10 INFO fold  2 : test equ accuracy [0.887] | test value accuracy [0.892]
Thu 28 Oct 2021 00:56:10 INFO fold  0 : test equ accuracy [0.889] | test value accuracy [0.889]
Thu 28 Oct 2021 00:56:10 INFO fold  1 : test equ accuracy [0.872] | test value accuracy [0.874]
Thu 28 Oct 2021 00:56:10 INFO fold  4 : test equ accuracy [0.850] | test value accuracy [0.852]
Thu 28 Oct 2021 00:56:10 INFO fold  3 : test equ accuracy [0.831] | test value accuracy [0.839]
Thu 28 Oct 2021 00:56:10 INFO folds avr : test equ accuracy [0.866] | test value accuracy [0.869]
Sat 30 Oct 2021 18:05:09 INFO random_seed=2021
use_gpu=True
max_output_len=30
gpu_id=0
test_step=5
load_best_config=False
supervising_mode=fully_supervised
rebuild=False
validset_divide=True
shuffle=False
test_only=True
root=/home/shubham/MWP-CS229/Copy/MWPToolkit
model_config_path=/home/shubham/MWP-CS229/Copy/MWPToolkit/mwptoolkit/config/../properties/model/MathEN.json
best_config_path=/home/shubham/MWP-CS229/Copy/MWPToolkit/mwptoolkit/config/../properties/best_config/MathEN_mawps-single.json
dataset_config_path=/home/shubham/MWP-CS229/Copy/MWPToolkit/mwptoolkit/config/../properties/dataset/mawps-single.json
dataset_path=dataset/mawps-single
min_word_keep=5
min_generate_keep=5
mask_symbol=number
single=True
linear=True
language=en
train_batch_size=32
test_batch_size=32
source_equation_fix=infix
embedding_size=128
hidden_size=512
decode_hidden_size=512
learning_rate=0.001
embedding_learning_rate=1e-05
decoder_rnn_cell_type=lstm
encoder_rnn_cell_type=lstm
teacher_force_ratio=0.9
num_layers=2
epoch_nums=100
dropout_ratio=0.5
bidirectional=True
step_size=20
rule1=True
rule2=True
share_vocab=False
attention=True
self_attention=True
equation_fix=prefix
symbol_for_tree=False
add_sos=True
add_eos=True
model=MathEN
dataset=mawps-single
task_type=single_equation
k_fold=5
checkpoint_path=checkpoint/MathEN-mawps-single-prefix.pth
trained_model_path=trained_model/MathEN-mawps-single-prefix.pth
log_path=log/MathEN-mawps-single-prefix.log
device=cpu
map_location=cpu
gpu_nums=0


Sat 30 Oct 2021 18:05:09 INFO start training with 5 fold cross validation.
Sat 30 Oct 2021 18:05:11 INFO fold 0
Sat 30 Oct 2021 18:05:20 INFO random_seed=2021
use_gpu=True
max_output_len=30
gpu_id=0
test_step=5
load_best_config=False
supervising_mode=fully_supervised
rebuild=False
validset_divide=True
shuffle=False
test_only=True
root=/home/shubham/MWP-CS229/Copy/MWPToolkit
model_config_path=/home/shubham/MWP-CS229/Copy/MWPToolkit/mwptoolkit/config/../properties/model/MathEN.json
best_config_path=/home/shubham/MWP-CS229/Copy/MWPToolkit/mwptoolkit/config/../properties/best_config/MathEN_mawps-single.json
dataset_config_path=/home/shubham/MWP-CS229/Copy/MWPToolkit/mwptoolkit/config/../properties/dataset/mawps-single.json
dataset_path=dataset/mawps-single
min_word_keep=5
min_generate_keep=5
mask_symbol=number
single=True
linear=True
language=en
train_batch_size=32
test_batch_size=32
source_equation_fix=infix
embedding_size=128
hidden_size=512
decode_hidden_size=512
learning_rate=0.001
embedding_learning_rate=1e-05
decoder_rnn_cell_type=lstm
encoder_rnn_cell_type=lstm
teacher_force_ratio=0.9
num_layers=2
epoch_nums=100
dropout_ratio=0.5
bidirectional=True
step_size=20
rule1=True
rule2=True
share_vocab=False
attention=True
self_attention=True
equation_fix=prefix
symbol_for_tree=False
add_sos=True
add_eos=True
model=MathEN
dataset=mawps-single
task_type=single_equation
k_fold=5
checkpoint_path=checkpoint/MathEN-mawps-single-prefix.pth
trained_model_path=trained_model/MathEN-mawps-single-prefix.pth
log_path=log/MathEN-mawps-single-prefix.log
device=cpu
map_location=cpu
gpu_nums=0


Sat 30 Oct 2021 18:05:20 INFO start training with 5 fold cross validation.
Sat 30 Oct 2021 18:05:22 INFO fold 0
Sat 30 Oct 2021 18:40:06 INFO random_seed=2021
use_gpu=True
max_output_len=30
gpu_id=0
test_step=5
load_best_config=False
supervising_mode=fully_supervised
rebuild=False
validset_divide=True
shuffle=False
test_only=True
root=/home/shubham/MWP-CS229/Copy/MWPToolkit
model_config_path=/home/shubham/MWP-CS229/Copy/MWPToolkit/mwptoolkit/config/../properties/model/MathEN.json
best_config_path=/home/shubham/MWP-CS229/Copy/MWPToolkit/mwptoolkit/config/../properties/best_config/MathEN_mawps-single.json
dataset_config_path=/home/shubham/MWP-CS229/Copy/MWPToolkit/mwptoolkit/config/../properties/dataset/mawps-single.json
dataset_path=dataset/mawps-single
min_word_keep=5
min_generate_keep=5
mask_symbol=number
single=True
linear=True
language=en
train_batch_size=32
test_batch_size=32
source_equation_fix=infix
embedding_size=128
hidden_size=512
decode_hidden_size=512
learning_rate=0.001
embedding_learning_rate=1e-05
decoder_rnn_cell_type=lstm
encoder_rnn_cell_type=lstm
teacher_force_ratio=0.9
num_layers=2
epoch_nums=100
dropout_ratio=0.5
bidirectional=True
step_size=20
rule1=True
rule2=True
share_vocab=False
attention=True
self_attention=True
equation_fix=prefix
symbol_for_tree=False
add_sos=True
add_eos=True
model=MathEN
dataset=mawps-single
task_type=single_equation
k_fold=5
checkpoint_path=checkpoint/MathEN-mawps-single-prefix.pth
trained_model_path=trained_model/MathEN-mawps-single-prefix.pth
log_path=log/MathEN-mawps-single-prefix.log
device=cpu
map_location=cpu
gpu_nums=0


Sat 30 Oct 2021 18:40:06 INFO start training with 5 fold cross validation.
Sat 30 Oct 2021 18:40:08 INFO fold 0
Sat 30 Oct 2021 18:40:13 INFO random_seed=2021
use_gpu=True
max_output_len=30
gpu_id=0
test_step=5
load_best_config=False
supervising_mode=fully_supervised
rebuild=False
validset_divide=True
shuffle=False
test_only=True
root=/home/shubham/MWP-CS229/Copy/MWPToolkit
model_config_path=/home/shubham/MWP-CS229/Copy/MWPToolkit/mwptoolkit/config/../properties/model/MathEN.json
best_config_path=/home/shubham/MWP-CS229/Copy/MWPToolkit/mwptoolkit/config/../properties/best_config/MathEN_mawps-single.json
dataset_config_path=/home/shubham/MWP-CS229/Copy/MWPToolkit/mwptoolkit/config/../properties/dataset/mawps-single.json
dataset_path=dataset/mawps-single
min_word_keep=5
min_generate_keep=5
mask_symbol=number
single=True
linear=True
language=en
train_batch_size=32
test_batch_size=32
source_equation_fix=infix
embedding_size=128
hidden_size=512
decode_hidden_size=512
learning_rate=0.001
embedding_learning_rate=1e-05
decoder_rnn_cell_type=lstm
encoder_rnn_cell_type=lstm
teacher_force_ratio=0.9
num_layers=2
epoch_nums=100
dropout_ratio=0.5
bidirectional=True
step_size=20
rule1=True
rule2=True
share_vocab=False
attention=True
self_attention=True
equation_fix=prefix
symbol_for_tree=False
add_sos=True
add_eos=True
model=MathEN
dataset=mawps-single
task_type=single_equation
k_fold=5
checkpoint_path=checkpoint/MathEN-mawps-single-prefix.pth
trained_model_path=trained_model/MathEN-mawps-single-prefix.pth
log_path=log/MathEN-mawps-single-prefix.log
device=cpu
map_location=cpu
gpu_nums=0


Sat 30 Oct 2021 18:40:13 INFO start training with 5 fold cross validation.
Sat 30 Oct 2021 18:40:15 INFO fold 0
Sat 30 Oct 2021 18:43:28 INFO random_seed=2021
use_gpu=True
max_output_len=30
gpu_id=0
test_step=5
load_best_config=False
supervising_mode=fully_supervised
rebuild=False
validset_divide=True
shuffle=False
test_only=True
root=/home/shubham/MWP-CS229/Copy/MWPToolkit
model_config_path=/home/shubham/MWP-CS229/Copy/MWPToolkit/mwptoolkit/config/../properties/model/MathEN.json
best_config_path=/home/shubham/MWP-CS229/Copy/MWPToolkit/mwptoolkit/config/../properties/best_config/MathEN_mawps-single.json
dataset_config_path=/home/shubham/MWP-CS229/Copy/MWPToolkit/mwptoolkit/config/../properties/dataset/mawps-single.json
dataset_path=dataset/mawps-single
min_word_keep=5
min_generate_keep=5
mask_symbol=number
single=True
linear=True
language=en
train_batch_size=32
test_batch_size=32
source_equation_fix=infix
embedding_size=128
hidden_size=512
decode_hidden_size=512
learning_rate=0.001
embedding_learning_rate=1e-05
decoder_rnn_cell_type=lstm
encoder_rnn_cell_type=lstm
teacher_force_ratio=0.9
num_layers=2
epoch_nums=100
dropout_ratio=0.5
bidirectional=True
step_size=20
rule1=True
rule2=True
share_vocab=False
attention=True
self_attention=True
equation_fix=prefix
symbol_for_tree=False
add_sos=True
add_eos=True
model=MathEN
dataset=mawps-single
task_type=single_equation
k_fold=5
checkpoint_path=checkpoint/MathEN-mawps-single-prefix.pth
trained_model_path=trained_model/MathEN-mawps-single-prefix.pth
log_path=log/MathEN-mawps-single-prefix.log
device=cpu
map_location=cpu
gpu_nums=0


Sat 30 Oct 2021 18:43:28 INFO start training with 5 fold cross validation.
Sat 30 Oct 2021 18:43:30 INFO fold 0
Sat 30 Oct 2021 18:43:37 INFO test total [396] | test equ acc [0.889] | test value acc [0.889] | test time 0h 0m 6s
Sat 30 Oct 2021 18:43:39 INFO fold 1
Sat 30 Oct 2021 18:44:24 INFO random_seed=2021
use_gpu=True
max_output_len=30
gpu_id=0
test_step=5
load_best_config=False
supervising_mode=fully_supervised
rebuild=False
validset_divide=True
shuffle=False
test_only=True
root=/home/shubham/MWP-CS229/Copy/MWPToolkit
model_config_path=/home/shubham/MWP-CS229/Copy/MWPToolkit/mwptoolkit/config/../properties/model/MathEN.json
best_config_path=/home/shubham/MWP-CS229/Copy/MWPToolkit/mwptoolkit/config/../properties/best_config/MathEN_mawps-single.json
dataset_config_path=/home/shubham/MWP-CS229/Copy/MWPToolkit/mwptoolkit/config/../properties/dataset/mawps-single.json
dataset_path=dataset/mawps-single
min_word_keep=5
min_generate_keep=5
mask_symbol=number
single=True
linear=True
language=en
train_batch_size=32
test_batch_size=32
source_equation_fix=infix
embedding_size=128
hidden_size=512
decode_hidden_size=512
learning_rate=0.001
embedding_learning_rate=1e-05
decoder_rnn_cell_type=lstm
encoder_rnn_cell_type=lstm
teacher_force_ratio=0.9
num_layers=2
epoch_nums=100
dropout_ratio=0.5
bidirectional=True
step_size=20
rule1=True
rule2=True
share_vocab=False
attention=True
self_attention=True
equation_fix=prefix
symbol_for_tree=False
add_sos=True
add_eos=True
model=MathEN
dataset=mawps-single
task_type=single_equation
k_fold=5
checkpoint_path=checkpoint/MathEN-mawps-single-prefix.pth
trained_model_path=trained_model/MathEN-mawps-single-prefix.pth
log_path=log/MathEN-mawps-single-prefix.log
device=cpu
map_location=cpu
gpu_nums=0


Sat 30 Oct 2021 18:44:24 INFO start training with 5 fold cross validation.
Sat 30 Oct 2021 18:44:26 INFO fold 0
Sat 30 Oct 2021 18:44:33 INFO test total [396] | test equ acc [0.889] | test value acc [0.889] | test time 0h 0m 7s
Sat 30 Oct 2021 18:44:35 INFO fold 1
Sat 30 Oct 2021 18:44:41 INFO test total [397] | test equ acc [0.872] | test value acc [0.874] | test time 0h 0m 6s
Sat 30 Oct 2021 18:44:43 INFO fold 2
Sat 30 Oct 2021 18:44:50 INFO test total [397] | test equ acc [0.887] | test value acc [0.892] | test time 0h 0m 7s
Sat 30 Oct 2021 18:44:52 INFO fold 3
Sat 30 Oct 2021 18:44:59 INFO test total [397] | test equ acc [0.831] | test value acc [0.839] | test time 0h 0m 6s
Sat 30 Oct 2021 18:45:01 INFO fold 4
Sat 30 Oct 2021 18:45:08 INFO test total [399] | test equ acc [0.850] | test value acc [0.852] | test time 0h 0m 7s
Sat 30 Oct 2021 18:45:08 INFO 5 fold cross validation finished.
Sat 30 Oct 2021 18:45:08 INFO fold  2 : test equ accuracy [0.887] | test value accuracy [0.892]
Sat 30 Oct 2021 18:45:08 INFO fold  0 : test equ accuracy [0.889] | test value accuracy [0.889]
Sat 30 Oct 2021 18:45:08 INFO fold  1 : test equ accuracy [0.872] | test value accuracy [0.874]
Sat 30 Oct 2021 18:45:08 INFO fold  4 : test equ accuracy [0.850] | test value accuracy [0.852]
Sat 30 Oct 2021 18:45:08 INFO fold  3 : test equ accuracy [0.831] | test value accuracy [0.839]
Sat 30 Oct 2021 18:45:08 INFO folds avr : test equ accuracy [0.866] | test value accuracy [0.869]
Sat 30 Oct 2021 18:47:44 INFO random_seed=2021
use_gpu=True
max_output_len=30
gpu_id=0
test_step=5
load_best_config=False
supervising_mode=fully_supervised
rebuild=False
validset_divide=True
shuffle=False
test_only=True
root=/home/shubham/MWP-CS229/Copy/MWPToolkit
model_config_path=/home/shubham/MWP-CS229/Copy/MWPToolkit/mwptoolkit/config/../properties/model/MathEN.json
best_config_path=/home/shubham/MWP-CS229/Copy/MWPToolkit/mwptoolkit/config/../properties/best_config/MathEN_mawps-single.json
dataset_config_path=/home/shubham/MWP-CS229/Copy/MWPToolkit/mwptoolkit/config/../properties/dataset/mawps-single.json
dataset_path=dataset/mawps-single
min_word_keep=5
min_generate_keep=5
mask_symbol=number
single=True
linear=True
language=en
train_batch_size=32
test_batch_size=32
source_equation_fix=infix
embedding_size=128
hidden_size=512
decode_hidden_size=512
learning_rate=0.001
embedding_learning_rate=1e-05
decoder_rnn_cell_type=lstm
encoder_rnn_cell_type=lstm
teacher_force_ratio=0.9
num_layers=2
epoch_nums=100
dropout_ratio=0.5
bidirectional=True
step_size=20
rule1=True
rule2=True
share_vocab=False
attention=True
self_attention=True
equation_fix=prefix
symbol_for_tree=False
add_sos=True
add_eos=True
model=MathEN
dataset=mawps-single
task_type=single_equation
k_fold=5
checkpoint_path=checkpoint/MathEN-mawps-single-prefix.pth
trained_model_path=trained_model/MathEN-mawps-single-prefix.pth
log_path=log/MathEN-mawps-single-prefix.log
device=cpu
map_location=cpu
gpu_nums=0


Sat 30 Oct 2021 18:47:44 INFO start training with 5 fold cross validation.
Sat 30 Oct 2021 18:47:46 INFO fold 0
Sat 30 Oct 2021 18:47:53 INFO test total [396] | test equ acc [0.889] | test value acc [0.889] | test time 0h 0m 6s
Sat 30 Oct 2021 18:47:55 INFO fold 1
Sat 30 Oct 2021 18:48:02 INFO test total [397] | test equ acc [0.872] | test value acc [0.874] | test time 0h 0m 6s
Sat 30 Oct 2021 18:48:04 INFO fold 2
Sat 30 Oct 2021 18:48:11 INFO test total [397] | test equ acc [0.887] | test value acc [0.892] | test time 0h 0m 6s
Sat 30 Oct 2021 18:48:13 INFO fold 3
Sat 30 Oct 2021 18:48:19 INFO test total [397] | test equ acc [0.831] | test value acc [0.839] | test time 0h 0m 6s
Sat 30 Oct 2021 18:48:21 INFO fold 4
Sat 30 Oct 2021 18:48:28 INFO test total [399] | test equ acc [0.850] | test value acc [0.852] | test time 0h 0m 6s
Sat 30 Oct 2021 18:48:28 INFO 5 fold cross validation finished.
Sat 30 Oct 2021 18:48:28 INFO fold  2 : test equ accuracy [0.887] | test value accuracy [0.892]
Sat 30 Oct 2021 18:48:28 INFO fold  0 : test equ accuracy [0.889] | test value accuracy [0.889]
Sat 30 Oct 2021 18:48:28 INFO fold  1 : test equ accuracy [0.872] | test value accuracy [0.874]
Sat 30 Oct 2021 18:48:28 INFO fold  4 : test equ accuracy [0.850] | test value accuracy [0.852]
Sat 30 Oct 2021 18:48:28 INFO fold  3 : test equ accuracy [0.831] | test value accuracy [0.839]
Sat 30 Oct 2021 18:48:28 INFO folds avr : test equ accuracy [0.866] | test value accuracy [0.869]
Sat 30 Oct 2021 18:49:33 INFO random_seed=2021
use_gpu=True
max_output_len=30
gpu_id=0
test_step=5
load_best_config=False
supervising_mode=fully_supervised
rebuild=False
validset_divide=True
shuffle=False
test_only=True
root=/home/shubham/MWP-CS229/Copy/MWPToolkit
model_config_path=/home/shubham/MWP-CS229/Copy/MWPToolkit/mwptoolkit/config/../properties/model/MathEN.json
best_config_path=/home/shubham/MWP-CS229/Copy/MWPToolkit/mwptoolkit/config/../properties/best_config/MathEN_mawps-single.json
dataset_config_path=/home/shubham/MWP-CS229/Copy/MWPToolkit/mwptoolkit/config/../properties/dataset/mawps-single.json
dataset_path=dataset/mawps-single
min_word_keep=5
min_generate_keep=5
mask_symbol=number
single=True
linear=True
language=en
train_batch_size=32
test_batch_size=32
source_equation_fix=infix
embedding_size=128
hidden_size=512
decode_hidden_size=512
learning_rate=0.001
embedding_learning_rate=1e-05
decoder_rnn_cell_type=lstm
encoder_rnn_cell_type=lstm
teacher_force_ratio=0.9
num_layers=2
epoch_nums=100
dropout_ratio=0.5
bidirectional=True
step_size=20
rule1=True
rule2=True
share_vocab=False
attention=True
self_attention=True
equation_fix=prefix
symbol_for_tree=False
add_sos=True
add_eos=True
model=MathEN
dataset=mawps-single
task_type=single_equation
k_fold=5
checkpoint_path=checkpoint/MathEN-mawps-single-prefix.pth
trained_model_path=trained_model/MathEN-mawps-single-prefix.pth
log_path=log/MathEN-mawps-single-prefix.log
device=cpu
map_location=cpu
gpu_nums=0


Sat 30 Oct 2021 18:49:33 INFO start training with 5 fold cross validation.
Sat 30 Oct 2021 18:49:35 INFO fold 0
Sat 30 Oct 2021 18:49:42 INFO test total [396] | test equ acc [0.889] | test value acc [0.889] | test time 0h 0m 7s
Sat 30 Oct 2021 18:49:44 INFO fold 1
Sat 30 Oct 2021 18:49:51 INFO test total [397] | test equ acc [0.872] | test value acc [0.874] | test time 0h 0m 6s
Sat 30 Oct 2021 18:49:53 INFO fold 2
Sat 30 Oct 2021 18:50:00 INFO test total [397] | test equ acc [0.887] | test value acc [0.892] | test time 0h 0m 6s
Sat 30 Oct 2021 18:50:02 INFO fold 3
Sat 30 Oct 2021 18:50:09 INFO test total [397] | test equ acc [0.831] | test value acc [0.839] | test time 0h 0m 7s
Sat 30 Oct 2021 18:50:11 INFO fold 4
Sat 30 Oct 2021 18:50:18 INFO test total [399] | test equ acc [0.850] | test value acc [0.852] | test time 0h 0m 6s
Sat 30 Oct 2021 18:50:18 INFO 5 fold cross validation finished.
Sat 30 Oct 2021 18:50:18 INFO fold  2 : test equ accuracy [0.887] | test value accuracy [0.892]
Sat 30 Oct 2021 18:50:18 INFO fold  0 : test equ accuracy [0.889] | test value accuracy [0.889]
Sat 30 Oct 2021 18:50:18 INFO fold  1 : test equ accuracy [0.872] | test value accuracy [0.874]
Sat 30 Oct 2021 18:50:18 INFO fold  4 : test equ accuracy [0.850] | test value accuracy [0.852]
Sat 30 Oct 2021 18:50:18 INFO fold  3 : test equ accuracy [0.831] | test value accuracy [0.839]
Sat 30 Oct 2021 18:50:18 INFO folds avr : test equ accuracy [0.866] | test value accuracy [0.869]
Sat 30 Oct 2021 18:51:23 INFO random_seed=2021
use_gpu=True
max_output_len=30
gpu_id=0
test_step=5
load_best_config=False
supervising_mode=fully_supervised
rebuild=False
validset_divide=True
shuffle=False
test_only=True
root=/home/shubham/MWP-CS229/Copy/MWPToolkit
model_config_path=/home/shubham/MWP-CS229/Copy/MWPToolkit/mwptoolkit/config/../properties/model/MathEN.json
best_config_path=/home/shubham/MWP-CS229/Copy/MWPToolkit/mwptoolkit/config/../properties/best_config/MathEN_mawps-single.json
dataset_config_path=/home/shubham/MWP-CS229/Copy/MWPToolkit/mwptoolkit/config/../properties/dataset/mawps-single.json
dataset_path=dataset/mawps-single
min_word_keep=5
min_generate_keep=5
mask_symbol=number
single=True
linear=True
language=en
train_batch_size=32
test_batch_size=32
source_equation_fix=infix
embedding_size=128
hidden_size=512
decode_hidden_size=512
learning_rate=0.001
embedding_learning_rate=1e-05
decoder_rnn_cell_type=lstm
encoder_rnn_cell_type=lstm
teacher_force_ratio=0.9
num_layers=2
epoch_nums=100
dropout_ratio=0.5
bidirectional=True
step_size=20
rule1=True
rule2=True
share_vocab=False
attention=True
self_attention=True
equation_fix=prefix
symbol_for_tree=False
add_sos=True
add_eos=True
model=MathEN
dataset=mawps-single
task_type=single_equation
k_fold=5
checkpoint_path=checkpoint/MathEN-mawps-single-prefix.pth
trained_model_path=trained_model/MathEN-mawps-single-prefix.pth
log_path=log/MathEN-mawps-single-prefix.log
device=cpu
map_location=cpu
gpu_nums=0


Sat 30 Oct 2021 18:51:23 INFO start training with 5 fold cross validation.
Sat 30 Oct 2021 18:51:25 INFO fold 0
Sat 30 Oct 2021 18:51:32 INFO test total [396] | test equ acc [0.889] | test value acc [0.889] | test time 0h 0m 6s
Sat 30 Oct 2021 18:51:34 INFO fold 1
Sat 30 Oct 2021 18:51:41 INFO test total [397] | test equ acc [0.872] | test value acc [0.874] | test time 0h 0m 6s
Sat 30 Oct 2021 18:51:42 INFO fold 2
Sat 30 Oct 2021 18:51:50 INFO test total [397] | test equ acc [0.887] | test value acc [0.892] | test time 0h 0m 7s
Sat 30 Oct 2021 18:51:52 INFO fold 3
Sat 30 Oct 2021 18:51:59 INFO test total [397] | test equ acc [0.831] | test value acc [0.839] | test time 0h 0m 7s
Sat 30 Oct 2021 18:52:01 INFO fold 4
Sat 30 Oct 2021 18:52:08 INFO test total [399] | test equ acc [0.850] | test value acc [0.852] | test time 0h 0m 6s
Sat 30 Oct 2021 18:52:08 INFO 5 fold cross validation finished.
Sat 30 Oct 2021 18:52:08 INFO fold  2 : test equ accuracy [0.887] | test value accuracy [0.892]
Sat 30 Oct 2021 18:52:08 INFO fold  0 : test equ accuracy [0.889] | test value accuracy [0.889]
Sat 30 Oct 2021 18:52:08 INFO fold  1 : test equ accuracy [0.872] | test value accuracy [0.874]
Sat 30 Oct 2021 18:52:08 INFO fold  4 : test equ accuracy [0.850] | test value accuracy [0.852]
Sat 30 Oct 2021 18:52:08 INFO fold  3 : test equ accuracy [0.831] | test value accuracy [0.839]
Sat 30 Oct 2021 18:52:08 INFO folds avr : test equ accuracy [0.866] | test value accuracy [0.869]
