Sun 21 Nov 2021 21:07:53 INFO random_seed=2021
use_gpu=True
max_output_len=30
gpu_id=0
test_step=5
load_best_config=False
supervising_mode=fully_supervised
rebuild=False
validset_divide=True
shuffle=False
test_only=True
root=/home/shubham/FINAL CS229 PROJECT/MWP-CS229
model_config_path=/home/shubham/FINAL CS229 PROJECT/MWP-CS229/mwptoolkit/config/../properties/model/MathEN.json
best_config_path=/home/shubham/FINAL CS229 PROJECT/MWP-CS229/mwptoolkit/config/../properties/best_config/MathEN_SVAMP.json
dataset_config_path=/home/shubham/FINAL CS229 PROJECT/MWP-CS229/mwptoolkit/config/../properties/dataset/SVAMP.json
dataset_path=dataset/SVAMP
min_word_keep=5
min_generate_keep=5
mask_symbol=number
single=True
linear=True
language=en
train_batch_size=32
test_batch_size=32
source_equation_fix=infix
embedding_size=128
hidden_size=512
decode_hidden_size=512
learning_rate=0.001
embedding_learning_rate=1e-05
decoder_rnn_cell_type=lstm
encoder_rnn_cell_type=lstm
teacher_force_ratio=0.9
num_layers=2
epoch_nums=100
dropout_ratio=0.5
bidirectional=True
step_size=20
rule1=True
rule2=True
share_vocab=False
attention=True
self_attention=True
equation_fix=prefix
symbol_for_tree=False
add_sos=True
add_eos=True
model=MathEN
dataset=SVAMP
task_type=single_equation
k_fold=5
checkpoint_path=checkpoint/MathEN-SVAMP-prefix.pth
trained_model_path=trained_model/MathEN-SVAMP-prefix.pth
log_path=log/MathEN-SVAMP-prefix.log
device=cuda
map_location=cuda
gpu_nums=1


Sun 21 Nov 2021 21:07:53 INFO start training with 5 fold cross validation.
Sun 21 Nov 2021 21:07:57 INFO fold 0
Sun 21 Nov 2021 21:08:20 INFO random_seed=2021
use_gpu=True
max_output_len=30
gpu_id=0
test_step=5
load_best_config=False
supervising_mode=fully_supervised
rebuild=False
validset_divide=True
shuffle=False
root=/home/shubham/FINAL CS229 PROJECT/MWP-CS229
model_config_path=/home/shubham/FINAL CS229 PROJECT/MWP-CS229/mwptoolkit/config/../properties/model/MathEN.json
best_config_path=/home/shubham/FINAL CS229 PROJECT/MWP-CS229/mwptoolkit/config/../properties/best_config/MathEN_SVAMP.json
dataset_config_path=/home/shubham/FINAL CS229 PROJECT/MWP-CS229/mwptoolkit/config/../properties/dataset/SVAMP.json
dataset_path=dataset/SVAMP
min_word_keep=5
min_generate_keep=5
mask_symbol=number
single=True
linear=True
language=en
train_batch_size=32
test_batch_size=32
source_equation_fix=infix
embedding_size=128
hidden_size=512
decode_hidden_size=512
learning_rate=0.001
embedding_learning_rate=1e-05
decoder_rnn_cell_type=lstm
encoder_rnn_cell_type=lstm
teacher_force_ratio=0.9
num_layers=2
epoch_nums=100
dropout_ratio=0.5
bidirectional=True
step_size=20
rule1=True
rule2=True
share_vocab=False
attention=True
self_attention=True
equation_fix=prefix
symbol_for_tree=False
add_sos=True
add_eos=True
model=MathEN
dataset=SVAMP
task_type=single_equation
k_fold=5
checkpoint_path=checkpoint/MathEN-SVAMP-prefix.pth
trained_model_path=trained_model/MathEN-SVAMP-prefix.pth
log_path=log/MathEN-SVAMP-prefix.log
device=cuda
map_location=cuda
gpu_nums=1


Sun 21 Nov 2021 21:08:20 INFO start training with 5 fold cross validation.
Sun 21 Nov 2021 21:08:22 INFO fold 0
Sun 21 Nov 2021 21:08:22 INFO start training...
Sun 21 Nov 2021 21:08:26 INFO epoch [  1] avr loss [1.50116528] | train time 0h 0m 3s
Sun 21 Nov 2021 21:08:26 INFO ---------- test total [200] | test equ acc [0.045] | test value acc [0.050] | test time 0h 0m 0s
Sun 21 Nov 2021 21:08:49 INFO random_seed=2021
use_gpu=True
max_output_len=30
gpu_id=0
test_step=5
load_best_config=False
supervising_mode=fully_supervised
rebuild=False
validset_divide=True
shuffle=False
root=/home/shubham/FINAL CS229 PROJECT/MWP-CS229
model_config_path=/home/shubham/FINAL CS229 PROJECT/MWP-CS229/mwptoolkit/config/../properties/model/MathEN.json
best_config_path=/home/shubham/FINAL CS229 PROJECT/MWP-CS229/mwptoolkit/config/../properties/best_config/MathEN_SVAMP.json
dataset_config_path=/home/shubham/FINAL CS229 PROJECT/MWP-CS229/mwptoolkit/config/../properties/dataset/SVAMP.json
dataset_path=dataset/SVAMP
min_word_keep=5
min_generate_keep=5
mask_symbol=number
single=True
linear=True
language=en
train_batch_size=32
test_batch_size=32
source_equation_fix=infix
embedding_size=128
hidden_size=512
decode_hidden_size=512
learning_rate=0.001
embedding_learning_rate=1e-05
decoder_rnn_cell_type=lstm
encoder_rnn_cell_type=lstm
teacher_force_ratio=0.9
num_layers=2
epoch_nums=100
dropout_ratio=0.5
bidirectional=True
step_size=20
rule1=True
rule2=True
share_vocab=False
attention=True
self_attention=True
equation_fix=prefix
symbol_for_tree=False
add_sos=True
add_eos=True
model=MathEN
dataset=SVAMP
task_type=single_equation
k_fold=5
checkpoint_path=checkpoint/MathEN-SVAMP-prefix.pth
trained_model_path=trained_model/MathEN-SVAMP-prefix.pth
log_path=log/MathEN-SVAMP-prefix.log
device=cuda
map_location=cuda
gpu_nums=1


Sun 21 Nov 2021 21:08:49 INFO start training with 5 fold cross validation.
Sun 21 Nov 2021 21:08:52 INFO fold 0
Sun 21 Nov 2021 21:08:52 INFO start training...
Sun 21 Nov 2021 21:08:56 INFO epoch [  1] avr loss [1.50116528] | train time 0h 0m 3s
Sun 21 Nov 2021 21:09:05 INFO random_seed=2021
use_gpu=True
max_output_len=30
gpu_id=0
test_step=5
load_best_config=False
supervising_mode=fully_supervised
rebuild=False
validset_divide=True
shuffle=False
root=/home/shubham/FINAL CS229 PROJECT/MWP-CS229
model_config_path=/home/shubham/FINAL CS229 PROJECT/MWP-CS229/mwptoolkit/config/../properties/model/MathEN.json
best_config_path=/home/shubham/FINAL CS229 PROJECT/MWP-CS229/mwptoolkit/config/../properties/best_config/MathEN_SVAMP.json
dataset_config_path=/home/shubham/FINAL CS229 PROJECT/MWP-CS229/mwptoolkit/config/../properties/dataset/SVAMP.json
dataset_path=dataset/SVAMP
min_word_keep=5
min_generate_keep=5
mask_symbol=number
single=True
linear=True
language=en
train_batch_size=32
test_batch_size=32
source_equation_fix=infix
embedding_size=128
hidden_size=512
decode_hidden_size=512
learning_rate=0.001
embedding_learning_rate=1e-05
decoder_rnn_cell_type=lstm
encoder_rnn_cell_type=lstm
teacher_force_ratio=0.9
num_layers=2
epoch_nums=100
dropout_ratio=0.5
bidirectional=True
step_size=20
rule1=True
rule2=True
share_vocab=False
attention=True
self_attention=True
equation_fix=prefix
symbol_for_tree=False
add_sos=True
add_eos=True
model=MathEN
dataset=SVAMP
task_type=single_equation
k_fold=5
checkpoint_path=checkpoint/MathEN-SVAMP-prefix.pth
trained_model_path=trained_model/MathEN-SVAMP-prefix.pth
log_path=log/MathEN-SVAMP-prefix.log
device=cuda
map_location=cuda
gpu_nums=1


Sun 21 Nov 2021 21:09:05 INFO start training with 5 fold cross validation.
Sun 21 Nov 2021 21:09:07 INFO fold 0
Sun 21 Nov 2021 21:09:07 INFO start training...
Sun 21 Nov 2021 21:09:11 INFO epoch [  1] avr loss [1.50116528] | train time 0h 0m 3s
Sun 21 Nov 2021 21:09:12 INFO ---------- test total [200] | test equ acc [0.045] | test value acc [0.050] | test time 0h 0m 0s
Sun 21 Nov 2021 21:09:16 INFO epoch [  2] avr loss [1.11944200] | train time 0h 0m 3s
Sun 21 Nov 2021 21:09:20 INFO epoch [  3] avr loss [0.94414996] | train time 0h 0m 3s
Sun 21 Nov 2021 21:09:23 INFO epoch [  4] avr loss [0.90377301] | train time 0h 0m 3s
Sun 21 Nov 2021 21:09:27 INFO epoch [  5] avr loss [0.83776183] | train time 0h 0m 3s
Sun 21 Nov 2021 21:09:31 INFO epoch [  6] avr loss [0.81172919] | train time 0h 0m 3s
Sun 21 Nov 2021 21:09:31 INFO ---------- test total [200] | test equ acc [0.145] | test value acc [0.145] | test time 0h 0m 0s
Sun 21 Nov 2021 21:09:36 INFO epoch [  7] avr loss [0.76203228] | train time 0h 0m 3s
Sun 21 Nov 2021 21:09:40 INFO epoch [  8] avr loss [0.74151397] | train time 0h 0m 3s
Sun 21 Nov 2021 21:09:44 INFO epoch [  9] avr loss [0.75541153] | train time 0h 0m 4s
Sun 21 Nov 2021 21:09:48 INFO epoch [ 10] avr loss [0.66908001] | train time 0h 0m 3s
Sun 21 Nov 2021 21:09:52 INFO epoch [ 11] avr loss [0.61295579] | train time 0h 0m 3s
Sun 21 Nov 2021 21:09:52 INFO ---------- test total [200] | test equ acc [0.160] | test value acc [0.165] | test time 0h 0m 0s
Sun 21 Nov 2021 21:09:57 INFO epoch [ 12] avr loss [0.61173721] | train time 0h 0m 3s
Sun 21 Nov 2021 21:10:01 INFO epoch [ 13] avr loss [0.61777726] | train time 0h 0m 3s
Sun 21 Nov 2021 21:10:05 INFO epoch [ 14] avr loss [0.56227216] | train time 0h 0m 3s
Sun 21 Nov 2021 21:10:09 INFO epoch [ 15] avr loss [0.53951912] | train time 0h 0m 3s
Sun 21 Nov 2021 21:10:13 INFO epoch [ 16] avr loss [0.50184418] | train time 0h 0m 3s
Sun 21 Nov 2021 21:10:14 INFO ---------- test total [200] | test equ acc [0.225] | test value acc [0.230] | test time 0h 0m 0s
Sun 21 Nov 2021 21:10:18 INFO epoch [ 17] avr loss [0.54408246] | train time 0h 0m 3s
Sun 21 Nov 2021 21:10:23 INFO epoch [ 18] avr loss [0.51416388] | train time 0h 0m 4s
Sun 21 Nov 2021 21:10:26 INFO epoch [ 19] avr loss [0.43732766] | train time 0h 0m 3s
Sun 21 Nov 2021 21:10:30 INFO epoch [ 20] avr loss [0.42129726] | train time 0h 0m 3s
Sun 21 Nov 2021 21:10:34 INFO epoch [ 21] avr loss [0.45976968] | train time 0h 0m 3s
Sun 21 Nov 2021 21:10:35 INFO ---------- test total [200] | test equ acc [0.205] | test value acc [0.225] | test time 0h 0m 0s
Sun 21 Nov 2021 21:10:40 INFO epoch [ 22] avr loss [0.50394401] | train time 0h 0m 4s
Sun 21 Nov 2021 21:10:44 INFO epoch [ 23] avr loss [0.43238190] | train time 0h 0m 4s
Sun 21 Nov 2021 21:10:49 INFO epoch [ 24] avr loss [0.48470349] | train time 0h 0m 4s
Sun 21 Nov 2021 21:10:54 INFO epoch [ 25] avr loss [0.37952973] | train time 0h 0m 4s
Sun 21 Nov 2021 21:10:58 INFO epoch [ 26] avr loss [0.37256218] | train time 0h 0m 4s
Sun 21 Nov 2021 21:10:59 INFO ---------- test total [200] | test equ acc [0.225] | test value acc [0.255] | test time 0h 0m 0s
Sun 21 Nov 2021 21:11:04 INFO epoch [ 27] avr loss [0.37271501] | train time 0h 0m 4s
Sun 21 Nov 2021 21:11:09 INFO epoch [ 28] avr loss [0.37955062] | train time 0h 0m 4s
Sun 21 Nov 2021 21:11:13 INFO epoch [ 29] avr loss [0.36598248] | train time 0h 0m 4s
Sun 21 Nov 2021 21:11:18 INFO epoch [ 30] avr loss [0.28177470] | train time 0h 0m 4s
Sun 21 Nov 2021 21:11:23 INFO epoch [ 31] avr loss [0.28343745] | train time 0h 0m 4s
Sun 21 Nov 2021 21:11:23 INFO ---------- test total [200] | test equ acc [0.230] | test value acc [0.240] | test time 0h 0m 0s
Sun 21 Nov 2021 21:11:29 INFO epoch [ 32] avr loss [0.25470749] | train time 0h 0m 4s
Sun 21 Nov 2021 21:11:33 INFO epoch [ 33] avr loss [0.25644810] | train time 0h 0m 4s
Sun 21 Nov 2021 21:11:38 INFO epoch [ 34] avr loss [0.25534125] | train time 0h 0m 4s
Sun 21 Nov 2021 21:11:42 INFO epoch [ 35] avr loss [0.25061614] | train time 0h 0m 4s
Sun 21 Nov 2021 21:11:47 INFO epoch [ 36] avr loss [0.23363733] | train time 0h 0m 4s
Sun 21 Nov 2021 21:11:48 INFO ---------- test total [200] | test equ acc [0.220] | test value acc [0.230] | test time 0h 0m 0s
Sun 21 Nov 2021 21:11:53 INFO epoch [ 37] avr loss [0.21299940] | train time 0h 0m 4s
Sun 21 Nov 2021 21:11:57 INFO epoch [ 38] avr loss [0.21193182] | train time 0h 0m 4s
Sun 21 Nov 2021 21:12:02 INFO epoch [ 39] avr loss [0.25967213] | train time 0h 0m 4s
Sun 21 Nov 2021 21:12:06 INFO epoch [ 40] avr loss [0.19102192] | train time 0h 0m 4s
Sun 21 Nov 2021 21:12:11 INFO epoch [ 41] avr loss [0.18710872] | train time 0h 0m 4s
Sun 21 Nov 2021 21:12:12 INFO ---------- test total [200] | test equ acc [0.250] | test value acc [0.250] | test time 0h 0m 0s
Sun 21 Nov 2021 21:12:17 INFO epoch [ 42] avr loss [0.20309480] | train time 0h 0m 4s
Sun 21 Nov 2021 21:12:22 INFO epoch [ 43] avr loss [0.19278084] | train time 0h 0m 4s
Sun 21 Nov 2021 21:12:26 INFO epoch [ 44] avr loss [0.16561153] | train time 0h 0m 4s
Sun 21 Nov 2021 21:12:31 INFO epoch [ 45] avr loss [0.14758169] | train time 0h 0m 4s
Sun 21 Nov 2021 21:12:36 INFO epoch [ 46] avr loss [0.16479633] | train time 0h 0m 4s
Sun 21 Nov 2021 21:12:36 INFO ---------- test total [200] | test equ acc [0.220] | test value acc [0.230] | test time 0h 0m 0s
Sun 21 Nov 2021 21:12:41 INFO epoch [ 47] avr loss [0.17062979] | train time 0h 0m 4s
Sun 21 Nov 2021 21:12:46 INFO epoch [ 48] avr loss [0.14731813] | train time 0h 0m 4s
Sun 21 Nov 2021 21:12:51 INFO epoch [ 49] avr loss [0.16062928] | train time 0h 0m 4s
Sun 21 Nov 2021 21:12:55 INFO epoch [ 50] avr loss [0.14311118] | train time 0h 0m 4s
Sun 21 Nov 2021 21:13:00 INFO epoch [ 51] avr loss [0.13920514] | train time 0h 0m 4s
Sun 21 Nov 2021 21:13:00 INFO ---------- test total [200] | test equ acc [0.220] | test value acc [0.235] | test time 0h 0m 0s
Sun 21 Nov 2021 21:13:06 INFO epoch [ 52] avr loss [0.12546314] | train time 0h 0m 4s
Sun 21 Nov 2021 21:13:10 INFO epoch [ 53] avr loss [0.16138999] | train time 0h 0m 4s
Sun 21 Nov 2021 21:13:15 INFO epoch [ 54] avr loss [0.12486378] | train time 0h 0m 4s
Sun 21 Nov 2021 21:13:19 INFO epoch [ 55] avr loss [0.12653619] | train time 0h 0m 4s
Sun 21 Nov 2021 21:13:24 INFO epoch [ 56] avr loss [0.10307989] | train time 0h 0m 4s
Sun 21 Nov 2021 21:13:25 INFO ---------- test total [200] | test equ acc [0.205] | test value acc [0.210] | test time 0h 0m 0s
Sun 21 Nov 2021 21:13:30 INFO epoch [ 57] avr loss [0.13629758] | train time 0h 0m 4s
Sun 21 Nov 2021 21:13:35 INFO epoch [ 58] avr loss [0.10292859] | train time 0h 0m 4s
Sun 21 Nov 2021 21:13:40 INFO epoch [ 59] avr loss [0.15159214] | train time 0h 0m 4s
Sun 21 Nov 2021 21:13:44 INFO epoch [ 60] avr loss [0.12676488] | train time 0h 0m 4s
Sun 21 Nov 2021 21:13:49 INFO epoch [ 61] avr loss [0.10645650] | train time 0h 0m 4s
Sun 21 Nov 2021 21:13:49 INFO ---------- test total [200] | test equ acc [0.215] | test value acc [0.220] | test time 0h 0m 0s
Sun 21 Nov 2021 21:13:55 INFO epoch [ 62] avr loss [0.12846136] | train time 0h 0m 4s
Sun 21 Nov 2021 21:13:59 INFO epoch [ 63] avr loss [0.13650760] | train time 0h 0m 4s
Sun 21 Nov 2021 21:14:04 INFO epoch [ 64] avr loss [0.10367831] | train time 0h 0m 4s
Sun 21 Nov 2021 21:14:08 INFO epoch [ 65] avr loss [0.11540697] | train time 0h 0m 4s
Sun 21 Nov 2021 21:14:13 INFO epoch [ 66] avr loss [0.09378713] | train time 0h 0m 4s
Sun 21 Nov 2021 21:14:14 INFO ---------- test total [200] | test equ acc [0.245] | test value acc [0.255] | test time 0h 0m 0s
Sun 21 Nov 2021 21:14:19 INFO epoch [ 67] avr loss [0.10553355] | train time 0h 0m 4s
Sun 21 Nov 2021 21:14:24 INFO epoch [ 68] avr loss [0.10108414] | train time 0h 0m 4s
Sun 21 Nov 2021 21:14:29 INFO epoch [ 69] avr loss [0.10644716] | train time 0h 0m 4s
Sun 21 Nov 2021 21:14:33 INFO epoch [ 70] avr loss [0.09256438] | train time 0h 0m 4s
Sun 21 Nov 2021 21:14:38 INFO epoch [ 71] avr loss [0.08112426] | train time 0h 0m 4s
Sun 21 Nov 2021 21:14:38 INFO ---------- test total [200] | test equ acc [0.225] | test value acc [0.225] | test time 0h 0m 0s
Sun 21 Nov 2021 21:14:44 INFO epoch [ 72] avr loss [0.14960532] | train time 0h 0m 4s
Sun 21 Nov 2021 21:14:48 INFO epoch [ 73] avr loss [0.11951920] | train time 0h 0m 4s
Sun 21 Nov 2021 21:14:53 INFO epoch [ 74] avr loss [0.11852805] | train time 0h 0m 4s
Sun 21 Nov 2021 21:14:57 INFO epoch [ 75] avr loss [0.14340510] | train time 0h 0m 4s
Sun 21 Nov 2021 21:15:02 INFO epoch [ 76] avr loss [0.10111824] | train time 0h 0m 4s
Sun 21 Nov 2021 21:15:03 INFO ---------- test total [200] | test equ acc [0.230] | test value acc [0.235] | test time 0h 0m 0s
Sun 21 Nov 2021 21:15:08 INFO epoch [ 77] avr loss [0.08053016] | train time 0h 0m 4s
Sun 21 Nov 2021 21:15:12 INFO epoch [ 78] avr loss [0.09582111] | train time 0h 0m 4s
Sun 21 Nov 2021 21:15:17 INFO epoch [ 79] avr loss [0.08840661] | train time 0h 0m 4s
Sun 21 Nov 2021 21:15:22 INFO epoch [ 80] avr loss [0.09517730] | train time 0h 0m 4s
Sun 21 Nov 2021 21:15:26 INFO epoch [ 81] avr loss [0.08300261] | train time 0h 0m 4s
Sun 21 Nov 2021 21:15:27 INFO ---------- test total [200] | test equ acc [0.220] | test value acc [0.220] | test time 0h 0m 0s
Sun 21 Nov 2021 21:15:32 INFO epoch [ 82] avr loss [0.09409424] | train time 0h 0m 4s
Sun 21 Nov 2021 21:15:37 INFO epoch [ 83] avr loss [0.10094759] | train time 0h 0m 4s
Sun 21 Nov 2021 21:15:42 INFO epoch [ 84] avr loss [0.07243177] | train time 0h 0m 4s
Sun 21 Nov 2021 21:15:46 INFO epoch [ 85] avr loss [0.07619386] | train time 0h 0m 4s
Sun 21 Nov 2021 21:15:51 INFO epoch [ 86] avr loss [0.08638288] | train time 0h 0m 4s
Sun 21 Nov 2021 21:15:51 INFO ---------- test total [200] | test equ acc [0.190] | test value acc [0.190] | test time 0h 0m 0s
Sun 21 Nov 2021 21:15:57 INFO epoch [ 87] avr loss [0.08832306] | train time 0h 0m 4s
Sun 21 Nov 2021 21:16:01 INFO epoch [ 88] avr loss [0.07588515] | train time 0h 0m 4s
Sun 21 Nov 2021 21:16:06 INFO epoch [ 89] avr loss [0.09091467] | train time 0h 0m 4s
Sun 21 Nov 2021 21:16:10 INFO epoch [ 90] avr loss [0.07585735] | train time 0h 0m 4s
Sun 21 Nov 2021 21:16:16 INFO epoch [ 91] avr loss [0.06488900] | train time 0h 0m 5s
Sun 21 Nov 2021 21:16:17 INFO ---------- test total [200] | test equ acc [0.185] | test value acc [0.190] | test time 0h 0m 1s
Sun 21 Nov 2021 21:16:24 INFO epoch [ 92] avr loss [0.06281671] | train time 0h 0m 5s
Sun 21 Nov 2021 21:16:30 INFO epoch [ 93] avr loss [0.07225302] | train time 0h 0m 5s
Sun 21 Nov 2021 21:16:35 INFO epoch [ 94] avr loss [0.08094042] | train time 0h 0m 5s
Sun 21 Nov 2021 21:16:40 INFO epoch [ 95] avr loss [0.06696267] | train time 0h 0m 5s
Sun 21 Nov 2021 21:16:45 INFO epoch [ 96] avr loss [0.06649295] | train time 0h 0m 5s
Sun 21 Nov 2021 21:16:47 INFO ---------- test total [200] | test equ acc [0.255] | test value acc [0.260] | test time 0h 0m 1s
Sun 21 Nov 2021 21:16:55 INFO epoch [ 97] avr loss [0.07491184] | train time 0h 0m 5s
Sun 21 Nov 2021 21:16:56 INFO ---------- test total [200] | test equ acc [0.225] | test value acc [0.235] | test time 0h 0m 1s
Sun 21 Nov 2021 21:17:02 INFO epoch [ 98] avr loss [0.07346941] | train time 0h 0m 5s
Sun 21 Nov 2021 21:17:04 INFO ---------- test total [200] | test equ acc [0.195] | test value acc [0.195] | test time 0h 0m 1s
Sun 21 Nov 2021 21:17:10 INFO epoch [ 99] avr loss [0.06966935] | train time 0h 0m 5s
Sun 21 Nov 2021 21:17:12 INFO ---------- test total [200] | test equ acc [0.260] | test value acc [0.260] | test time 0h 0m 1s
Sun 21 Nov 2021 21:17:19 INFO epoch [100] avr loss [0.06471780] | train time 0h 0m 5s
Sun 21 Nov 2021 21:17:21 INFO ---------- test total [200] | test equ acc [0.260] | test value acc [0.260] | test time 0h 0m 1s
Sun 21 Nov 2021 21:17:22 INFO training finished.
                            best valid result: equation accuracy [0.000] | value accuracy [0.000]
                            best test result : equation accuracy [0.260] | value accuracy [0.260]
Sun 21 Nov 2021 21:17:26 INFO fold 1
Sun 21 Nov 2021 21:17:26 INFO start training...
Sun 21 Nov 2021 21:17:31 INFO epoch [  1] avr loss [1.57113037] | train time 0h 0m 4s
Sun 21 Nov 2021 21:17:31 INFO ---------- test total [200] | test equ acc [0.125] | test value acc [0.135] | test time 0h 0m 0s
Sun 21 Nov 2021 21:17:37 INFO epoch [  2] avr loss [1.13241770] | train time 0h 0m 4s
Sun 21 Nov 2021 21:17:41 INFO epoch [  3] avr loss [0.96972884] | train time 0h 0m 4s
Sun 21 Nov 2021 21:17:46 INFO epoch [  4] avr loss [1.01239308] | train time 0h 0m 4s
Sun 21 Nov 2021 21:17:51 INFO epoch [  5] avr loss [0.85469463] | train time 0h 0m 4s
Sun 21 Nov 2021 21:17:55 INFO epoch [  6] avr loss [0.93287873] | train time 0h 0m 4s
Sun 21 Nov 2021 21:17:56 INFO ---------- test total [200] | test equ acc [0.180] | test value acc [0.195] | test time 0h 0m 0s
Sun 21 Nov 2021 21:18:01 INFO epoch [  7] avr loss [0.72650698] | train time 0h 0m 4s
Sun 21 Nov 2021 21:18:06 INFO epoch [  8] avr loss [0.76177599] | train time 0h 0m 4s
Sun 21 Nov 2021 21:18:11 INFO epoch [  9] avr loss [0.73760036] | train time 0h 0m 4s
Sun 21 Nov 2021 21:18:15 INFO epoch [ 10] avr loss [0.67939053] | train time 0h 0m 4s
Sun 21 Nov 2021 21:18:20 INFO epoch [ 11] avr loss [0.68090287] | train time 0h 0m 4s
Sun 21 Nov 2021 21:18:20 INFO ---------- test total [200] | test equ acc [0.140] | test value acc [0.140] | test time 0h 0m 0s
Sun 21 Nov 2021 21:18:26 INFO epoch [ 12] avr loss [0.67195239] | train time 0h 0m 4s
Sun 21 Nov 2021 21:18:30 INFO epoch [ 13] avr loss [0.64737775] | train time 0h 0m 4s
Sun 21 Nov 2021 21:18:35 INFO epoch [ 14] avr loss [0.61564762] | train time 0h 0m 4s
Sun 21 Nov 2021 21:18:40 INFO epoch [ 15] avr loss [0.57492391] | train time 0h 0m 4s
Sun 21 Nov 2021 21:18:44 INFO epoch [ 16] avr loss [0.53512873] | train time 0h 0m 4s
Sun 21 Nov 2021 21:18:45 INFO ---------- test total [200] | test equ acc [0.200] | test value acc [0.200] | test time 0h 0m 0s
Sun 21 Nov 2021 21:18:50 INFO epoch [ 17] avr loss [0.54189090] | train time 0h 0m 4s
Sun 21 Nov 2021 21:18:55 INFO epoch [ 18] avr loss [0.53851728] | train time 0h 0m 4s
Sun 21 Nov 2021 21:19:00 INFO epoch [ 19] avr loss [0.50726442] | train time 0h 0m 4s
Sun 21 Nov 2021 21:19:04 INFO epoch [ 20] avr loss [0.56446292] | train time 0h 0m 4s
Sun 21 Nov 2021 21:19:09 INFO epoch [ 21] avr loss [0.48247759] | train time 0h 0m 4s
Sun 21 Nov 2021 21:19:09 INFO ---------- test total [200] | test equ acc [0.255] | test value acc [0.260] | test time 0h 0m 0s
Sun 21 Nov 2021 21:19:15 INFO epoch [ 22] avr loss [0.45668665] | train time 0h 0m 4s
Sun 21 Nov 2021 21:19:20 INFO epoch [ 23] avr loss [0.37102220] | train time 0h 0m 4s
Sun 21 Nov 2021 21:19:24 INFO epoch [ 24] avr loss [0.38300354] | train time 0h 0m 4s
Sun 21 Nov 2021 21:19:29 INFO epoch [ 25] avr loss [0.38216172] | train time 0h 0m 4s
Sun 21 Nov 2021 21:19:33 INFO epoch [ 26] avr loss [0.37439216] | train time 0h 0m 4s
Sun 21 Nov 2021 21:19:34 INFO ---------- test total [200] | test equ acc [0.260] | test value acc [0.260] | test time 0h 0m 0s
Sun 21 Nov 2021 21:19:40 INFO epoch [ 27] avr loss [0.34982097] | train time 0h 0m 4s
Sun 21 Nov 2021 21:19:44 INFO epoch [ 28] avr loss [0.39794462] | train time 0h 0m 4s
Sun 21 Nov 2021 21:19:49 INFO epoch [ 29] avr loss [0.30442343] | train time 0h 0m 5s
Sun 21 Nov 2021 21:19:55 INFO epoch [ 30] avr loss [0.34019593] | train time 0h 0m 5s
Sun 21 Nov 2021 21:20:00 INFO epoch [ 31] avr loss [0.33443171] | train time 0h 0m 5s
Sun 21 Nov 2021 21:20:02 INFO ---------- test total [200] | test equ acc [0.280] | test value acc [0.285] | test time 0h 0m 1s
Sun 21 Nov 2021 21:20:09 INFO epoch [ 32] avr loss [0.34027436] | train time 0h 0m 5s
Sun 21 Nov 2021 21:20:14 INFO epoch [ 33] avr loss [0.29048622] | train time 0h 0m 5s
Sun 21 Nov 2021 21:20:20 INFO epoch [ 34] avr loss [0.28094869] | train time 0h 0m 5s
Sun 21 Nov 2021 21:20:25 INFO epoch [ 35] avr loss [0.30977866] | train time 0h 0m 5s
Sun 21 Nov 2021 21:20:30 INFO epoch [ 36] avr loss [0.23302444] | train time 0h 0m 5s
Sun 21 Nov 2021 21:20:32 INFO ---------- test total [200] | test equ acc [0.270] | test value acc [0.275] | test time 0h 0m 1s
Sun 21 Nov 2021 21:20:39 INFO epoch [ 37] avr loss [0.22260909] | train time 0h 0m 5s
Sun 21 Nov 2021 21:20:45 INFO epoch [ 38] avr loss [0.25202286] | train time 0h 0m 5s
Sun 21 Nov 2021 21:20:50 INFO epoch [ 39] avr loss [0.27232258] | train time 0h 0m 5s
Sun 21 Nov 2021 21:20:55 INFO epoch [ 40] avr loss [0.23063563] | train time 0h 0m 5s
Sun 21 Nov 2021 21:21:00 INFO epoch [ 41] avr loss [0.18836052] | train time 0h 0m 5s
Sun 21 Nov 2021 21:21:02 INFO ---------- test total [200] | test equ acc [0.270] | test value acc [0.270] | test time 0h 0m 1s
Sun 21 Nov 2021 21:21:09 INFO epoch [ 42] avr loss [0.21213536] | train time 0h 0m 5s
Sun 21 Nov 2021 21:21:14 INFO epoch [ 43] avr loss [0.19470432] | train time 0h 0m 4s
Sun 21 Nov 2021 21:21:19 INFO epoch [ 44] avr loss [0.19159489] | train time 0h 0m 4s
Sun 21 Nov 2021 21:21:23 INFO epoch [ 45] avr loss [0.22821618] | train time 0h 0m 4s
Sun 21 Nov 2021 21:21:28 INFO epoch [ 46] avr loss [0.21224547] | train time 0h 0m 4s
Sun 21 Nov 2021 21:21:28 INFO ---------- test total [200] | test equ acc [0.270] | test value acc [0.275] | test time 0h 0m 0s
Sun 21 Nov 2021 21:21:34 INFO epoch [ 47] avr loss [0.15834325] | train time 0h 0m 4s
Sun 21 Nov 2021 21:21:38 INFO epoch [ 48] avr loss [0.19605314] | train time 0h 0m 4s
Sun 21 Nov 2021 21:21:43 INFO epoch [ 49] avr loss [0.20048897] | train time 0h 0m 4s
Sun 21 Nov 2021 21:21:47 INFO epoch [ 50] avr loss [0.21133348] | train time 0h 0m 4s
Sun 21 Nov 2021 21:21:52 INFO epoch [ 51] avr loss [0.16511134] | train time 0h 0m 4s
Sun 21 Nov 2021 21:21:53 INFO ---------- test total [200] | test equ acc [0.240] | test value acc [0.245] | test time 0h 0m 0s
Sun 21 Nov 2021 21:21:58 INFO epoch [ 52] avr loss [0.18769135] | train time 0h 0m 4s
Sun 21 Nov 2021 21:22:03 INFO epoch [ 53] avr loss [0.21271988] | train time 0h 0m 4s
Sun 21 Nov 2021 21:22:07 INFO epoch [ 54] avr loss [0.18417933] | train time 0h 0m 4s
Sun 21 Nov 2021 21:22:12 INFO epoch [ 55] avr loss [0.21636554] | train time 0h 0m 4s
Sun 21 Nov 2021 21:22:17 INFO epoch [ 56] avr loss [0.15026545] | train time 0h 0m 4s
Sun 21 Nov 2021 21:22:17 INFO ---------- test total [200] | test equ acc [0.225] | test value acc [0.225] | test time 0h 0m 0s
Sun 21 Nov 2021 21:22:23 INFO epoch [ 57] avr loss [0.17555034] | train time 0h 0m 4s
Sun 21 Nov 2021 21:22:27 INFO epoch [ 58] avr loss [0.14804502] | train time 0h 0m 4s
Sun 21 Nov 2021 21:22:32 INFO epoch [ 59] avr loss [0.13535574] | train time 0h 0m 4s
Sun 21 Nov 2021 21:22:37 INFO epoch [ 60] avr loss [0.12006919] | train time 0h 0m 4s
Sun 21 Nov 2021 21:22:41 INFO epoch [ 61] avr loss [0.12752682] | train time 0h 0m 4s
Sun 21 Nov 2021 21:22:42 INFO ---------- test total [200] | test equ acc [0.250] | test value acc [0.255] | test time 0h 0m 0s
Sun 21 Nov 2021 21:22:47 INFO epoch [ 62] avr loss [0.16327075] | train time 0h 0m 4s
Sun 21 Nov 2021 21:22:52 INFO epoch [ 63] avr loss [0.11922046] | train time 0h 0m 4s
Sun 21 Nov 2021 21:22:57 INFO epoch [ 64] avr loss [0.12259867] | train time 0h 0m 4s
Sun 21 Nov 2021 21:23:01 INFO epoch [ 65] avr loss [0.13616034] | train time 0h 0m 4s
Sun 21 Nov 2021 21:23:06 INFO epoch [ 66] avr loss [0.13416340] | train time 0h 0m 4s
Sun 21 Nov 2021 21:23:07 INFO ---------- test total [200] | test equ acc [0.260] | test value acc [0.265] | test time 0h 0m 0s
Sun 21 Nov 2021 21:23:12 INFO epoch [ 67] avr loss [0.10829572] | train time 0h 0m 4s
Sun 21 Nov 2021 21:23:18 INFO epoch [ 68] avr loss [0.14193635] | train time 0h 0m 5s
Sun 21 Nov 2021 21:23:23 INFO epoch [ 69] avr loss [0.14421842] | train time 0h 0m 5s
Sun 21 Nov 2021 21:23:28 INFO epoch [ 70] avr loss [0.11454142] | train time 0h 0m 5s
Sun 21 Nov 2021 21:23:33 INFO epoch [ 71] avr loss [0.10973301] | train time 0h 0m 5s
Sun 21 Nov 2021 21:23:35 INFO ---------- test total [200] | test equ acc [0.280] | test value acc [0.285] | test time 0h 0m 1s
Sun 21 Nov 2021 21:23:43 INFO epoch [ 72] avr loss [0.14467126] | train time 0h 0m 5s
Sun 21 Nov 2021 21:23:48 INFO epoch [ 73] avr loss [0.11621084] | train time 0h 0m 5s
Sun 21 Nov 2021 21:23:53 INFO epoch [ 74] avr loss [0.09245076] | train time 0h 0m 5s
Sun 21 Nov 2021 21:23:59 INFO epoch [ 75] avr loss [0.10511247] | train time 0h 0m 5s
Sun 21 Nov 2021 21:24:04 INFO epoch [ 76] avr loss [0.09843712] | train time 0h 0m 5s
Sun 21 Nov 2021 21:24:06 INFO ---------- test total [200] | test equ acc [0.260] | test value acc [0.265] | test time 0h 0m 1s
Sun 21 Nov 2021 21:24:13 INFO epoch [ 77] avr loss [0.09491679] | train time 0h 0m 5s
Sun 21 Nov 2021 21:24:18 INFO epoch [ 78] avr loss [0.13352545] | train time 0h 0m 5s
Sun 21 Nov 2021 21:24:24 INFO epoch [ 79] avr loss [0.10603011] | train time 0h 0m 5s
Sun 21 Nov 2021 21:24:29 INFO epoch [ 80] avr loss [0.10170008] | train time 0h 0m 5s
Sun 21 Nov 2021 21:24:34 INFO epoch [ 81] avr loss [0.10179159] | train time 0h 0m 5s
Sun 21 Nov 2021 21:24:36 INFO ---------- test total [200] | test equ acc [0.270] | test value acc [0.280] | test time 0h 0m 1s
Sun 21 Nov 2021 21:24:43 INFO epoch [ 82] avr loss [0.08144635] | train time 0h 0m 5s
Sun 21 Nov 2021 21:24:49 INFO epoch [ 83] avr loss [0.08808561] | train time 0h 0m 5s
Sun 21 Nov 2021 21:24:54 INFO epoch [ 84] avr loss [0.09210249] | train time 0h 0m 4s
Sun 21 Nov 2021 21:24:59 INFO epoch [ 85] avr loss [0.09995356] | train time 0h 0m 4s
Sun 21 Nov 2021 21:25:03 INFO epoch [ 86] avr loss [0.08923773] | train time 0h 0m 4s
Sun 21 Nov 2021 21:25:04 INFO ---------- test total [200] | test equ acc [0.270] | test value acc [0.280] | test time 0h 0m 0s
Sun 21 Nov 2021 21:25:09 INFO epoch [ 87] avr loss [0.10066926] | train time 0h 0m 4s
Sun 21 Nov 2021 21:25:14 INFO epoch [ 88] avr loss [0.08699908] | train time 0h 0m 4s
Sun 21 Nov 2021 21:25:19 INFO epoch [ 89] avr loss [0.06580321] | train time 0h 0m 4s
Sun 21 Nov 2021 21:25:23 INFO epoch [ 90] avr loss [0.09348289] | train time 0h 0m 4s
Sun 21 Nov 2021 21:25:28 INFO epoch [ 91] avr loss [0.08158335] | train time 0h 0m 4s
Sun 21 Nov 2021 21:25:29 INFO ---------- test total [200] | test equ acc [0.265] | test value acc [0.270] | test time 0h 0m 0s
Sun 21 Nov 2021 21:25:34 INFO epoch [ 92] avr loss [0.07346717] | train time 0h 0m 4s
Sun 21 Nov 2021 21:25:39 INFO epoch [ 93] avr loss [0.06654352] | train time 0h 0m 4s
Sun 21 Nov 2021 21:25:43 INFO epoch [ 94] avr loss [0.07909713] | train time 0h 0m 4s
Sun 21 Nov 2021 21:25:48 INFO epoch [ 95] avr loss [0.06169584] | train time 0h 0m 4s
Sun 21 Nov 2021 21:25:53 INFO epoch [ 96] avr loss [0.10389642] | train time 0h 0m 4s
Sun 21 Nov 2021 21:25:53 INFO ---------- test total [200] | test equ acc [0.255] | test value acc [0.260] | test time 0h 0m 0s
Sun 21 Nov 2021 21:25:58 INFO epoch [ 97] avr loss [0.07942570] | train time 0h 0m 4s
Sun 21 Nov 2021 21:25:59 INFO ---------- test total [200] | test equ acc [0.275] | test value acc [0.285] | test time 0h 0m 0s
Sun 21 Nov 2021 21:26:04 INFO epoch [ 98] avr loss [0.05828874] | train time 0h 0m 4s
Sun 21 Nov 2021 21:26:05 INFO ---------- test total [200] | test equ acc [0.245] | test value acc [0.250] | test time 0h 0m 1s
Sun 21 Nov 2021 21:26:10 INFO epoch [ 99] avr loss [0.07968060] | train time 0h 0m 4s
Sun 21 Nov 2021 21:26:11 INFO ---------- test total [200] | test equ acc [0.280] | test value acc [0.285] | test time 0h 0m 0s
Sun 21 Nov 2021 21:26:16 INFO epoch [100] avr loss [0.06765351] | train time 0h 0m 4s
Sun 21 Nov 2021 21:26:16 INFO ---------- test total [200] | test equ acc [0.265] | test value acc [0.270] | test time 0h 0m 0s
Sun 21 Nov 2021 21:26:17 INFO training finished.
                            best valid result: equation accuracy [0.000] | value accuracy [0.000]
                            best test result : equation accuracy [0.280] | value accuracy [0.285]
Sun 21 Nov 2021 21:26:18 INFO fold 2
Sun 21 Nov 2021 21:26:18 INFO start training...
Sun 21 Nov 2021 21:26:22 INFO epoch [  1] avr loss [1.54707647] | train time 0h 0m 4s
Sun 21 Nov 2021 21:26:23 INFO ---------- test total [200] | test equ acc [0.095] | test value acc [0.110] | test time 0h 0m 0s
Sun 21 Nov 2021 21:26:27 INFO epoch [  2] avr loss [1.14203466] | train time 0h 0m 4s
Sun 21 Nov 2021 21:26:32 INFO epoch [  3] avr loss [1.04563676] | train time 0h 0m 4s
Sun 21 Nov 2021 21:26:36 INFO epoch [  4] avr loss [0.95975136] | train time 0h 0m 4s
Sun 21 Nov 2021 21:26:41 INFO epoch [  5] avr loss [0.83173257] | train time 0h 0m 4s
Sun 21 Nov 2021 21:26:45 INFO epoch [  6] avr loss [0.73867766] | train time 0h 0m 4s
Sun 21 Nov 2021 21:26:47 INFO ---------- test total [200] | test equ acc [0.165] | test value acc [0.175] | test time 0h 0m 1s
Sun 21 Nov 2021 21:26:54 INFO epoch [  7] avr loss [0.72674721] | train time 0h 0m 4s
Sun 21 Nov 2021 21:26:59 INFO epoch [  8] avr loss [0.66893364] | train time 0h 0m 4s
Sun 21 Nov 2021 21:27:03 INFO epoch [  9] avr loss [0.73262451] | train time 0h 0m 4s
Sun 21 Nov 2021 21:27:08 INFO epoch [ 10] avr loss [0.72603962] | train time 0h 0m 4s
Sun 21 Nov 2021 21:27:13 INFO epoch [ 11] avr loss [0.65499639] | train time 0h 0m 4s
Sun 21 Nov 2021 21:27:15 INFO ---------- test total [200] | test equ acc [0.205] | test value acc [0.205] | test time 0h 0m 1s
Sun 21 Nov 2021 21:27:22 INFO epoch [ 12] avr loss [0.62249979] | train time 0h 0m 4s
Sun 21 Nov 2021 21:27:26 INFO epoch [ 13] avr loss [0.57535336] | train time 0h 0m 4s
Sun 21 Nov 2021 21:27:31 INFO epoch [ 14] avr loss [0.54163943] | train time 0h 0m 4s
Sun 21 Nov 2021 21:27:36 INFO epoch [ 15] avr loss [0.58563295] | train time 0h 0m 4s
Sun 21 Nov 2021 21:27:40 INFO epoch [ 16] avr loss [0.50657322] | train time 0h 0m 4s
Sun 21 Nov 2021 21:27:42 INFO ---------- test total [200] | test equ acc [0.230] | test value acc [0.245] | test time 0h 0m 1s
Sun 21 Nov 2021 21:27:49 INFO epoch [ 17] avr loss [0.53633038] | train time 0h 0m 4s
Sun 21 Nov 2021 21:27:53 INFO epoch [ 18] avr loss [0.47332478] | train time 0h 0m 4s
Sun 21 Nov 2021 21:27:58 INFO epoch [ 19] avr loss [0.43746836] | train time 0h 0m 4s
Sun 21 Nov 2021 21:28:03 INFO epoch [ 20] avr loss [0.51638874] | train time 0h 0m 4s
Sun 21 Nov 2021 21:28:08 INFO epoch [ 21] avr loss [0.37040179] | train time 0h 0m 4s
Sun 21 Nov 2021 21:28:09 INFO ---------- test total [200] | test equ acc [0.300] | test value acc [0.305] | test time 0h 0m 1s
Sun 21 Nov 2021 21:28:16 INFO epoch [ 22] avr loss [0.41715652] | train time 0h 0m 4s
Sun 21 Nov 2021 21:28:21 INFO epoch [ 23] avr loss [0.42223472] | train time 0h 0m 4s
Sun 21 Nov 2021 21:28:26 INFO epoch [ 24] avr loss [0.36963405] | train time 0h 0m 4s
Sun 21 Nov 2021 21:28:30 INFO epoch [ 25] avr loss [0.40384537] | train time 0h 0m 4s
Sun 21 Nov 2021 21:28:35 INFO epoch [ 26] avr loss [0.38869191] | train time 0h 0m 4s
Sun 21 Nov 2021 21:28:37 INFO ---------- test total [200] | test equ acc [0.300] | test value acc [0.300] | test time 0h 0m 1s
Sun 21 Nov 2021 21:28:43 INFO epoch [ 27] avr loss [0.34559882] | train time 0h 0m 4s
Sun 21 Nov 2021 21:28:48 INFO epoch [ 28] avr loss [0.35438314] | train time 0h 0m 4s
Sun 21 Nov 2021 21:28:53 INFO epoch [ 29] avr loss [0.33445813] | train time 0h 0m 4s
Sun 21 Nov 2021 21:28:58 INFO epoch [ 30] avr loss [0.30705685] | train time 0h 0m 4s
Sun 21 Nov 2021 21:29:02 INFO epoch [ 31] avr loss [0.29278067] | train time 0h 0m 4s
Sun 21 Nov 2021 21:29:04 INFO ---------- test total [200] | test equ acc [0.310] | test value acc [0.315] | test time 0h 0m 1s
Sun 21 Nov 2021 21:29:11 INFO epoch [ 32] avr loss [0.25593820] | train time 0h 0m 4s
Sun 21 Nov 2021 21:29:16 INFO epoch [ 33] avr loss [0.28510881] | train time 0h 0m 4s
Sun 21 Nov 2021 21:29:20 INFO epoch [ 34] avr loss [0.25714629] | train time 0h 0m 4s
Sun 21 Nov 2021 21:29:25 INFO epoch [ 35] avr loss [0.21611834] | train time 0h 0m 4s
Sun 21 Nov 2021 21:29:30 INFO epoch [ 36] avr loss [0.23293123] | train time 0h 0m 4s
Sun 21 Nov 2021 21:29:32 INFO ---------- test total [200] | test equ acc [0.295] | test value acc [0.305] | test time 0h 0m 1s
Sun 21 Nov 2021 21:29:38 INFO epoch [ 37] avr loss [0.21739931] | train time 0h 0m 4s
Sun 21 Nov 2021 21:29:43 INFO epoch [ 38] avr loss [0.22676423] | train time 0h 0m 4s
Sun 21 Nov 2021 21:29:47 INFO epoch [ 39] avr loss [0.21227550] | train time 0h 0m 4s
Sun 21 Nov 2021 21:29:52 INFO epoch [ 40] avr loss [0.23041124] | train time 0h 0m 4s
Sun 21 Nov 2021 21:29:57 INFO epoch [ 41] avr loss [0.17074220] | train time 0h 0m 4s
Sun 21 Nov 2021 21:29:58 INFO ---------- test total [200] | test equ acc [0.320] | test value acc [0.325] | test time 0h 0m 1s
Sun 21 Nov 2021 21:30:06 INFO epoch [ 42] avr loss [0.16642015] | train time 0h 0m 4s
Sun 21 Nov 2021 21:30:10 INFO epoch [ 43] avr loss [0.20449719] | train time 0h 0m 4s
Sun 21 Nov 2021 21:30:15 INFO epoch [ 44] avr loss [0.16935482] | train time 0h 0m 4s
Sun 21 Nov 2021 21:30:19 INFO epoch [ 45] avr loss [0.16536557] | train time 0h 0m 4s
Sun 21 Nov 2021 21:30:24 INFO epoch [ 46] avr loss [0.18581639] | train time 0h 0m 4s
Sun 21 Nov 2021 21:30:26 INFO ---------- test total [200] | test equ acc [0.340] | test value acc [0.345] | test time 0h 0m 1s
Sun 21 Nov 2021 21:30:33 INFO epoch [ 47] avr loss [0.16463043] | train time 0h 0m 4s
Sun 21 Nov 2021 21:30:37 INFO epoch [ 48] avr loss [0.17083311] | train time 0h 0m 4s
Sun 21 Nov 2021 21:30:42 INFO epoch [ 49] avr loss [0.17632869] | train time 0h 0m 4s
Sun 21 Nov 2021 21:30:47 INFO epoch [ 50] avr loss [0.20391522] | train time 0h 0m 4s
Sun 21 Nov 2021 21:30:51 INFO epoch [ 51] avr loss [0.14509846] | train time 0h 0m 4s
Sun 21 Nov 2021 21:30:53 INFO ---------- test total [200] | test equ acc [0.310] | test value acc [0.310] | test time 0h 0m 1s
Sun 21 Nov 2021 21:31:00 INFO epoch [ 52] avr loss [0.16474460] | train time 0h 0m 4s
Sun 21 Nov 2021 21:31:04 INFO epoch [ 53] avr loss [0.13540111] | train time 0h 0m 4s
Sun 21 Nov 2021 21:31:09 INFO epoch [ 54] avr loss [0.16732449] | train time 0h 0m 4s
Sun 21 Nov 2021 21:31:13 INFO epoch [ 55] avr loss [0.12102091] | train time 0h 0m 4s
Sun 21 Nov 2021 21:31:18 INFO epoch [ 56] avr loss [0.12678432] | train time 0h 0m 4s
Sun 21 Nov 2021 21:31:20 INFO ---------- test total [200] | test equ acc [0.325] | test value acc [0.340] | test time 0h 0m 1s
Sun 21 Nov 2021 21:31:26 INFO epoch [ 57] avr loss [0.13744957] | train time 0h 0m 4s
Sun 21 Nov 2021 21:31:31 INFO epoch [ 58] avr loss [0.13616944] | train time 0h 0m 4s
Sun 21 Nov 2021 21:31:36 INFO epoch [ 59] avr loss [0.11453762] | train time 0h 0m 4s
Sun 21 Nov 2021 21:31:40 INFO epoch [ 60] avr loss [0.13087686] | train time 0h 0m 4s
Sun 21 Nov 2021 21:31:45 INFO epoch [ 61] avr loss [0.14081652] | train time 0h 0m 4s
Sun 21 Nov 2021 21:31:47 INFO ---------- test total [200] | test equ acc [0.280] | test value acc [0.295] | test time 0h 0m 1s
Sun 21 Nov 2021 21:31:54 INFO epoch [ 62] avr loss [0.11931971] | train time 0h 0m 4s
Sun 21 Nov 2021 21:31:58 INFO epoch [ 63] avr loss [0.15597101] | train time 0h 0m 4s
Sun 21 Nov 2021 21:32:03 INFO epoch [ 64] avr loss [0.11940112] | train time 0h 0m 4s
Sun 21 Nov 2021 21:32:08 INFO epoch [ 65] avr loss [0.14389344] | train time 0h 0m 4s
Sun 21 Nov 2021 21:32:12 INFO epoch [ 66] avr loss [0.12075936] | train time 0h 0m 4s
Sun 21 Nov 2021 21:32:14 INFO ---------- test total [200] | test equ acc [0.330] | test value acc [0.340] | test time 0h 0m 1s
Sun 21 Nov 2021 21:32:21 INFO epoch [ 67] avr loss [0.15052805] | train time 0h 0m 4s
Sun 21 Nov 2021 21:32:25 INFO epoch [ 68] avr loss [0.11086017] | train time 0h 0m 4s
Sun 21 Nov 2021 21:32:30 INFO epoch [ 69] avr loss [0.09947256] | train time 0h 0m 4s
Sun 21 Nov 2021 21:32:35 INFO epoch [ 70] avr loss [0.10131535] | train time 0h 0m 4s
Sun 21 Nov 2021 21:32:39 INFO epoch [ 71] avr loss [0.10228129] | train time 0h 0m 4s
Sun 21 Nov 2021 21:32:41 INFO ---------- test total [200] | test equ acc [0.300] | test value acc [0.305] | test time 0h 0m 1s
Sun 21 Nov 2021 21:32:48 INFO epoch [ 72] avr loss [0.10411418] | train time 0h 0m 4s
Sun 21 Nov 2021 21:32:53 INFO epoch [ 73] avr loss [0.08088613] | train time 0h 0m 5s
Sun 21 Nov 2021 21:32:58 INFO epoch [ 74] avr loss [0.10272879] | train time 0h 0m 5s
Sun 21 Nov 2021 21:33:03 INFO epoch [ 75] avr loss [0.09164729] | train time 0h 0m 4s
Sun 21 Nov 2021 21:33:07 INFO epoch [ 76] avr loss [0.09797506] | train time 0h 0m 4s
Sun 21 Nov 2021 21:33:09 INFO ---------- test total [200] | test equ acc [0.265] | test value acc [0.270] | test time 0h 0m 1s
Sun 21 Nov 2021 21:33:16 INFO epoch [ 77] avr loss [0.16291812] | train time 0h 0m 4s
Sun 21 Nov 2021 21:33:20 INFO epoch [ 78] avr loss [0.08576414] | train time 0h 0m 4s
Sun 21 Nov 2021 21:33:25 INFO epoch [ 79] avr loss [0.09573140] | train time 0h 0m 4s
Sun 21 Nov 2021 21:33:30 INFO epoch [ 80] avr loss [0.10053799] | train time 0h 0m 4s
Sun 21 Nov 2021 21:33:34 INFO epoch [ 81] avr loss [0.11286787] | train time 0h 0m 4s
Sun 21 Nov 2021 21:33:36 INFO ---------- test total [200] | test equ acc [0.290] | test value acc [0.310] | test time 0h 0m 1s
Sun 21 Nov 2021 21:33:43 INFO epoch [ 82] avr loss [0.09269492] | train time 0h 0m 4s
Sun 21 Nov 2021 21:33:47 INFO epoch [ 83] avr loss [0.08646761] | train time 0h 0m 4s
Sun 21 Nov 2021 21:33:52 INFO epoch [ 84] avr loss [0.08330206] | train time 0h 0m 4s
Sun 21 Nov 2021 21:33:57 INFO epoch [ 85] avr loss [0.07737643] | train time 0h 0m 4s
Sun 21 Nov 2021 21:34:01 INFO epoch [ 86] avr loss [0.10110538] | train time 0h 0m 4s
Sun 21 Nov 2021 21:34:03 INFO ---------- test total [200] | test equ acc [0.290] | test value acc [0.305] | test time 0h 0m 1s
Sun 21 Nov 2021 21:34:10 INFO epoch [ 87] avr loss [0.08537723] | train time 0h 0m 4s
Sun 21 Nov 2021 21:34:14 INFO epoch [ 88] avr loss [0.06760103] | train time 0h 0m 4s
Sun 21 Nov 2021 21:34:19 INFO epoch [ 89] avr loss [0.11160288] | train time 0h 0m 4s
Sun 21 Nov 2021 21:34:24 INFO epoch [ 90] avr loss [0.08203700] | train time 0h 0m 4s
Sun 21 Nov 2021 21:34:28 INFO epoch [ 91] avr loss [0.06620840] | train time 0h 0m 4s
Sun 21 Nov 2021 21:34:30 INFO ---------- test total [200] | test equ acc [0.275] | test value acc [0.285] | test time 0h 0m 1s
Sun 21 Nov 2021 21:34:37 INFO epoch [ 92] avr loss [0.07377636] | train time 0h 0m 4s
Sun 21 Nov 2021 21:34:41 INFO epoch [ 93] avr loss [0.09254239] | train time 0h 0m 4s
Sun 21 Nov 2021 21:34:46 INFO epoch [ 94] avr loss [0.06363274] | train time 0h 0m 4s
Sun 21 Nov 2021 21:34:51 INFO epoch [ 95] avr loss [0.06876049] | train time 0h 0m 4s
Sun 21 Nov 2021 21:34:55 INFO epoch [ 96] avr loss [0.08655585] | train time 0h 0m 4s
Sun 21 Nov 2021 21:34:57 INFO ---------- test total [200] | test equ acc [0.285] | test value acc [0.295] | test time 0h 0m 1s
Sun 21 Nov 2021 21:35:04 INFO epoch [ 97] avr loss [0.07489273] | train time 0h 0m 4s
Sun 21 Nov 2021 21:35:05 INFO ---------- test total [200] | test equ acc [0.290] | test value acc [0.295] | test time 0h 0m 1s
Sun 21 Nov 2021 21:35:11 INFO epoch [ 98] avr loss [0.09022390] | train time 0h 0m 4s
Sun 21 Nov 2021 21:35:13 INFO ---------- test total [200] | test equ acc [0.305] | test value acc [0.315] | test time 0h 0m 1s
Sun 21 Nov 2021 21:35:18 INFO epoch [ 99] avr loss [0.06186194] | train time 0h 0m 4s
Sun 21 Nov 2021 21:35:20 INFO ---------- test total [200] | test equ acc [0.275] | test value acc [0.285] | test time 0h 0m 1s
Sun 21 Nov 2021 21:35:25 INFO epoch [100] avr loss [0.06838970] | train time 0h 0m 4s
Sun 21 Nov 2021 21:35:27 INFO ---------- test total [200] | test equ acc [0.290] | test value acc [0.300] | test time 0h 0m 1s
Sun 21 Nov 2021 21:35:28 INFO training finished.
                            best valid result: equation accuracy [0.000] | value accuracy [0.000]
                            best test result : equation accuracy [0.340] | value accuracy [0.345]
Sun 21 Nov 2021 21:35:32 INFO fold 3
Sun 21 Nov 2021 21:35:32 INFO start training...
Sun 21 Nov 2021 21:35:37 INFO epoch [  1] avr loss [1.52902695] | train time 0h 0m 4s
Sun 21 Nov 2021 21:35:38 INFO ---------- test total [200] | test equ acc [0.155] | test value acc [0.160] | test time 0h 0m 1s
Sun 21 Nov 2021 21:35:45 INFO epoch [  2] avr loss [1.11872712] | train time 0h 0m 4s
Sun 21 Nov 2021 21:35:50 INFO epoch [  3] avr loss [0.97680950] | train time 0h 0m 4s
Sun 21 Nov 2021 21:35:55 INFO epoch [  4] avr loss [0.91057456] | train time 0h 0m 4s
Sun 21 Nov 2021 21:35:59 INFO epoch [  5] avr loss [0.82699345] | train time 0h 0m 4s
Sun 21 Nov 2021 21:36:04 INFO epoch [  6] avr loss [0.83245649] | train time 0h 0m 4s
Sun 21 Nov 2021 21:36:06 INFO ---------- test total [200] | test equ acc [0.190] | test value acc [0.200] | test time 0h 0m 1s
Sun 21 Nov 2021 21:36:13 INFO epoch [  7] avr loss [0.73978213] | train time 0h 0m 4s
Sun 21 Nov 2021 21:36:17 INFO epoch [  8] avr loss [0.74617345] | train time 0h 0m 4s
Sun 21 Nov 2021 21:36:22 INFO epoch [  9] avr loss [0.70727631] | train time 0h 0m 4s
Sun 21 Nov 2021 21:36:27 INFO epoch [ 10] avr loss [0.66513254] | train time 0h 0m 4s
Sun 21 Nov 2021 21:36:31 INFO epoch [ 11] avr loss [0.64678052] | train time 0h 0m 4s
Sun 21 Nov 2021 21:36:33 INFO ---------- test total [200] | test equ acc [0.200] | test value acc [0.205] | test time 0h 0m 1s
Sun 21 Nov 2021 21:36:40 INFO epoch [ 12] avr loss [0.61527566] | train time 0h 0m 4s
Sun 21 Nov 2021 21:36:45 INFO epoch [ 13] avr loss [0.55226640] | train time 0h 0m 4s
Sun 21 Nov 2021 21:36:49 INFO epoch [ 14] avr loss [0.64850899] | train time 0h 0m 4s
Sun 21 Nov 2021 21:36:54 INFO epoch [ 15] avr loss [0.54669304] | train time 0h 0m 4s
Sun 21 Nov 2021 21:36:59 INFO epoch [ 16] avr loss [0.59967935] | train time 0h 0m 4s
Sun 21 Nov 2021 21:37:00 INFO ---------- test total [200] | test equ acc [0.225] | test value acc [0.225] | test time 0h 0m 1s
Sun 21 Nov 2021 21:37:07 INFO epoch [ 17] avr loss [0.50825627] | train time 0h 0m 4s
Sun 21 Nov 2021 21:37:12 INFO epoch [ 18] avr loss [0.46687071] | train time 0h 0m 4s
Sun 21 Nov 2021 21:37:17 INFO epoch [ 19] avr loss [0.46875986] | train time 0h 0m 4s
Sun 21 Nov 2021 21:37:21 INFO epoch [ 20] avr loss [0.49638714] | train time 0h 0m 4s
Sun 21 Nov 2021 21:37:26 INFO epoch [ 21] avr loss [0.44970062] | train time 0h 0m 4s
Sun 21 Nov 2021 21:37:27 INFO ---------- test total [200] | test equ acc [0.250] | test value acc [0.250] | test time 0h 0m 1s
Sun 21 Nov 2021 21:37:35 INFO epoch [ 22] avr loss [0.38812345] | train time 0h 0m 4s
Sun 21 Nov 2021 21:37:39 INFO epoch [ 23] avr loss [0.43683191] | train time 0h 0m 4s
Sun 21 Nov 2021 21:37:44 INFO epoch [ 24] avr loss [0.37537585] | train time 0h 0m 4s
Sun 21 Nov 2021 21:37:49 INFO epoch [ 25] avr loss [0.32841836] | train time 0h 0m 4s
Sun 21 Nov 2021 21:37:53 INFO epoch [ 26] avr loss [0.35136425] | train time 0h 0m 4s
Sun 21 Nov 2021 21:37:55 INFO ---------- test total [200] | test equ acc [0.310] | test value acc [0.310] | test time 0h 0m 1s
Sun 21 Nov 2021 21:38:02 INFO epoch [ 27] avr loss [0.36304155] | train time 0h 0m 4s
Sun 21 Nov 2021 21:38:07 INFO epoch [ 28] avr loss [0.31482847] | train time 0h 0m 4s
Sun 21 Nov 2021 21:38:11 INFO epoch [ 29] avr loss [0.35820536] | train time 0h 0m 4s
Sun 21 Nov 2021 21:38:16 INFO epoch [ 30] avr loss [0.36435590] | train time 0h 0m 4s
Sun 21 Nov 2021 21:38:21 INFO epoch [ 31] avr loss [0.35080470] | train time 0h 0m 4s
Sun 21 Nov 2021 21:38:22 INFO ---------- test total [200] | test equ acc [0.245] | test value acc [0.250] | test time 0h 0m 1s
Sun 21 Nov 2021 21:38:29 INFO epoch [ 32] avr loss [0.29919708] | train time 0h 0m 4s
Sun 21 Nov 2021 21:38:34 INFO epoch [ 33] avr loss [0.26198929] | train time 0h 0m 4s
Sun 21 Nov 2021 21:38:38 INFO epoch [ 34] avr loss [0.30876885] | train time 0h 0m 4s
Sun 21 Nov 2021 21:38:43 INFO epoch [ 35] avr loss [0.30761581] | train time 0h 0m 4s
Sun 21 Nov 2021 21:38:48 INFO epoch [ 36] avr loss [0.24805407] | train time 0h 0m 4s
Sun 21 Nov 2021 21:38:49 INFO ---------- test total [200] | test equ acc [0.225] | test value acc [0.225] | test time 0h 0m 1s
Sun 21 Nov 2021 21:38:56 INFO epoch [ 37] avr loss [0.29901589] | train time 0h 0m 4s
Sun 21 Nov 2021 21:39:01 INFO epoch [ 38] avr loss [0.22942163] | train time 0h 0m 4s
Sun 21 Nov 2021 21:39:06 INFO epoch [ 39] avr loss [0.19332944] | train time 0h 0m 4s
Sun 21 Nov 2021 21:39:10 INFO epoch [ 40] avr loss [0.23255315] | train time 0h 0m 4s
Sun 21 Nov 2021 21:39:15 INFO epoch [ 41] avr loss [0.17965843] | train time 0h 0m 4s
Sun 21 Nov 2021 21:39:16 INFO ---------- test total [200] | test equ acc [0.220] | test value acc [0.225] | test time 0h 0m 1s
Sun 21 Nov 2021 21:39:23 INFO epoch [ 42] avr loss [0.19698358] | train time 0h 0m 4s
Sun 21 Nov 2021 21:39:28 INFO epoch [ 43] avr loss [0.22240190] | train time 0h 0m 4s
Sun 21 Nov 2021 21:39:32 INFO epoch [ 44] avr loss [0.16982386] | train time 0h 0m 4s
Sun 21 Nov 2021 21:39:37 INFO epoch [ 45] avr loss [0.21520540] | train time 0h 0m 4s
Sun 21 Nov 2021 21:39:42 INFO epoch [ 46] avr loss [0.18252247] | train time 0h 0m 4s
Sun 21 Nov 2021 21:39:43 INFO ---------- test total [200] | test equ acc [0.260] | test value acc [0.265] | test time 0h 0m 1s
Sun 21 Nov 2021 21:39:50 INFO epoch [ 47] avr loss [0.16911622] | train time 0h 0m 4s
Sun 21 Nov 2021 21:39:55 INFO epoch [ 48] avr loss [0.18533954] | train time 0h 0m 4s
Sun 21 Nov 2021 21:39:59 INFO epoch [ 49] avr loss [0.21534635] | train time 0h 0m 4s
Sun 21 Nov 2021 21:40:04 INFO epoch [ 50] avr loss [0.18897258] | train time 0h 0m 4s
Sun 21 Nov 2021 21:40:09 INFO epoch [ 51] avr loss [0.18130903] | train time 0h 0m 4s
Sun 21 Nov 2021 21:40:11 INFO ---------- test total [200] | test equ acc [0.255] | test value acc [0.265] | test time 0h 0m 1s
Sun 21 Nov 2021 21:40:17 INFO epoch [ 52] avr loss [0.18207429] | train time 0h 0m 4s
Sun 21 Nov 2021 21:40:22 INFO epoch [ 53] avr loss [0.13997158] | train time 0h 0m 4s
Sun 21 Nov 2021 21:40:27 INFO epoch [ 54] avr loss [0.19698882] | train time 0h 0m 4s
Sun 21 Nov 2021 21:40:31 INFO epoch [ 55] avr loss [0.18281954] | train time 0h 0m 4s
Sun 21 Nov 2021 21:40:36 INFO epoch [ 56] avr loss [0.17321119] | train time 0h 0m 4s
Sun 21 Nov 2021 21:40:37 INFO ---------- test total [200] | test equ acc [0.260] | test value acc [0.270] | test time 0h 0m 1s
Sun 21 Nov 2021 21:40:44 INFO epoch [ 57] avr loss [0.13248740] | train time 0h 0m 4s
Sun 21 Nov 2021 21:40:49 INFO epoch [ 58] avr loss [0.13465663] | train time 0h 0m 4s
Sun 21 Nov 2021 21:40:54 INFO epoch [ 59] avr loss [0.14181472] | train time 0h 0m 4s
Sun 21 Nov 2021 21:40:58 INFO epoch [ 60] avr loss [0.11301541] | train time 0h 0m 4s
Sun 21 Nov 2021 21:41:03 INFO epoch [ 61] avr loss [0.11811870] | train time 0h 0m 4s
Sun 21 Nov 2021 21:41:04 INFO ---------- test total [200] | test equ acc [0.265] | test value acc [0.270] | test time 0h 0m 1s
Sun 21 Nov 2021 21:41:11 INFO epoch [ 62] avr loss [0.14920961] | train time 0h 0m 4s
Sun 21 Nov 2021 21:41:16 INFO epoch [ 63] avr loss [0.15276932] | train time 0h 0m 4s
Sun 21 Nov 2021 21:41:20 INFO epoch [ 64] avr loss [0.10296345] | train time 0h 0m 4s
Sun 21 Nov 2021 21:41:25 INFO epoch [ 65] avr loss [0.10883830] | train time 0h 0m 4s
Sun 21 Nov 2021 21:41:30 INFO epoch [ 66] avr loss [0.11469128] | train time 0h 0m 4s
Sun 21 Nov 2021 21:41:31 INFO ---------- test total [200] | test equ acc [0.250] | test value acc [0.260] | test time 0h 0m 1s
Sun 21 Nov 2021 21:41:38 INFO epoch [ 67] avr loss [0.15407131] | train time 0h 0m 4s
Sun 21 Nov 2021 21:41:43 INFO epoch [ 68] avr loss [0.12053385] | train time 0h 0m 4s
Sun 21 Nov 2021 21:41:47 INFO epoch [ 69] avr loss [0.13070161] | train time 0h 0m 4s
Sun 21 Nov 2021 21:41:52 INFO epoch [ 70] avr loss [0.13742294] | train time 0h 0m 4s
Sun 21 Nov 2021 21:41:57 INFO epoch [ 71] avr loss [0.08414376] | train time 0h 0m 4s
Sun 21 Nov 2021 21:41:59 INFO ---------- test total [200] | test equ acc [0.225] | test value acc [0.235] | test time 0h 0m 1s
Sun 21 Nov 2021 21:42:05 INFO epoch [ 72] avr loss [0.13893111] | train time 0h 0m 4s
Sun 21 Nov 2021 21:42:10 INFO epoch [ 73] avr loss [0.10665895] | train time 0h 0m 4s
Sun 21 Nov 2021 21:42:15 INFO epoch [ 74] avr loss [0.11166143] | train time 0h 0m 4s
Sun 21 Nov 2021 21:42:19 INFO epoch [ 75] avr loss [0.12046795] | train time 0h 0m 4s
Sun 21 Nov 2021 21:42:24 INFO epoch [ 76] avr loss [0.09916970] | train time 0h 0m 4s
Sun 21 Nov 2021 21:42:26 INFO ---------- test total [200] | test equ acc [0.225] | test value acc [0.230] | test time 0h 0m 1s
Sun 21 Nov 2021 21:42:32 INFO epoch [ 77] avr loss [0.10229125] | train time 0h 0m 4s
Sun 21 Nov 2021 21:42:37 INFO epoch [ 78] avr loss [0.12746522] | train time 0h 0m 4s
Sun 21 Nov 2021 21:42:42 INFO epoch [ 79] avr loss [0.12560597] | train time 0h 0m 4s
Sun 21 Nov 2021 21:42:46 INFO epoch [ 80] avr loss [0.10581266] | train time 0h 0m 4s
Sun 21 Nov 2021 21:42:51 INFO epoch [ 81] avr loss [0.07740822] | train time 0h 0m 4s
Sun 21 Nov 2021 21:42:53 INFO ---------- test total [200] | test equ acc [0.250] | test value acc [0.260] | test time 0h 0m 1s
Sun 21 Nov 2021 21:42:59 INFO epoch [ 82] avr loss [0.09091032] | train time 0h 0m 4s
Sun 21 Nov 2021 21:43:04 INFO epoch [ 83] avr loss [0.10168324] | train time 0h 0m 4s
Sun 21 Nov 2021 21:43:09 INFO epoch [ 84] avr loss [0.09079685] | train time 0h 0m 4s
Sun 21 Nov 2021 21:43:13 INFO epoch [ 85] avr loss [0.07481531] | train time 0h 0m 4s
Sun 21 Nov 2021 21:43:18 INFO epoch [ 86] avr loss [0.08611870] | train time 0h 0m 4s
Sun 21 Nov 2021 21:43:20 INFO ---------- test total [200] | test equ acc [0.245] | test value acc [0.255] | test time 0h 0m 1s
Sun 21 Nov 2021 21:43:27 INFO epoch [ 87] avr loss [0.08438685] | train time 0h 0m 4s
Sun 21 Nov 2021 21:43:31 INFO epoch [ 88] avr loss [0.09393070] | train time 0h 0m 4s
Sun 21 Nov 2021 21:43:36 INFO epoch [ 89] avr loss [0.10183056] | train time 0h 0m 4s
Sun 21 Nov 2021 21:43:41 INFO epoch [ 90] avr loss [0.07993081] | train time 0h 0m 4s
Sun 21 Nov 2021 21:43:45 INFO epoch [ 91] avr loss [0.07684536] | train time 0h 0m 4s
Sun 21 Nov 2021 21:43:47 INFO ---------- test total [200] | test equ acc [0.245] | test value acc [0.260] | test time 0h 0m 1s
Sun 21 Nov 2021 21:43:54 INFO epoch [ 92] avr loss [0.07108808] | train time 0h 0m 4s
Sun 21 Nov 2021 21:43:58 INFO epoch [ 93] avr loss [0.07656887] | train time 0h 0m 4s
Sun 21 Nov 2021 21:44:03 INFO epoch [ 94] avr loss [0.06439375] | train time 0h 0m 4s
Sun 21 Nov 2021 21:44:08 INFO epoch [ 95] avr loss [0.06839910] | train time 0h 0m 4s
Sun 21 Nov 2021 21:44:12 INFO epoch [ 96] avr loss [0.05505511] | train time 0h 0m 4s
Sun 21 Nov 2021 21:44:14 INFO ---------- test total [200] | test equ acc [0.230] | test value acc [0.240] | test time 0h 0m 1s
Sun 21 Nov 2021 21:44:20 INFO epoch [ 97] avr loss [0.07992504] | train time 0h 0m 4s
Sun 21 Nov 2021 21:44:22 INFO ---------- test total [200] | test equ acc [0.245] | test value acc [0.255] | test time 0h 0m 1s
Sun 21 Nov 2021 21:44:27 INFO epoch [ 98] avr loss [0.07251454] | train time 0h 0m 4s
Sun 21 Nov 2021 21:44:29 INFO ---------- test total [200] | test equ acc [0.245] | test value acc [0.255] | test time 0h 0m 1s
Sun 21 Nov 2021 21:44:35 INFO epoch [ 99] avr loss [0.07087870] | train time 0h 0m 4s
Sun 21 Nov 2021 21:44:36 INFO ---------- test total [200] | test equ acc [0.255] | test value acc [0.265] | test time 0h 0m 1s
Sun 21 Nov 2021 21:44:42 INFO epoch [100] avr loss [0.08830308] | train time 0h 0m 4s
Sun 21 Nov 2021 21:44:44 INFO ---------- test total [200] | test equ acc [0.275] | test value acc [0.285] | test time 0h 0m 1s
Sun 21 Nov 2021 21:44:45 INFO training finished.
                            best valid result: equation accuracy [0.000] | value accuracy [0.000]
                            best test result : equation accuracy [0.310] | value accuracy [0.310]
Sun 21 Nov 2021 21:44:49 INFO fold 4
Sun 21 Nov 2021 21:44:49 INFO start training...
Sun 21 Nov 2021 21:44:54 INFO epoch [  1] avr loss [1.52650840] | train time 0h 0m 4s
Sun 21 Nov 2021 21:44:56 INFO ---------- test total [200] | test equ acc [0.145] | test value acc [0.155] | test time 0h 0m 1s
Sun 21 Nov 2021 21:45:03 INFO epoch [  2] avr loss [1.12888526] | train time 0h 0m 4s
Sun 21 Nov 2021 21:45:08 INFO epoch [  3] avr loss [1.06919578] | train time 0h 0m 4s
Sun 21 Nov 2021 21:45:13 INFO epoch [  4] avr loss [1.01953053] | train time 0h 0m 5s
Sun 21 Nov 2021 21:45:18 INFO epoch [  5] avr loss [0.85964134] | train time 0h 0m 4s
Sun 21 Nov 2021 21:45:22 INFO epoch [  6] avr loss [0.77311347] | train time 0h 0m 4s
Sun 21 Nov 2021 21:45:24 INFO ---------- test total [200] | test equ acc [0.200] | test value acc [0.210] | test time 0h 0m 1s
Sun 21 Nov 2021 21:45:31 INFO epoch [  7] avr loss [0.71560592] | train time 0h 0m 4s
Sun 21 Nov 2021 21:45:36 INFO epoch [  8] avr loss [0.73302053] | train time 0h 0m 4s
Sun 21 Nov 2021 21:45:40 INFO epoch [  9] avr loss [0.71136772] | train time 0h 0m 4s
Sun 21 Nov 2021 21:45:45 INFO epoch [ 10] avr loss [0.65070038] | train time 0h 0m 4s
Sun 21 Nov 2021 21:45:49 INFO epoch [ 11] avr loss [0.61694646] | train time 0h 0m 4s
Sun 21 Nov 2021 21:45:51 INFO ---------- test total [200] | test equ acc [0.210] | test value acc [0.220] | test time 0h 0m 1s
Sun 21 Nov 2021 21:45:58 INFO epoch [ 12] avr loss [0.59455432] | train time 0h 0m 4s
Sun 21 Nov 2021 21:46:02 INFO epoch [ 13] avr loss [0.54030724] | train time 0h 0m 4s
Sun 21 Nov 2021 21:46:07 INFO epoch [ 14] avr loss [0.57879252] | train time 0h 0m 4s
Sun 21 Nov 2021 21:46:12 INFO epoch [ 15] avr loss [0.48723477] | train time 0h 0m 4s
Sun 21 Nov 2021 21:46:16 INFO epoch [ 16] avr loss [0.57453880] | train time 0h 0m 4s
Sun 21 Nov 2021 21:46:18 INFO ---------- test total [200] | test equ acc [0.215] | test value acc [0.215] | test time 0h 0m 1s
Sun 21 Nov 2021 21:46:25 INFO epoch [ 17] avr loss [0.59536410] | train time 0h 0m 4s
Sun 21 Nov 2021 21:46:29 INFO epoch [ 18] avr loss [0.47961726] | train time 0h 0m 4s
Sun 21 Nov 2021 21:46:34 INFO epoch [ 19] avr loss [0.51063924] | train time 0h 0m 4s
Sun 21 Nov 2021 21:46:39 INFO epoch [ 20] avr loss [0.48990507] | train time 0h 0m 4s
Sun 21 Nov 2021 21:46:44 INFO epoch [ 21] avr loss [0.48668360] | train time 0h 0m 4s
Sun 21 Nov 2021 21:46:45 INFO ---------- test total [200] | test equ acc [0.240] | test value acc [0.240] | test time 0h 0m 1s
Sun 21 Nov 2021 21:46:52 INFO epoch [ 22] avr loss [0.40835294] | train time 0h 0m 4s
Sun 21 Nov 2021 21:46:57 INFO epoch [ 23] avr loss [0.39312545] | train time 0h 0m 5s
Sun 21 Nov 2021 21:47:02 INFO epoch [ 24] avr loss [0.41106106] | train time 0h 0m 4s
Sun 21 Nov 2021 21:47:07 INFO epoch [ 25] avr loss [0.37614190] | train time 0h 0m 4s
Sun 21 Nov 2021 21:47:12 INFO epoch [ 26] avr loss [0.29221076] | train time 0h 0m 4s
Sun 21 Nov 2021 21:47:13 INFO ---------- test total [200] | test equ acc [0.265] | test value acc [0.265] | test time 0h 0m 1s
Sun 21 Nov 2021 21:47:20 INFO epoch [ 27] avr loss [0.33681603] | train time 0h 0m 4s
Sun 21 Nov 2021 21:47:25 INFO epoch [ 28] avr loss [0.35675230] | train time 0h 0m 4s
Sun 21 Nov 2021 21:47:30 INFO epoch [ 29] avr loss [0.29244843] | train time 0h 0m 4s
Sun 21 Nov 2021 21:47:35 INFO epoch [ 30] avr loss [0.32031595] | train time 0h 0m 4s
Sun 21 Nov 2021 21:47:40 INFO epoch [ 31] avr loss [0.30646992] | train time 0h 0m 4s
Sun 21 Nov 2021 21:47:41 INFO ---------- test total [200] | test equ acc [0.265] | test value acc [0.265] | test time 0h 0m 1s
Sun 21 Nov 2021 21:47:48 INFO epoch [ 32] avr loss [0.27933399] | train time 0h 0m 4s
Sun 21 Nov 2021 21:47:53 INFO epoch [ 33] avr loss [0.30454910] | train time 0h 0m 4s
Sun 21 Nov 2021 21:47:58 INFO epoch [ 34] avr loss [0.29863318] | train time 0h 0m 4s
Sun 21 Nov 2021 21:48:03 INFO epoch [ 35] avr loss [0.23530658] | train time 0h 0m 4s
Sun 21 Nov 2021 21:48:07 INFO epoch [ 36] avr loss [0.29805753] | train time 0h 0m 4s
Sun 21 Nov 2021 21:48:09 INFO ---------- test total [200] | test equ acc [0.270] | test value acc [0.270] | test time 0h 0m 1s
Sun 21 Nov 2021 21:48:16 INFO epoch [ 37] avr loss [0.29223209] | train time 0h 0m 4s
Sun 21 Nov 2021 21:48:21 INFO epoch [ 38] avr loss [0.21358615] | train time 0h 0m 4s
Sun 21 Nov 2021 21:48:26 INFO epoch [ 39] avr loss [0.28006282] | train time 0h 0m 4s
Sun 21 Nov 2021 21:48:31 INFO epoch [ 40] avr loss [0.24489358] | train time 0h 0m 4s
Sun 21 Nov 2021 21:48:35 INFO epoch [ 41] avr loss [0.21062543] | train time 0h 0m 4s
Sun 21 Nov 2021 21:48:37 INFO ---------- test total [200] | test equ acc [0.270] | test value acc [0.270] | test time 0h 0m 1s
Sun 21 Nov 2021 21:48:44 INFO epoch [ 42] avr loss [0.21643009] | train time 0h 0m 4s
Sun 21 Nov 2021 21:48:48 INFO epoch [ 43] avr loss [0.23048232] | train time 0h 0m 4s
Sun 21 Nov 2021 21:48:53 INFO epoch [ 44] avr loss [0.18719488] | train time 0h 0m 4s
Sun 21 Nov 2021 21:48:57 INFO epoch [ 45] avr loss [0.17832850] | train time 0h 0m 4s
Sun 21 Nov 2021 21:49:02 INFO epoch [ 46] avr loss [0.16738468] | train time 0h 0m 4s
Sun 21 Nov 2021 21:49:04 INFO ---------- test total [200] | test equ acc [0.225] | test value acc [0.225] | test time 0h 0m 1s
Sun 21 Nov 2021 21:49:11 INFO epoch [ 47] avr loss [0.18122391] | train time 0h 0m 4s
Sun 21 Nov 2021 21:49:15 INFO epoch [ 48] avr loss [0.20950451] | train time 0h 0m 4s
Sun 21 Nov 2021 21:49:20 INFO epoch [ 49] avr loss [0.22133916] | train time 0h 0m 4s
Sun 21 Nov 2021 21:49:25 INFO epoch [ 50] avr loss [0.17132555] | train time 0h 0m 4s
Sun 21 Nov 2021 21:49:30 INFO epoch [ 51] avr loss [0.14035762] | train time 0h 0m 4s
Sun 21 Nov 2021 21:49:31 INFO ---------- test total [200] | test equ acc [0.290] | test value acc [0.290] | test time 0h 0m 1s
Sun 21 Nov 2021 21:49:38 INFO epoch [ 52] avr loss [0.15369221] | train time 0h 0m 4s
Sun 21 Nov 2021 21:49:43 INFO epoch [ 53] avr loss [0.17445622] | train time 0h 0m 4s
Sun 21 Nov 2021 21:49:48 INFO epoch [ 54] avr loss [0.14578269] | train time 0h 0m 4s
Sun 21 Nov 2021 21:49:53 INFO epoch [ 55] avr loss [0.16919332] | train time 0h 0m 4s
Sun 21 Nov 2021 21:49:58 INFO epoch [ 56] avr loss [0.15096150] | train time 0h 0m 4s
Sun 21 Nov 2021 21:49:59 INFO ---------- test total [200] | test equ acc [0.305] | test value acc [0.305] | test time 0h 0m 1s
Sun 21 Nov 2021 21:50:07 INFO epoch [ 57] avr loss [0.14870798] | train time 0h 0m 5s
Sun 21 Nov 2021 21:50:12 INFO epoch [ 58] avr loss [0.19346928] | train time 0h 0m 5s
Sun 21 Nov 2021 21:50:18 INFO epoch [ 59] avr loss [0.19034431] | train time 0h 0m 5s
Sun 21 Nov 2021 21:50:23 INFO epoch [ 60] avr loss [0.13826106] | train time 0h 0m 5s
Sun 21 Nov 2021 21:50:28 INFO epoch [ 61] avr loss [0.12962881] | train time 0h 0m 5s
Sun 21 Nov 2021 21:50:30 INFO ---------- test total [200] | test equ acc [0.245] | test value acc [0.245] | test time 0h 0m 1s
Sun 21 Nov 2021 21:50:37 INFO epoch [ 62] avr loss [0.17258880] | train time 0h 0m 5s
Sun 21 Nov 2021 21:50:42 INFO epoch [ 63] avr loss [0.14243420] | train time 0h 0m 4s
Sun 21 Nov 2021 21:50:47 INFO epoch [ 64] avr loss [0.14361155] | train time 0h 0m 5s
Sun 21 Nov 2021 21:50:52 INFO epoch [ 65] avr loss [0.12148510] | train time 0h 0m 4s
Sun 21 Nov 2021 21:50:57 INFO epoch [ 66] avr loss [0.09528602] | train time 0h 0m 4s
Sun 21 Nov 2021 21:50:58 INFO ---------- test total [200] | test equ acc [0.240] | test value acc [0.240] | test time 0h 0m 1s
Sun 21 Nov 2021 21:51:05 INFO epoch [ 67] avr loss [0.14172080] | train time 0h 0m 4s
Sun 21 Nov 2021 21:51:10 INFO epoch [ 68] avr loss [0.10623873] | train time 0h 0m 4s
Sun 21 Nov 2021 21:51:14 INFO epoch [ 69] avr loss [0.14731793] | train time 0h 0m 4s
Sun 21 Nov 2021 21:51:19 INFO epoch [ 70] avr loss [0.11454900] | train time 0h 0m 4s
Sun 21 Nov 2021 21:51:24 INFO epoch [ 71] avr loss [0.11431969] | train time 0h 0m 4s
Sun 21 Nov 2021 21:51:25 INFO ---------- test total [200] | test equ acc [0.240] | test value acc [0.240] | test time 0h 0m 1s
Sun 21 Nov 2021 21:51:32 INFO epoch [ 72] avr loss [0.10068620] | train time 0h 0m 4s
Sun 21 Nov 2021 21:51:37 INFO epoch [ 73] avr loss [0.08262835] | train time 0h 0m 4s
Sun 21 Nov 2021 21:51:41 INFO epoch [ 74] avr loss [0.09256958] | train time 0h 0m 4s
Sun 21 Nov 2021 21:51:46 INFO epoch [ 75] avr loss [0.09107523] | train time 0h 0m 4s
Sun 21 Nov 2021 21:51:51 INFO epoch [ 76] avr loss [0.09272834] | train time 0h 0m 4s
Sun 21 Nov 2021 21:51:53 INFO ---------- test total [200] | test equ acc [0.235] | test value acc [0.235] | test time 0h 0m 1s
Sun 21 Nov 2021 21:51:59 INFO epoch [ 77] avr loss [0.09972509] | train time 0h 0m 4s
Sun 21 Nov 2021 21:52:04 INFO epoch [ 78] avr loss [0.08985680] | train time 0h 0m 4s
Sun 21 Nov 2021 21:52:09 INFO epoch [ 79] avr loss [0.08769581] | train time 0h 0m 4s
Sun 21 Nov 2021 21:52:14 INFO epoch [ 80] avr loss [0.09002687] | train time 0h 0m 4s
Sun 21 Nov 2021 21:52:18 INFO epoch [ 81] avr loss [0.11134877] | train time 0h 0m 4s
Sun 21 Nov 2021 21:52:20 INFO ---------- test total [200] | test equ acc [0.235] | test value acc [0.235] | test time 0h 0m 1s
Sun 21 Nov 2021 21:52:27 INFO epoch [ 82] avr loss [0.10561876] | train time 0h 0m 5s
Sun 21 Nov 2021 21:52:32 INFO epoch [ 83] avr loss [0.10467414] | train time 0h 0m 4s
Sun 21 Nov 2021 21:52:37 INFO epoch [ 84] avr loss [0.10156834] | train time 0h 0m 4s
Sun 21 Nov 2021 21:52:41 INFO epoch [ 85] avr loss [0.10738615] | train time 0h 0m 4s
Sun 21 Nov 2021 21:52:46 INFO epoch [ 86] avr loss [0.09038594] | train time 0h 0m 4s
Sun 21 Nov 2021 21:52:48 INFO ---------- test total [200] | test equ acc [0.270] | test value acc [0.270] | test time 0h 0m 1s
Sun 21 Nov 2021 21:52:55 INFO epoch [ 87] avr loss [0.14231490] | train time 0h 0m 5s
Sun 21 Nov 2021 21:53:00 INFO epoch [ 88] avr loss [0.09823149] | train time 0h 0m 4s
Sun 21 Nov 2021 21:53:05 INFO epoch [ 89] avr loss [0.07263010] | train time 0h 0m 4s
Sun 21 Nov 2021 21:53:09 INFO epoch [ 90] avr loss [0.06753537] | train time 0h 0m 4s
Sun 21 Nov 2021 21:53:14 INFO epoch [ 91] avr loss [0.10267189] | train time 0h 0m 5s
Sun 21 Nov 2021 21:53:16 INFO ---------- test total [200] | test equ acc [0.250] | test value acc [0.250] | test time 0h 0m 1s
Sun 21 Nov 2021 21:53:23 INFO epoch [ 92] avr loss [0.09760342] | train time 0h 0m 4s
Sun 21 Nov 2021 21:53:28 INFO epoch [ 93] avr loss [0.10338021] | train time 0h 0m 4s
Sun 21 Nov 2021 21:53:33 INFO epoch [ 94] avr loss [0.08798385] | train time 0h 0m 4s
Sun 21 Nov 2021 21:53:38 INFO epoch [ 95] avr loss [0.08002735] | train time 0h 0m 4s
Sun 21 Nov 2021 21:53:43 INFO epoch [ 96] avr loss [0.07275703] | train time 0h 0m 4s
Sun 21 Nov 2021 21:53:44 INFO ---------- test total [200] | test equ acc [0.255] | test value acc [0.255] | test time 0h 0m 1s
Sun 21 Nov 2021 21:53:51 INFO epoch [ 97] avr loss [0.09091834] | train time 0h 0m 4s
Sun 21 Nov 2021 21:53:53 INFO ---------- test total [200] | test equ acc [0.250] | test value acc [0.250] | test time 0h 0m 1s
Sun 21 Nov 2021 21:53:58 INFO epoch [ 98] avr loss [0.07486668] | train time 0h 0m 4s
Sun 21 Nov 2021 21:54:00 INFO ---------- test total [200] | test equ acc [0.265] | test value acc [0.265] | test time 0h 0m 1s
Sun 21 Nov 2021 21:54:06 INFO epoch [ 99] avr loss [0.08163292] | train time 0h 0m 4s
Sun 21 Nov 2021 21:54:07 INFO ---------- test total [200] | test equ acc [0.265] | test value acc [0.265] | test time 0h 0m 1s
Sun 21 Nov 2021 21:54:13 INFO epoch [100] avr loss [0.09635935] | train time 0h 0m 4s
Sun 21 Nov 2021 21:54:15 INFO ---------- test total [200] | test equ acc [0.270] | test value acc [0.270] | test time 0h 0m 1s
Sun 21 Nov 2021 21:54:16 INFO training finished.
                            best valid result: equation accuracy [0.000] | value accuracy [0.000]
                            best test result : equation accuracy [0.305] | value accuracy [0.305]
Sun 21 Nov 2021 21:54:16 INFO 5 fold cross validation finished.
Sun 21 Nov 2021 21:54:16 INFO fold  2 : test equ accuracy [0.340] | test value accuracy [0.345]
Sun 21 Nov 2021 21:54:16 INFO fold  3 : test equ accuracy [0.310] | test value accuracy [0.310]
Sun 21 Nov 2021 21:54:16 INFO fold  4 : test equ accuracy [0.305] | test value accuracy [0.305]
Sun 21 Nov 2021 21:54:16 INFO fold  1 : test equ accuracy [0.280] | test value accuracy [0.285]
Sun 21 Nov 2021 21:54:16 INFO fold  0 : test equ accuracy [0.260] | test value accuracy [0.260]
Sun 21 Nov 2021 21:54:16 INFO folds avr : test equ accuracy [0.299] | test value accuracy [0.301]
Sun 21 Nov 2021 22:01:00 INFO random_seed=2021
use_gpu=True
max_output_len=30
gpu_id=0
test_step=5
load_best_config=False
supervising_mode=fully_supervised
rebuild=False
validset_divide=True
shuffle=False
root=/home/shubham/FINAL CS229 PROJECT/MWP-CS229
model_config_path=/home/shubham/FINAL CS229 PROJECT/MWP-CS229/mwptoolkit/config/../properties/model/MathEN.json
best_config_path=/home/shubham/FINAL CS229 PROJECT/MWP-CS229/mwptoolkit/config/../properties/best_config/MathEN_SVAMP.json
dataset_config_path=/home/shubham/FINAL CS229 PROJECT/MWP-CS229/mwptoolkit/config/../properties/dataset/SVAMP.json
dataset_path=dataset/SVAMP
min_word_keep=5
min_generate_keep=5
mask_symbol=number
single=True
linear=True
language=en
train_batch_size=32
test_batch_size=32
source_equation_fix=infix
embedding_size=128
hidden_size=512
decode_hidden_size=512
learning_rate=0.001
embedding_learning_rate=1e-05
decoder_rnn_cell_type=lstm
encoder_rnn_cell_type=lstm
teacher_force_ratio=0.9
num_layers=2
epoch_nums=100
dropout_ratio=0.5
bidirectional=True
step_size=20
rule1=True
rule2=True
share_vocab=False
attention=True
self_attention=True
equation_fix=prefix
symbol_for_tree=False
add_sos=True
add_eos=True
model=MathEN
dataset=SVAMP
task_type=single_equation
k_fold=5
test_only=True
checkpoint_path=checkpoint/MathEN-SVAMP-prefix.pth
trained_model_path=trained_model/MathEN-SVAMP-prefix.pth
log_path=log/MathEN-SVAMP-prefix.log
device=cuda
map_location=cuda
gpu_nums=1


Sun 21 Nov 2021 22:01:00 INFO start training with 5 fold cross validation.
Sun 21 Nov 2021 22:01:03 INFO fold 0
Sun 21 Nov 2021 22:01:03 INFO test total [200] | test equ acc [0.260] | test value acc [0.260] | test time 0h 0m 0s
Sun 21 Nov 2021 22:01:04 INFO fold 1
Sun 21 Nov 2021 22:01:05 INFO test total [200] | test equ acc [0.280] | test value acc [0.285] | test time 0h 0m 0s
Sun 21 Nov 2021 22:01:06 INFO fold 2
Sun 21 Nov 2021 22:01:06 INFO test total [200] | test equ acc [0.340] | test value acc [0.345] | test time 0h 0m 0s
Sun 21 Nov 2021 22:01:07 INFO fold 3
Sun 21 Nov 2021 22:01:08 INFO test total [200] | test equ acc [0.310] | test value acc [0.310] | test time 0h 0m 0s
Sun 21 Nov 2021 22:01:09 INFO fold 4
Sun 21 Nov 2021 22:01:09 INFO test total [200] | test equ acc [0.305] | test value acc [0.305] | test time 0h 0m 0s
Sun 21 Nov 2021 22:01:09 INFO 5 fold cross validation finished.
Sun 21 Nov 2021 22:01:09 INFO fold  2 : test equ accuracy [0.340] | test value accuracy [0.345]
Sun 21 Nov 2021 22:01:09 INFO fold  3 : test equ accuracy [0.310] | test value accuracy [0.310]
Sun 21 Nov 2021 22:01:09 INFO fold  4 : test equ accuracy [0.305] | test value accuracy [0.305]
Sun 21 Nov 2021 22:01:09 INFO fold  1 : test equ accuracy [0.280] | test value accuracy [0.285]
Sun 21 Nov 2021 22:01:09 INFO fold  0 : test equ accuracy [0.260] | test value accuracy [0.260]
Sun 21 Nov 2021 22:01:09 INFO folds avr : test equ accuracy [0.299] | test value accuracy [0.301]
Sun 21 Nov 2021 22:01:21 INFO random_seed=2021
use_gpu=True
max_output_len=30
gpu_id=0
test_step=5
load_best_config=False
supervising_mode=fully_supervised
rebuild=False
validset_divide=True
shuffle=False
root=/home/shubham/FINAL CS229 PROJECT/MWP-CS229
model_config_path=/home/shubham/FINAL CS229 PROJECT/MWP-CS229/mwptoolkit/config/../properties/model/MathEN.json
best_config_path=/home/shubham/FINAL CS229 PROJECT/MWP-CS229/mwptoolkit/config/../properties/best_config/MathEN_SVAMP.json
dataset_config_path=/home/shubham/FINAL CS229 PROJECT/MWP-CS229/mwptoolkit/config/../properties/dataset/SVAMP.json
dataset_path=dataset/SVAMP
min_word_keep=5
min_generate_keep=5
mask_symbol=number
single=True
linear=True
language=en
train_batch_size=32
test_batch_size=32
source_equation_fix=infix
embedding_size=128
hidden_size=512
decode_hidden_size=512
learning_rate=0.001
embedding_learning_rate=1e-05
decoder_rnn_cell_type=lstm
encoder_rnn_cell_type=lstm
teacher_force_ratio=0.9
num_layers=2
epoch_nums=100
dropout_ratio=0.5
bidirectional=True
step_size=20
rule1=True
rule2=True
share_vocab=False
attention=True
self_attention=True
equation_fix=prefix
symbol_for_tree=False
add_sos=True
add_eos=True
model=MathEN
dataset=SVAMP
task_type=single_equation
k_fold=5
test_only=True
checkpoint_path=checkpoint/MathEN-SVAMP-prefix.pth
trained_model_path=trained_model/MathEN-SVAMP-prefix.pth
log_path=log/MathEN-SVAMP-prefix.log
device=cuda
map_location=cuda
gpu_nums=1


Sun 21 Nov 2021 22:01:21 INFO start training with 5 fold cross validation.
Sun 21 Nov 2021 22:01:23 INFO fold 0
Sun 21 Nov 2021 22:01:24 INFO test total [200] | test equ acc [0.260] | test value acc [0.260] | test time 0h 0m 0s
Sun 21 Nov 2021 22:01:25 INFO fold 1
Sun 21 Nov 2021 22:01:25 INFO test total [200] | test equ acc [0.280] | test value acc [0.285] | test time 0h 0m 0s
Sun 21 Nov 2021 22:01:26 INFO fold 2
Sun 21 Nov 2021 22:01:27 INFO test total [200] | test equ acc [0.340] | test value acc [0.345] | test time 0h 0m 0s
Sun 21 Nov 2021 22:01:28 INFO fold 3
Sun 21 Nov 2021 22:01:28 INFO test total [200] | test equ acc [0.310] | test value acc [0.310] | test time 0h 0m 0s
Sun 21 Nov 2021 22:01:29 INFO fold 4
Sun 21 Nov 2021 22:01:30 INFO test total [200] | test equ acc [0.305] | test value acc [0.305] | test time 0h 0m 0s
Sun 21 Nov 2021 22:01:30 INFO 5 fold cross validation finished.
Sun 21 Nov 2021 22:01:30 INFO fold  2 : test equ accuracy [0.340] | test value accuracy [0.345]
Sun 21 Nov 2021 22:01:30 INFO fold  3 : test equ accuracy [0.310] | test value accuracy [0.310]
Sun 21 Nov 2021 22:01:30 INFO fold  4 : test equ accuracy [0.305] | test value accuracy [0.305]
Sun 21 Nov 2021 22:01:30 INFO fold  1 : test equ accuracy [0.280] | test value accuracy [0.285]
Sun 21 Nov 2021 22:01:30 INFO fold  0 : test equ accuracy [0.260] | test value accuracy [0.260]
Sun 21 Nov 2021 22:01:30 INFO folds avr : test equ accuracy [0.299] | test value accuracy [0.301]
Sun 21 Nov 2021 22:01:42 INFO random_seed=2021
use_gpu=True
max_output_len=30
gpu_id=0
test_step=5
load_best_config=False
supervising_mode=fully_supervised
rebuild=False
validset_divide=True
shuffle=False
root=/home/shubham/FINAL CS229 PROJECT/MWP-CS229
model_config_path=/home/shubham/FINAL CS229 PROJECT/MWP-CS229/mwptoolkit/config/../properties/model/MathEN.json
best_config_path=/home/shubham/FINAL CS229 PROJECT/MWP-CS229/mwptoolkit/config/../properties/best_config/MathEN_SVAMP.json
dataset_config_path=/home/shubham/FINAL CS229 PROJECT/MWP-CS229/mwptoolkit/config/../properties/dataset/SVAMP.json
dataset_path=dataset/SVAMP
min_word_keep=5
min_generate_keep=5
mask_symbol=number
single=True
linear=True
language=en
train_batch_size=32
test_batch_size=32
source_equation_fix=infix
embedding_size=128
hidden_size=512
decode_hidden_size=512
learning_rate=0.001
embedding_learning_rate=1e-05
decoder_rnn_cell_type=lstm
encoder_rnn_cell_type=lstm
teacher_force_ratio=0.9
num_layers=2
epoch_nums=100
dropout_ratio=0.5
bidirectional=True
step_size=20
rule1=True
rule2=True
share_vocab=False
attention=True
self_attention=True
equation_fix=prefix
symbol_for_tree=False
add_sos=True
add_eos=True
model=MathEN
dataset=SVAMP
task_type=single_equation
k_fold=5
test_only=True
checkpoint_path=checkpoint/MathEN-SVAMP-prefix.pth
trained_model_path=trained_model/MathEN-SVAMP-prefix.pth
log_path=log/MathEN-SVAMP-prefix.log
device=cuda
map_location=cuda
gpu_nums=1


Sun 21 Nov 2021 22:01:42 INFO start training with 5 fold cross validation.
Sun 21 Nov 2021 22:01:45 INFO fold 0
Sun 21 Nov 2021 22:01:45 INFO test total [200] | test equ acc [0.260] | test value acc [0.260] | test time 0h 0m 0s
Sun 21 Nov 2021 22:01:46 INFO fold 1
Sun 21 Nov 2021 22:01:47 INFO test total [200] | test equ acc [0.280] | test value acc [0.285] | test time 0h 0m 0s
Sun 21 Nov 2021 22:01:48 INFO fold 2
Sun 21 Nov 2021 22:01:49 INFO test total [200] | test equ acc [0.340] | test value acc [0.345] | test time 0h 0m 0s
Sun 21 Nov 2021 22:01:50 INFO fold 3
Sun 21 Nov 2021 22:01:50 INFO test total [200] | test equ acc [0.310] | test value acc [0.310] | test time 0h 0m 0s
Sun 21 Nov 2021 22:01:51 INFO fold 4
Sun 21 Nov 2021 22:01:52 INFO test total [200] | test equ acc [0.305] | test value acc [0.305] | test time 0h 0m 0s
Sun 21 Nov 2021 22:01:52 INFO 5 fold cross validation finished.
Sun 21 Nov 2021 22:01:52 INFO fold  2 : test equ accuracy [0.340] | test value accuracy [0.345]
Sun 21 Nov 2021 22:01:52 INFO fold  3 : test equ accuracy [0.310] | test value accuracy [0.310]
Sun 21 Nov 2021 22:01:52 INFO fold  4 : test equ accuracy [0.305] | test value accuracy [0.305]
Sun 21 Nov 2021 22:01:52 INFO fold  1 : test equ accuracy [0.280] | test value accuracy [0.285]
Sun 21 Nov 2021 22:01:52 INFO fold  0 : test equ accuracy [0.260] | test value accuracy [0.260]
Sun 21 Nov 2021 22:01:52 INFO folds avr : test equ accuracy [0.299] | test value accuracy [0.301]
Mon 22 Nov 2021 01:10:30 INFO random_seed=2021
use_gpu=True
max_output_len=30
gpu_id=0
test_step=5
load_best_config=False
supervising_mode=fully_supervised
rebuild=False
validset_divide=True
shuffle=False
root=/home/shubham/FINAL CS229 PROJECT/MWP-CS229
model_config_path=/home/shubham/FINAL CS229 PROJECT/MWP-CS229/mwptoolkit/config/../properties/model/MathEN.json
best_config_path=/home/shubham/FINAL CS229 PROJECT/MWP-CS229/mwptoolkit/config/../properties/best_config/MathEN_SVAMP.json
dataset_config_path=/home/shubham/FINAL CS229 PROJECT/MWP-CS229/mwptoolkit/config/../properties/dataset/SVAMP.json
dataset_path=dataset/SVAMP
min_word_keep=5
min_generate_keep=5
mask_symbol=number
single=True
linear=True
language=en
train_batch_size=32
test_batch_size=32
source_equation_fix=infix
embedding_size=128
hidden_size=512
decode_hidden_size=512
learning_rate=0.001
embedding_learning_rate=1e-05
decoder_rnn_cell_type=lstm
encoder_rnn_cell_type=lstm
teacher_force_ratio=0.9
num_layers=2
epoch_nums=100
dropout_ratio=0.5
bidirectional=True
step_size=20
rule1=True
rule2=True
share_vocab=False
attention=True
self_attention=True
equation_fix=prefix
symbol_for_tree=False
add_sos=True
add_eos=True
model=MathEN
dataset=SVAMP
task_type=single_equation
k_fold=5
test_only=True
checkpoint_path=checkpoint/MathEN-SVAMP-prefix.pth
trained_model_path=trained_model/MathEN-SVAMP-prefix.pth
log_path=log/MathEN-SVAMP-prefix.log
device=cuda
map_location=cuda
gpu_nums=1


Mon 22 Nov 2021 01:10:30 INFO start training with 5 fold cross validation.
Mon 22 Nov 2021 01:10:33 INFO fold 0
Mon 22 Nov 2021 01:10:33 INFO test total [200] | test equ acc [0.260] | test value acc [0.260] | test time 0h 0m 0s
Mon 22 Nov 2021 01:10:34 INFO fold 1
Mon 22 Nov 2021 01:10:35 INFO test total [200] | test equ acc [0.280] | test value acc [0.285] | test time 0h 0m 0s
Mon 22 Nov 2021 01:10:36 INFO fold 2
Mon 22 Nov 2021 01:10:37 INFO test total [200] | test equ acc [0.340] | test value acc [0.345] | test time 0h 0m 0s
Mon 22 Nov 2021 01:10:38 INFO fold 3
Mon 22 Nov 2021 01:10:39 INFO test total [200] | test equ acc [0.310] | test value acc [0.310] | test time 0h 0m 0s
Mon 22 Nov 2021 01:10:40 INFO fold 4
Mon 22 Nov 2021 01:10:41 INFO test total [200] | test equ acc [0.305] | test value acc [0.305] | test time 0h 0m 0s
Mon 22 Nov 2021 01:10:41 INFO 5 fold cross validation finished.
Mon 22 Nov 2021 01:10:41 INFO fold  2 : test equ accuracy [0.340] | test value accuracy [0.345]
Mon 22 Nov 2021 01:10:41 INFO fold  3 : test equ accuracy [0.310] | test value accuracy [0.310]
Mon 22 Nov 2021 01:10:41 INFO fold  4 : test equ accuracy [0.305] | test value accuracy [0.305]
Mon 22 Nov 2021 01:10:41 INFO fold  1 : test equ accuracy [0.280] | test value accuracy [0.285]
Mon 22 Nov 2021 01:10:41 INFO fold  0 : test equ accuracy [0.260] | test value accuracy [0.260]
Mon 22 Nov 2021 01:10:41 INFO folds avr : test equ accuracy [0.299] | test value accuracy [0.301]
