Wed 27 Oct 2021 23:36:54 INFO random_seed=2021
use_gpu=True
max_output_len=30
gpu_id=0
test_step=5
load_best_config=False
supervising_mode=fully_supervised
rebuild=False
validset_divide=True
shuffle=False
root=/home/shubham/MWP-CS229/Copy/MWPToolkit
model_config_path=/home/shubham/MWP-CS229/Copy/MWPToolkit/mwptoolkit/config/../properties/model/RobertaGen.json
best_config_path=/home/shubham/MWP-CS229/Copy/MWPToolkit/mwptoolkit/config/../properties/best_config/RobertaGen_mawps-single.json
dataset_config_path=/home/shubham/MWP-CS229/Copy/MWPToolkit/mwptoolkit/config/../properties/dataset/mawps-single.json
dataset_path=dataset/mawps-single
min_word_keep=5
min_generate_keep=5
mask_symbol=number
single=True
linear=True
language=en
train_batch_size=8
test_batch_size=8
source_equation_fix=infix
pretrained_model_path=roberta-base
embedding_size=768
ffn_size=1024
num_decoder_layers=2
num_heads=8
embedding_dropout_ratio=0.5
attn_dropout_ratio=0.5
attn_weight_dropout_ratio=0.5
ffn_dropout_ratio=0.5
learning_rate=1e-05
warmup_steps=1500
beam_size=5
learner=schedule
decoding_strategy=greedy_search
share_vocab=False
symbol_for_tree=False
max_len=128
epoch_nums=200
teacher_force_ratio=0.9
add_sos=True
add_eos=True
model=RobertaGen
dataset=mawps-single
task_type=single_equation
equation_fix=prefix
k_fold=5
checkpoint_path=checkpoint/RobertaGen-mawps-single-prefix.pth
trained_model_path=trained_model/RobertaGen-mawps-single-prefix.pth
log_path=log/RobertaGen-mawps-single-prefix.log
device=cuda
map_location=cuda
gpu_nums=1


Wed 27 Oct 2021 23:36:54 INFO start training with 5 fold cross validation.
Wed 27 Oct 2021 23:37:44 INFO fold 0
Wed 27 Oct 2021 23:37:44 INFO start training...
Wed 27 Oct 2021 23:39:48 INFO random_seed=2021
use_gpu=True
max_output_len=30
gpu_id=0
test_step=5
load_best_config=False
supervising_mode=fully_supervised
rebuild=False
validset_divide=True
shuffle=False
root=/home/shubham/MWP-CS229/Copy/MWPToolkit
model_config_path=/home/shubham/MWP-CS229/Copy/MWPToolkit/mwptoolkit/config/../properties/model/RobertaGen.json
best_config_path=/home/shubham/MWP-CS229/Copy/MWPToolkit/mwptoolkit/config/../properties/best_config/RobertaGen_mawps-single.json
dataset_config_path=/home/shubham/MWP-CS229/Copy/MWPToolkit/mwptoolkit/config/../properties/dataset/mawps-single.json
dataset_path=dataset/mawps-single
min_word_keep=5
min_generate_keep=5
mask_symbol=number
single=True
linear=True
language=en
train_batch_size=8
test_batch_size=8
source_equation_fix=infix
pretrained_model_path=roberta-base
embedding_size=768
ffn_size=1024
num_decoder_layers=2
num_heads=8
embedding_dropout_ratio=0.5
attn_dropout_ratio=0.5
attn_weight_dropout_ratio=0.5
ffn_dropout_ratio=0.5
learning_rate=1e-05
warmup_steps=1500
beam_size=5
learner=schedule
decoding_strategy=greedy_search
share_vocab=False
symbol_for_tree=False
max_len=128
epoch_nums=200
teacher_force_ratio=0.9
add_sos=True
add_eos=True
model=RobertaGen
dataset=mawps-single
task_type=single_equation
equation_fix=prefix
k_fold=5
checkpoint_path=checkpoint/RobertaGen-mawps-single-prefix.pth
trained_model_path=trained_model/RobertaGen-mawps-single-prefix.pth
log_path=log/RobertaGen-mawps-single-prefix.log
device=cuda
map_location=cuda
gpu_nums=1


Wed 27 Oct 2021 23:39:48 INFO start training with 5 fold cross validation.
Wed 27 Oct 2021 23:39:54 INFO fold 0
Wed 27 Oct 2021 23:39:54 INFO start training...
